5.037538833956506
1.6707449507145498
1.6707449507155445
1.0515234193904206
1.0039350036577872
2.027892600238985
2.0278926002389923
1.0515234193905627
1.8561644603942682
1.4078490868338633
2.0278926002389284
2.027892600238985
2.027892600238644
1.8561644603947371
2.027892600238772
1.6707449507153171
2.0278926002387863
1.6707449507154308
1.6707449507155445
2.0278926002390207
2.02789260023912
1.6707449507149335
1.0076840085579306
1.4078490868332807
1.0904704434979067
1.6707449507153882
1.0515234193904348
1.6707449507155019
2.169186163753494
2.0278926002387863
2.0278926002390136
1.824005648726967
1.4078490868335933
2.0278926002390207
2.02789260023912
5.037538833956506
1.670744950715246
2.0278926002390563
2.0278926002389284
1.670744950715033
2.0278926002389
1.6707449507153598
1.0667000184515842
1.670744950715033
1.5479634263104742
1.0515234193908327
1.4078490868338207
1.4660312961753164
1.4078490868338065
1.0039350036570198
1.4660312961756006
1.4078490868338633
1.670744950715104
2.02789260023912
2.02789260023912
1.6707449507152603
1.670744950715374
1.4078490868334654
1.6707449507152319
1.670744950715516
5.037538833956506
5.037538833956506
1.0904704434978214
1.0515234193906196
2.027892600238758
2.02789260023912
1.6707449507152603
1.6707449507145498
2.0278926002389923
1.6707449507153598
2.0278926002388857
1.05152341939079
2.027892600238772
1.6707449507154308
1.6707449507155445
2.0278926002389
1.46603129617489
1.6707449507149619
1.670744950715303
2.1691861637519025
5.037538833956506
2.0278926002389
2.027892600238758
1.107818883261615
1.4078490868329823
1.4078490868338633
1.4078490868337923
1.6707449507154308
1.6707449507152177
1.407849086833636
1.6707449507151182
1.1824610587818967
5.037538833956506
1.8561644603942966
1.6707449507152319
1.0515234193903638
2.0278926002389284
2.027892600238758
1.4078490868335223
1.4660312961752737
