5.338718085532108
2.2392742895263726
2.2392742895263353
5.169517230881027
5.3387180855321095
4.144726900731406
4.144726900731419
7.208841762321466
3.6670984004770233
1.9635410626039196
1.9635410626038556
1.9635410626038539
5.169517230881027
5.1695172308810236
5.1695172308810236
4.123863091668978
7.208841762321466
5.338718085532088
7.208841762321466
3.6670984004769895
1.6704617887148618
1.9635410626038894
5.338718085532092
2.810761308213335
5.338718085532095
2.56352851523061
1.9635410626038894
1.3794208657283917
5.169517230880997
1.9635410626039036
5.169517230881022
5.169517230881027
1.9635410626039285
5.338718085532095
4.144726900731422
1.670461788714901
4.790817050242554
3.667098400477011
7.208841762321466
5.169517230880997
2.810761308213337
5.1695172308810236
5.169517230881027
5.169517230881036
5.169517230881036
7.208841762321466
1.379420865728406
7.208841762321466
2.563528515230601
5.1695172308810236
5.169517230881036
2.8107613082133636
2.5635285152305904
2.810761308213337
1.3794208657283864
1.3794208657283473
2.810761308213367
2.2392742895263726
2.810761308213335
1.4900554335144154
1.4900554335144136
5.169517230881036
2.563528515230617
5.169517230881036
4.144726900731374
3.6670984004770304
3.6670984004769807
2.56352851523061
2.239274289526408
2.563528515230587
1.9635410626038876
1.3794208657284184
1.9635410626038539
7.208841762321466
2.8107613082133636
1.9635410626039285
1.9635410626038947
1.963541062603868
5.338718085532108
5.169517230881022
2.810761308213335
5.3387180855321095
4.1447269007313885
1.9635410626039516
1.9635410626038858
1.3794208657284202
4.14472690073139
5.169517230881036
5.338718085532106
5.338718085532131
1.9635410626038876
5.338718085532092
2.2392742895263726
5.169517230881022
2.8107613082133653
5.338718085532092
5.338718085532101
4.1238630916689765
5.169517230881013
3.6670984004770393
