1.6704617887148725
1.6901511406924818
4.293141358030272
1.4900554335144065
5.3387180855321095
5.037538833956523
4.790817050242547
5.338718085532131
2.563528515230626
4.018586469772771
5.03753883395647
5.037538833956507
3.257497222033882
2.563528515230642
2.068243732369959
2.454314704972516
1.9635410626038698
2.5553326850843874
5.169517230881013
4.018586469772755
5.037538833956512
1.7263146750050193
2.563528515230626
4.123863091668941
6.0268390192234005
3.2574972220339067
2.5553326850843767
1.6704617887148565
1.9635410626038539
2.6300336619552453
4.144726900731397
5.338718085532065
4.123863091669008
5.0375388339565035
2.555332685084352
5.0375388339565035
4.293141358030272
4.293141358030258
1.4900554335143958
5.338718085532124
1.4900554335143905
2.5553326850843696
5.0375388339565195
5.338718085532101
5.338718085532104
5.169517230880997
2.068243732370025
5.16951723088102
1.7263146750049767
4.144726900731399
1.3794208657283917
5.037538833956525
1.6704617887148796
2.4423332940376383
4.790817050242557
1.726314675005014
4.123863091668982
2.555332685084325
4.123863091668969
1.726314675005046
2.555332685084366
5.338718085532099
4.018586469772773
2.810761308213353
1.726314675005014
4.123863091668952
2.6300336619552738
1.6704617887148352
5.037538833956512
2.068243732370016
4.12386309166895
4.144726900731396
4.293141358030262
4.144726900731401
1.490055433514426
2.068243732369961
1.9635410626038947
1.6704617887148956
4.123863091668969
1.9635410626039285
3.1103830995889368
1.726314675005037
1.726314675005023
1.3794208657284415
1.6704617887148459
2.555332685084366
1.726314675004991
1.4900554335144065
4.29314135803023
4.123863091668996
4.7908170502425875
1.6704617887148832
5.037538833956518
1.963541062603884
1.4900554335143905
4.01858646977279
1.4900554335144598
4.293141358030265
1.3794208657283846
2.5635285152305904
