0
5
Minimup gap computed with 1th eigenvalue
Minimup gap: 3.4944666935050304 GHz
At s= 0.4
Minimup gap computed with 1th eigenvalue
Minimup gap: 3.347276151276229 GHz
At s= 0.45
Minimup gap computed with 1th eigenvalue
Minimup gap: 3.346768989071247 GHz
At s= 0.447
simulation took 0.1287 sec
1
5
Minimup gap computed with 2th eigenvalue
Minimup gap: 2.2574095159156897 GHz
At s= 0.4
Minimup gap computed with 2th eigenvalue
Minimup gap: 2.2339991502151477 GHz
At s= 0.41
Minimup gap computed with 2th eigenvalue
Minimup gap: 2.23252038040009 GHz
At s= 0.413
simulation took 0.0834 sec
2
5
Minimup gap computed with 1th eigenvalue
Minimup gap: 2.2574095159156844 GHz
At s= 0.4
Minimup gap computed with 1th eigenvalue
Minimup gap: 2.233999150215155 GHz
At s= 0.41
Minimup gap computed with 1th eigenvalue
Minimup gap: 2.2325203804000777 GHz
At s= 0.413
simulation took 0.0650 sec
3
5
Minimup gap computed with 2th eigenvalue
Minimup gap: 2.6836381356519112 GHz
At s= 0.4
Minimup gap computed with 2th eigenvalue
Minimup gap: 2.637721069051623 GHz
At s= 0.42
Minimup gap computed with 2th eigenvalue
Minimup gap: 2.637434414068565 GHz
At s= 0.421
simulation took 0.0592 sec
4
5
Minimup gap computed with 5th eigenvalue
Minimup gap: 3.653118244573387 GHz
At s= 0.5
Minimup gap computed with 5th eigenvalue
Minimup gap: 3.614047281011435 GHz
At s= 0.48
Minimup gap computed with 5th eigenvalue
Minimup gap: 3.612661538246087 GHz
At s= 0.476
simulation took 0.0593 sec
5
5
Minimup gap computed with 2th eigenvalue
Minimup gap: 3.4944666935050366 GHz
At s= 0.4
Minimup gap computed with 2th eigenvalue
Minimup gap: 3.3472761512762244 GHz
At s= 0.45
Minimup gap computed with 2th eigenvalue
Minimup gap: 3.3467689890712435 GHz
At s= 0.447
simulation took 0.0580 sec
6
5
Minimup gap computed with 2th eigenvalue
Minimup gap: 3.4944666935050304 GHz
At s= 0.4
Minimup gap computed with 2th eigenvalue
Minimup gap: 3.3472761512762235 GHz
At s= 0.45
Minimup gap computed with 2th eigenvalue
Minimup gap: 3.346768989071249 GHz
At s= 0.447
simulation took 0.0581 sec
7
5
Minimup gap computed with 2th eigenvalue
Minimup gap: 2.683638135651912 GHz
At s= 0.4
Minimup gap computed with 2th eigenvalue
Minimup gap: 2.637721069051609 GHz
At s= 0.42
Minimup gap computed with 2th eigenvalue
Minimup gap: 2.6374344140685455 GHz
At s= 0.421
simulation took 0.0594 sec
8
5
Minimup gap computed with 1th eigenvalue
Minimup gap: 1.8984435509521935 GHz
At s= 0.4
Minimup gap computed with 1th eigenvalue
Minimup gap: 1.817879508184383 GHz
At s= 0.42
Minimup gap computed with 1th eigenvalue
Minimup gap: 1.8177758998007345 GHz
At s= 0.421
simulation took 0.0930 sec
9
5
Minimup gap computed with 3th eigenvalue
Minimup gap: 3.494466693505026 GHz
At s= 0.4
Minimup gap computed with 3th eigenvalue
Minimup gap: 3.3472761512762217 GHz
At s= 0.45
Minimup gap computed with 3th eigenvalue
Minimup gap: 3.3467689890712515 GHz
At s= 0.447
simulation took 0.0588 sec
10
5
Minimup gap computed with 4th eigenvalue
Minimup gap: 3.5135735068236227 GHz
At s= 0.5
Minimup gap computed with 4th eigenvalue
Minimup gap: 3.347276151276211 GHz
At s= 0.45
Minimup gap computed with 4th eigenvalue
Minimup gap: 3.346768989071249 GHz
At s= 0.447
simulation took 0.0580 sec
11
5
Minimup gap computed with 2th eigenvalue
Minimup gap: 3.4944666935050366 GHz
At s= 0.4
Minimup gap computed with 2th eigenvalue
Minimup gap: 3.3472761512762244 GHz
At s= 0.45
Minimup gap computed with 2th eigenvalue
Minimup gap: 3.3467689890712435 GHz
At s= 0.447
simulation took 0.0577 sec
12
5
Minimup gap computed with 4th eigenvalue
Minimup gap: 3.513573506823621 GHz
At s= 0.5
Minimup gap computed with 4th eigenvalue
Minimup gap: 3.347276151276225 GHz
At s= 0.45
Minimup gap computed with 4th eigenvalue
Minimup gap: 3.346768989071245 GHz
At s= 0.447
simulation took 0.0583 sec
13
5
Minimup gap computed with 1th eigenvalue
Minimup gap: 1.8984435509522157 GHz
At s= 0.4
Minimup gap computed with 1th eigenvalue
Minimup gap: 1.8178795081843546 GHz
At s= 0.42
Minimup gap computed with 1th eigenvalue
Minimup gap: 1.8177758998007398 GHz
At s= 0.421
simulation took 0.0590 sec
14
5
Minimup gap computed with 2th eigenvalue
Minimup gap: 3.4944666935050277 GHz
At s= 0.4
Minimup gap computed with 2th eigenvalue
Minimup gap: 3.3472761512762146 GHz
At s= 0.45
Minimup gap computed with 2th eigenvalue
Minimup gap: 3.3467689890712524 GHz
At s= 0.447
simulation took 0.0578 sec
15
5
Minimup gap computed with 2th eigenvalue
Minimup gap: 2.2574095159156746 GHz
At s= 0.4
Minimup gap computed with 2th eigenvalue
Minimup gap: 2.2339991502151513 GHz
At s= 0.41
Minimup gap computed with 2th eigenvalue
Minimup gap: 2.232520380400093 GHz
At s= 0.413
simulation took 0.0879 sec
16
5
Minimup gap computed with 2th eigenvalue
Minimup gap: 3.4944666935050375 GHz
At s= 0.4
Minimup gap computed with 2th eigenvalue
Minimup gap: 3.3472761512762226 GHz
At s= 0.45
Minimup gap computed with 2th eigenvalue
Minimup gap: 3.3467689890712453 GHz
At s= 0.447
simulation took 0.0578 sec
17
5
Minimup gap computed with 1th eigenvalue
Minimup gap: 2.257409515915696 GHz
At s= 0.4
Minimup gap computed with 1th eigenvalue
Minimup gap: 2.2339991502151637 GHz
At s= 0.41
Minimup gap computed with 1th eigenvalue
Minimup gap: 2.232520380400084 GHz
At s= 0.413
simulation took 0.0581 sec
18
5
Minimup gap computed with 1th eigenvalue
Minimup gap: 2.257409515915694 GHz
At s= 0.4
Minimup gap computed with 1th eigenvalue
Minimup gap: 2.2339991502151655 GHz
At s= 0.41
Minimup gap computed with 1th eigenvalue
Minimup gap: 2.2325203804000786 GHz
At s= 0.413
simulation took 0.0718 sec
19
5
Minimup gap computed with 2th eigenvalue
Minimup gap: 3.494466693505035 GHz
At s= 0.4
Minimup gap computed with 2th eigenvalue
Minimup gap: 3.3472761512762217 GHz
At s= 0.45
Minimup gap computed with 2th eigenvalue
Minimup gap: 3.3467689890712506 GHz
At s= 0.447
simulation took 0.0600 sec
20
5
Minimup gap computed with 2th eigenvalue
Minimup gap: 3.4944666935050357 GHz
At s= 0.4
Minimup gap computed with 2th eigenvalue
Minimup gap: 3.34727615127622 GHz
At s= 0.45
Minimup gap computed with 2th eigenvalue
Minimup gap: 3.3467689890712444 GHz
At s= 0.447
simulation took 0.0580 sec
21
5
Minimup gap computed with 2th eigenvalue
Minimup gap: 2.257409515915681 GHz
At s= 0.4
Minimup gap computed with 2th eigenvalue
Minimup gap: 2.2339991502151557 GHz
At s= 0.41
Minimup gap computed with 2th eigenvalue
Minimup gap: 2.232520380400059 GHz
At s= 0.413
simulation took 0.0590 sec
22
5
Minimup gap computed with 1th eigenvalue
Minimup gap: 1.7276065130044547 GHz
At s= 0.4
Minimup gap computed with 1th eigenvalue
Minimup gap: 1.7247176880935928 GHz
At s= 0.41
Minimup gap computed with 1th eigenvalue
Minimup gap: 1.7213503180231573 GHz
At s= 0.406
simulation took 0.0591 sec
23
5
Minimup gap computed with 3th eigenvalue
Minimup gap: 3.494466693505024 GHz
At s= 0.4
Minimup gap computed with 3th eigenvalue
Minimup gap: 3.3472761512762155 GHz
At s= 0.45
Minimup gap computed with 3th eigenvalue
Minimup gap: 3.3467689890712515 GHz
At s= 0.447
simulation took 0.1311 sec
24
5
Minimup gap computed with 6th eigenvalue
Minimup gap: 3.7311887097183964 GHz
At s= 0.5
Minimup gap computed with 6th eigenvalue
Minimup gap: 3.6999043206450293 GHz
At s= 0.48
Minimup gap computed with 6th eigenvalue
Minimup gap: 3.698918346439746 GHz
At s= 0.476
simulation took 0.0586 sec
25
5
Minimup gap computed with 1th eigenvalue
Minimup gap: 2.257409515915696 GHz
At s= 0.4
Minimup gap computed with 1th eigenvalue
Minimup gap: 2.233999150215153 GHz
At s= 0.41
Minimup gap computed with 1th eigenvalue
Minimup gap: 2.232520380400075 GHz
At s= 0.413
simulation took 0.0580 sec
26
5
Minimup gap computed with 2th eigenvalue
Minimup gap: 2.6836381356519023 GHz
At s= 0.4
Minimup gap computed with 2th eigenvalue
Minimup gap: 2.6377210690515964 GHz
At s= 0.42
Minimup gap computed with 2th eigenvalue
Minimup gap: 2.6374344140685793 GHz
At s= 0.421
simulation took 0.0587 sec
27
5
Minimup gap computed with 2th eigenvalue
Minimup gap: 2.257409515915702 GHz
At s= 0.4
Minimup gap computed with 2th eigenvalue
Minimup gap: 2.2339991502151637 GHz
At s= 0.41
Minimup gap computed with 2th eigenvalue
Minimup gap: 2.2325203804000777 GHz
At s= 0.413
simulation took 0.0584 sec
28
5
Minimup gap computed with 1th eigenvalue
Minimup gap: 2.2147429906138223 GHz
At s= 0.4
Minimup gap computed with 1th eigenvalue
Minimup gap: 2.1468978524925646 GHz
At s= 0.42
Minimup gap computed with 1th eigenvalue
Minimup gap: 2.1468978524925646 GHz
At s= 0.42
simulation took 0.0590 sec
29
5
Minimup gap computed with 2th eigenvalue
Minimup gap: 3.4944666935050375 GHz
At s= 0.4
Minimup gap computed with 2th eigenvalue
Minimup gap: 3.3472761512762226 GHz
At s= 0.45
Minimup gap computed with 2th eigenvalue
Minimup gap: 3.3467689890712453 GHz
At s= 0.447
simulation took 0.0575 sec
30
5
Minimup gap computed with 4th eigenvalue
Minimup gap: 3.513573506823621 GHz
At s= 0.5
Minimup gap computed with 4th eigenvalue
Minimup gap: 3.347276151276223 GHz
At s= 0.45
Minimup gap computed with 4th eigenvalue
Minimup gap: 3.346768989071254 GHz
At s= 0.447
simulation took 0.0581 sec
31
5
Minimup gap computed with 1th eigenvalue
Minimup gap: 2.1790201436813064 GHz
At s= 0.4
Minimup gap computed with 1th eigenvalue
Minimup gap: 2.1563361753592734 GHz
At s= 0.41
Minimup gap computed with 1th eigenvalue
Minimup gap: 2.1555526450986733 GHz
At s= 0.412
simulation took 0.0802 sec
32
5
Minimup gap computed with 3th eigenvalue
Minimup gap: 3.4944666935050375 GHz
At s= 0.4
Minimup gap computed with 3th eigenvalue
Minimup gap: 3.3472761512762332 GHz
At s= 0.45
Minimup gap computed with 3th eigenvalue
Minimup gap: 3.346768989071263 GHz
At s= 0.447
simulation took 0.0583 sec
33
5
Minimup gap computed with 2th eigenvalue
Minimup gap: 3.494466693505035 GHz
At s= 0.4
Minimup gap computed with 2th eigenvalue
Minimup gap: 3.3472761512762217 GHz
At s= 0.45
Minimup gap computed with 2th eigenvalue
Minimup gap: 3.3467689890712506 GHz
At s= 0.447
simulation took 0.0573 sec
34
5
Minimup gap computed with 2th eigenvalue
Minimup gap: 3.4944666935050357 GHz
At s= 0.4
Minimup gap computed with 2th eigenvalue
Minimup gap: 3.34727615127622 GHz
At s= 0.45
Minimup gap computed with 2th eigenvalue
Minimup gap: 3.3467689890712444 GHz
At s= 0.447
simulation took 0.0577 sec
35
5
Minimup gap computed with 1th eigenvalue
Minimup gap: 3.4944666935050304 GHz
At s= 0.4
Minimup gap computed with 1th eigenvalue
Minimup gap: 3.347276151276229 GHz
At s= 0.45
Minimup gap computed with 1th eigenvalue
Minimup gap: 3.346768989071247 GHz
At s= 0.447
simulation took 0.0569 sec
36
5
Minimup gap computed with 1th eigenvalue
Minimup gap: 2.257409515915696 GHz
At s= 0.4
Minimup gap computed with 1th eigenvalue
Minimup gap: 2.2339991502151513 GHz
At s= 0.41
Minimup gap computed with 1th eigenvalue
Minimup gap: 2.232520380400082 GHz
At s= 0.413
simulation took 0.0581 sec
37
5
Minimup gap computed with 4th eigenvalue
Minimup gap: 3.5135735068236245 GHz
At s= 0.5
Minimup gap computed with 4th eigenvalue
Minimup gap: 3.347276151276218 GHz
At s= 0.45
Minimup gap computed with 4th eigenvalue
Minimup gap: 3.3467689890712475 GHz
At s= 0.447
simulation took 0.0581 sec
38
5
Minimup gap computed with 4th eigenvalue
Minimup gap: 3.5135735068236227 GHz
At s= 0.5
Minimup gap computed with 4th eigenvalue
Minimup gap: 3.347276151276211 GHz
At s= 0.45
Minimup gap computed with 4th eigenvalue
Minimup gap: 3.346768989071249 GHz
At s= 0.447
simulation took 0.0788 sec
39
5
Minimup gap computed with 2th eigenvalue
Minimup gap: 2.2574095159156933 GHz
At s= 0.4
Minimup gap computed with 2th eigenvalue
Minimup gap: 2.233999150215146 GHz
At s= 0.41
Minimup gap computed with 2th eigenvalue
Minimup gap: 2.232520380400083 GHz
At s= 0.413
simulation took 0.0585 sec
40
5
Minimup gap computed with 4th eigenvalue
Minimup gap: 3.513573506823622 GHz
At s= 0.5
Minimup gap computed with 4th eigenvalue
Minimup gap: 3.3472761512762235 GHz
At s= 0.45
Minimup gap computed with 4th eigenvalue
Minimup gap: 3.346768989071249 GHz
At s= 0.447
simulation took 0.0578 sec
41
5
Minimup gap computed with 1th eigenvalue
Minimup gap: 2.2574095159156915 GHz
At s= 0.4
Minimup gap computed with 1th eigenvalue
Minimup gap: 2.2339991502151584 GHz
At s= 0.41
Minimup gap computed with 1th eigenvalue
Minimup gap: 2.2325203804000795 GHz
At s= 0.413
simulation took 0.0578 sec
42
5
Minimup gap computed with 2th eigenvalue
Minimup gap: 3.043310553358509 GHz
At s= 0.5
Minimup gap computed with 2th eigenvalue
Minimup gap: 2.7999455887599183 GHz
At s= 0.46
Minimup gap computed with 2th eigenvalue
Minimup gap: 2.7999455887599183 GHz
At s= 0.46
simulation took 0.0581 sec
43
5
Minimup gap computed with 2th eigenvalue
Minimup gap: 2.2574095159156933 GHz
At s= 0.4
Minimup gap computed with 2th eigenvalue
Minimup gap: 2.233999150215146 GHz
At s= 0.41
Minimup gap computed with 2th eigenvalue
Minimup gap: 2.232520380400083 GHz
At s= 0.413
simulation took 0.0585 sec
44
5
Minimup gap computed with 4th eigenvalue
Minimup gap: 3.4683555082503528 GHz
At s= 0.5
Minimup gap computed with 4th eigenvalue
Minimup gap: 3.3795928362536696 GHz
At s= 0.47
Minimup gap computed with 4th eigenvalue
Minimup gap: 3.37958302229612 GHz
At s= 0.469
simulation took 0.0594 sec
45
5
Minimup gap computed with 2th eigenvalue
Minimup gap: 2.6836381356518926 GHz
At s= 0.4
Minimup gap computed with 2th eigenvalue
Minimup gap: 2.637721069051601 GHz
At s= 0.42
Minimup gap computed with 2th eigenvalue
Minimup gap: 2.637434414068565 GHz
At s= 0.421
simulation took 0.0585 sec
46
5
Minimup gap computed with 3th eigenvalue
Minimup gap: 3.494466693505024 GHz
At s= 0.4
Minimup gap computed with 3th eigenvalue
Minimup gap: 3.3472761512762235 GHz
At s= 0.45
Minimup gap computed with 3th eigenvalue
Minimup gap: 3.3467689890712418 GHz
At s= 0.447
simulation took 0.0791 sec
47
5
Minimup gap computed with 1th eigenvalue
Minimup gap: 3.119035504203076 GHz
At s= 0.4
Minimup gap computed with 1th eigenvalue
Minimup gap: 3.113442994513364 GHz
At s= 0.39
Minimup gap computed with 1th eigenvalue
Minimup gap: 3.113442994513364 GHz
At s= 0.39
simulation took 0.0581 sec
48
5
Minimup gap computed with 3th eigenvalue
Minimup gap: 3.494466693505032 GHz
At s= 0.4
Minimup gap computed with 3th eigenvalue
Minimup gap: 3.3472761512762252 GHz
At s= 0.45
Minimup gap computed with 3th eigenvalue
Minimup gap: 3.3467689890712595 GHz
At s= 0.447
simulation took 0.0583 sec
49
5
Minimup gap computed with 5th eigenvalue
Minimup gap: 3.653118244573388 GHz
At s= 0.5
Minimup gap computed with 5th eigenvalue
Minimup gap: 3.6140472810114286 GHz
At s= 0.48
Minimup gap computed with 5th eigenvalue
Minimup gap: 3.612661538246086 GHz
At s= 0.476
simulation took 0.0597 sec
50
5
Minimup gap computed with 1th eigenvalue
Minimup gap: 3.119035504203059 GHz
At s= 0.4
Minimup gap computed with 1th eigenvalue
Minimup gap: 3.1134429945133757 GHz
At s= 0.39
Minimup gap computed with 1th eigenvalue
Minimup gap: 3.1134429945133757 GHz
At s= 0.39
simulation took 0.0580 sec
51
5
Minimup gap computed with 3th eigenvalue
Minimup gap: 3.4944666935050366 GHz
At s= 0.4
Minimup gap computed with 3th eigenvalue
Minimup gap: 3.34727615127622 GHz
At s= 0.45
Minimup gap computed with 3th eigenvalue
Minimup gap: 3.346768989071246 GHz
At s= 0.447
simulation took 0.0588 sec
52
5
Minimup gap computed with 1th eigenvalue
Minimup gap: 2.257409515915695 GHz
At s= 0.4
Minimup gap computed with 1th eigenvalue
Minimup gap: 2.2339991502151477 GHz
At s= 0.41
Minimup gap computed with 1th eigenvalue
Minimup gap: 2.2325203804000777 GHz
At s= 0.413
simulation took 0.0580 sec
53
5
Minimup gap computed with 2th eigenvalue
Minimup gap: 3.4944666935050357 GHz
At s= 0.4
Minimup gap computed with 2th eigenvalue
Minimup gap: 3.34727615127622 GHz
At s= 0.45
Minimup gap computed with 2th eigenvalue
Minimup gap: 3.3467689890712444 GHz
At s= 0.447
simulation took 0.0789 sec
54
5
Minimup gap computed with 2th eigenvalue
Minimup gap: 3.4944666935050224 GHz
At s= 0.4
Minimup gap computed with 2th eigenvalue
Minimup gap: 3.3472761512762244 GHz
At s= 0.45
Minimup gap computed with 2th eigenvalue
Minimup gap: 3.3467689890712427 GHz
At s= 0.447
simulation took 0.0577 sec
55
5
Minimup gap computed with 1th eigenvalue
Minimup gap: 2.257409515915689 GHz
At s= 0.4
Minimup gap computed with 1th eigenvalue
Minimup gap: 2.2339991502151584 GHz
At s= 0.41
Minimup gap computed with 1th eigenvalue
Minimup gap: 2.232520380400076 GHz
At s= 0.413
simulation took 0.0582 sec
56
5
Minimup gap computed with 1th eigenvalue
Minimup gap: 2.257409515915697 GHz
At s= 0.4
Minimup gap computed with 1th eigenvalue
Minimup gap: 2.233999150215161 GHz
At s= 0.41
Minimup gap computed with 1th eigenvalue
Minimup gap: 2.2325203804000697 GHz
At s= 0.413
simulation took 0.0581 sec
57
5
Minimup gap computed with 3th eigenvalue
Minimup gap: 3.494466693505024 GHz
At s= 0.4
Minimup gap computed with 3th eigenvalue
Minimup gap: 3.3472761512762386 GHz
At s= 0.45
Minimup gap computed with 3th eigenvalue
Minimup gap: 3.346768989071232 GHz
At s= 0.447
simulation took 0.0584 sec
58
5
Minimup gap computed with 1th eigenvalue
Minimup gap: 2.257409515915681 GHz
At s= 0.4
Minimup gap computed with 1th eigenvalue
Minimup gap: 2.2339991502151477 GHz
At s= 0.41
Minimup gap computed with 1th eigenvalue
Minimup gap: 2.2325203804000893 GHz
At s= 0.413
simulation took 0.0580 sec
59
5
Minimup gap computed with 2th eigenvalue
Minimup gap: 2.2574095159156897 GHz
At s= 0.4
Minimup gap computed with 2th eigenvalue
Minimup gap: 2.233999150215168 GHz
At s= 0.41
Minimup gap computed with 2th eigenvalue
Minimup gap: 2.232520380400093 GHz
At s= 0.413
simulation took 0.0586 sec
60
5
Minimup gap computed with 1th eigenvalue
Minimup gap: 3.4944666935050304 GHz
At s= 0.4
Minimup gap computed with 1th eigenvalue
Minimup gap: 3.347276151276229 GHz
At s= 0.45
Minimup gap computed with 1th eigenvalue
Minimup gap: 3.346768989071247 GHz
At s= 0.447
simulation took 0.0572 sec
61
5
Minimup gap computed with 1th eigenvalue
Minimup gap: 3.4944666935050304 GHz
At s= 0.4
Minimup gap computed with 1th eigenvalue
Minimup gap: 3.347276151276229 GHz
At s= 0.45
Minimup gap computed with 1th eigenvalue
Minimup gap: 3.346768989071247 GHz
At s= 0.447
simulation took 0.0784 sec
62
5
Minimup gap computed with 3th eigenvalue
Minimup gap: 3.494466693505035 GHz
At s= 0.4
Minimup gap computed with 3th eigenvalue
Minimup gap: 3.3472761512762217 GHz
At s= 0.45
Minimup gap computed with 3th eigenvalue
Minimup gap: 3.3467689890712506 GHz
At s= 0.447
simulation took 0.0578 sec
63
5
Minimup gap computed with 2th eigenvalue
Minimup gap: 2.6836381356519023 GHz
At s= 0.4
Minimup gap computed with 2th eigenvalue
Minimup gap: 2.6377210690516186 GHz
At s= 0.42
Minimup gap computed with 2th eigenvalue
Minimup gap: 2.6374344140685677 GHz
At s= 0.421
simulation took 0.0587 sec
64
5
Minimup gap computed with 4th eigenvalue
Minimup gap: 3.51357350682362 GHz
At s= 0.5
Minimup gap computed with 4th eigenvalue
Minimup gap: 3.347276151276231 GHz
At s= 0.45
Minimup gap computed with 4th eigenvalue
Minimup gap: 3.3467689890712493 GHz
At s= 0.447
simulation took 0.0577 sec
65
5
Minimup gap computed with 2th eigenvalue
Minimup gap: 3.4944666935050357 GHz
At s= 0.4
Minimup gap computed with 2th eigenvalue
Minimup gap: 3.34727615127622 GHz
At s= 0.45
Minimup gap computed with 2th eigenvalue
Minimup gap: 3.3467689890712444 GHz
At s= 0.447
simulation took 0.0575 sec
66
5
Minimup gap computed with 1th eigenvalue
Minimup gap: 2.257409515915689 GHz
At s= 0.4
Minimup gap computed with 1th eigenvalue
Minimup gap: 2.2339991502151584 GHz
At s= 0.41
Minimup gap computed with 1th eigenvalue
Minimup gap: 2.232520380400076 GHz
At s= 0.413
simulation took 0.0580 sec
67
5
Minimup gap computed with 2th eigenvalue
Minimup gap: 2.2574095159156897 GHz
At s= 0.4
Minimup gap computed with 2th eigenvalue
Minimup gap: 2.2339991502151477 GHz
At s= 0.41
Minimup gap computed with 2th eigenvalue
Minimup gap: 2.23252038040009 GHz
At s= 0.413
simulation took 0.0585 sec
68
5
Minimup gap computed with 2th eigenvalue
Minimup gap: 3.4944666935050304 GHz
At s= 0.4
Minimup gap computed with 2th eigenvalue
Minimup gap: 3.3472761512762235 GHz
At s= 0.45
Minimup gap computed with 2th eigenvalue
Minimup gap: 3.346768989071249 GHz
At s= 0.447
simulation took 0.0577 sec
69
5
Minimup gap computed with 1th eigenvalue
Minimup gap: 2.2574095159156915 GHz
At s= 0.4
Minimup gap computed with 1th eigenvalue
Minimup gap: 2.2339991502151584 GHz
At s= 0.41
Minimup gap computed with 1th eigenvalue
Minimup gap: 2.2325203804000795 GHz
At s= 0.413
simulation took 0.0794 sec
70
5
Minimup gap computed with 4th eigenvalue
Minimup gap: 3.5135735068236245 GHz
At s= 0.5
Minimup gap computed with 4th eigenvalue
Minimup gap: 3.3472761512762093 GHz
At s= 0.45
Minimup gap computed with 4th eigenvalue
Minimup gap: 3.3467689890712533 GHz
At s= 0.447
simulation took 0.0576 sec
71
5
Minimup gap computed with 2th eigenvalue
Minimup gap: 2.6836381356519166 GHz
At s= 0.4
Minimup gap computed with 2th eigenvalue
Minimup gap: 2.6377210690516106 GHz
At s= 0.42
Minimup gap computed with 2th eigenvalue
Minimup gap: 2.6374344140685633 GHz
At s= 0.421
simulation took 0.0586 sec
72
5
Minimup gap computed with 2th eigenvalue
Minimup gap: 3.4944666935050277 GHz
At s= 0.4
Minimup gap computed with 2th eigenvalue
Minimup gap: 3.3472761512762146 GHz
At s= 0.45
Minimup gap computed with 2th eigenvalue
Minimup gap: 3.3467689890712524 GHz
At s= 0.447
simulation took 0.0573 sec
73
5
Minimup gap computed with 1th eigenvalue
Minimup gap: 2.257409515915696 GHz
At s= 0.4
Minimup gap computed with 1th eigenvalue
Minimup gap: 2.2339991502151637 GHz
At s= 0.41
Minimup gap computed with 1th eigenvalue
Minimup gap: 2.232520380400084 GHz
At s= 0.413
simulation took 0.0579 sec
74
5
Minimup gap computed with 1th eigenvalue
Minimup gap: 2.2574095159156844 GHz
At s= 0.4
Minimup gap computed with 1th eigenvalue
Minimup gap: 2.233999150215155 GHz
At s= 0.41
Minimup gap computed with 1th eigenvalue
Minimup gap: 2.2325203804000777 GHz
At s= 0.413
simulation took 0.0584 sec
75
5
Minimup gap computed with 2th eigenvalue
Minimup gap: 3.494466693505027 GHz
At s= 0.4
Minimup gap computed with 2th eigenvalue
Minimup gap: 3.3472761512762226 GHz
At s= 0.45
Minimup gap computed with 2th eigenvalue
Minimup gap: 3.3467689890712347 GHz
At s= 0.447
simulation took 0.0577 sec
76
5
Minimup gap computed with 1th eigenvalue
Minimup gap: 3.119035504203043 GHz
At s= 0.4
Minimup gap computed with 1th eigenvalue
Minimup gap: 3.113442994513381 GHz
At s= 0.39
Minimup gap computed with 1th eigenvalue
Minimup gap: 3.113442994513381 GHz
At s= 0.39
simulation took 0.0795 sec
77
5
Minimup gap computed with 2th eigenvalue
Minimup gap: 2.257409515915681 GHz
At s= 0.4
Minimup gap computed with 2th eigenvalue
Minimup gap: 2.2339991502151726 GHz
At s= 0.41
Minimup gap computed with 2th eigenvalue
Minimup gap: 2.2325203804000893 GHz
At s= 0.413
simulation took 0.0586 sec
78
5
Minimup gap computed with 2th eigenvalue
Minimup gap: 2.2574095159156897 GHz
At s= 0.4
Minimup gap computed with 2th eigenvalue
Minimup gap: 2.233999150215155 GHz
At s= 0.41
Minimup gap computed with 2th eigenvalue
Minimup gap: 2.2325203804000706 GHz
At s= 0.413
simulation took 0.0582 sec
79
5
Minimup gap computed with 1th eigenvalue
Minimup gap: 2.2147429906138125 GHz
At s= 0.4
Minimup gap computed with 1th eigenvalue
Minimup gap: 2.1468978524925815 GHz
At s= 0.42
Minimup gap computed with 1th eigenvalue
Minimup gap: 2.1468978524925815 GHz
At s= 0.42
simulation took 0.0587 sec
80
5
Minimup gap computed with 1th eigenvalue
Minimup gap: 3.4944666935050304 GHz
At s= 0.4
Minimup gap computed with 1th eigenvalue
Minimup gap: 3.347276151276229 GHz
At s= 0.45
Minimup gap computed with 1th eigenvalue
Minimup gap: 3.346768989071247 GHz
At s= 0.447
simulation took 0.0575 sec
81
5
Minimup gap computed with 2th eigenvalue
Minimup gap: 3.494466693505034 GHz
At s= 0.4
Minimup gap computed with 2th eigenvalue
Minimup gap: 3.34727615127621 GHz
At s= 0.45
Minimup gap computed with 2th eigenvalue
Minimup gap: 3.3467689890712418 GHz
At s= 0.447
simulation took 0.0574 sec
82
5
Minimup gap computed with 4th eigenvalue
Minimup gap: 3.51357350682363 GHz
At s= 0.5
Minimup gap computed with 4th eigenvalue
Minimup gap: 3.347276151276219 GHz
At s= 0.45
Minimup gap computed with 4th eigenvalue
Minimup gap: 3.3467689890712466 GHz
At s= 0.447
simulation took 0.0580 sec
83
5
Minimup gap computed with 1th eigenvalue
Minimup gap: 1.6753280394881553 GHz
At s= 0.4
Minimup gap computed with 1th eigenvalue
Minimup gap: 1.6336978610466666 GHz
At s= 0.41
Minimup gap computed with 1th eigenvalue
Minimup gap: 1.6288992021050674 GHz
At s= 0.415
simulation took 0.0588 sec
84
5
Minimup gap computed with 3th eigenvalue
Minimup gap: 3.494466693505049 GHz
At s= 0.4
Minimup gap computed with 3th eigenvalue
Minimup gap: 3.3472761512762226 GHz
At s= 0.45
Minimup gap computed with 3th eigenvalue
Minimup gap: 3.346768989071249 GHz
At s= 0.447
simulation took 0.0794 sec
85
5
Minimup gap computed with 3th eigenvalue
Minimup gap: 3.4944666935050366 GHz
At s= 0.4
Minimup gap computed with 3th eigenvalue
Minimup gap: 3.34727615127622 GHz
At s= 0.45
Minimup gap computed with 3th eigenvalue
Minimup gap: 3.346768989071246 GHz
At s= 0.447
simulation took 0.0586 sec
86
5
Minimup gap computed with 3th eigenvalue
Minimup gap: 3.494466693505027 GHz
At s= 0.4
Minimup gap computed with 3th eigenvalue
Minimup gap: 3.3472761512762172 GHz
At s= 0.45
Minimup gap computed with 3th eigenvalue
Minimup gap: 3.3467689890712435 GHz
At s= 0.447
simulation took 0.0585 sec
87
5
Minimup gap computed with 2th eigenvalue
Minimup gap: 2.2574095159156817 GHz
At s= 0.4
Minimup gap computed with 2th eigenvalue
Minimup gap: 2.233999150215169 GHz
At s= 0.41
Minimup gap computed with 2th eigenvalue
Minimup gap: 2.2325203804000893 GHz
At s= 0.413
simulation took 0.0584 sec
88
5
Minimup gap computed with 1th eigenvalue
Minimup gap: 2.257409515915687 GHz
At s= 0.4
Minimup gap computed with 1th eigenvalue
Minimup gap: 2.2339991502151486 GHz
At s= 0.41
Minimup gap computed with 1th eigenvalue
Minimup gap: 2.232520380400082 GHz
At s= 0.413
simulation took 0.0578 sec
89
5
Minimup gap computed with 3th eigenvalue
Minimup gap: 3.494466693505019 GHz
At s= 0.4
Minimup gap computed with 3th eigenvalue
Minimup gap: 3.3472761512762075 GHz
At s= 0.45
Minimup gap computed with 3th eigenvalue
Minimup gap: 3.346768989071254 GHz
At s= 0.447
simulation took 0.0583 sec
90
5
Minimup gap computed with 1th eigenvalue
Minimup gap: 2.257409515915689 GHz
At s= 0.4
Minimup gap computed with 1th eigenvalue
Minimup gap: 2.2339991502151575 GHz
At s= 0.41
Minimup gap computed with 1th eigenvalue
Minimup gap: 2.232520380400077 GHz
At s= 0.413
simulation took 0.0581 sec
91
5
Minimup gap computed with 2th eigenvalue
Minimup gap: 2.7612035866440108 GHz
At s= 0.4
Minimup gap computed with 2th eigenvalue
Minimup gap: 2.7197909433634804 GHz
At s= 0.42
Minimup gap computed with 2th eigenvalue
Minimup gap: 2.7197909433634804 GHz
At s= 0.42
simulation took 0.0585 sec
92
5
Minimup gap computed with 1th eigenvalue
Minimup gap: 3.4944666935050304 GHz
At s= 0.4
Minimup gap computed with 1th eigenvalue
Minimup gap: 3.347276151276229 GHz
At s= 0.45
Minimup gap computed with 1th eigenvalue
Minimup gap: 3.346768989071247 GHz
At s= 0.447
simulation took 0.0781 sec
93
5
Minimup gap computed with 1th eigenvalue
Minimup gap: 1.8984435509522157 GHz
At s= 0.4
Minimup gap computed with 1th eigenvalue
Minimup gap: 1.8178795081843644 GHz
At s= 0.42
Minimup gap computed with 1th eigenvalue
Minimup gap: 1.8177758998007585 GHz
At s= 0.421
simulation took 0.0586 sec
94
5
Minimup gap computed with 1th eigenvalue
Minimup gap: 2.257409515915681 GHz
At s= 0.4
Minimup gap computed with 1th eigenvalue
Minimup gap: 2.2339991502151477 GHz
At s= 0.41
Minimup gap computed with 1th eigenvalue
Minimup gap: 2.2325203804000893 GHz
At s= 0.413
simulation took 0.0579 sec
95
5
Minimup gap computed with 2th eigenvalue
Minimup gap: 2.683638135651919 GHz
At s= 0.4
Minimup gap computed with 2th eigenvalue
Minimup gap: 2.6377210690516044 GHz
At s= 0.42
Minimup gap computed with 2th eigenvalue
Minimup gap: 2.6374344140685695 GHz
At s= 0.421
simulation took 0.0585 sec
96
5
Minimup gap computed with 4th eigenvalue
Minimup gap: 3.5135735068236227 GHz
At s= 0.5
Minimup gap computed with 4th eigenvalue
Minimup gap: 3.347276151276211 GHz
At s= 0.45
Minimup gap computed with 4th eigenvalue
Minimup gap: 3.346768989071249 GHz
At s= 0.447
simulation took 0.0577 sec
97
5
Minimup gap computed with 4th eigenvalue
Minimup gap: 3.51357350682363 GHz
At s= 0.5
Minimup gap computed with 4th eigenvalue
Minimup gap: 3.347276151276219 GHz
At s= 0.45
Minimup gap computed with 4th eigenvalue
Minimup gap: 3.3467689890712466 GHz
At s= 0.447
simulation took 0.0580 sec
98
5
Minimup gap computed with 3th eigenvalue
Minimup gap: 3.494466693505027 GHz
At s= 0.4
Minimup gap computed with 3th eigenvalue
Minimup gap: 3.347276151276236 GHz
At s= 0.45
Minimup gap computed with 3th eigenvalue
Minimup gap: 3.3467689890712435 GHz
At s= 0.447
simulation took 0.0586 sec
99
5
Minimup gap computed with 1th eigenvalue
Minimup gap: 3.119035504203052 GHz
At s= 0.4
Minimup gap computed with 1th eigenvalue
Minimup gap: 3.113442994513366 GHz
At s= 0.39
Minimup gap computed with 1th eigenvalue
Minimup gap: 3.113442994513366 GHz
At s= 0.39
simulation took 0.0586 sec
