0
5
Minimup gap computed with 1th eigenvalue
Minimup gap: 3.4944666935050304 GHz
At s= 0.4
Minimup gap computed with 1th eigenvalue
Minimup gap: 3.347276151276229 GHz
At s= 0.45
Minimup gap computed with 1th eigenvalue
Minimup gap: 3.346768989071247 GHz
At s= 0.447
simulation took 0.1251 sec
1
5
Minimup gap computed with 2th eigenvalue
Minimup gap: 2.4651474555786628 GHz
At s= 0.4
Minimup gap computed with 2th eigenvalue
Minimup gap: 2.4651474555786628 GHz
At s= 0.4
Minimup gap computed with 2th eigenvalue
Minimup gap: 2.464638259545861 GHz
At s= 0.398
simulation took 0.0829 sec
2
5
Minimup gap computed with 1th eigenvalue
Minimup gap: 2.4651474555786663 GHz
At s= 0.4
Minimup gap computed with 1th eigenvalue
Minimup gap: 2.4651474555786663 GHz
At s= 0.4
Minimup gap computed with 1th eigenvalue
Minimup gap: 2.4646382595458842 GHz
At s= 0.398
simulation took 0.0649 sec
3
5
Minimup gap computed with 2th eigenvalue
Minimup gap: 2.85270544936564 GHz
At s= 0.4
Minimup gap computed with 2th eigenvalue
Minimup gap: 2.8243523918865243 GHz
At s= 0.42
Minimup gap computed with 2th eigenvalue
Minimup gap: 2.8242757965256757 GHz
At s= 0.419
simulation took 0.0592 sec
4
5
Minimup gap computed with 5th eigenvalue
Minimup gap: 3.6619983803270504 GHz
At s= 0.5
Minimup gap computed with 5th eigenvalue
Minimup gap: 3.6332553387910043 GHz
At s= 0.48
Minimup gap computed with 5th eigenvalue
Minimup gap: 3.6331773443920063 GHz
At s= 0.481
simulation took 0.0591 sec
5
5
Minimup gap computed with 2th eigenvalue
Minimup gap: 3.4944666935050313 GHz
At s= 0.4
Minimup gap computed with 2th eigenvalue
Minimup gap: 3.347276151276229 GHz
At s= 0.45
Minimup gap computed with 2th eigenvalue
Minimup gap: 3.3467689890712604 GHz
At s= 0.447
simulation took 0.0577 sec
6
5
Minimup gap computed with 2th eigenvalue
Minimup gap: 3.494466693505025 GHz
At s= 0.4
Minimup gap computed with 2th eigenvalue
Minimup gap: 3.3472761512762386 GHz
At s= 0.45
Minimup gap computed with 2th eigenvalue
Minimup gap: 3.3467689890712533 GHz
At s= 0.447
simulation took 0.0576 sec
7
5
Minimup gap computed with 2th eigenvalue
Minimup gap: 2.852705449365624 GHz
At s= 0.4
Minimup gap computed with 2th eigenvalue
Minimup gap: 2.8243523918865225 GHz
At s= 0.42
Minimup gap computed with 2th eigenvalue
Minimup gap: 2.824275796525672 GHz
At s= 0.419
simulation took 0.0594 sec
8
5
Minimup gap computed with 1th eigenvalue
Minimup gap: 2.028913729518454 GHz
At s= 0.4
Minimup gap computed with 1th eigenvalue
Minimup gap: 2.028913729518454 GHz
At s= 0.4
Minimup gap computed with 1th eigenvalue
Minimup gap: 2.0284251328962295 GHz
At s= 0.398
simulation took 0.0925 sec
9
5
Minimup gap computed with 3th eigenvalue
Minimup gap: 3.4944666935050286 GHz
At s= 0.4
Minimup gap computed with 3th eigenvalue
Minimup gap: 3.347276151276221 GHz
At s= 0.45
Minimup gap computed with 3th eigenvalue
Minimup gap: 3.34676898907124 GHz
At s= 0.447
simulation took 0.0585 sec
10
5
Minimup gap computed with 4th eigenvalue
Minimup gap: 3.4944666935050233 GHz
At s= 0.4
Minimup gap computed with 4th eigenvalue
Minimup gap: 3.347276151276229 GHz
At s= 0.45
Minimup gap computed with 4th eigenvalue
Minimup gap: 3.3467689890712524 GHz
At s= 0.447
simulation took 0.0578 sec
11
5
Minimup gap computed with 2th eigenvalue
Minimup gap: 3.4944666935050313 GHz
At s= 0.4
Minimup gap computed with 2th eigenvalue
Minimup gap: 3.347276151276229 GHz
At s= 0.45
Minimup gap computed with 2th eigenvalue
Minimup gap: 3.3467689890712604 GHz
At s= 0.447
simulation took 0.0578 sec
12
5
Minimup gap computed with 4th eigenvalue
Minimup gap: 3.49446669350504 GHz
At s= 0.4
Minimup gap computed with 4th eigenvalue
Minimup gap: 3.3472761512762244 GHz
At s= 0.45
Minimup gap computed with 4th eigenvalue
Minimup gap: 3.346768989071246 GHz
At s= 0.447
simulation took 0.0581 sec
13
5
Minimup gap computed with 1th eigenvalue
Minimup gap: 2.0289137295184663 GHz
At s= 0.4
Minimup gap computed with 1th eigenvalue
Minimup gap: 2.0289137295184663 GHz
At s= 0.4
Minimup gap computed with 1th eigenvalue
Minimup gap: 2.028425132896265 GHz
At s= 0.398
simulation took 0.0590 sec
14
5
Minimup gap computed with 2th eigenvalue
Minimup gap: 3.4944666935050375 GHz
At s= 0.4
Minimup gap computed with 2th eigenvalue
Minimup gap: 3.347276151276213 GHz
At s= 0.45
Minimup gap computed with 2th eigenvalue
Minimup gap: 3.3467689890712506 GHz
At s= 0.447
simulation took 0.0576 sec
15
5
Minimup gap computed with 2th eigenvalue
Minimup gap: 2.465147455578707 GHz
At s= 0.4
Minimup gap computed with 2th eigenvalue
Minimup gap: 2.465147455578707 GHz
At s= 0.4
Minimup gap computed with 2th eigenvalue
Minimup gap: 2.464638259545895 GHz
At s= 0.398
simulation took 0.0882 sec
16
5
Minimup gap computed with 2th eigenvalue
Minimup gap: 3.494466693505033 GHz
At s= 0.4
Minimup gap computed with 2th eigenvalue
Minimup gap: 3.3472761512762093 GHz
At s= 0.45
Minimup gap computed with 2th eigenvalue
Minimup gap: 3.346768989071263 GHz
At s= 0.447
simulation took 0.0577 sec
17
5
Minimup gap computed with 1th eigenvalue
Minimup gap: 2.465147455578661 GHz
At s= 0.4
Minimup gap computed with 1th eigenvalue
Minimup gap: 2.465147455578661 GHz
At s= 0.4
Minimup gap computed with 1th eigenvalue
Minimup gap: 2.464638259545854 GHz
At s= 0.398
simulation took 0.0578 sec
18
5
Minimup gap computed with 1th eigenvalue
Minimup gap: 2.4651474555786876 GHz
At s= 0.4
Minimup gap computed with 1th eigenvalue
Minimup gap: 2.4651474555786876 GHz
At s= 0.4
Minimup gap computed with 1th eigenvalue
Minimup gap: 2.464638259545877 GHz
At s= 0.398
simulation took 0.0710 sec
19
5
Minimup gap computed with 2th eigenvalue
Minimup gap: 3.4944666935050446 GHz
At s= 0.4
Minimup gap computed with 2th eigenvalue
Minimup gap: 3.3472761512762235 GHz
At s= 0.45
Minimup gap computed with 2th eigenvalue
Minimup gap: 3.346768989071254 GHz
At s= 0.447
simulation took 0.0600 sec
20
5
Minimup gap computed with 2th eigenvalue
Minimup gap: 3.4944666935050357 GHz
At s= 0.4
Minimup gap computed with 2th eigenvalue
Minimup gap: 3.3472761512762226 GHz
At s= 0.45
Minimup gap computed with 2th eigenvalue
Minimup gap: 3.3467689890712506 GHz
At s= 0.447
simulation took 0.0576 sec
21
5
Minimup gap computed with 2th eigenvalue
Minimup gap: 2.4651474555787 GHz
At s= 0.4
Minimup gap computed with 2th eigenvalue
Minimup gap: 2.4651474555787 GHz
At s= 0.4
Minimup gap computed with 2th eigenvalue
Minimup gap: 2.4646382595458824 GHz
At s= 0.398
simulation took 0.0592 sec
22
5
Minimup gap computed with 1th eigenvalue
Minimup gap: 2.0198979712010363 GHz
At s= 0.4
Minimup gap computed with 1th eigenvalue
Minimup gap: 1.972505306740013 GHz
At s= 0.38
Minimup gap computed with 1th eigenvalue
Minimup gap: 1.9724345574786568 GHz
At s= 0.381
simulation took 0.0590 sec
23
5
Minimup gap computed with 3th eigenvalue
Minimup gap: 3.494466693505027 GHz
At s= 0.4
Minimup gap computed with 3th eigenvalue
Minimup gap: 3.347276151276226 GHz
At s= 0.45
Minimup gap computed with 3th eigenvalue
Minimup gap: 3.346768989071272 GHz
At s= 0.447
simulation took 0.1605 sec
24
5
Minimup gap computed with 6th eigenvalue
Minimup gap: 3.819780165909993 GHz
At s= 0.5
Minimup gap computed with 6th eigenvalue
Minimup gap: 3.819780165909993 GHz
At s= 0.5
Minimup gap computed with 6th eigenvalue
Minimup gap: 3.818277402417934 GHz
At s= 0.496
simulation took 0.0663 sec
25
5
Minimup gap computed with 1th eigenvalue
Minimup gap: 2.4651474555786734 GHz
At s= 0.4
Minimup gap computed with 1th eigenvalue
Minimup gap: 2.4651474555786734 GHz
At s= 0.4
Minimup gap computed with 1th eigenvalue
Minimup gap: 2.464638259545879 GHz
At s= 0.398
simulation took 0.0590 sec
26
5
Minimup gap computed with 2th eigenvalue
Minimup gap: 2.852705449365626 GHz
At s= 0.4
Minimup gap computed with 2th eigenvalue
Minimup gap: 2.8243523918865208 GHz
At s= 0.42
Minimup gap computed with 2th eigenvalue
Minimup gap: 2.824275796525656 GHz
At s= 0.419
simulation took 0.0586 sec
27
5
Minimup gap computed with 2th eigenvalue
Minimup gap: 2.465147455578684 GHz
At s= 0.4
Minimup gap computed with 2th eigenvalue
Minimup gap: 2.465147455578684 GHz
At s= 0.4
Minimup gap computed with 2th eigenvalue
Minimup gap: 2.464638259545877 GHz
At s= 0.398
simulation took 0.0582 sec
28
5
Minimup gap computed with 1th eigenvalue
Minimup gap: 2.3362947199657924 GHz
At s= 0.4
Minimup gap computed with 1th eigenvalue
Minimup gap: 2.3362947199657924 GHz
At s= 0.4
Minimup gap computed with 1th eigenvalue
Minimup gap: 2.336288985213482 GHz
At s= 0.401
simulation took 0.0590 sec
29
5
Minimup gap computed with 2th eigenvalue
Minimup gap: 3.494466693505033 GHz
At s= 0.4
Minimup gap computed with 2th eigenvalue
Minimup gap: 3.3472761512762093 GHz
At s= 0.45
Minimup gap computed with 2th eigenvalue
Minimup gap: 3.346768989071263 GHz
At s= 0.447
simulation took 0.0576 sec
30
5
Minimup gap computed with 4th eigenvalue
Minimup gap: 3.4944666935050304 GHz
At s= 0.4
Minimup gap computed with 4th eigenvalue
Minimup gap: 3.3472761512762244 GHz
At s= 0.45
Minimup gap computed with 4th eigenvalue
Minimup gap: 3.3467689890712666 GHz
At s= 0.447
simulation took 0.0586 sec
31
5
Minimup gap computed with 1th eigenvalue
Minimup gap: 2.4045082132551414 GHz
At s= 0.4
Minimup gap computed with 1th eigenvalue
Minimup gap: 2.403550011141256 GHz
At s= 0.39
Minimup gap computed with 1th eigenvalue
Minimup gap: 2.401245200748143 GHz
At s= 0.395
simulation took 0.0899 sec
32
5
Minimup gap computed with 3th eigenvalue
Minimup gap: 3.4944666935050233 GHz
At s= 0.4
Minimup gap computed with 3th eigenvalue
Minimup gap: 3.3472761512762084 GHz
At s= 0.45
Minimup gap computed with 3th eigenvalue
Minimup gap: 3.3467689890712347 GHz
At s= 0.447
simulation took 0.0586 sec
33
5
Minimup gap computed with 2th eigenvalue
Minimup gap: 3.4944666935050446 GHz
At s= 0.4
Minimup gap computed with 2th eigenvalue
Minimup gap: 3.3472761512762235 GHz
At s= 0.45
Minimup gap computed with 2th eigenvalue
Minimup gap: 3.346768989071254 GHz
At s= 0.447
simulation took 0.0577 sec
34
5
Minimup gap computed with 2th eigenvalue
Minimup gap: 3.4944666935050357 GHz
At s= 0.4
Minimup gap computed with 2th eigenvalue
Minimup gap: 3.3472761512762226 GHz
At s= 0.45
Minimup gap computed with 2th eigenvalue
Minimup gap: 3.3467689890712506 GHz
At s= 0.447
simulation took 0.0577 sec
35
5
Minimup gap computed with 1th eigenvalue
Minimup gap: 3.4944666935050304 GHz
At s= 0.4
Minimup gap computed with 1th eigenvalue
Minimup gap: 3.347276151276229 GHz
At s= 0.45
Minimup gap computed with 1th eigenvalue
Minimup gap: 3.346768989071247 GHz
At s= 0.447
simulation took 0.0570 sec
36
5
Minimup gap computed with 1th eigenvalue
Minimup gap: 2.465147455578686 GHz
At s= 0.4
Minimup gap computed with 1th eigenvalue
Minimup gap: 2.465147455578686 GHz
At s= 0.4
Minimup gap computed with 1th eigenvalue
Minimup gap: 2.4646382595458753 GHz
At s= 0.398
simulation took 0.0584 sec
37
5
Minimup gap computed with 4th eigenvalue
Minimup gap: 3.494466693505025 GHz
At s= 0.4
Minimup gap computed with 4th eigenvalue
Minimup gap: 3.3472761512762235 GHz
At s= 0.45
Minimup gap computed with 4th eigenvalue
Minimup gap: 3.3467689890712524 GHz
At s= 0.447
simulation took 0.0582 sec
38
5
Minimup gap computed with 4th eigenvalue
Minimup gap: 3.4944666935050233 GHz
At s= 0.4
Minimup gap computed with 4th eigenvalue
Minimup gap: 3.347276151276229 GHz
At s= 0.45
Minimup gap computed with 4th eigenvalue
Minimup gap: 3.3467689890712524 GHz
At s= 0.447
simulation took 0.0885 sec
39
5
Minimup gap computed with 2th eigenvalue
Minimup gap: 2.4651474555786717 GHz
At s= 0.4
Minimup gap computed with 2th eigenvalue
Minimup gap: 2.4651474555786717 GHz
At s= 0.4
Minimup gap computed with 2th eigenvalue
Minimup gap: 2.4646382595458984 GHz
At s= 0.398
simulation took 0.0584 sec
40
5
Minimup gap computed with 4th eigenvalue
Minimup gap: 3.4944666935050215 GHz
At s= 0.4
Minimup gap computed with 4th eigenvalue
Minimup gap: 3.3472761512762172 GHz
At s= 0.45
Minimup gap computed with 4th eigenvalue
Minimup gap: 3.346768989071246 GHz
At s= 0.447
simulation took 0.0582 sec
41
5
Minimup gap computed with 1th eigenvalue
Minimup gap: 2.4651474555786965 GHz
At s= 0.4
Minimup gap computed with 1th eigenvalue
Minimup gap: 2.4651474555786965 GHz
At s= 0.4
Minimup gap computed with 1th eigenvalue
Minimup gap: 2.46463825954587 GHz
At s= 0.398
simulation took 0.0578 sec
42
5
Minimup gap computed with 2th eigenvalue
Minimup gap: 3.2300603250650664 GHz
At s= 0.5
Minimup gap computed with 2th eigenvalue
Minimup gap: 2.931693675355893 GHz
At s= 0.45
Minimup gap computed with 2th eigenvalue
Minimup gap: 2.9304329013445756 GHz
At s= 0.447
simulation took 0.0587 sec
43
5
Minimup gap computed with 2th eigenvalue
Minimup gap: 2.4651474555786717 GHz
At s= 0.4
Minimup gap computed with 2th eigenvalue
Minimup gap: 2.4651474555786717 GHz
At s= 0.4
Minimup gap computed with 2th eigenvalue
Minimup gap: 2.4646382595458984 GHz
At s= 0.398
simulation took 0.0584 sec
44
5
Minimup gap computed with 4th eigenvalue
Minimup gap: 3.4949463249938084 GHz
At s= 0.5
Minimup gap computed with 4th eigenvalue
Minimup gap: 3.3871754404308874 GHz
At s= 0.46
Minimup gap computed with 4th eigenvalue
Minimup gap: 3.3859036105612184 GHz
At s= 0.463
simulation took 0.0594 sec
45
5
Minimup gap computed with 2th eigenvalue
Minimup gap: 2.8527054493656134 GHz
At s= 0.4
Minimup gap computed with 2th eigenvalue
Minimup gap: 2.824352391886503 GHz
At s= 0.42
Minimup gap computed with 2th eigenvalue
Minimup gap: 2.8242757965256633 GHz
At s= 0.419
simulation took 0.0588 sec
46
5
Minimup gap computed with 3th eigenvalue
Minimup gap: 3.494466693505041 GHz
At s= 0.4
Minimup gap computed with 3th eigenvalue
Minimup gap: 3.3472761512762297 GHz
At s= 0.45
Minimup gap computed with 3th eigenvalue
Minimup gap: 3.3467689890712418 GHz
At s= 0.447
simulation took 0.0890 sec
47
5
Minimup gap computed with 1th eigenvalue
Minimup gap: 3.3421284302435073 GHz
At s= 0.4
Minimup gap computed with 1th eigenvalue
Minimup gap: 3.3011533134174247 GHz
At s= 0.43
Minimup gap computed with 1th eigenvalue
Minimup gap: 3.300396395466425 GHz
At s= 0.434
simulation took 0.0580 sec
48
5
Minimup gap computed with 3th eigenvalue
Minimup gap: 3.494466693505048 GHz
At s= 0.4
Minimup gap computed with 3th eigenvalue
Minimup gap: 3.3472761512762084 GHz
At s= 0.45
Minimup gap computed with 3th eigenvalue
Minimup gap: 3.346768989071254 GHz
At s= 0.447
simulation took 0.0780 sec
49
5
Minimup gap computed with 5th eigenvalue
Minimup gap: 3.661998380327038 GHz
At s= 0.5
Minimup gap computed with 5th eigenvalue
Minimup gap: 3.633255338791006 GHz
At s= 0.48
Minimup gap computed with 5th eigenvalue
Minimup gap: 3.6331773443919992 GHz
At s= 0.481
simulation took 0.0834 sec
50
5
Minimup gap computed with 1th eigenvalue
Minimup gap: 3.342128430243495 GHz
At s= 0.4
Minimup gap computed with 1th eigenvalue
Minimup gap: 3.3011533134174247 GHz
At s= 0.43
Minimup gap computed with 1th eigenvalue
Minimup gap: 3.3003963954664233 GHz
At s= 0.434
simulation took 0.0609 sec
51
5
Minimup gap computed with 3th eigenvalue
Minimup gap: 3.494466693505048 GHz
At s= 0.4
Minimup gap computed with 3th eigenvalue
Minimup gap: 3.347276151276228 GHz
At s= 0.45
Minimup gap computed with 3th eigenvalue
Minimup gap: 3.3467689890712613 GHz
At s= 0.447
simulation took 0.0590 sec
52
5
Minimup gap computed with 1th eigenvalue
Minimup gap: 2.4651474555786876 GHz
At s= 0.4
Minimup gap computed with 1th eigenvalue
Minimup gap: 2.4651474555786876 GHz
At s= 0.4
Minimup gap computed with 1th eigenvalue
Minimup gap: 2.464638259545886 GHz
At s= 0.398
simulation took 0.0581 sec
53
5
Minimup gap computed with 2th eigenvalue
Minimup gap: 3.4944666935050357 GHz
At s= 0.4
Minimup gap computed with 2th eigenvalue
Minimup gap: 3.3472761512762226 GHz
At s= 0.45
Minimup gap computed with 2th eigenvalue
Minimup gap: 3.3467689890712506 GHz
At s= 0.447
simulation took 0.1034 sec
54
5
Minimup gap computed with 2th eigenvalue
Minimup gap: 3.4944666935050277 GHz
At s= 0.4
Minimup gap computed with 2th eigenvalue
Minimup gap: 3.347276151276226 GHz
At s= 0.45
Minimup gap computed with 2th eigenvalue
Minimup gap: 3.3467689890712524 GHz
At s= 0.447
simulation took 0.0575 sec
55
5
Minimup gap computed with 1th eigenvalue
Minimup gap: 2.4651474555786663 GHz
At s= 0.4
Minimup gap computed with 1th eigenvalue
Minimup gap: 2.4651474555786663 GHz
At s= 0.4
Minimup gap computed with 1th eigenvalue
Minimup gap: 2.464638259545879 GHz
At s= 0.398
simulation took 0.0578 sec
56
5
Minimup gap computed with 1th eigenvalue
Minimup gap: 2.4651474555786628 GHz
At s= 0.4
Minimup gap computed with 1th eigenvalue
Minimup gap: 2.4651474555786628 GHz
At s= 0.4
Minimup gap computed with 1th eigenvalue
Minimup gap: 2.4646382595458434 GHz
At s= 0.398
simulation took 0.0576 sec
57
5
Minimup gap computed with 3th eigenvalue
Minimup gap: 3.4944666935050126 GHz
At s= 0.4
Minimup gap computed with 3th eigenvalue
Minimup gap: 3.3472761512762244 GHz
At s= 0.45
Minimup gap computed with 3th eigenvalue
Minimup gap: 3.346768989071249 GHz
At s= 0.447
simulation took 0.0584 sec
58
5
Minimup gap computed with 1th eigenvalue
Minimup gap: 2.465147455578684 GHz
At s= 0.4
Minimup gap computed with 1th eigenvalue
Minimup gap: 2.465147455578684 GHz
At s= 0.4
Minimup gap computed with 1th eigenvalue
Minimup gap: 2.4646382595458682 GHz
At s= 0.398
simulation took 0.0576 sec
59
5
Minimup gap computed with 2th eigenvalue
Minimup gap: 2.465147455578661 GHz
At s= 0.4
Minimup gap computed with 2th eigenvalue
Minimup gap: 2.465147455578661 GHz
At s= 0.4
Minimup gap computed with 2th eigenvalue
Minimup gap: 2.464638259545879 GHz
At s= 0.398
simulation took 0.0585 sec
60
5
Minimup gap computed with 1th eigenvalue
Minimup gap: 3.4944666935050304 GHz
At s= 0.4
Minimup gap computed with 1th eigenvalue
Minimup gap: 3.347276151276229 GHz
At s= 0.45
Minimup gap computed with 1th eigenvalue
Minimup gap: 3.346768989071247 GHz
At s= 0.447
simulation took 0.0570 sec
61
5
Minimup gap computed with 1th eigenvalue
Minimup gap: 3.4944666935050304 GHz
At s= 0.4
Minimup gap computed with 1th eigenvalue
Minimup gap: 3.347276151276229 GHz
At s= 0.45
Minimup gap computed with 1th eigenvalue
Minimup gap: 3.346768989071247 GHz
At s= 0.447
simulation took 0.0820 sec
62
5
Minimup gap computed with 3th eigenvalue
Minimup gap: 3.494466693505016 GHz
At s= 0.4
Minimup gap computed with 3th eigenvalue
Minimup gap: 3.3472761512762226 GHz
At s= 0.45
Minimup gap computed with 3th eigenvalue
Minimup gap: 3.346768989071254 GHz
At s= 0.447
simulation took 0.0578 sec
63
5
Minimup gap computed with 2th eigenvalue
Minimup gap: 2.8527054493656117 GHz
At s= 0.4
Minimup gap computed with 2th eigenvalue
Minimup gap: 2.8243523918865225 GHz
At s= 0.42
Minimup gap computed with 2th eigenvalue
Minimup gap: 2.824275796525672 GHz
At s= 0.419
simulation took 0.0583 sec
64
5
Minimup gap computed with 4th eigenvalue
Minimup gap: 3.4944666935050437 GHz
At s= 0.4
Minimup gap computed with 4th eigenvalue
Minimup gap: 3.347276151276218 GHz
At s= 0.45
Minimup gap computed with 4th eigenvalue
Minimup gap: 3.346768989071255 GHz
At s= 0.447
simulation took 0.0580 sec
65
5
Minimup gap computed with 2th eigenvalue
Minimup gap: 3.4944666935050357 GHz
At s= 0.4
Minimup gap computed with 2th eigenvalue
Minimup gap: 3.3472761512762226 GHz
At s= 0.45
Minimup gap computed with 2th eigenvalue
Minimup gap: 3.3467689890712506 GHz
At s= 0.447
simulation took 0.0575 sec
66
5
Minimup gap computed with 1th eigenvalue
Minimup gap: 2.4651474555786663 GHz
At s= 0.4
Minimup gap computed with 1th eigenvalue
Minimup gap: 2.4651474555786663 GHz
At s= 0.4
Minimup gap computed with 1th eigenvalue
Minimup gap: 2.464638259545879 GHz
At s= 0.398
simulation took 0.0579 sec
67
5
Minimup gap computed with 2th eigenvalue
Minimup gap: 2.4651474555786628 GHz
At s= 0.4
Minimup gap computed with 2th eigenvalue
Minimup gap: 2.4651474555786628 GHz
At s= 0.4
Minimup gap computed with 2th eigenvalue
Minimup gap: 2.464638259545861 GHz
At s= 0.398
simulation took 0.0584 sec
68
5
Minimup gap computed with 2th eigenvalue
Minimup gap: 3.494466693505025 GHz
At s= 0.4
Minimup gap computed with 2th eigenvalue
Minimup gap: 3.3472761512762386 GHz
At s= 0.45
Minimup gap computed with 2th eigenvalue
Minimup gap: 3.3467689890712533 GHz
At s= 0.447
simulation took 0.0575 sec
69
5
Minimup gap computed with 1th eigenvalue
Minimup gap: 2.4651474555786965 GHz
At s= 0.4
Minimup gap computed with 1th eigenvalue
Minimup gap: 2.4651474555786965 GHz
At s= 0.4
Minimup gap computed with 1th eigenvalue
Minimup gap: 2.46463825954587 GHz
At s= 0.398
simulation took 0.0850 sec
70
5
Minimup gap computed with 4th eigenvalue
Minimup gap: 3.4944666935050304 GHz
At s= 0.4
Minimup gap computed with 4th eigenvalue
Minimup gap: 3.3472761512762137 GHz
At s= 0.45
Minimup gap computed with 4th eigenvalue
Minimup gap: 3.346768989071249 GHz
At s= 0.447
simulation took 0.0582 sec
71
5
Minimup gap computed with 2th eigenvalue
Minimup gap: 2.852705449365601 GHz
At s= 0.4
Minimup gap computed with 2th eigenvalue
Minimup gap: 2.824352391886533 GHz
At s= 0.42
Minimup gap computed with 2th eigenvalue
Minimup gap: 2.824275796525667 GHz
At s= 0.419
simulation took 0.0587 sec
72
5
Minimup gap computed with 2th eigenvalue
Minimup gap: 3.4944666935050375 GHz
At s= 0.4
Minimup gap computed with 2th eigenvalue
Minimup gap: 3.347276151276213 GHz
At s= 0.45
Minimup gap computed with 2th eigenvalue
Minimup gap: 3.3467689890712506 GHz
At s= 0.447
simulation took 0.0573 sec
73
5
Minimup gap computed with 1th eigenvalue
Minimup gap: 2.465147455578661 GHz
At s= 0.4
Minimup gap computed with 1th eigenvalue
Minimup gap: 2.465147455578661 GHz
At s= 0.4
Minimup gap computed with 1th eigenvalue
Minimup gap: 2.464638259545854 GHz
At s= 0.398
simulation took 0.0578 sec
74
5
Minimup gap computed with 1th eigenvalue
Minimup gap: 2.4651474555786663 GHz
At s= 0.4
Minimup gap computed with 1th eigenvalue
Minimup gap: 2.4651474555786663 GHz
At s= 0.4
Minimup gap computed with 1th eigenvalue
Minimup gap: 2.4646382595458842 GHz
At s= 0.398
simulation took 0.0582 sec
75
5
Minimup gap computed with 2th eigenvalue
Minimup gap: 3.494466693505024 GHz
At s= 0.4
Minimup gap computed with 2th eigenvalue
Minimup gap: 3.347276151276213 GHz
At s= 0.45
Minimup gap computed with 2th eigenvalue
Minimup gap: 3.3467689890712373 GHz
At s= 0.447
simulation took 0.0575 sec
76
5
Minimup gap computed with 1th eigenvalue
Minimup gap: 3.3421284302435037 GHz
At s= 0.4
Minimup gap computed with 1th eigenvalue
Minimup gap: 3.301153313417439 GHz
At s= 0.43
Minimup gap computed with 1th eigenvalue
Minimup gap: 3.300396395466432 GHz
At s= 0.434
simulation took 0.0819 sec
77
5
Minimup gap computed with 2th eigenvalue
Minimup gap: 2.4651474555786894 GHz
At s= 0.4
Minimup gap computed with 2th eigenvalue
Minimup gap: 2.4651474555786894 GHz
At s= 0.4
Minimup gap computed with 2th eigenvalue
Minimup gap: 2.4646382595458576 GHz
At s= 0.398
simulation took 0.0581 sec
78
5
Minimup gap computed with 2th eigenvalue
Minimup gap: 2.465147455578702 GHz
At s= 0.4
Minimup gap computed with 2th eigenvalue
Minimup gap: 2.465147455578702 GHz
At s= 0.4
Minimup gap computed with 2th eigenvalue
Minimup gap: 2.4646382595458913 GHz
At s= 0.398
simulation took 0.0585 sec
79
5
Minimup gap computed with 1th eigenvalue
Minimup gap: 2.3362947199658173 GHz
At s= 0.4
Minimup gap computed with 1th eigenvalue
Minimup gap: 2.3362947199658173 GHz
At s= 0.4
Minimup gap computed with 1th eigenvalue
Minimup gap: 2.336288985213475 GHz
At s= 0.401
simulation took 0.0594 sec
80
5
Minimup gap computed with 1th eigenvalue
Minimup gap: 3.4944666935050304 GHz
At s= 0.4
Minimup gap computed with 1th eigenvalue
Minimup gap: 3.347276151276229 GHz
At s= 0.45
Minimup gap computed with 1th eigenvalue
Minimup gap: 3.346768989071247 GHz
At s= 0.447
simulation took 0.0569 sec
81
5
Minimup gap computed with 2th eigenvalue
Minimup gap: 3.494466693505018 GHz
At s= 0.4
Minimup gap computed with 2th eigenvalue
Minimup gap: 3.347276151276219 GHz
At s= 0.45
Minimup gap computed with 2th eigenvalue
Minimup gap: 3.3467689890712524 GHz
At s= 0.447
simulation took 0.0574 sec
82
5
Minimup gap computed with 4th eigenvalue
Minimup gap: 3.494466693505026 GHz
At s= 0.4
Minimup gap computed with 4th eigenvalue
Minimup gap: 3.347276151276219 GHz
At s= 0.45
Minimup gap computed with 4th eigenvalue
Minimup gap: 3.3467689890712666 GHz
At s= 0.447
simulation took 0.0578 sec
83
5
Minimup gap computed with 1th eigenvalue
Minimup gap: 1.8852614384850028 GHz
At s= 0.4
Minimup gap computed with 1th eigenvalue
Minimup gap: 1.8667467464659637 GHz
At s= 0.39
Minimup gap computed with 1th eigenvalue
Minimup gap: 1.8665107237214542 GHz
At s= 0.389
simulation took 0.0591 sec
84
5
Minimup gap computed with 3th eigenvalue
Minimup gap: 3.494466693505034 GHz
At s= 0.4
Minimup gap computed with 3th eigenvalue
Minimup gap: 3.347276151276219 GHz
At s= 0.45
Minimup gap computed with 3th eigenvalue
Minimup gap: 3.346768989071247 GHz
At s= 0.447
simulation took 0.0826 sec
85
5
Minimup gap computed with 3th eigenvalue
Minimup gap: 3.494466693505048 GHz
At s= 0.4
Minimup gap computed with 3th eigenvalue
Minimup gap: 3.347276151276228 GHz
At s= 0.45
Minimup gap computed with 3th eigenvalue
Minimup gap: 3.3467689890712613 GHz
At s= 0.447
simulation took 0.0584 sec
86
5
Minimup gap computed with 3th eigenvalue
Minimup gap: 3.4944666935050517 GHz
At s= 0.4
Minimup gap computed with 3th eigenvalue
Minimup gap: 3.3472761512762172 GHz
At s= 0.45
Minimup gap computed with 3th eigenvalue
Minimup gap: 3.346768989071256 GHz
At s= 0.447
simulation took 0.0591 sec
87
5
Minimup gap computed with 2th eigenvalue
Minimup gap: 2.4651474555786717 GHz
At s= 0.4
Minimup gap computed with 2th eigenvalue
Minimup gap: 2.4651474555786717 GHz
At s= 0.4
Minimup gap computed with 2th eigenvalue
Minimup gap: 2.4646382595458824 GHz
At s= 0.398
simulation took 0.0583 sec
88
5
Minimup gap computed with 1th eigenvalue
Minimup gap: 2.465147455578668 GHz
At s= 0.4
Minimup gap computed with 1th eigenvalue
Minimup gap: 2.465147455578668 GHz
At s= 0.4
Minimup gap computed with 1th eigenvalue
Minimup gap: 2.464638259545879 GHz
At s= 0.398
simulation took 0.0578 sec
89
5
Minimup gap computed with 3th eigenvalue
Minimup gap: 3.4944666935050375 GHz
At s= 0.4
Minimup gap computed with 3th eigenvalue
Minimup gap: 3.3472761512762386 GHz
At s= 0.45
Minimup gap computed with 3th eigenvalue
Minimup gap: 3.346768989071233 GHz
At s= 0.447
simulation took 0.0582 sec
90
5
Minimup gap computed with 1th eigenvalue
Minimup gap: 2.4651474555786663 GHz
At s= 0.4
Minimup gap computed with 1th eigenvalue
Minimup gap: 2.4651474555786663 GHz
At s= 0.4
Minimup gap computed with 1th eigenvalue
Minimup gap: 2.4646382595458753 GHz
At s= 0.398
simulation took 0.0576 sec
91
5
Minimup gap computed with 2th eigenvalue
Minimup gap: 2.8727004430565124 GHz
At s= 0.4
Minimup gap computed with 2th eigenvalue
Minimup gap: 2.8600028166381843 GHz
At s= 0.41
Minimup gap computed with 2th eigenvalue
Minimup gap: 2.85948932170888 GHz
At s= 0.413
simulation took 0.0586 sec
92
5
Minimup gap computed with 1th eigenvalue
Minimup gap: 3.4944666935050304 GHz
At s= 0.4
Minimup gap computed with 1th eigenvalue
Minimup gap: 3.347276151276229 GHz
At s= 0.45
Minimup gap computed with 1th eigenvalue
Minimup gap: 3.346768989071247 GHz
At s= 0.447
simulation took 0.0815 sec
93
5
Minimup gap computed with 1th eigenvalue
Minimup gap: 2.028913729518461 GHz
At s= 0.4
Minimup gap computed with 1th eigenvalue
Minimup gap: 2.028913729518461 GHz
At s= 0.4
Minimup gap computed with 1th eigenvalue
Minimup gap: 2.028425132896251 GHz
At s= 0.398
simulation took 0.0587 sec
94
5
Minimup gap computed with 1th eigenvalue
Minimup gap: 2.465147455578684 GHz
At s= 0.4
Minimup gap computed with 1th eigenvalue
Minimup gap: 2.465147455578684 GHz
At s= 0.4
Minimup gap computed with 1th eigenvalue
Minimup gap: 2.4646382595458682 GHz
At s= 0.398
simulation took 0.0578 sec
95
5
Minimup gap computed with 2th eigenvalue
Minimup gap: 2.852705449365626 GHz
At s= 0.4
Minimup gap computed with 2th eigenvalue
Minimup gap: 2.824352391886535 GHz
At s= 0.42
Minimup gap computed with 2th eigenvalue
Minimup gap: 2.8242757965256793 GHz
At s= 0.419
simulation took 0.0586 sec
96
5
Minimup gap computed with 4th eigenvalue
Minimup gap: 3.4944666935050233 GHz
At s= 0.4
Minimup gap computed with 4th eigenvalue
Minimup gap: 3.347276151276229 GHz
At s= 0.45
Minimup gap computed with 4th eigenvalue
Minimup gap: 3.3467689890712524 GHz
At s= 0.447
simulation took 0.0579 sec
97
5
Minimup gap computed with 4th eigenvalue
Minimup gap: 3.494466693505026 GHz
At s= 0.4
Minimup gap computed with 4th eigenvalue
Minimup gap: 3.347276151276219 GHz
At s= 0.45
Minimup gap computed with 4th eigenvalue
Minimup gap: 3.3467689890712666 GHz
At s= 0.447
simulation took 0.0579 sec
98
5
Minimup gap computed with 3th eigenvalue
Minimup gap: 3.4944666935050357 GHz
At s= 0.4
Minimup gap computed with 3th eigenvalue
Minimup gap: 3.347276151276226 GHz
At s= 0.45
Minimup gap computed with 3th eigenvalue
Minimup gap: 3.346768989071256 GHz
At s= 0.447
simulation took 0.0583 sec
99
5
Minimup gap computed with 1th eigenvalue
Minimup gap: 3.3421284302435037 GHz
At s= 0.4
Minimup gap computed with 1th eigenvalue
Minimup gap: 3.3011533134174336 GHz
At s= 0.43
Minimup gap computed with 1th eigenvalue
Minimup gap: 3.3003963954664144 GHz
At s= 0.434
simulation took 0.0583 sec
