1.0090446882254867
1.9166778796807762
1.9166778796822257
8.987387387762098
1.009044688223014
1.0041569789766243
1.004156978976141
7.913327891162282
10.198326442837882
1.032242779081713
1.032242779083191
1.0322427790879374
9.134540624237417
8.988878733724903
6.453574680138928
2.1691861637558247
7.91332789116106
1.0090446882240371
7.9373878817636125
10.198326442833604
1.0076840085561685
1.0322427790909785
1.0090446882250035
2.1678679009874315
1.0090446882242645
1.8240056487264837
1.0322427790909785
1.0781650059786614
8.996606750337847
1.032242779089927
9.097524699370766
3.2351877690854565
1.0322427790849815
1.0090446882232982
1.0041569789756295
1.0076840085584138
1.0039350036588246
10.198326442836901
7.913327891161771
3.065393901009344
2.167867900990018
9.01297455036088
3.321341362555188
3.584807588672703
2.89802524744033
7.920629557042787
1.078165005978974
7.920629557042474
1.8240056487267964
2.8980252474411543
9.015746045417046
2.1678679009876305
1.8240056487271943
2.167867900990018
1.078165005978093
1.0781650059807077
2.167867900982884
1.916677879681913
2.1678679009835946
1.547963426311469
1.547963426311469
6.351050819208012
1.8240056487253469
2.8980252474404153
1.0041569789763116
10.198326442839715
10.198326442837129
1.8240056487264837
1.916677879687029
1.8240056487253469
1.0322427790814857
1.078165005980253
1.0322427790879374
7.913327891162027
2.1678679009865505
1.0322427790849815
1.032242779090609
1.0322427790814857
1.0090446882236392
4.9075430245107725
2.1678679009835946
1.0090446882264246
1.004156978976681
1.0322427790832478
1.0322427790845836
1.0781650059807077
1.0041569789752032
9.01574604539087
1.0090446882222182
1.0090446882219624
1.0322427790850384
1.009044688221337
1.916677879686148
4.709081257403852
2.1678679009840494
1.0090446882257709
1.0090446882230708
2.1691861637530963
5.831417219641708
10.19832644283673
