5.037538833956506
2.4543147049725142
2.4423332940376223
2.5553326850843607
4.790817050242561
5.03753883395652
5.0375388339565035
2.5553326850843625
4.01858646977281
4.293141358030256
5.0375388339565035
5.03753883395652
5.037538833956512
4.01858646977279
5.037538833956506
2.454314704972516
5.037538833956522
2.4423332940376525
2.442333294037647
5.037538833956519
5.037538833956526
2.4543147049725142
1.6704617887148459
4.29314135803023
6.0268390192234005
2.442333294037631
2.5553326850843767
2.454314704972493
4.123863091669019
5.037538833956522
5.0375388339565195
2.5635285152306277
4.293141358030274
5.037538833956519
5.037538833956526
5.037538833956506
2.442333294037631
5.037538833956507
5.0375388339565035
2.454314704972491
5.037538833956521
2.4423332940376543
5.03753883395647
2.454314704972491
1.4900554335144012
2.5553326850843625
4.293141358030269
3.1103830995889616
4.293141358030256
4.790817050242552
3.110383099588949
4.293141358030274
2.442333294037626
5.037538833956526
5.037538833956521
2.442333294037617
2.442333294037617
4.293141358030265
2.4423332940376277
2.454314704972491
5.037538833956506
5.037538833956506
5.037538833956514
2.555332685084366
5.037538833956512
5.037538833956526
2.442333294037617
2.4543147049725142
5.0375388339565035
2.4423332940376543
5.0375388339565
2.555332685084366
5.037538833956506
2.4423332940376525
2.4423332940376223
5.03753883395652
3.11038309958896
2.4543147049724965
2.4543147049725302
4.123863091669008
5.037538833956506
5.037538833956511
5.037538833956507
1.7263146750050193
4.293141358030242
4.293141358030274
4.29314135803026
2.4543147049725
2.44233329403761
4.293141358030262
2.4423332940376348
2.0682437323699894
5.037538833956506
4.018586469772755
2.4423332940376277
2.555332685084352
5.0375388339565035
5.037538833956507
4.293141358030269
3.110383099588949
