0
5
Minimup gap computed with 1th eigenvalue
Minimup gap: 1.7276065130044156 GHz
At s= 0.4
Minimup gap computed with 1th eigenvalue
Minimup gap: 1.7247176880935742 GHz
At s= 0.41
Minimup gap computed with 1th eigenvalue
Minimup gap: 1.7213503180231653 GHz
At s= 0.406
simulation took 0.1279 sec
1
5
Minimup gap computed with 1th eigenvalue
Minimup gap: 2.1230997364003574 GHz
At s= 0.4
Minimup gap computed with 1th eigenvalue
Minimup gap: 2.0687855537123934 GHz
At s= 0.38
Minimup gap computed with 1th eigenvalue
Minimup gap: 2.0675251677662114 GHz
At s= 0.382
simulation took 0.0842 sec
2
5
Minimup gap computed with 3th eigenvalue
Minimup gap: 3.494466693505035 GHz
At s= 0.4
Minimup gap computed with 3th eigenvalue
Minimup gap: 3.347276151276218 GHz
At s= 0.45
Minimup gap computed with 3th eigenvalue
Minimup gap: 3.3467689890712666 GHz
At s= 0.447
simulation took 0.0653 sec
3
5
Minimup gap computed with 4th eigenvalue
Minimup gap: 3.468355508250349 GHz
At s= 0.5
Minimup gap computed with 4th eigenvalue
Minimup gap: 3.3795928362536607 GHz
At s= 0.47
Minimup gap computed with 4th eigenvalue
Minimup gap: 3.379583022296119 GHz
At s= 0.469
simulation took 0.0603 sec
4
5
Minimup gap computed with 3th eigenvalue
Minimup gap: 3.132937965249136 GHz
At s= 0.4
Minimup gap computed with 3th eigenvalue
Minimup gap: 2.8452381631125627 GHz
At s= 0.45
Minimup gap computed with 3th eigenvalue
Minimup gap: 2.8438760226026725 GHz
At s= 0.447
simulation took 0.0603 sec
5
5
Minimup gap computed with 4th eigenvalue
Minimup gap: 3.5135735068236182 GHz
At s= 0.5
Minimup gap computed with 4th eigenvalue
Minimup gap: 3.347276151276223 GHz
At s= 0.45
Minimup gap computed with 4th eigenvalue
Minimup gap: 3.346768989071243 GHz
At s= 0.447
simulation took 0.0590 sec
6
5
Minimup gap computed with 5th eigenvalue
Minimup gap: 3.653118244573392 GHz
At s= 0.5
Minimup gap computed with 5th eigenvalue
Minimup gap: 3.614047281011435 GHz
At s= 0.48
Minimup gap computed with 5th eigenvalue
Minimup gap: 3.612661538246087 GHz
At s= 0.476
simulation took 0.0601 sec
7
5
Minimup gap computed with 3th eigenvalue
Minimup gap: 3.132937965249135 GHz
At s= 0.4
Minimup gap computed with 3th eigenvalue
Minimup gap: 2.84523816311257 GHz
At s= 0.45
Minimup gap computed with 3th eigenvalue
Minimup gap: 2.843876022602621 GHz
At s= 0.447
simulation took 0.0607 sec
8
5
Minimup gap computed with 1th eigenvalue
Minimup gap: 2.1790201436812975 GHz
At s= 0.4
Minimup gap computed with 1th eigenvalue
Minimup gap: 2.156336175359268 GHz
At s= 0.41
Minimup gap computed with 1th eigenvalue
Minimup gap: 2.1555526450986715 GHz
At s= 0.412
simulation took 0.0954 sec
9
5
Minimup gap computed with 1th eigenvalue
Minimup gap: 1.8984435509522095 GHz
At s= 0.4
Minimup gap computed with 1th eigenvalue
Minimup gap: 1.8178795081843697 GHz
At s= 0.42
Minimup gap computed with 1th eigenvalue
Minimup gap: 1.8177758998007443 GHz
At s= 0.421
simulation took 0.0596 sec
10
5
Minimup gap computed with 2th eigenvalue
Minimup gap: 3.043310553358509 GHz
At s= 0.5
Minimup gap computed with 2th eigenvalue
Minimup gap: 2.7999455887599183 GHz
At s= 0.46
Minimup gap computed with 2th eigenvalue
Minimup gap: 2.7999455887599183 GHz
At s= 0.46
simulation took 0.0589 sec
11
5
Minimup gap computed with 3th eigenvalue
Minimup gap: 3.4944666935050437 GHz
At s= 0.4
Minimup gap computed with 3th eigenvalue
Minimup gap: 3.347276151276228 GHz
At s= 0.45
Minimup gap computed with 3th eigenvalue
Minimup gap: 3.346768989071247 GHz
At s= 0.447
simulation took 0.0586 sec
12
5
Minimup gap computed with 2th eigenvalue
Minimup gap: 3.2666512438206547 GHz
At s= 0.4
Minimup gap computed with 2th eigenvalue
Minimup gap: 3.23858664735919 GHz
At s= 0.42
Minimup gap computed with 2th eigenvalue
Minimup gap: 3.2375095856492075 GHz
At s= 0.424
simulation took 0.0596 sec
13
5
Minimup gap computed with 1th eigenvalue
Minimup gap: 2.1790201436812726 GHz
At s= 0.4
Minimup gap computed with 1th eigenvalue
Minimup gap: 2.156336175359268 GHz
At s= 0.41
Minimup gap computed with 1th eigenvalue
Minimup gap: 2.155552645098652 GHz
At s= 0.412
simulation took 0.0598 sec
14
5
Minimup gap computed with 2th eigenvalue
Minimup gap: 2.7612035866440134 GHz
At s= 0.4
Minimup gap computed with 2th eigenvalue
Minimup gap: 2.7197909433634777 GHz
At s= 0.42
Minimup gap computed with 2th eigenvalue
Minimup gap: 2.7197909433634777 GHz
At s= 0.42
simulation took 0.0596 sec
15
5
Minimup gap computed with 2th eigenvalue
Minimup gap: 2.2574095159156746 GHz
At s= 0.4
Minimup gap computed with 2th eigenvalue
Minimup gap: 2.2339991502151513 GHz
At s= 0.41
Minimup gap computed with 2th eigenvalue
Minimup gap: 2.232520380400093 GHz
At s= 0.413
simulation took 0.0905 sec
16
5
Minimup gap computed with 2th eigenvalue
Minimup gap: 2.308909863281226 GHz
At s= 0.4
Minimup gap computed with 2th eigenvalue
Minimup gap: 2.2363680389666154 GHz
At s= 0.42
Minimup gap computed with 2th eigenvalue
Minimup gap: 2.234590458614525 GHz
At s= 0.424
simulation took 0.0602 sec
17
5
Minimup gap computed with 2th eigenvalue
Minimup gap: 2.683638135651906 GHz
At s= 0.4
Minimup gap computed with 2th eigenvalue
Minimup gap: 2.6377210690516035 GHz
At s= 0.42
Minimup gap computed with 2th eigenvalue
Minimup gap: 2.6374344140685917 GHz
At s= 0.421
simulation took 0.0594 sec
18
5
Minimup gap computed with 1th eigenvalue
Minimup gap: 1.7400327192240503 GHz
At s= 0.4
Minimup gap computed with 1th eigenvalue
Minimup gap: 1.5498922991043678 GHz
At s= 0.43
Minimup gap computed with 1th eigenvalue
Minimup gap: 1.5495644410149456 GHz
At s= 0.429
simulation took 0.0733 sec
19
5
Minimup gap computed with 1th eigenvalue
Minimup gap: 1.8984435509522157 GHz
At s= 0.4
Minimup gap computed with 1th eigenvalue
Minimup gap: 1.8178795081843644 GHz
At s= 0.42
Minimup gap computed with 1th eigenvalue
Minimup gap: 1.8177758998007585 GHz
At s= 0.421
simulation took 0.0594 sec
20
5
Minimup gap computed with 4th eigenvalue
Minimup gap: 3.51357350682362 GHz
At s= 0.5
Minimup gap computed with 4th eigenvalue
Minimup gap: 3.347276151276231 GHz
At s= 0.45
Minimup gap computed with 4th eigenvalue
Minimup gap: 3.3467689890712493 GHz
At s= 0.447
simulation took 0.0587 sec
21
5
Minimup gap computed with 1th eigenvalue
Minimup gap: 1.6753280394881713 GHz
At s= 0.4
Minimup gap computed with 1th eigenvalue
Minimup gap: 1.6336978610466621 GHz
At s= 0.41
Minimup gap computed with 1th eigenvalue
Minimup gap: 1.6288992021050488 GHz
At s= 0.415
simulation took 0.0593 sec
22
5
Minimup gap computed with 1th eigenvalue
Minimup gap: 2.179020143681285 GHz
At s= 0.4
Minimup gap computed with 1th eigenvalue
Minimup gap: 2.1563361753592893 GHz
At s= 0.41
Minimup gap computed with 1th eigenvalue
Minimup gap: 2.1555526450986644 GHz
At s= 0.412
simulation took 0.0598 sec
23
5
Minimup gap computed with 1th eigenvalue
Minimup gap: 2.2147429906138214 GHz
At s= 0.4
Minimup gap computed with 1th eigenvalue
Minimup gap: 2.1468978524926046 GHz
At s= 0.42
Minimup gap computed with 1th eigenvalue
Minimup gap: 2.1468978524926046 GHz
At s= 0.42
simulation took 0.1330 sec
24
5
Minimup gap computed with 6th eigenvalue
Minimup gap: 3.7311887097183964 GHz
At s= 0.5
Minimup gap computed with 6th eigenvalue
Minimup gap: 3.6999043206450293 GHz
At s= 0.48
Minimup gap computed with 6th eigenvalue
Minimup gap: 3.698918346439746 GHz
At s= 0.476
simulation took 0.0590 sec
25
5
Minimup gap computed with 2th eigenvalue
Minimup gap: 3.266651243820638 GHz
At s= 0.4
Minimup gap computed with 2th eigenvalue
Minimup gap: 3.2385866473591802 GHz
At s= 0.42
Minimup gap computed with 2th eigenvalue
Minimup gap: 3.237509585649182 GHz
At s= 0.424
simulation took 0.0595 sec
26
5
Minimup gap computed with 2th eigenvalue
Minimup gap: 2.6836381356519023 GHz
At s= 0.4
Minimup gap computed with 2th eigenvalue
Minimup gap: 2.6377210690515964 GHz
At s= 0.42
Minimup gap computed with 2th eigenvalue
Minimup gap: 2.6374344140685793 GHz
At s= 0.421
simulation took 0.0592 sec
27
5
Minimup gap computed with 1th eigenvalue
Minimup gap: 1.7276065130044485 GHz
At s= 0.4
Minimup gap computed with 1th eigenvalue
Minimup gap: 1.7247176880935946 GHz
At s= 0.41
Minimup gap computed with 1th eigenvalue
Minimup gap: 1.7213503180231866 GHz
At s= 0.406
simulation took 0.0593 sec
28
5
Minimup gap computed with 2th eigenvalue
Minimup gap: 2.3089098632812455 GHz
At s= 0.4
Minimup gap computed with 2th eigenvalue
Minimup gap: 2.236368038966619 GHz
At s= 0.42
Minimup gap computed with 2th eigenvalue
Minimup gap: 2.2345904586145497 GHz
At s= 0.424
simulation took 0.0601 sec
29
5
Minimup gap computed with 4th eigenvalue
Minimup gap: 3.3626050153486657 GHz
At s= 0.5
Minimup gap computed with 4th eigenvalue
Minimup gap: 3.1305331984443745 GHz
At s= 0.44
Minimup gap computed with 4th eigenvalue
Minimup gap: 3.130484273784246 GHz
At s= 0.439
simulation took 0.0593 sec
30
5
Minimup gap computed with 4th eigenvalue
Minimup gap: 3.4161046912074893 GHz
At s= 0.5
Minimup gap computed with 4th eigenvalue
Minimup gap: 3.3303151187561717 GHz
At s= 0.47
Minimup gap computed with 4th eigenvalue
Minimup gap: 3.3302037655134455 GHz
At s= 0.471
simulation took 0.0599 sec
31
5
Minimup gap computed with 3th eigenvalue
Minimup gap: 3.1329379652491234 GHz
At s= 0.4
Minimup gap computed with 3th eigenvalue
Minimup gap: 2.8452381631125503 GHz
At s= 0.45
Minimup gap computed with 3th eigenvalue
Minimup gap: 2.843876022602643 GHz
At s= 0.447
simulation took 0.0812 sec
32
5
Minimup gap computed with 1th eigenvalue
Minimup gap: 2.214742990613831 GHz
At s= 0.4
Minimup gap computed with 1th eigenvalue
Minimup gap: 2.1468978524925957 GHz
At s= 0.42
Minimup gap computed with 1th eigenvalue
Minimup gap: 2.1468978524925957 GHz
At s= 0.42
simulation took 0.0608 sec
33
5
Minimup gap computed with 4th eigenvalue
Minimup gap: 3.5135735068236227 GHz
At s= 0.5
Minimup gap computed with 4th eigenvalue
Minimup gap: 3.347276151276211 GHz
At s= 0.45
Minimup gap computed with 4th eigenvalue
Minimup gap: 3.346768989071249 GHz
At s= 0.447
simulation took 0.0586 sec
34
5
Minimup gap computed with 2th eigenvalue
Minimup gap: 2.683638135651919 GHz
At s= 0.4
Minimup gap computed with 2th eigenvalue
Minimup gap: 2.6377210690516044 GHz
At s= 0.42
Minimup gap computed with 2th eigenvalue
Minimup gap: 2.6374344140685695 GHz
At s= 0.421
simulation took 0.0592 sec
35
5
Minimup gap computed with 2th eigenvalue
Minimup gap: 3.4944666935050304 GHz
At s= 0.4
Minimup gap computed with 2th eigenvalue
Minimup gap: 3.3472761512762235 GHz
At s= 0.45
Minimup gap computed with 2th eigenvalue
Minimup gap: 3.346768989071249 GHz
At s= 0.447
simulation took 0.0581 sec
36
5
Minimup gap computed with 3th eigenvalue
Minimup gap: 3.494466693505043 GHz
At s= 0.4
Minimup gap computed with 3th eigenvalue
Minimup gap: 3.347276151276212 GHz
At s= 0.45
Minimup gap computed with 3th eigenvalue
Minimup gap: 3.3467689890712364 GHz
At s= 0.447
simulation took 0.0592 sec
37
5
Minimup gap computed with 3th eigenvalue
Minimup gap: 3.4944666935050295 GHz
At s= 0.4
Minimup gap computed with 3th eigenvalue
Minimup gap: 3.347276151276221 GHz
At s= 0.45
Minimup gap computed with 3th eigenvalue
Minimup gap: 3.346768989071271 GHz
At s= 0.447
simulation took 0.0591 sec
38
5
Minimup gap computed with 4th eigenvalue
Minimup gap: 3.46835550825035 GHz
At s= 0.5
Minimup gap computed with 4th eigenvalue
Minimup gap: 3.379592836253657 GHz
At s= 0.47
Minimup gap computed with 4th eigenvalue
Minimup gap: 3.3795830222961243 GHz
At s= 0.469
simulation took 0.0806 sec
39
5
Minimup gap computed with 3th eigenvalue
Minimup gap: 3.132937965249135 GHz
At s= 0.4
Minimup gap computed with 3th eigenvalue
Minimup gap: 2.8452381631125565 GHz
At s= 0.45
Minimup gap computed with 3th eigenvalue
Minimup gap: 2.843876022602661 GHz
At s= 0.447
simulation took 0.0597 sec
40
5
Minimup gap computed with 4th eigenvalue
Minimup gap: 3.4683555082503483 GHz
At s= 0.5
Minimup gap computed with 4th eigenvalue
Minimup gap: 3.3795928362536607 GHz
At s= 0.47
Minimup gap computed with 4th eigenvalue
Minimup gap: 3.3795830222961216 GHz
At s= 0.469
simulation took 0.0596 sec
41
5
Minimup gap computed with 2th eigenvalue
Minimup gap: 2.6836381356519015 GHz
At s= 0.4
Minimup gap computed with 2th eigenvalue
Minimup gap: 2.637721069051616 GHz
At s= 0.42
Minimup gap computed with 2th eigenvalue
Minimup gap: 2.6374344140685793 GHz
At s= 0.421
simulation took 0.0590 sec
42
5
Minimup gap computed with 4th eigenvalue
Minimup gap: 3.4944666935050357 GHz
At s= 0.4
Minimup gap computed with 4th eigenvalue
Minimup gap: 3.3472761512762217 GHz
At s= 0.45
Minimup gap computed with 4th eigenvalue
Minimup gap: 3.3467689890712595 GHz
At s= 0.447
simulation took 0.0593 sec
43
5
Minimup gap computed with 3th eigenvalue
Minimup gap: 3.1329379652491385 GHz
At s= 0.4
Minimup gap computed with 3th eigenvalue
Minimup gap: 2.845238163112554 GHz
At s= 0.45
Minimup gap computed with 3th eigenvalue
Minimup gap: 2.8438760226026556 GHz
At s= 0.447
simulation took 0.0598 sec
44
5
Minimup gap computed with 3th eigenvalue
Minimup gap: 3.132937965249143 GHz
At s= 0.4
Minimup gap computed with 3th eigenvalue
Minimup gap: 2.8452381631125485 GHz
At s= 0.45
Minimup gap computed with 3th eigenvalue
Minimup gap: 2.8438760226026467 GHz
At s= 0.447
simulation took 0.0600 sec
45
5
Minimup gap computed with 1th eigenvalue
Minimup gap: 1.7400327192240308 GHz
At s= 0.4
Minimup gap computed with 1th eigenvalue
Minimup gap: 1.549892299104366 GHz
At s= 0.43
Minimup gap computed with 1th eigenvalue
Minimup gap: 1.5495644410149474 GHz
At s= 0.429
simulation took 0.0603 sec
46
5
Minimup gap computed with 2th eigenvalue
Minimup gap: 2.7612035866440223 GHz
At s= 0.4
Minimup gap computed with 2th eigenvalue
Minimup gap: 2.7197909433634564 GHz
At s= 0.42
Minimup gap computed with 2th eigenvalue
Minimup gap: 2.7197909433634564 GHz
At s= 0.42
simulation took 0.0804 sec
47
5
Minimup gap computed with 1th eigenvalue
Minimup gap: 1.7400327192240557 GHz
At s= 0.4
Minimup gap computed with 1th eigenvalue
Minimup gap: 1.5498922991043873 GHz
At s= 0.43
Minimup gap computed with 1th eigenvalue
Minimup gap: 1.549564441014919 GHz
At s= 0.429
simulation took 0.0602 sec
48
5
Minimup gap computed with 1th eigenvalue
Minimup gap: 1.6753280394881847 GHz
At s= 0.4
Minimup gap computed with 1th eigenvalue
Minimup gap: 1.6336978610466568 GHz
At s= 0.41
Minimup gap computed with 1th eigenvalue
Minimup gap: 1.6288992021050595 GHz
At s= 0.415
simulation took 0.0602 sec
49
5
Minimup gap computed with 4th eigenvalue
Minimup gap: 3.416104691207477 GHz
At s= 0.5
Minimup gap computed with 4th eigenvalue
Minimup gap: 3.330315118756179 GHz
At s= 0.47
Minimup gap computed with 4th eigenvalue
Minimup gap: 3.3302037655134296 GHz
At s= 0.471
simulation took 0.0597 sec
50
5
Minimup gap computed with 3th eigenvalue
Minimup gap: 3.128402423940864 GHz
At s= 0.5
Minimup gap computed with 3th eigenvalue
Minimup gap: 2.9295299978032228 GHz
At s= 0.46
Minimup gap computed with 3th eigenvalue
Minimup gap: 2.929390525188392 GHz
At s= 0.461
simulation took 0.0597 sec
51
5
Minimup gap computed with 2th eigenvalue
Minimup gap: 3.043310553358504 GHz
At s= 0.5
Minimup gap computed with 2th eigenvalue
Minimup gap: 2.799945588759906 GHz
At s= 0.46
Minimup gap computed with 2th eigenvalue
Minimup gap: 2.799945588759906 GHz
At s= 0.46
simulation took 0.0588 sec
52
5
Minimup gap computed with 1th eigenvalue
Minimup gap: 1.7276065130044431 GHz
At s= 0.4
Minimup gap computed with 1th eigenvalue
Minimup gap: 1.7247176880936292 GHz
At s= 0.41
Minimup gap computed with 1th eigenvalue
Minimup gap: 1.7213503180231795 GHz
At s= 0.406
simulation took 0.0595 sec
53
5
Minimup gap computed with 1th eigenvalue
Minimup gap: 2.257409515915702 GHz
At s= 0.4
Minimup gap computed with 1th eigenvalue
Minimup gap: 2.233999150215171 GHz
At s= 0.41
Minimup gap computed with 1th eigenvalue
Minimup gap: 2.232520380400077 GHz
At s= 0.413
simulation took 0.0796 sec
54
5
Minimup gap computed with 5th eigenvalue
Minimup gap: 3.6531182445733807 GHz
At s= 0.5
Minimup gap computed with 5th eigenvalue
Minimup gap: 3.6140472810114384 GHz
At s= 0.48
Minimup gap computed with 5th eigenvalue
Minimup gap: 3.61266153824608 GHz
At s= 0.476
simulation took 0.0591 sec
55
5
Minimup gap computed with 1th eigenvalue
Minimup gap: 1.675328039488166 GHz
At s= 0.4
Minimup gap computed with 1th eigenvalue
Minimup gap: 1.633697861046647 GHz
At s= 0.41
Minimup gap computed with 1th eigenvalue
Minimup gap: 1.6288992021050275 GHz
At s= 0.415
simulation took 0.0590 sec
56
5
Minimup gap computed with 1th eigenvalue
Minimup gap: 2.214742990613825 GHz
At s= 0.4
Minimup gap computed with 1th eigenvalue
Minimup gap: 2.146897852492578 GHz
At s= 0.42
Minimup gap computed with 1th eigenvalue
Minimup gap: 2.146897852492578 GHz
At s= 0.42
simulation took 0.0593 sec
57
5
Minimup gap computed with 2th eigenvalue
Minimup gap: 2.6836381356518997 GHz
At s= 0.4
Minimup gap computed with 2th eigenvalue
Minimup gap: 2.637721069051601 GHz
At s= 0.42
Minimup gap computed with 2th eigenvalue
Minimup gap: 2.637434414068559 GHz
At s= 0.421
simulation took 0.0590 sec
58
5
Minimup gap computed with 1th eigenvalue
Minimup gap: 2.2147429906138383 GHz
At s= 0.4
Minimup gap computed with 1th eigenvalue
Minimup gap: 2.1468978524925832 GHz
At s= 0.42
Minimup gap computed with 1th eigenvalue
Minimup gap: 2.1468978524925832 GHz
At s= 0.42
simulation took 0.0591 sec
59
5
Minimup gap computed with 1th eigenvalue
Minimup gap: 1.6753280394881678 GHz
At s= 0.4
Minimup gap computed with 1th eigenvalue
Minimup gap: 1.633697861046648 GHz
At s= 0.41
Minimup gap computed with 1th eigenvalue
Minimup gap: 1.6288992021050461 GHz
At s= 0.415
simulation took 0.0592 sec
60
5
Minimup gap computed with 2th eigenvalue
Minimup gap: 2.683638135651907 GHz
At s= 0.4
Minimup gap computed with 2th eigenvalue
Minimup gap: 2.6377210690515787 GHz
At s= 0.42
Minimup gap computed with 2th eigenvalue
Minimup gap: 2.637434414068573 GHz
At s= 0.421
simulation took 0.0592 sec
61
5
Minimup gap computed with 3th eigenvalue
Minimup gap: 3.132937965249151 GHz
At s= 0.4
Minimup gap computed with 3th eigenvalue
Minimup gap: 2.845238163112562 GHz
At s= 0.45
Minimup gap computed with 3th eigenvalue
Minimup gap: 2.8438760226026636 GHz
At s= 0.447
simulation took 0.0826 sec
62
5
Minimup gap computed with 1th eigenvalue
Minimup gap: 1.898443550952206 GHz
At s= 0.4
Minimup gap computed with 1th eigenvalue
Minimup gap: 1.8178795081843715 GHz
At s= 0.42
Minimup gap computed with 1th eigenvalue
Minimup gap: 1.81777589980077 GHz
At s= 0.421
simulation took 0.0591 sec
63
5
Minimup gap computed with 3th eigenvalue
Minimup gap: 2.895798024836716 GHz
At s= 0.4
Minimup gap computed with 3th eigenvalue
Minimup gap: 2.825084891707627 GHz
At s= 0.43
Minimup gap computed with 3th eigenvalue
Minimup gap: 2.8248659525106667 GHz
At s= 0.428
simulation took 0.0595 sec
64
5
Minimup gap computed with 1th eigenvalue
Minimup gap: 1.6753280394881642 GHz
At s= 0.4
Minimup gap computed with 1th eigenvalue
Minimup gap: 1.633697861046664 GHz
At s= 0.41
Minimup gap computed with 1th eigenvalue
Minimup gap: 1.628899202105039 GHz
At s= 0.415
simulation took 0.0591 sec
65
5
Minimup gap computed with 1th eigenvalue
Minimup gap: 2.2147429906138303 GHz
At s= 0.4
Minimup gap computed with 1th eigenvalue
Minimup gap: 2.146897852492568 GHz
At s= 0.42
Minimup gap computed with 1th eigenvalue
Minimup gap: 2.146897852492568 GHz
At s= 0.42
simulation took 0.0595 sec
66
5
Minimup gap computed with 4th eigenvalue
Minimup gap: 3.3626050153486897 GHz
At s= 0.5
Minimup gap computed with 4th eigenvalue
Minimup gap: 3.1305331984443825 GHz
At s= 0.44
Minimup gap computed with 4th eigenvalue
Minimup gap: 3.130484273784255 GHz
At s= 0.439
simulation took 0.0594 sec
67
5
Minimup gap computed with 1th eigenvalue
Minimup gap: 1.7276065130044502 GHz
At s= 0.4
Minimup gap computed with 1th eigenvalue
Minimup gap: 1.724717688093615 GHz
At s= 0.41
Minimup gap computed with 1th eigenvalue
Minimup gap: 1.7213503180231653 GHz
At s= 0.406
simulation took 0.0597 sec
68
5
Minimup gap computed with 2th eigenvalue
Minimup gap: 3.0433105533585048 GHz
At s= 0.5
Minimup gap computed with 2th eigenvalue
Minimup gap: 2.7999455887599254 GHz
At s= 0.46
Minimup gap computed with 2th eigenvalue
Minimup gap: 2.7999455887599254 GHz
At s= 0.46
simulation took 0.0588 sec
69
5
Minimup gap computed with 2th eigenvalue
Minimup gap: 2.761203586644023 GHz
At s= 0.4
Minimup gap computed with 2th eigenvalue
Minimup gap: 2.7197909433634697 GHz
At s= 0.42
Minimup gap computed with 2th eigenvalue
Minimup gap: 2.7197909433634697 GHz
At s= 0.42
simulation took 0.0803 sec
70
5
Minimup gap computed with 1th eigenvalue
Minimup gap: 2.214742990613824 GHz
At s= 0.4
Minimup gap computed with 1th eigenvalue
Minimup gap: 2.146897852492578 GHz
At s= 0.42
Minimup gap computed with 1th eigenvalue
Minimup gap: 2.146897852492578 GHz
At s= 0.42
simulation took 0.0591 sec
71
5
Minimup gap computed with 4th eigenvalue
Minimup gap: 3.4161046912074857 GHz
At s= 0.5
Minimup gap computed with 4th eigenvalue
Minimup gap: 3.3303151187561664 GHz
At s= 0.47
Minimup gap computed with 4th eigenvalue
Minimup gap: 3.330203765513458 GHz
At s= 0.471
simulation took 0.0598 sec
72
5
Minimup gap computed with 3th eigenvalue
Minimup gap: 3.494466693505019 GHz
At s= 0.4
Minimup gap computed with 3th eigenvalue
Minimup gap: 3.3472761512762075 GHz
At s= 0.45
Minimup gap computed with 3th eigenvalue
Minimup gap: 3.346768989071254 GHz
At s= 0.447
simulation took 0.0590 sec
73
5
Minimup gap computed with 4th eigenvalue
Minimup gap: 3.4161046912074804 GHz
At s= 0.5
Minimup gap computed with 4th eigenvalue
Minimup gap: 3.3303151187561806 GHz
At s= 0.47
Minimup gap computed with 4th eigenvalue
Minimup gap: 3.3302037655134527 GHz
At s= 0.471
simulation took 0.0595 sec
74
5
Minimup gap computed with 4th eigenvalue
Minimup gap: 3.4683555082503457 GHz
At s= 0.5
Minimup gap computed with 4th eigenvalue
Minimup gap: 3.3795928362536554 GHz
At s= 0.47
Minimup gap computed with 4th eigenvalue
Minimup gap: 3.379583022296136 GHz
At s= 0.469
simulation took 0.0593 sec
75
5
Minimup gap computed with 2th eigenvalue
Minimup gap: 2.761203586644009 GHz
At s= 0.4
Minimup gap computed with 2th eigenvalue
Minimup gap: 2.719790943363468 GHz
At s= 0.42
Minimup gap computed with 2th eigenvalue
Minimup gap: 2.719790943363468 GHz
At s= 0.42
simulation took 0.0590 sec
76
5
Minimup gap computed with 2th eigenvalue
Minimup gap: 2.3089098632812206 GHz
At s= 0.4
Minimup gap computed with 2th eigenvalue
Minimup gap: 2.2363680389666154 GHz
At s= 0.42
Minimup gap computed with 2th eigenvalue
Minimup gap: 2.234590458614548 GHz
At s= 0.424
simulation took 0.0810 sec
77
5
Minimup gap computed with 1th eigenvalue
Minimup gap: 1.7276065130044387 GHz
At s= 0.4
Minimup gap computed with 1th eigenvalue
Minimup gap: 1.7247176880935982 GHz
At s= 0.41
Minimup gap computed with 1th eigenvalue
Minimup gap: 1.7213503180231804 GHz
At s= 0.406
simulation took 0.0594 sec
78
5
Minimup gap computed with 1th eigenvalue
Minimup gap: 2.2147429906138383 GHz
At s= 0.4
Minimup gap computed with 1th eigenvalue
Minimup gap: 2.1468978524925832 GHz
At s= 0.42
Minimup gap computed with 1th eigenvalue
Minimup gap: 2.1468978524925832 GHz
At s= 0.42
simulation took 0.0597 sec
79
5
Minimup gap computed with 2th eigenvalue
Minimup gap: 2.3089098632812703 GHz
At s= 0.4
Minimup gap computed with 2th eigenvalue
Minimup gap: 2.236368038966628 GHz
At s= 0.42
Minimup gap computed with 2th eigenvalue
Minimup gap: 2.2345904586145444 GHz
At s= 0.424
simulation took 0.0599 sec
80
5
Minimup gap computed with 1th eigenvalue
Minimup gap: 3.119035504203061 GHz
At s= 0.4
Minimup gap computed with 1th eigenvalue
Minimup gap: 3.1134429945133544 GHz
At s= 0.39
Minimup gap computed with 1th eigenvalue
Minimup gap: 3.1134429945133544 GHz
At s= 0.39
simulation took 0.0589 sec
81
5
Minimup gap computed with 1th eigenvalue
Minimup gap: 1.6753280394881598 GHz
At s= 0.4
Minimup gap computed with 1th eigenvalue
Minimup gap: 1.6336978610466524 GHz
At s= 0.41
Minimup gap computed with 1th eigenvalue
Minimup gap: 1.6288992021050328 GHz
At s= 0.415
simulation took 0.0589 sec
82
5
Minimup gap computed with 1th eigenvalue
Minimup gap: 1.675328039488166 GHz
At s= 0.4
Minimup gap computed with 1th eigenvalue
Minimup gap: 1.6336978610466497 GHz
At s= 0.41
Minimup gap computed with 1th eigenvalue
Minimup gap: 1.6288992021050603 GHz
At s= 0.415
simulation took 0.0592 sec
83
5
Minimup gap computed with 3th eigenvalue
Minimup gap: 3.128402423940857 GHz
At s= 0.5
Minimup gap computed with 3th eigenvalue
Minimup gap: 2.929529997803252 GHz
At s= 0.46
Minimup gap computed with 3th eigenvalue
Minimup gap: 2.9293905251883894 GHz
At s= 0.461
simulation took 0.0599 sec
84
5
Minimup gap computed with 1th eigenvalue
Minimup gap: 1.7276065130044227 GHz
At s= 0.4
Minimup gap computed with 1th eigenvalue
Minimup gap: 1.7247176880935866 GHz
At s= 0.41
Minimup gap computed with 1th eigenvalue
Minimup gap: 1.7213503180231715 GHz
At s= 0.406
simulation took 0.0804 sec
85
5
Minimup gap computed with 2th eigenvalue
Minimup gap: 2.683638135651907 GHz
At s= 0.4
Minimup gap computed with 2th eigenvalue
Minimup gap: 2.6377210690515787 GHz
At s= 0.42
Minimup gap computed with 2th eigenvalue
Minimup gap: 2.637434414068573 GHz
At s= 0.421
simulation took 0.0589 sec
86
5
Minimup gap computed with 1th eigenvalue
Minimup gap: 1.675328039488173 GHz
At s= 0.4
Minimup gap computed with 1th eigenvalue
Minimup gap: 1.633697861046656 GHz
At s= 0.41
Minimup gap computed with 1th eigenvalue
Minimup gap: 1.6288992021050346 GHz
At s= 0.415
simulation took 0.0589 sec
87
5
Minimup gap computed with 4th eigenvalue
Minimup gap: 3.468355508250343 GHz
At s= 0.5
Minimup gap computed with 4th eigenvalue
Minimup gap: 3.3795928362536705 GHz
At s= 0.47
Minimup gap computed with 4th eigenvalue
Minimup gap: 3.379583022296128 GHz
At s= 0.469
simulation took 0.0595 sec
88
5
Minimup gap computed with 3th eigenvalue
Minimup gap: 3.4944666935050357 GHz
At s= 0.4
Minimup gap computed with 3th eigenvalue
Minimup gap: 3.3472761512762252 GHz
At s= 0.45
Minimup gap computed with 3th eigenvalue
Minimup gap: 3.346768989071238 GHz
At s= 0.447
simulation took 0.0589 sec
89
5
Minimup gap computed with 1th eigenvalue
Minimup gap: 2.21474299061384 GHz
At s= 0.4
Minimup gap computed with 1th eigenvalue
Minimup gap: 2.146897852492585 GHz
At s= 0.42
Minimup gap computed with 1th eigenvalue
Minimup gap: 2.146897852492585 GHz
At s= 0.42
simulation took 0.0592 sec
90
5
Minimup gap computed with 5th eigenvalue
Minimup gap: 3.6531182445733865 GHz
At s= 0.5
Minimup gap computed with 5th eigenvalue
Minimup gap: 3.6140472810114312 GHz
At s= 0.48
Minimup gap computed with 5th eigenvalue
Minimup gap: 3.6126615382460967 GHz
At s= 0.476
simulation took 0.0592 sec
91
5
Minimup gap computed with 1th eigenvalue
Minimup gap: 1.7276065130044431 GHz
At s= 0.4
Minimup gap computed with 1th eigenvalue
Minimup gap: 1.724717688093592 GHz
At s= 0.41
Minimup gap computed with 1th eigenvalue
Minimup gap: 1.721350318023168 GHz
At s= 0.406
simulation took 0.0594 sec
92
5
Minimup gap computed with 4th eigenvalue
Minimup gap: 3.513573506823615 GHz
At s= 0.5
Minimup gap computed with 4th eigenvalue
Minimup gap: 3.3472761512762186 GHz
At s= 0.45
Minimup gap computed with 4th eigenvalue
Minimup gap: 3.3467689890712466 GHz
At s= 0.447
simulation took 0.0801 sec
93
5
Minimup gap computed with 2th eigenvalue
Minimup gap: 2.3089098632812632 GHz
At s= 0.4
Minimup gap computed with 2th eigenvalue
Minimup gap: 2.2363680389666367 GHz
At s= 0.42
Minimup gap computed with 2th eigenvalue
Minimup gap: 2.2345904586145426 GHz
At s= 0.424
simulation took 0.0598 sec
94
5
Minimup gap computed with 4th eigenvalue
Minimup gap: 3.4683555082503315 GHz
At s= 0.5
Minimup gap computed with 4th eigenvalue
Minimup gap: 3.3795928362536705 GHz
At s= 0.47
Minimup gap computed with 4th eigenvalue
Minimup gap: 3.3795830222961207 GHz
At s= 0.469
simulation took 0.0606 sec
95
5
Minimup gap computed with 1th eigenvalue
Minimup gap: 1.898443550952213 GHz
At s= 0.4
Minimup gap computed with 1th eigenvalue
Minimup gap: 1.8178795081843564 GHz
At s= 0.42
Minimup gap computed with 1th eigenvalue
Minimup gap: 1.817775899800746 GHz
At s= 0.421
simulation took 0.0588 sec
96
5
Minimup gap computed with 4th eigenvalue
Minimup gap: 3.468355508250352 GHz
At s= 0.5
Minimup gap computed with 4th eigenvalue
Minimup gap: 3.379592836253657 GHz
At s= 0.47
Minimup gap computed with 4th eigenvalue
Minimup gap: 3.3795830222961296 GHz
At s= 0.469
simulation took 0.0597 sec
97
5
Minimup gap computed with 3th eigenvalue
Minimup gap: 3.4944666935050375 GHz
At s= 0.4
Minimup gap computed with 3th eigenvalue
Minimup gap: 3.347276151276219 GHz
At s= 0.45
Minimup gap computed with 3th eigenvalue
Minimup gap: 3.3467689890712515 GHz
At s= 0.447
simulation took 0.0588 sec
98
5
Minimup gap computed with 3th eigenvalue
Minimup gap: 3.128402423940843 GHz
At s= 0.5
Minimup gap computed with 3th eigenvalue
Minimup gap: 2.9295299978032308 GHz
At s= 0.46
Minimup gap computed with 3th eigenvalue
Minimup gap: 2.929390525188392 GHz
At s= 0.461
simulation took 0.0598 sec
99
5
Minimup gap computed with 1th eigenvalue
Minimup gap: 2.1790201436813046 GHz
At s= 0.4
Minimup gap computed with 1th eigenvalue
Minimup gap: 2.1563361753592716 GHz
At s= 0.41
Minimup gap computed with 1th eigenvalue
Minimup gap: 2.1555526450986484 GHz
At s= 0.412
simulation took 0.0596 sec
