0
5
Minimup gap computed with 1th eigenvalue
Minimup gap: 1.7923096018037556 GHz
At s= 0.4
Minimup gap computed with 1th eigenvalue
Minimup gap: 1.4716658821738315 GHz
At s= 0.44
Minimup gap computed with 1th eigenvalue
Minimup gap: 1.4700729462638433 GHz
At s= 0.443
simulation took 0.1263 sec
1
5
Minimup gap computed with 1th eigenvalue
Minimup gap: 1.8410226470184945 GHz
At s= 0.4
Minimup gap computed with 1th eigenvalue
Minimup gap: 1.7993106593102883 GHz
At s= 0.41
Minimup gap computed with 1th eigenvalue
Minimup gap: 1.795916348935986 GHz
At s= 0.414
simulation took 0.0853 sec
2
5
Minimup gap computed with 5th eigenvalue
Minimup gap: 3.2809679256054407 GHz
At s= 0.5
Minimup gap computed with 5th eigenvalue
Minimup gap: 3.2730955476416175 GHz
At s= 0.49
Minimup gap computed with 5th eigenvalue
Minimup gap: 3.2726913385720358 GHz
At s= 0.492
simulation took 0.0660 sec
3
5
Minimup gap computed with 8th eigenvalue
Minimup gap: 3.362984238703957 GHz
At s= 0.5
Minimup gap computed with 8th eigenvalue
Minimup gap: 3.362984238703957 GHz
At s= 0.5
Minimup gap computed with 8th eigenvalue
Minimup gap: 3.3626445591955596 GHz
At s= 0.498
simulation took 0.0610 sec
4
5
Minimup gap computed with 5th eigenvalue
Minimup gap: 2.9003622339416326 GHz
At s= 0.5
Minimup gap computed with 5th eigenvalue
Minimup gap: 2.8949111699769885 GHz
At s= 0.49
Minimup gap computed with 5th eigenvalue
Minimup gap: 2.890569510010472 GHz
At s= 0.494
simulation took 0.0608 sec
5
5
Minimup gap computed with 9th eigenvalue
Minimup gap: 3.6967901902838696 GHz
At s= 0.5
Minimup gap computed with 9th eigenvalue
Minimup gap: 3.5781392418946276 GHz
At s= 0.51
Minimup gap computed with 9th eigenvalue
Minimup gap: 3.5513919685638484 GHz
At s= 0.506
simulation took 0.0597 sec
6
5
Minimup gap computed with 12th eigenvalue
Minimup gap: 3.7908365990413326 GHz
At s= 0.5
Minimup gap computed with 12th eigenvalue
Minimup gap: 3.7721349264985533 GHz
At s= 0.51
Minimup gap computed with 12th eigenvalue
Minimup gap: 3.7721349264985533 GHz
At s= 0.51
simulation took 0.0606 sec
7
5
Minimup gap computed with 5th eigenvalue
Minimup gap: 2.900362233941635 GHz
At s= 0.5
Minimup gap computed with 5th eigenvalue
Minimup gap: 2.8949111699769734 GHz
At s= 0.49
Minimup gap computed with 5th eigenvalue
Minimup gap: 2.8905695100104634 GHz
At s= 0.494
simulation took 0.0613 sec
8
5
Minimup gap computed with 1th eigenvalue
Minimup gap: 2.1855551505051256 GHz
At s= 0.4
Minimup gap computed with 1th eigenvalue
Minimup gap: 1.8597528213418402 GHz
At s= 0.45
Minimup gap computed with 1th eigenvalue
Minimup gap: 1.859444471845059 GHz
At s= 0.448
simulation took 0.0955 sec
9
5
Minimup gap computed with 1th eigenvalue
Minimup gap: 1.9423664843927915 GHz
At s= 0.5
Minimup gap computed with 1th eigenvalue
Minimup gap: 1.6042139102188253 GHz
At s= 0.46
Minimup gap computed with 1th eigenvalue
Minimup gap: 1.6004101720324213 GHz
At s= 0.455
simulation took 0.0600 sec
10
5
Minimup gap computed with 2th eigenvalue
Minimup gap: 2.3290660259591176 GHz
At s= 0.5
Minimup gap computed with 2th eigenvalue
Minimup gap: 2.3256123203632137 GHz
At s= 0.49
Minimup gap computed with 2th eigenvalue
Minimup gap: 2.3216581287561247 GHz
At s= 0.494
simulation took 0.0600 sec
11
5
Minimup gap computed with 6th eigenvalue
Minimup gap: 3.513573506823619 GHz
At s= 0.5
Minimup gap computed with 6th eigenvalue
Minimup gap: 3.3569967191668715 GHz
At s= 0.46
Minimup gap computed with 6th eigenvalue
Minimup gap: 3.3519133068347102 GHz
At s= 0.456
simulation took 0.0596 sec
12
5
Minimup gap computed with 3th eigenvalue
Minimup gap: 3.3202054795829135 GHz
At s= 0.4
Minimup gap computed with 3th eigenvalue
Minimup gap: 3.1264141563849472 GHz
At s= 0.43
Minimup gap computed with 3th eigenvalue
Minimup gap: 3.125474009928057 GHz
At s= 0.432
simulation took 0.0604 sec
13
5
Minimup gap computed with 1th eigenvalue
Minimup gap: 2.185555150505131 GHz
At s= 0.4
Minimup gap computed with 1th eigenvalue
Minimup gap: 1.8597528213418197 GHz
At s= 0.45
Minimup gap computed with 1th eigenvalue
Minimup gap: 1.8594444718450491 GHz
At s= 0.448
simulation took 0.0603 sec
14
5
Minimup gap computed with 3th eigenvalue
Minimup gap: 2.9034217370396656 GHz
At s= 0.5
Minimup gap computed with 3th eigenvalue
Minimup gap: 2.6551685559659424 GHz
At s= 0.46
Minimup gap computed with 3th eigenvalue
Minimup gap: 2.6544374289390764 GHz
At s= 0.462
simulation took 0.0601 sec
15
5
Minimup gap computed with 3th eigenvalue
Minimup gap: 2.244668161966354 GHz
At s= 0.5
Minimup gap computed with 3th eigenvalue
Minimup gap: 2.128469133982067 GHz
At s= 0.49
Minimup gap computed with 3th eigenvalue
Minimup gap: 2.0765549182281964 GHz
At s= 0.484
simulation took 0.0893 sec
16
5
Minimup gap computed with 3th eigenvalue
Minimup gap: 2.516293459065117 GHz
At s= 0.5
Minimup gap computed with 3th eigenvalue
Minimup gap: 2.4594097510469584 GHz
At s= 0.49
Minimup gap computed with 3th eigenvalue
Minimup gap: 2.4526424606277932 GHz
At s= 0.485
simulation took 0.0609 sec
17
5
Minimup gap computed with 3th eigenvalue
Minimup gap: 2.773370722735541 GHz
At s= 0.5
Minimup gap computed with 3th eigenvalue
Minimup gap: 2.6603515234488664 GHz
At s= 0.48
Minimup gap computed with 3th eigenvalue
Minimup gap: 2.6562649677242924 GHz
At s= 0.476
simulation took 0.0737 sec
18
5
Minimup gap computed with 1th eigenvalue
Minimup gap: 1.6869117018267836 GHz
At s= 0.5
Minimup gap computed with 1th eigenvalue
Minimup gap: 1.3778209797153123 GHz
At s= 0.46
Minimup gap computed with 1th eigenvalue
Minimup gap: 1.377254245806954 GHz
At s= 0.462
simulation took 0.0626 sec
19
5
Minimup gap computed with 1th eigenvalue
Minimup gap: 1.9423664843927995 GHz
At s= 0.5
Minimup gap computed with 1th eigenvalue
Minimup gap: 1.6042139102188342 GHz
At s= 0.46
Minimup gap computed with 1th eigenvalue
Minimup gap: 1.6004101720324266 GHz
At s= 0.455
simulation took 0.0602 sec
20
5
Minimup gap computed with 9th eigenvalue
Minimup gap: 3.696790190283862 GHz
At s= 0.5
Minimup gap computed with 9th eigenvalue
Minimup gap: 3.578139241894621 GHz
At s= 0.51
Minimup gap computed with 9th eigenvalue
Minimup gap: 3.5513919685638458 GHz
At s= 0.506
simulation took 0.0592 sec
21
5
Minimup gap computed with 1th eigenvalue
Minimup gap: 1.679369087488364 GHz
At s= 0.5
Minimup gap computed with 1th eigenvalue
Minimup gap: 1.307460789938201 GHz
At s= 0.46
Minimup gap computed with 1th eigenvalue
Minimup gap: 1.3061131052131927 GHz
At s= 0.457
simulation took 0.0598 sec
22
5
Minimup gap computed with 1th eigenvalue
Minimup gap: 2.1855551505051167 GHz
At s= 0.4
Minimup gap computed with 1th eigenvalue
Minimup gap: 1.8597528213418153 GHz
At s= 0.45
Minimup gap computed with 1th eigenvalue
Minimup gap: 1.859444471845058 GHz
At s= 0.448
simulation took 0.0603 sec
23
5
Minimup gap computed with 1th eigenvalue
Minimup gap: 2.1985585185876806 GHz
At s= 0.5
Minimup gap computed with 1th eigenvalue
Minimup gap: 1.9131120629931386 GHz
At s= 0.46
Minimup gap computed with 1th eigenvalue
Minimup gap: 1.9100564211308129 GHz
At s= 0.455
simulation took 0.1331 sec
24
5
Minimup gap computed with 18th eigenvalue
Minimup gap: 4.585876367174342 GHz
At s= 0.5
Minimup gap computed with 18th eigenvalue
Minimup gap: 4.530722253916912 GHz
At s= 0.53
Minimup gap computed with 18th eigenvalue
Minimup gap: 4.530243628123358 GHz
At s= 0.526
simulation took 0.0599 sec
25
5
Minimup gap computed with 3th eigenvalue
Minimup gap: 3.32020547958294 GHz
At s= 0.4
Minimup gap computed with 3th eigenvalue
Minimup gap: 3.1264141563849597 GHz
At s= 0.43
Minimup gap computed with 3th eigenvalue
Minimup gap: 3.1254740099280527 GHz
At s= 0.432
simulation took 0.0600 sec
26
5
Minimup gap computed with 3th eigenvalue
Minimup gap: 2.773370722735543 GHz
At s= 0.5
Minimup gap computed with 3th eigenvalue
Minimup gap: 2.660351523448859 GHz
At s= 0.48
Minimup gap computed with 3th eigenvalue
Minimup gap: 2.6562649677242938 GHz
At s= 0.476
simulation took 0.0598 sec
27
5
Minimup gap computed with 1th eigenvalue
Minimup gap: 1.7923096018037636 GHz
At s= 0.4
Minimup gap computed with 1th eigenvalue
Minimup gap: 1.4716658821738289 GHz
At s= 0.44
Minimup gap computed with 1th eigenvalue
Minimup gap: 1.4700729462638584 GHz
At s= 0.443
simulation took 0.0601 sec
28
5
Minimup gap computed with 3th eigenvalue
Minimup gap: 2.5162934590651127 GHz
At s= 0.5
Minimup gap computed with 3th eigenvalue
Minimup gap: 2.4594097510469606 GHz
At s= 0.49
Minimup gap computed with 3th eigenvalue
Minimup gap: 2.4526424606277946 GHz
At s= 0.485
simulation took 0.0610 sec
29
5
Minimup gap computed with 9th eigenvalue
Minimup gap: 3.7645720240336895 GHz
At s= 0.5
Minimup gap computed with 9th eigenvalue
Minimup gap: 3.5329042897843337 GHz
At s= 0.52
Minimup gap computed with 9th eigenvalue
Minimup gap: 3.5231637055061586 GHz
At s= 0.516
simulation took 0.0602 sec
30
5
Minimup gap computed with 7th eigenvalue
Minimup gap: 3.1988030789491626 GHz
At s= 0.5
Minimup gap computed with 7th eigenvalue
Minimup gap: 3.1988030789491626 GHz
At s= 0.5
Minimup gap computed with 7th eigenvalue
Minimup gap: 3.1988030789491626 GHz
At s= 0.5
simulation took 0.0605 sec
31
5
Minimup gap computed with 5th eigenvalue
Minimup gap: 2.900362233941626 GHz
At s= 0.5
Minimup gap computed with 5th eigenvalue
Minimup gap: 2.894911169976985 GHz
At s= 0.49
Minimup gap computed with 5th eigenvalue
Minimup gap: 2.890569510010477 GHz
At s= 0.494
simulation took 0.0819 sec
32
5
Minimup gap computed with 1th eigenvalue
Minimup gap: 2.198558518587687 GHz
At s= 0.5
Minimup gap computed with 1th eigenvalue
Minimup gap: 1.9131120629931235 GHz
At s= 0.46
Minimup gap computed with 1th eigenvalue
Minimup gap: 1.9100564211308155 GHz
At s= 0.455
simulation took 0.0599 sec
33
5
Minimup gap computed with 9th eigenvalue
Minimup gap: 3.6967901902838562 GHz
At s= 0.5
Minimup gap computed with 9th eigenvalue
Minimup gap: 3.5781392418946236 GHz
At s= 0.51
Minimup gap computed with 9th eigenvalue
Minimup gap: 3.5513919685638626 GHz
At s= 0.506
simulation took 0.0592 sec
34
5
Minimup gap computed with 3th eigenvalue
Minimup gap: 2.773370722735545 GHz
At s= 0.5
Minimup gap computed with 3th eigenvalue
Minimup gap: 2.6603515234488553 GHz
At s= 0.48
Minimup gap computed with 3th eigenvalue
Minimup gap: 2.6562649677242844 GHz
At s= 0.476
simulation took 0.0597 sec
35
5
Minimup gap computed with 3th eigenvalue
Minimup gap: 3.494466693505026 GHz
At s= 0.4
Minimup gap computed with 3th eigenvalue
Minimup gap: 3.347276151276215 GHz
At s= 0.45
Minimup gap computed with 3th eigenvalue
Minimup gap: 3.346768989071255 GHz
At s= 0.447
simulation took 0.0586 sec
36
5
Minimup gap computed with 5th eigenvalue
Minimup gap: 3.280967925605456 GHz
At s= 0.5
Minimup gap computed with 5th eigenvalue
Minimup gap: 3.273095547641618 GHz
At s= 0.49
Minimup gap computed with 5th eigenvalue
Minimup gap: 3.2726913385720344 GHz
At s= 0.492
simulation took 0.0596 sec
37
5
Minimup gap computed with 5th eigenvalue
Minimup gap: 3.2809679256054523 GHz
At s= 0.5
Minimup gap computed with 5th eigenvalue
Minimup gap: 3.2730955476416157 GHz
At s= 0.49
Minimup gap computed with 5th eigenvalue
Minimup gap: 3.272691338572039 GHz
At s= 0.492
simulation took 0.0598 sec
38
5
Minimup gap computed with 8th eigenvalue
Minimup gap: 3.362984238703964 GHz
At s= 0.5
Minimup gap computed with 8th eigenvalue
Minimup gap: 3.362984238703964 GHz
At s= 0.5
Minimup gap computed with 8th eigenvalue
Minimup gap: 3.3626445591955494 GHz
At s= 0.498
simulation took 0.0813 sec
39
5
Minimup gap computed with 5th eigenvalue
Minimup gap: 2.90036223394162 GHz
At s= 0.5
Minimup gap computed with 5th eigenvalue
Minimup gap: 2.8949111699769885 GHz
At s= 0.49
Minimup gap computed with 5th eigenvalue
Minimup gap: 2.8905695100104665 GHz
At s= 0.494
simulation took 0.0603 sec
40
5
Minimup gap computed with 8th eigenvalue
Minimup gap: 3.3629842387039623 GHz
At s= 0.5
Minimup gap computed with 8th eigenvalue
Minimup gap: 3.3629842387039623 GHz
At s= 0.5
Minimup gap computed with 8th eigenvalue
Minimup gap: 3.3626445591955463 GHz
At s= 0.498
simulation took 0.0603 sec
41
5
Minimup gap computed with 3th eigenvalue
Minimup gap: 2.7733707227355513 GHz
At s= 0.5
Minimup gap computed with 3th eigenvalue
Minimup gap: 2.660351523448868 GHz
At s= 0.48
Minimup gap computed with 3th eigenvalue
Minimup gap: 2.6562649677243035 GHz
At s= 0.476
simulation took 0.0597 sec
42
5
Minimup gap computed with 10th eigenvalue
Minimup gap: 3.5135735068236134 GHz
At s= 0.5
Minimup gap computed with 10th eigenvalue
Minimup gap: 3.41350171520816 GHz
At s= 0.48
Minimup gap computed with 10th eigenvalue
Minimup gap: 3.4095789977782367 GHz
At s= 0.479
simulation took 0.0602 sec
43
5
Minimup gap computed with 5th eigenvalue
Minimup gap: 2.9003622339416415 GHz
At s= 0.5
Minimup gap computed with 5th eigenvalue
Minimup gap: 2.894911169976967 GHz
At s= 0.49
Minimup gap computed with 5th eigenvalue
Minimup gap: 2.890569510010474 GHz
At s= 0.494
simulation took 0.0606 sec
44
5
Minimup gap computed with 5th eigenvalue
Minimup gap: 2.9003622339416193 GHz
At s= 0.5
Minimup gap computed with 5th eigenvalue
Minimup gap: 2.894911169976988 GHz
At s= 0.49
Minimup gap computed with 5th eigenvalue
Minimup gap: 2.8905695100104687 GHz
At s= 0.494
simulation took 0.0604 sec
45
5
Minimup gap computed with 1th eigenvalue
Minimup gap: 1.6869117018267827 GHz
At s= 0.5
Minimup gap computed with 1th eigenvalue
Minimup gap: 1.377820979715298 GHz
At s= 0.46
Minimup gap computed with 1th eigenvalue
Minimup gap: 1.3772542458069452 GHz
At s= 0.462
simulation took 0.0608 sec
46
5
Minimup gap computed with 3th eigenvalue
Minimup gap: 2.903421737039672 GHz
At s= 0.5
Minimup gap computed with 3th eigenvalue
Minimup gap: 2.6551685559659357 GHz
At s= 0.46
Minimup gap computed with 3th eigenvalue
Minimup gap: 2.6544374289390738 GHz
At s= 0.462
simulation took 0.0808 sec
47
5
Minimup gap computed with 1th eigenvalue
Minimup gap: 1.6869117018267872 GHz
At s= 0.5
Minimup gap computed with 1th eigenvalue
Minimup gap: 1.3778209797153096 GHz
At s= 0.46
Minimup gap computed with 1th eigenvalue
Minimup gap: 1.3772542458069505 GHz
At s= 0.462
simulation took 0.0605 sec
48
5
Minimup gap computed with 1th eigenvalue
Minimup gap: 1.679369087488367 GHz
At s= 0.5
Minimup gap computed with 1th eigenvalue
Minimup gap: 1.3074607899382178 GHz
At s= 0.46
Minimup gap computed with 1th eigenvalue
Minimup gap: 1.3061131052132051 GHz
At s= 0.457
simulation took 0.0606 sec
49
5
Minimup gap computed with 7th eigenvalue
Minimup gap: 3.1988030789491617 GHz
At s= 0.5
Minimup gap computed with 7th eigenvalue
Minimup gap: 3.1988030789491617 GHz
At s= 0.5
Minimup gap computed with 7th eigenvalue
Minimup gap: 3.1988030789491617 GHz
At s= 0.5
simulation took 0.0601 sec
50
5
Minimup gap computed with 4th eigenvalue
Minimup gap: 2.8018530867945994 GHz
At s= 0.5
Minimup gap computed with 4th eigenvalue
Minimup gap: 2.7510302205371855 GHz
At s= 0.46
Minimup gap computed with 4th eigenvalue
Minimup gap: 2.750597456656371 GHz
At s= 0.458
simulation took 0.0604 sec
51
5
Minimup gap computed with 2th eigenvalue
Minimup gap: 2.3290660259591105 GHz
At s= 0.5
Minimup gap computed with 2th eigenvalue
Minimup gap: 2.325612320363215 GHz
At s= 0.49
Minimup gap computed with 2th eigenvalue
Minimup gap: 2.3216581287561224 GHz
At s= 0.494
simulation took 0.0597 sec
52
5
Minimup gap computed with 1th eigenvalue
Minimup gap: 1.7923096018037548 GHz
At s= 0.4
Minimup gap computed with 1th eigenvalue
Minimup gap: 1.4716658821738289 GHz
At s= 0.44
Minimup gap computed with 1th eigenvalue
Minimup gap: 1.4700729462638567 GHz
At s= 0.443
simulation took 0.0599 sec
53
5
Minimup gap computed with 1th eigenvalue
Minimup gap: 2.2338321219749178 GHz
At s= 0.4
Minimup gap computed with 1th eigenvalue
Minimup gap: 1.9022453272703457 GHz
At s= 0.45
Minimup gap computed with 1th eigenvalue
Minimup gap: 1.9022453272703457 GHz
At s= 0.45
simulation took 0.0801 sec
54
5
Minimup gap computed with 12th eigenvalue
Minimup gap: 3.7908365990413255 GHz
At s= 0.5
Minimup gap computed with 12th eigenvalue
Minimup gap: 3.772134926498558 GHz
At s= 0.51
Minimup gap computed with 12th eigenvalue
Minimup gap: 3.772134926498558 GHz
At s= 0.51
simulation took 0.0600 sec
55
5
Minimup gap computed with 1th eigenvalue
Minimup gap: 1.6793690874883622 GHz
At s= 0.5
Minimup gap computed with 1th eigenvalue
Minimup gap: 1.3074607899382213 GHz
At s= 0.46
Minimup gap computed with 1th eigenvalue
Minimup gap: 1.3061131052131874 GHz
At s= 0.457
simulation took 0.0598 sec
56
5
Minimup gap computed with 1th eigenvalue
Minimup gap: 2.1985585185876984 GHz
At s= 0.5
Minimup gap computed with 1th eigenvalue
Minimup gap: 1.9131120629931342 GHz
At s= 0.46
Minimup gap computed with 1th eigenvalue
Minimup gap: 1.9100564211308129 GHz
At s= 0.455
simulation took 0.0598 sec
57
5
Minimup gap computed with 3th eigenvalue
Minimup gap: 2.773370722735544 GHz
At s= 0.5
Minimup gap computed with 3th eigenvalue
Minimup gap: 2.6603515234488575 GHz
At s= 0.48
Minimup gap computed with 3th eigenvalue
Minimup gap: 2.6562649677242938 GHz
At s= 0.476
simulation took 0.0599 sec
58
5
Minimup gap computed with 1th eigenvalue
Minimup gap: 2.198558518587687 GHz
At s= 0.5
Minimup gap computed with 1th eigenvalue
Minimup gap: 1.9131120629931342 GHz
At s= 0.46
Minimup gap computed with 1th eigenvalue
Minimup gap: 1.910056421130819 GHz
At s= 0.455
simulation took 0.0597 sec
59
5
Minimup gap computed with 1th eigenvalue
Minimup gap: 1.6793690874883733 GHz
At s= 0.5
Minimup gap computed with 1th eigenvalue
Minimup gap: 1.3074607899381991 GHz
At s= 0.46
Minimup gap computed with 1th eigenvalue
Minimup gap: 1.306113105213213 GHz
At s= 0.457
simulation took 0.0605 sec
60
5
Minimup gap computed with 3th eigenvalue
Minimup gap: 2.7733707227355446 GHz
At s= 0.5
Minimup gap computed with 3th eigenvalue
Minimup gap: 2.6603515234488526 GHz
At s= 0.48
Minimup gap computed with 3th eigenvalue
Minimup gap: 2.656264967724288 GHz
At s= 0.476
simulation took 0.0598 sec
61
5
Minimup gap computed with 5th eigenvalue
Minimup gap: 2.9003622339416375 GHz
At s= 0.5
Minimup gap computed with 5th eigenvalue
Minimup gap: 2.894911169976976 GHz
At s= 0.49
Minimup gap computed with 5th eigenvalue
Minimup gap: 2.89056951001047 GHz
At s= 0.494
simulation took 0.0818 sec
62
5
Minimup gap computed with 1th eigenvalue
Minimup gap: 1.94236648439278 GHz
At s= 0.5
Minimup gap computed with 1th eigenvalue
Minimup gap: 1.604213910218836 GHz
At s= 0.46
Minimup gap computed with 1th eigenvalue
Minimup gap: 1.6004101720324435 GHz
At s= 0.455
simulation took 0.0598 sec
63
5
Minimup gap computed with 6th eigenvalue
Minimup gap: 2.9899478874190697 GHz
At s= 0.5
Minimup gap computed with 6th eigenvalue
Minimup gap: 2.946161359030058 GHz
At s= 0.48
Minimup gap computed with 6th eigenvalue
Minimup gap: 2.9413932009181214 GHz
At s= 0.485
simulation took 0.0602 sec
64
5
Minimup gap computed with 1th eigenvalue
Minimup gap: 1.6793690874883644 GHz
At s= 0.5
Minimup gap computed with 1th eigenvalue
Minimup gap: 1.3074607899382018 GHz
At s= 0.46
Minimup gap computed with 1th eigenvalue
Minimup gap: 1.306113105213198 GHz
At s= 0.457
simulation took 0.0598 sec
65
5
Minimup gap computed with 1th eigenvalue
Minimup gap: 2.1985585185876984 GHz
At s= 0.5
Minimup gap computed with 1th eigenvalue
Minimup gap: 1.9131120629931297 GHz
At s= 0.46
Minimup gap computed with 1th eigenvalue
Minimup gap: 1.9100564211308084 GHz
At s= 0.455
simulation took 0.0601 sec
66
5
Minimup gap computed with 9th eigenvalue
Minimup gap: 3.7645720240336953 GHz
At s= 0.5
Minimup gap computed with 9th eigenvalue
Minimup gap: 3.532904289784335 GHz
At s= 0.52
Minimup gap computed with 9th eigenvalue
Minimup gap: 3.523163705506168 GHz
At s= 0.516
simulation took 0.0600 sec
67
5
Minimup gap computed with 1th eigenvalue
Minimup gap: 1.7923096018037539 GHz
At s= 0.4
Minimup gap computed with 1th eigenvalue
Minimup gap: 1.4716658821738182 GHz
At s= 0.44
Minimup gap computed with 1th eigenvalue
Minimup gap: 1.4700729462638522 GHz
At s= 0.443
simulation took 0.0600 sec
68
5
Minimup gap computed with 2th eigenvalue
Minimup gap: 2.329066025959129 GHz
At s= 0.5
Minimup gap computed with 2th eigenvalue
Minimup gap: 2.3256123203632124 GHz
At s= 0.49
Minimup gap computed with 2th eigenvalue
Minimup gap: 2.3216581287561118 GHz
At s= 0.494
simulation took 0.0596 sec
69
5
Minimup gap computed with 3th eigenvalue
Minimup gap: 2.9034217370396695 GHz
At s= 0.5
Minimup gap computed with 3th eigenvalue
Minimup gap: 2.655168555965942 GHz
At s= 0.46
Minimup gap computed with 3th eigenvalue
Minimup gap: 2.6544374289390764 GHz
At s= 0.462
simulation took 0.0812 sec
70
5
Minimup gap computed with 1th eigenvalue
Minimup gap: 2.198558518587695 GHz
At s= 0.5
Minimup gap computed with 1th eigenvalue
Minimup gap: 1.913112062993135 GHz
At s= 0.46
Minimup gap computed with 1th eigenvalue
Minimup gap: 1.9100564211308084 GHz
At s= 0.455
simulation took 0.0600 sec
71
5
Minimup gap computed with 7th eigenvalue
Minimup gap: 3.1988030789491515 GHz
At s= 0.5
Minimup gap computed with 7th eigenvalue
Minimup gap: 3.1988030789491515 GHz
At s= 0.5
Minimup gap computed with 7th eigenvalue
Minimup gap: 3.1988030789491515 GHz
At s= 0.5
simulation took 0.0602 sec
72
5
Minimup gap computed with 5th eigenvalue
Minimup gap: 3.2809679256054594 GHz
At s= 0.5
Minimup gap computed with 5th eigenvalue
Minimup gap: 3.2730955476416286 GHz
At s= 0.49
Minimup gap computed with 5th eigenvalue
Minimup gap: 3.2726913385720375 GHz
At s= 0.492
simulation took 0.0601 sec
73
5
Minimup gap computed with 7th eigenvalue
Minimup gap: 3.1988030789491475 GHz
At s= 0.5
Minimup gap computed with 7th eigenvalue
Minimup gap: 3.1988030789491475 GHz
At s= 0.5
Minimup gap computed with 7th eigenvalue
Minimup gap: 3.1988030789491475 GHz
At s= 0.5
simulation took 0.0606 sec
74
5
Minimup gap computed with 8th eigenvalue
Minimup gap: 3.3629842387039615 GHz
At s= 0.5
Minimup gap computed with 8th eigenvalue
Minimup gap: 3.3629842387039615 GHz
At s= 0.5
Minimup gap computed with 8th eigenvalue
Minimup gap: 3.362644559195547 GHz
At s= 0.498
simulation took 0.0603 sec
75
5
Minimup gap computed with 3th eigenvalue
Minimup gap: 2.9034217370396775 GHz
At s= 0.5
Minimup gap computed with 3th eigenvalue
Minimup gap: 2.6551685559659393 GHz
At s= 0.46
Minimup gap computed with 3th eigenvalue
Minimup gap: 2.6544374289390817 GHz
At s= 0.462
simulation took 0.0598 sec
76
5
Minimup gap computed with 3th eigenvalue
Minimup gap: 2.5162934590650963 GHz
At s= 0.5
Minimup gap computed with 3th eigenvalue
Minimup gap: 2.4594097510469624 GHz
At s= 0.49
Minimup gap computed with 3th eigenvalue
Minimup gap: 2.452642460627769 GHz
At s= 0.485
simulation took 0.0814 sec
77
5
Minimup gap computed with 1th eigenvalue
Minimup gap: 1.7923096018037512 GHz
At s= 0.4
Minimup gap computed with 1th eigenvalue
Minimup gap: 1.4716658821738182 GHz
At s= 0.44
Minimup gap computed with 1th eigenvalue
Minimup gap: 1.4700729462638567 GHz
At s= 0.443
simulation took 0.0600 sec
78
5
Minimup gap computed with 1th eigenvalue
Minimup gap: 2.198558518587687 GHz
At s= 0.5
Minimup gap computed with 1th eigenvalue
Minimup gap: 1.9131120629931342 GHz
At s= 0.46
Minimup gap computed with 1th eigenvalue
Minimup gap: 1.910056421130819 GHz
At s= 0.455
simulation took 0.0600 sec
79
5
Minimup gap computed with 3th eigenvalue
Minimup gap: 2.5162934590651176 GHz
At s= 0.5
Minimup gap computed with 3th eigenvalue
Minimup gap: 2.4594097510469664 GHz
At s= 0.49
Minimup gap computed with 3th eigenvalue
Minimup gap: 2.4526424606277866 GHz
At s= 0.485
simulation took 0.0606 sec
80
5
Minimup gap computed with 1th eigenvalue
Minimup gap: 2.703100755935562 GHz
At s= 0.4
Minimup gap computed with 1th eigenvalue
Minimup gap: 2.7020677986251735 GHz
At s= 0.41
Minimup gap computed with 1th eigenvalue
Minimup gap: 2.6990663989726977 GHz
At s= 0.405
simulation took 0.0593 sec
81
5
Minimup gap computed with 1th eigenvalue
Minimup gap: 1.679369087488364 GHz
At s= 0.5
Minimup gap computed with 1th eigenvalue
Minimup gap: 1.3074607899381965 GHz
At s= 0.46
Minimup gap computed with 1th eigenvalue
Minimup gap: 1.3061131052131936 GHz
At s= 0.457
simulation took 0.0599 sec
82
5
Minimup gap computed with 1th eigenvalue
Minimup gap: 1.6793690874883729 GHz
At s= 0.5
Minimup gap computed with 1th eigenvalue
Minimup gap: 1.3074607899382071 GHz
At s= 0.46
Minimup gap computed with 1th eigenvalue
Minimup gap: 1.3061131052131865 GHz
At s= 0.457
simulation took 0.0598 sec
83
5
Minimup gap computed with 4th eigenvalue
Minimup gap: 2.801853086794583 GHz
At s= 0.5
Minimup gap computed with 4th eigenvalue
Minimup gap: 2.751030220537184 GHz
At s= 0.46
Minimup gap computed with 4th eigenvalue
Minimup gap: 2.7505974566563682 GHz
At s= 0.458
simulation took 0.0607 sec
84
5
Minimup gap computed with 1th eigenvalue
Minimup gap: 1.7923096018037468 GHz
At s= 0.4
Minimup gap computed with 1th eigenvalue
Minimup gap: 1.4716658821738164 GHz
At s= 0.44
Minimup gap computed with 1th eigenvalue
Minimup gap: 1.4700729462638478 GHz
At s= 0.443
simulation took 0.0810 sec
85
5
Minimup gap computed with 3th eigenvalue
Minimup gap: 2.7733707227355446 GHz
At s= 0.5
Minimup gap computed with 3th eigenvalue
Minimup gap: 2.6603515234488526 GHz
At s= 0.48
Minimup gap computed with 3th eigenvalue
Minimup gap: 2.656264967724288 GHz
At s= 0.476
simulation took 0.0596 sec
86
5
Minimup gap computed with 1th eigenvalue
Minimup gap: 1.679369087488371 GHz
At s= 0.5
Minimup gap computed with 1th eigenvalue
Minimup gap: 1.3074607899382107 GHz
At s= 0.46
Minimup gap computed with 1th eigenvalue
Minimup gap: 1.3061131052132016 GHz
At s= 0.457
simulation took 0.0596 sec
87
5
Minimup gap computed with 8th eigenvalue
Minimup gap: 3.3629842387039677 GHz
At s= 0.5
Minimup gap computed with 8th eigenvalue
Minimup gap: 3.3629842387039677 GHz
At s= 0.5
Minimup gap computed with 8th eigenvalue
Minimup gap: 3.3626445591955596 GHz
At s= 0.498
simulation took 0.0603 sec
88
5
Minimup gap computed with 5th eigenvalue
Minimup gap: 3.28096792560545 GHz
At s= 0.5
Minimup gap computed with 5th eigenvalue
Minimup gap: 3.273095547641633 GHz
At s= 0.49
Minimup gap computed with 5th eigenvalue
Minimup gap: 3.2726913385720344 GHz
At s= 0.492
simulation took 0.0598 sec
89
5
Minimup gap computed with 1th eigenvalue
Minimup gap: 2.1985585185876984 GHz
At s= 0.5
Minimup gap computed with 1th eigenvalue
Minimup gap: 1.9131120629931253 GHz
At s= 0.46
Minimup gap computed with 1th eigenvalue
Minimup gap: 1.9100564211308049 GHz
At s= 0.455
simulation took 0.0601 sec
90
5
Minimup gap computed with 12th eigenvalue
Minimup gap: 3.7908365990413326 GHz
At s= 0.5
Minimup gap computed with 12th eigenvalue
Minimup gap: 3.7721349264985604 GHz
At s= 0.51
Minimup gap computed with 12th eigenvalue
Minimup gap: 3.7721349264985604 GHz
At s= 0.51
simulation took 0.0603 sec
91
5
Minimup gap computed with 1th eigenvalue
Minimup gap: 1.7923096018037459 GHz
At s= 0.4
Minimup gap computed with 1th eigenvalue
Minimup gap: 1.4716658821738218 GHz
At s= 0.44
Minimup gap computed with 1th eigenvalue
Minimup gap: 1.4700729462638513 GHz
At s= 0.443
simulation took 0.0603 sec
92
5
Minimup gap computed with 9th eigenvalue
Minimup gap: 3.696790190283866 GHz
At s= 0.5
Minimup gap computed with 9th eigenvalue
Minimup gap: 3.5781392418946263 GHz
At s= 0.51
Minimup gap computed with 9th eigenvalue
Minimup gap: 3.5513919685638458 GHz
At s= 0.506
simulation took 0.0806 sec
93
5
Minimup gap computed with 3th eigenvalue
Minimup gap: 2.5162934590651194 GHz
At s= 0.5
Minimup gap computed with 3th eigenvalue
Minimup gap: 2.4594097510469735 GHz
At s= 0.49
Minimup gap computed with 3th eigenvalue
Minimup gap: 2.4526424606278026 GHz
At s= 0.485
simulation took 0.0606 sec
94
5
Minimup gap computed with 8th eigenvalue
Minimup gap: 3.3629842387039597 GHz
At s= 0.5
Minimup gap computed with 8th eigenvalue
Minimup gap: 3.3629842387039597 GHz
At s= 0.5
Minimup gap computed with 8th eigenvalue
Minimup gap: 3.362644559195554 GHz
At s= 0.498
simulation took 0.0602 sec
95
5
Minimup gap computed with 1th eigenvalue
Minimup gap: 1.9423664843927808 GHz
At s= 0.5
Minimup gap computed with 1th eigenvalue
Minimup gap: 1.6042139102188244 GHz
At s= 0.46
Minimup gap computed with 1th eigenvalue
Minimup gap: 1.6004101720324329 GHz
At s= 0.455
simulation took 0.0597 sec
96
5
Minimup gap computed with 8th eigenvalue
Minimup gap: 3.3629842387039552 GHz
At s= 0.5
Minimup gap computed with 8th eigenvalue
Minimup gap: 3.3629842387039552 GHz
At s= 0.5
Minimup gap computed with 8th eigenvalue
Minimup gap: 3.3626445591955454 GHz
At s= 0.498
simulation took 0.0603 sec
97
5
Minimup gap computed with 5th eigenvalue
Minimup gap: 3.2809679256054616 GHz
At s= 0.5
Minimup gap computed with 5th eigenvalue
Minimup gap: 3.2730955476416193 GHz
At s= 0.49
Minimup gap computed with 5th eigenvalue
Minimup gap: 3.2726913385720464 GHz
At s= 0.492
simulation took 0.0596 sec
98
5
Minimup gap computed with 4th eigenvalue
Minimup gap: 2.801853086794602 GHz
At s= 0.5
Minimup gap computed with 4th eigenvalue
Minimup gap: 2.751030220537187 GHz
At s= 0.46
Minimup gap computed with 4th eigenvalue
Minimup gap: 2.750597456656367 GHz
At s= 0.458
simulation took 0.0605 sec
99
5
Minimup gap computed with 1th eigenvalue
Minimup gap: 2.1855551505051265 GHz
At s= 0.4
Minimup gap computed with 1th eigenvalue
Minimup gap: 1.8597528213418375 GHz
At s= 0.45
Minimup gap computed with 1th eigenvalue
Minimup gap: 1.8594444718450314 GHz
At s= 0.448
simulation took 0.0604 sec
