0
10
Minimup gap computed with 1th eigenvalue
Minimup gap: 1.4331415879644176 GHz
At s= 0.4
Minimup gap computed with 1th eigenvalue
Minimup gap: 1.3788736255740943 GHz
At s= 0.42
Minimup gap computed with 1th eigenvalue
Minimup gap: 1.3736954745804688 GHz
At s= 0.415
simulation took 3.8200 sec
1
11
Minimup gap computed with 1th eigenvalue
Minimup gap: 1.7128957110149763 GHz
At s= 0.4
Minimup gap computed with 1th eigenvalue
Minimup gap: 1.7007047963164972 GHz
At s= 0.39
Minimup gap computed with 1th eigenvalue
Minimup gap: 1.6988383417009132 GHz
At s= 0.393
simulation took 19.4169 sec
2
8
Minimup gap computed with 5th eigenvalue
Minimup gap: 2.980078695381664 GHz
At s= 0.5
Minimup gap computed with 5th eigenvalue
Minimup gap: 2.8214313544154965 GHz
At s= 0.47
Minimup gap computed with 5th eigenvalue
Minimup gap: 2.8175789162357407 GHz
At s= 0.465
simulation took 0.3276 sec
3
11
Minimup gap computed with 8th eigenvalue
Minimup gap: 2.5068420669086144 GHz
At s= 0.5
Minimup gap computed with 8th eigenvalue
Minimup gap: 2.3166242987105647 GHz
At s= 0.47
Minimup gap computed with 8th eigenvalue
Minimup gap: 2.3162460861031207 GHz
At s= 0.468
simulation took 19.5923 sec
4
12
Minimup gap computed with 5th eigenvalue
Minimup gap: 2.1470759943375555 GHz
At s= 0.4
Minimup gap computed with 5th eigenvalue
Minimup gap: 1.9255022383720544 GHz
At s= 0.42
Minimup gap computed with 5th eigenvalue
Minimup gap: 1.9218100596657557 GHz
At s= 0.423
simulation took 149.4002 sec
5
7
Minimup gap computed with 9th eigenvalue
Minimup gap: 3.4289221794835125 GHz
At s= 0.5
Minimup gap computed with 9th eigenvalue
Minimup gap: 3.3431652541453474 GHz
At s= 0.48
Minimup gap computed with 9th eigenvalue
Minimup gap: 3.3400923477957427 GHz
At s= 0.478
simulation took 0.1217 sec
6
10
Minimup gap computed with 12th eigenvalue
Minimup gap: 3.1859454469556354 GHz
At s= 0.5
Minimup gap computed with 12th eigenvalue
Minimup gap: 3.0105641425971186 GHz
At s= 0.47
Minimup gap computed with 12th eigenvalue
Minimup gap: 3.010209424092661 GHz
At s= 0.469
simulation took 3.5126 sec
7
12
Minimup gap computed with 5th eigenvalue
Minimup gap: 2.1470759943373032 GHz
At s= 0.4
Minimup gap computed with 5th eigenvalue
Minimup gap: 1.9255022383722746 GHz
At s= 0.42
Minimup gap computed with 5th eigenvalue
Minimup gap: 1.9218100596661571 GHz
At s= 0.423
simulation took 149.8765 sec
8
11
Minimup gap computed with 1th eigenvalue
Minimup gap: 1.5304568966852834 GHz
At s= 0.4
Minimup gap computed with 1th eigenvalue
Minimup gap: 1.49253668508657 GHz
At s= 0.41
Minimup gap computed with 1th eigenvalue
Minimup gap: 1.4903855755245168 GHz
At s= 0.413
simulation took 19.7527 sec
9
10
Minimup gap computed with 1th eigenvalue
Minimup gap: 1.4049949389023908 GHz
At s= 0.4
Minimup gap computed with 1th eigenvalue
Minimup gap: 1.3051677079900443 GHz
At s= 0.42
Minimup gap computed with 1th eigenvalue
Minimup gap: 1.305164121724765 GHz
At s= 0.419
simulation took 3.4692 sec
10
9
Minimup gap computed with 2th eigenvalue
Minimup gap: 2.187798514561891 GHz
At s= 0.4
Minimup gap computed with 2th eigenvalue
Minimup gap: 2.069106320209926 GHz
At s= 0.43
Minimup gap computed with 2th eigenvalue
Minimup gap: 2.06893809184697 GHz
At s= 0.429
simulation took 0.8635 sec
11
8
Minimup gap computed with 6th eigenvalue
Minimup gap: 3.4496315495850745 GHz
At s= 0.5
Minimup gap computed with 6th eigenvalue
Minimup gap: 3.3452868477462356 GHz
At s= 0.47
Minimup gap computed with 6th eigenvalue
Minimup gap: 3.3452123541033068 GHz
At s= 0.469
simulation took 0.2918 sec
12
10
Minimup gap computed with 3th eigenvalue
Minimup gap: 2.5034145349029693 GHz
At s= 0.4
Minimup gap computed with 3th eigenvalue
Minimup gap: 2.398812285670882 GHz
At s= 0.43
Minimup gap computed with 3th eigenvalue
Minimup gap: 2.398689015272005 GHz
At s= 0.431
simulation took 3.6573 sec
13
11
Minimup gap computed with 1th eigenvalue
Minimup gap: 1.5304568966851555 GHz
At s= 0.4
Minimup gap computed with 1th eigenvalue
Minimup gap: 1.4925366850865807 GHz
At s= 0.41
Minimup gap computed with 1th eigenvalue
Minimup gap: 1.4903855755246163 GHz
At s= 0.413
simulation took 19.8113 sec
14
9
Minimup gap computed with 3th eigenvalue
Minimup gap: 2.5214394796032185 GHz
At s= 0.4
Minimup gap computed with 3th eigenvalue
Minimup gap: 2.247548354000857 GHz
At s= 0.45
Minimup gap computed with 3th eigenvalue
Minimup gap: 2.247548354000857 GHz
At s= 0.45
simulation took 0.8717 sec
15
8
Minimup gap computed with 3th eigenvalue
Minimup gap: 2.274985315865111 GHz
At s= 0.5
Minimup gap computed with 3th eigenvalue
Minimup gap: 2.142056768168917 GHz
At s= 0.49
Minimup gap computed with 3th eigenvalue
Minimup gap: 2.081675889353761 GHz
At s= 0.485
simulation took 0.3489 sec
16
13
Minimup gap computed with 3th eigenvalue
Minimup gap: 1.8810753327969785 GHz
At s= 0.4
Minimup gap computed with 3th eigenvalue
Minimup gap: 1.6638925693129352 GHz
At s= 0.42
Minimup gap computed with 3th eigenvalue
Minimup gap: 1.6631384356662942 GHz
At s= 0.419
simulation took 430.4277 sec
17
9
Minimup gap computed with 3th eigenvalue
Minimup gap: 2.182941083023117 GHz
At s= 0.4
Minimup gap computed with 3th eigenvalue
Minimup gap: 1.9532952328469655 GHz
At s= 0.42
Minimup gap computed with 3th eigenvalue
Minimup gap: 1.950137270039976 GHz
At s= 0.425
simulation took 0.8601 sec
18
14
Minimup gap computed with 1th eigenvalue
Minimup gap: 1.084777024979303 GHz
At s= 0.4
Minimup gap computed with 1th eigenvalue
Minimup gap: 1.084777024979303 GHz
At s= 0.4
Minimup gap computed with 1th eigenvalue
Minimup gap: 1.075424793759364 GHz
At s= 0.405
simulation took 1911.1586 sec
19
10
Minimup gap computed with 1th eigenvalue
Minimup gap: 1.404994938902206 GHz
At s= 0.4
Minimup gap computed with 1th eigenvalue
Minimup gap: 1.3051677079902326 GHz
At s= 0.42
Minimup gap computed with 1th eigenvalue
Minimup gap: 1.3051641217248147 GHz
At s= 0.419
simulation took 3.6424 sec
20
7
Minimup gap computed with 9th eigenvalue
Minimup gap: 3.4289221794835436 GHz
At s= 0.5
Minimup gap computed with 9th eigenvalue
Minimup gap: 3.343165254145367 GHz
At s= 0.48
Minimup gap computed with 9th eigenvalue
Minimup gap: 3.3400923477957845 GHz
At s= 0.478
simulation took 0.1378 sec
21
9
Minimup gap computed with 1th eigenvalue
Minimup gap: 1.4644403487806805 GHz
At s= 0.4
Minimup gap computed with 1th eigenvalue
Minimup gap: 1.2114287500647638 GHz
At s= 0.43
Minimup gap computed with 1th eigenvalue
Minimup gap: 1.206166860360197 GHz
At s= 0.435
simulation took 0.8987 sec
22
11
Minimup gap computed with 1th eigenvalue
Minimup gap: 1.530456896685365 GHz
At s= 0.4
Minimup gap computed with 1th eigenvalue
Minimup gap: 1.4925366850867263 GHz
At s= 0.41
Minimup gap computed with 1th eigenvalue
Minimup gap: 1.4903855755248756 GHz
At s= 0.413
simulation took 20.3855 sec
23
10
Minimup gap computed with 1th eigenvalue
Minimup gap: 1.5786062020598983 GHz
At s= 0.4
Minimup gap computed with 1th eigenvalue
Minimup gap: 1.4231064171065029 GHz
At s= 0.43
Minimup gap computed with 1th eigenvalue
Minimup gap: 1.4216872968694432 GHz
At s= 0.427
simulation took 3.6541 sec
24
9
Minimup gap computed with 18th eigenvalue
Minimup gap: 3.428922179483555 GHz
At s= 0.5
Minimup gap computed with 18th eigenvalue
Minimup gap: 3.3758071882170864 GHz
At s= 0.49
Minimup gap computed with 18th eigenvalue
Minimup gap: 3.3597648427009723 GHz
At s= 0.486
simulation took 0.8413 sec
25
10
Minimup gap computed with 3th eigenvalue
Minimup gap: 2.503414534902948 GHz
At s= 0.4
Minimup gap computed with 3th eigenvalue
Minimup gap: 2.3988122856707754 GHz
At s= 0.43
Minimup gap computed with 3th eigenvalue
Minimup gap: 2.398689015271737 GHz
At s= 0.431
simulation took 3.6033 sec
26
9
Minimup gap computed with 3th eigenvalue
Minimup gap: 2.18294108302322 GHz
At s= 0.4
Minimup gap computed with 3th eigenvalue
Minimup gap: 1.9532952328469726 GHz
At s= 0.42
Minimup gap computed with 3th eigenvalue
Minimup gap: 1.9501372700398214 GHz
At s= 0.425
simulation took 0.8877 sec
27
10
Minimup gap computed with 1th eigenvalue
Minimup gap: 1.4331415879641263 GHz
At s= 0.4
Minimup gap computed with 1th eigenvalue
Minimup gap: 1.3788736255742151 GHz
At s= 0.42
Minimup gap computed with 1th eigenvalue
Minimup gap: 1.373695474580522 GHz
At s= 0.415
simulation took 3.7407 sec
28
13
Minimup gap computed with 3th eigenvalue
Minimup gap: 1.8810753327976428 GHz
At s= 0.4
Minimup gap computed with 3th eigenvalue
Minimup gap: 1.6638925693142603 GHz
At s= 0.42
Minimup gap computed with 3th eigenvalue
Minimup gap: 1.6631384356663759 GHz
At s= 0.419
simulation took 414.8094 sec
29
11
Minimup gap computed with 9th eigenvalue
Minimup gap: 2.955921143133999 GHz
At s= 0.5
Minimup gap computed with 9th eigenvalue
Minimup gap: 2.493750032547137 GHz
At s= 0.46
Minimup gap computed with 9th eigenvalue
Minimup gap: 2.493750032547137 GHz
At s= 0.46
simulation took 18.7582 sec
30
11
Minimup gap computed with 7th eigenvalue
Minimup gap: 2.83883386402702 GHz
At s= 0.5
Minimup gap computed with 7th eigenvalue
Minimup gap: 2.4948250671944088 GHz
At s= 0.45
Minimup gap computed with 7th eigenvalue
Minimup gap: 2.4948250671944088 GHz
At s= 0.45
simulation took 18.9712 sec
31
12
Minimup gap computed with 5th eigenvalue
Minimup gap: 2.1470759943373174 GHz
At s= 0.4
Minimup gap computed with 5th eigenvalue
Minimup gap: 1.92550223837263 GHz
At s= 0.42
Minimup gap computed with 5th eigenvalue
Minimup gap: 1.9218100596661323 GHz
At s= 0.423
simulation took 150.4843 sec
32
10
Minimup gap computed with 1th eigenvalue
Minimup gap: 1.5786062020600724 GHz
At s= 0.4
Minimup gap computed with 1th eigenvalue
Minimup gap: 1.4231064171065633 GHz
At s= 0.43
Minimup gap computed with 1th eigenvalue
Minimup gap: 1.4216872968696492 GHz
At s= 0.427
simulation took 3.5869 sec
33
7
Minimup gap computed with 9th eigenvalue
Minimup gap: 3.4289221794835107 GHz
At s= 0.5
Minimup gap computed with 9th eigenvalue
Minimup gap: 3.343165254145344 GHz
At s= 0.48
Minimup gap computed with 9th eigenvalue
Minimup gap: 3.3400923477957623 GHz
At s= 0.478
simulation took 0.1343 sec
34
9
Minimup gap computed with 3th eigenvalue
Minimup gap: 2.182941083023268 GHz
At s= 0.4
Minimup gap computed with 3th eigenvalue
Minimup gap: 1.9532952328471005 GHz
At s= 0.42
Minimup gap computed with 3th eigenvalue
Minimup gap: 1.950137270039896 GHz
At s= 0.425
simulation took 0.8704 sec
35
6
Minimup gap computed with 3th eigenvalue
Minimup gap: 3.4289221794835436 GHz
At s= 0.5
Minimup gap computed with 3th eigenvalue
Minimup gap: 3.337271942552615 GHz
At s= 0.47
Minimup gap computed with 3th eigenvalue
Minimup gap: 3.3354683833473597 GHz
At s= 0.473
simulation took 0.0809 sec
36
8
Minimup gap computed with 5th eigenvalue
Minimup gap: 2.9800786953815717 GHz
At s= 0.5
Minimup gap computed with 5th eigenvalue
Minimup gap: 2.821431354415539 GHz
At s= 0.47
Minimup gap computed with 5th eigenvalue
Minimup gap: 2.8175789162356963 GHz
At s= 0.465
simulation took 0.3144 sec
37
8
Minimup gap computed with 5th eigenvalue
Minimup gap: 2.980078695381602 GHz
At s= 0.5
Minimup gap computed with 5th eigenvalue
Minimup gap: 2.8214313544156457 GHz
At s= 0.47
Minimup gap computed with 5th eigenvalue
Minimup gap: 2.8175789162357106 GHz
At s= 0.465
simulation took 0.3156 sec
38
11
Minimup gap computed with 8th eigenvalue
Minimup gap: 2.50684206690854 GHz
At s= 0.5
Minimup gap computed with 8th eigenvalue
Minimup gap: 2.316624298710657 GHz
At s= 0.47
Minimup gap computed with 8th eigenvalue
Minimup gap: 2.316246086103277 GHz
At s= 0.468
simulation took 19.3065 sec
39
12
Minimup gap computed with 5th eigenvalue
Minimup gap: 2.147075994337108 GHz
At s= 0.4
Minimup gap computed with 5th eigenvalue
Minimup gap: 1.9255022383724558 GHz
At s= 0.42
Minimup gap computed with 5th eigenvalue
Minimup gap: 1.921810059666175 GHz
At s= 0.423
simulation took 153.6428 sec
40
11
Minimup gap computed with 8th eigenvalue
Minimup gap: 2.5068420669087885 GHz
At s= 0.5
Minimup gap computed with 8th eigenvalue
Minimup gap: 2.3166242987107744 GHz
At s= 0.47
Minimup gap computed with 8th eigenvalue
Minimup gap: 2.3162460861033907 GHz
At s= 0.468
simulation took 19.0501 sec
41
9
Minimup gap computed with 3th eigenvalue
Minimup gap: 2.1829410830232856 GHz
At s= 0.4
Minimup gap computed with 3th eigenvalue
Minimup gap: 1.9532952328470827 GHz
At s= 0.42
Minimup gap computed with 3th eigenvalue
Minimup gap: 1.9501372700398019 GHz
At s= 0.425
simulation took 0.8536 sec
42
11
Minimup gap computed with 10th eigenvalue
Minimup gap: 2.410689626829992 GHz
At s= 0.5
Minimup gap computed with 10th eigenvalue
Minimup gap: 2.410498750196595 GHz
At s= 0.49
Minimup gap computed with 10th eigenvalue
Minimup gap: 2.4047280857799755 GHz
At s= 0.495
simulation took 18.3793 sec
43
12
Minimup gap computed with 5th eigenvalue
Minimup gap: 2.1470759943372784 GHz
At s= 0.4
Minimup gap computed with 5th eigenvalue
Minimup gap: 1.925502238372733 GHz
At s= 0.42
Minimup gap computed with 5th eigenvalue
Minimup gap: 1.9218100596664094 GHz
At s= 0.423
simulation took 152.9886 sec
44
12
Minimup gap computed with 5th eigenvalue
Minimup gap: 2.14707599433741 GHz
At s= 0.4
Minimup gap computed with 5th eigenvalue
Minimup gap: 1.925502238371763 GHz
At s= 0.42
Minimup gap computed with 5th eigenvalue
Minimup gap: 1.9218100596660896 GHz
At s= 0.423
simulation took 151.0638 sec
45
14
Minimup gap computed with 1th eigenvalue
Minimup gap: 1.0847770249795836 GHz
At s= 0.4
Minimup gap computed with 1th eigenvalue
Minimup gap: 1.0847770249795836 GHz
At s= 0.4
Minimup gap computed with 1th eigenvalue
Minimup gap: 1.0754247937599395 GHz
At s= 0.405
simulation took 1902.7646 sec
46
9
Minimup gap computed with 3th eigenvalue
Minimup gap: 2.5214394796033393 GHz
At s= 0.4
Minimup gap computed with 3th eigenvalue
Minimup gap: 2.247548354000859 GHz
At s= 0.45
Minimup gap computed with 3th eigenvalue
Minimup gap: 2.247548354000859 GHz
At s= 0.45
simulation took 0.9263 sec
47
14
Minimup gap computed with 1th eigenvalue
Minimup gap: 1.0847770249794344 GHz
At s= 0.4
Minimup gap computed with 1th eigenvalue
Minimup gap: 1.0847770249794344 GHz
At s= 0.4
Minimup gap computed with 1th eigenvalue
Minimup gap: 1.0754247937599075 GHz
At s= 0.405
simulation took 1892.9992 sec
48
9
Minimup gap computed with 1th eigenvalue
Minimup gap: 1.464440348780629 GHz
At s= 0.4
Minimup gap computed with 1th eigenvalue
Minimup gap: 1.2114287500648544 GHz
At s= 0.43
Minimup gap computed with 1th eigenvalue
Minimup gap: 1.2061668603601152 GHz
At s= 0.435
simulation took 0.8813 sec
49
11
Minimup gap computed with 7th eigenvalue
Minimup gap: 2.8388338640270447 GHz
At s= 0.5
Minimup gap computed with 7th eigenvalue
Minimup gap: 2.494825067194384 GHz
At s= 0.45
Minimup gap computed with 7th eigenvalue
Minimup gap: 2.494825067194384 GHz
At s= 0.45
simulation took 20.1408 sec
50
12
Minimup gap computed with 4th eigenvalue
Minimup gap: 2.018956691314056 GHz
At s= 0.4
Minimup gap computed with 4th eigenvalue
Minimup gap: 1.9503081066808186 GHz
At s= 0.42
Minimup gap computed with 4th eigenvalue
Minimup gap: 1.9503081066808186 GHz
At s= 0.42
simulation took 149.8651 sec
51
9
Minimup gap computed with 2th eigenvalue
Minimup gap: 2.18779851456193 GHz
At s= 0.4
Minimup gap computed with 2th eigenvalue
Minimup gap: 2.06910632020994 GHz
At s= 0.43
Minimup gap computed with 2th eigenvalue
Minimup gap: 2.068938091846997 GHz
At s= 0.429
simulation took 0.8171 sec
52
10
Minimup gap computed with 1th eigenvalue
Minimup gap: 1.4331415879645135 GHz
At s= 0.4
Minimup gap computed with 1th eigenvalue
Minimup gap: 1.3788736255742364 GHz
At s= 0.42
Minimup gap computed with 1th eigenvalue
Minimup gap: 1.373695474580387 GHz
At s= 0.415
simulation took 3.5805 sec
53
7
Minimup gap computed with 1th eigenvalue
Minimup gap: 1.9857147430801056 GHz
At s= 0.4
Minimup gap computed with 1th eigenvalue
Minimup gap: 1.7878429984045408 GHz
At s= 0.44
Minimup gap computed with 1th eigenvalue
Minimup gap: 1.7872049756604191 GHz
At s= 0.438
simulation took 0.1810 sec
54
10
Minimup gap computed with 12th eigenvalue
Minimup gap: 3.185945446955431 GHz
At s= 0.5
Minimup gap computed with 12th eigenvalue
Minimup gap: 3.0105641425971648 GHz
At s= 0.47
Minimup gap computed with 12th eigenvalue
Minimup gap: 3.0102094240924533 GHz
At s= 0.469
simulation took 3.4902 sec
55
9
Minimup gap computed with 1th eigenvalue
Minimup gap: 1.4644403487807942 GHz
At s= 0.4
Minimup gap computed with 1th eigenvalue
Minimup gap: 1.2114287500648544 GHz
At s= 0.43
Minimup gap computed with 1th eigenvalue
Minimup gap: 1.2061668603599927 GHz
At s= 0.435
simulation took 0.8765 sec
56
10
Minimup gap computed with 1th eigenvalue
Minimup gap: 1.5786062020599871 GHz
At s= 0.4
Minimup gap computed with 1th eigenvalue
Minimup gap: 1.42310641710624 GHz
At s= 0.43
Minimup gap computed with 1th eigenvalue
Minimup gap: 1.4216872968694219 GHz
At s= 0.427
simulation took 3.5644 sec
57
9
Minimup gap computed with 3th eigenvalue
Minimup gap: 2.1829410830232217 GHz
At s= 0.4
Minimup gap computed with 3th eigenvalue
Minimup gap: 1.953295232847136 GHz
At s= 0.42
Minimup gap computed with 3th eigenvalue
Minimup gap: 1.9501372700399937 GHz
At s= 0.425
simulation took 0.8813 sec
58
10
Minimup gap computed with 1th eigenvalue
Minimup gap: 1.57860620205971 GHz
At s= 0.4
Minimup gap computed with 1th eigenvalue
Minimup gap: 1.423106417106684 GHz
At s= 0.43
Minimup gap computed with 1th eigenvalue
Minimup gap: 1.4216872968695142 GHz
At s= 0.427
simulation took 3.7171 sec
59
9
Minimup gap computed with 1th eigenvalue
Minimup gap: 1.4644403487807676 GHz
At s= 0.4
Minimup gap computed with 1th eigenvalue
Minimup gap: 1.2114287500647407 GHz
At s= 0.43
Minimup gap computed with 1th eigenvalue
Minimup gap: 1.2061668603601277 GHz
At s= 0.435
simulation took 0.8719 sec
60
9
Minimup gap computed with 3th eigenvalue
Minimup gap: 2.1829410830231915 GHz
At s= 0.4
Minimup gap computed with 3th eigenvalue
Minimup gap: 1.9532952328471236 GHz
At s= 0.42
Minimup gap computed with 3th eigenvalue
Minimup gap: 1.9501372700398676 GHz
At s= 0.425
simulation took 0.8677 sec
61
12
Minimup gap computed with 5th eigenvalue
Minimup gap: 2.147075994337488 GHz
At s= 0.4
Minimup gap computed with 5th eigenvalue
Minimup gap: 1.9255022383723315 GHz
At s= 0.42
Minimup gap computed with 5th eigenvalue
Minimup gap: 1.9218100596662282 GHz
At s= 0.423
simulation took 153.9647 sec
62
10
Minimup gap computed with 1th eigenvalue
Minimup gap: 1.4049949389024121 GHz
At s= 0.4
Minimup gap computed with 1th eigenvalue
Minimup gap: 1.3051677079901864 GHz
At s= 0.42
Minimup gap computed with 1th eigenvalue
Minimup gap: 1.305164121724701 GHz
At s= 0.419
simulation took 3.4415 sec
63
12
Minimup gap computed with 6th eigenvalue
Minimup gap: 2.585439011635085 GHz
At s= 0.4
Minimup gap computed with 6th eigenvalue
Minimup gap: 1.9567992188860863 GHz
At s= 0.42
Minimup gap computed with 6th eigenvalue
Minimup gap: 1.952512518335162 GHz
At s= 0.422
simulation took 151.0224 sec
64
9
Minimup gap computed with 1th eigenvalue
Minimup gap: 1.4644403487806166 GHz
At s= 0.4
Minimup gap computed with 1th eigenvalue
Minimup gap: 1.2114287500647034 GHz
At s= 0.43
Minimup gap computed with 1th eigenvalue
Minimup gap: 1.2061668603599998 GHz
At s= 0.435
simulation took 0.8462 sec
65
10
Minimup gap computed with 1th eigenvalue
Minimup gap: 1.5786062020600085 GHz
At s= 0.4
Minimup gap computed with 1th eigenvalue
Minimup gap: 1.4231064171068795 GHz
At s= 0.43
Minimup gap computed with 1th eigenvalue
Minimup gap: 1.4216872968691092 GHz
At s= 0.427
simulation took 3.5422 sec
66
11
Minimup gap computed with 9th eigenvalue
Minimup gap: 2.9559211431341517 GHz
At s= 0.5
Minimup gap computed with 9th eigenvalue
Minimup gap: 2.493750032547151 GHz
At s= 0.46
Minimup gap computed with 9th eigenvalue
Minimup gap: 2.493750032547151 GHz
At s= 0.46
simulation took 19.4892 sec
67
10
Minimup gap computed with 1th eigenvalue
Minimup gap: 1.4331415879645881 GHz
At s= 0.4
Minimup gap computed with 1th eigenvalue
Minimup gap: 1.3788736255743537 GHz
At s= 0.42
Minimup gap computed with 1th eigenvalue
Minimup gap: 1.373695474580412 GHz
At s= 0.415
simulation took 3.6403 sec
68
9
Minimup gap computed with 2th eigenvalue
Minimup gap: 2.187798514561969 GHz
At s= 0.4
Minimup gap computed with 2th eigenvalue
Minimup gap: 2.06910632020997 GHz
At s= 0.43
Minimup gap computed with 2th eigenvalue
Minimup gap: 2.0689380918469915 GHz
At s= 0.429
simulation took 0.8554 sec
69
9
Minimup gap computed with 3th eigenvalue
Minimup gap: 2.521439479603382 GHz
At s= 0.4
Minimup gap computed with 3th eigenvalue
Minimup gap: 2.247548354000868 GHz
At s= 0.45
Minimup gap computed with 3th eigenvalue
Minimup gap: 2.247548354000868 GHz
At s= 0.45
simulation took 0.9115 sec
70
10
Minimup gap computed with 1th eigenvalue
Minimup gap: 1.5786062020597171 GHz
At s= 0.4
Minimup gap computed with 1th eigenvalue
Minimup gap: 1.423106417106471 GHz
At s= 0.43
Minimup gap computed with 1th eigenvalue
Minimup gap: 1.4216872968693899 GHz
At s= 0.427
simulation took 3.5554 sec
71
11
Minimup gap computed with 7th eigenvalue
Minimup gap: 2.838833864027073 GHz
At s= 0.5
Minimup gap computed with 7th eigenvalue
Minimup gap: 2.4948250671941814 GHz
At s= 0.45
Minimup gap computed with 7th eigenvalue
Minimup gap: 2.4948250671941814 GHz
At s= 0.45
simulation took 19.9240 sec
72
8
Minimup gap computed with 5th eigenvalue
Minimup gap: 2.9800786953815006 GHz
At s= 0.5
Minimup gap computed with 5th eigenvalue
Minimup gap: 2.8214313544155907 GHz
At s= 0.47
Minimup gap computed with 5th eigenvalue
Minimup gap: 2.8175789162358384 GHz
At s= 0.465
simulation took 0.3141 sec
73
11
Minimup gap computed with 7th eigenvalue
Minimup gap: 2.8388338640270945 GHz
At s= 0.5
Minimup gap computed with 7th eigenvalue
Minimup gap: 2.4948250671941885 GHz
At s= 0.45
Minimup gap computed with 7th eigenvalue
Minimup gap: 2.4948250671941885 GHz
At s= 0.45
simulation took 19.9048 sec
74
11
Minimup gap computed with 8th eigenvalue
Minimup gap: 2.5068420669087956 GHz
At s= 0.5
Minimup gap computed with 8th eigenvalue
Minimup gap: 2.3166242987107033 GHz
At s= 0.47
Minimup gap computed with 8th eigenvalue
Minimup gap: 2.3162460861032343 GHz
At s= 0.468
simulation took 19.7657 sec
75
9
Minimup gap computed with 3th eigenvalue
Minimup gap: 2.5214394796031883 GHz
At s= 0.4
Minimup gap computed with 3th eigenvalue
Minimup gap: 2.2475483540007364 GHz
At s= 0.45
Minimup gap computed with 3th eigenvalue
Minimup gap: 2.2475483540007364 GHz
At s= 0.45
simulation took 0.8718 sec
76
13
Minimup gap computed with 3th eigenvalue
Minimup gap: 1.8810753327975505 GHz
At s= 0.4
Minimup gap computed with 3th eigenvalue
Minimup gap: 1.6638925693150384 GHz
At s= 0.42
Minimup gap computed with 3th eigenvalue
Minimup gap: 1.6631384356662693 GHz
At s= 0.419
simulation took 415.8269 sec
77
10
Minimup gap computed with 1th eigenvalue
Minimup gap: 1.4331415879642826 GHz
At s= 0.4
Minimup gap computed with 1th eigenvalue
Minimup gap: 1.3788736255744283 GHz
At s= 0.42
Minimup gap computed with 1th eigenvalue
Minimup gap: 1.3736954745802734 GHz
At s= 0.415
simulation took 3.6058 sec
78
10
Minimup gap computed with 1th eigenvalue
Minimup gap: 1.57860620205971 GHz
At s= 0.4
Minimup gap computed with 1th eigenvalue
Minimup gap: 1.423106417106684 GHz
At s= 0.43
Minimup gap computed with 1th eigenvalue
Minimup gap: 1.4216872968695142 GHz
At s= 0.427
simulation took 3.5391 sec
79
13
Minimup gap computed with 3th eigenvalue
Minimup gap: 1.8810753327979484 GHz
At s= 0.4
Minimup gap computed with 3th eigenvalue
Minimup gap: 1.6638925693140294 GHz
At s= 0.42
Minimup gap computed with 3th eigenvalue
Minimup gap: 1.6631384356660135 GHz
At s= 0.419
simulation took 416.1599 sec
80
8
Minimup gap computed with 1th eigenvalue
Minimup gap: 2.4989257814879533 GHz
At s= 0.4
Minimup gap computed with 1th eigenvalue
Minimup gap: 2.4008968364357273 GHz
At s= 0.43
Minimup gap computed with 1th eigenvalue
Minimup gap: 2.400886419351828 GHz
At s= 0.431
simulation took 0.2911 sec
81
9
Minimup gap computed with 1th eigenvalue
Minimup gap: 1.4644403487807462 GHz
At s= 0.4
Minimup gap computed with 1th eigenvalue
Minimup gap: 1.2114287500646945 GHz
At s= 0.43
Minimup gap computed with 1th eigenvalue
Minimup gap: 1.206166860360046 GHz
At s= 0.435
simulation took 0.8832 sec
82
9
Minimup gap computed with 1th eigenvalue
Minimup gap: 1.4644403487806645 GHz
At s= 0.4
Minimup gap computed with 1th eigenvalue
Minimup gap: 1.2114287500648313 GHz
At s= 0.43
Minimup gap computed with 1th eigenvalue
Minimup gap: 1.206166860360435 GHz
At s= 0.435
simulation took 0.8749 sec
83
12
Minimup gap computed with 4th eigenvalue
Minimup gap: 2.0189566913141412 GHz
At s= 0.4
Minimup gap computed with 4th eigenvalue
Minimup gap: 1.950308106680719 GHz
At s= 0.42
Minimup gap computed with 4th eigenvalue
Minimup gap: 1.950308106680719 GHz
At s= 0.42
simulation took 145.2809 sec
84
10
Minimup gap computed with 1th eigenvalue
Minimup gap: 1.433141587964517 GHz
At s= 0.4
Minimup gap computed with 1th eigenvalue
Minimup gap: 1.3788736255740588 GHz
At s= 0.42
Minimup gap computed with 1th eigenvalue
Minimup gap: 1.3736954745805257 GHz
At s= 0.415
simulation took 3.6587 sec
85
9
Minimup gap computed with 3th eigenvalue
Minimup gap: 2.1829410830231915 GHz
At s= 0.4
Minimup gap computed with 3th eigenvalue
Minimup gap: 1.9532952328471236 GHz
At s= 0.42
Minimup gap computed with 3th eigenvalue
Minimup gap: 1.9501372700398676 GHz
At s= 0.425
simulation took 0.8830 sec
86
9
Minimup gap computed with 1th eigenvalue
Minimup gap: 1.4644403487807534 GHz
At s= 0.4
Minimup gap computed with 1th eigenvalue
Minimup gap: 1.2114287500647443 GHz
At s= 0.43
Minimup gap computed with 1th eigenvalue
Minimup gap: 1.206166860360085 GHz
At s= 0.435
simulation took 0.8847 sec
87
11
Minimup gap computed with 8th eigenvalue
Minimup gap: 2.50684206690881 GHz
At s= 0.5
Minimup gap computed with 8th eigenvalue
Minimup gap: 2.3166242987106216 GHz
At s= 0.47
Minimup gap computed with 8th eigenvalue
Minimup gap: 2.3162460861032415 GHz
At s= 0.468
simulation took 20.2206 sec
88
8
Minimup gap computed with 5th eigenvalue
Minimup gap: 2.980078695381625 GHz
At s= 0.5
Minimup gap computed with 5th eigenvalue
Minimup gap: 2.821431354415564 GHz
At s= 0.47
Minimup gap computed with 5th eigenvalue
Minimup gap: 2.817578916235753 GHz
At s= 0.465
simulation took 0.3182 sec
89
10
Minimup gap computed with 1th eigenvalue
Minimup gap: 1.5786062020597136 GHz
At s= 0.4
Minimup gap computed with 1th eigenvalue
Minimup gap: 1.4231064171066308 GHz
At s= 0.43
Minimup gap computed with 1th eigenvalue
Minimup gap: 1.4216872968691128 GHz
At s= 0.427
simulation took 3.6674 sec
90
10
Minimup gap computed with 12th eigenvalue
Minimup gap: 3.1859454469554027 GHz
At s= 0.5
Minimup gap computed with 12th eigenvalue
Minimup gap: 3.010564142597069 GHz
At s= 0.47
Minimup gap computed with 12th eigenvalue
Minimup gap: 3.0102094240926096 GHz
At s= 0.469
simulation took 3.6520 sec
91
10
Minimup gap computed with 1th eigenvalue
Minimup gap: 1.43314158796451 GHz
At s= 0.4
Minimup gap computed with 1th eigenvalue
Minimup gap: 1.378873625574208 GHz
At s= 0.42
Minimup gap computed with 1th eigenvalue
Minimup gap: 1.373695474580387 GHz
At s= 0.415
simulation took 3.7320 sec
92
7
Minimup gap computed with 9th eigenvalue
Minimup gap: 3.42892217948355 GHz
At s= 0.5
Minimup gap computed with 9th eigenvalue
Minimup gap: 3.3431652541453367 GHz
At s= 0.48
Minimup gap computed with 9th eigenvalue
Minimup gap: 3.340092347795773 GHz
At s= 0.478
simulation took 0.1748 sec
93
13
Minimup gap computed with 3th eigenvalue
Minimup gap: 1.8810753327977672 GHz
At s= 0.4
Minimup gap computed with 3th eigenvalue
Minimup gap: 1.6638925693144913 GHz
At s= 0.42
Minimup gap computed with 3th eigenvalue
Minimup gap: 1.6631384356659709 GHz
At s= 0.419
simulation took 409.5782 sec
94
11
Minimup gap computed with 8th eigenvalue
Minimup gap: 2.5068420669085825 GHz
At s= 0.5
Minimup gap computed with 8th eigenvalue
Minimup gap: 2.316624298710444 GHz
At s= 0.47
Minimup gap computed with 8th eigenvalue
Minimup gap: 2.3162460861031455 GHz
At s= 0.468
simulation took 19.8512 sec
95
10
Minimup gap computed with 1th eigenvalue
Minimup gap: 1.4049949389021457 GHz
At s= 0.4
Minimup gap computed with 1th eigenvalue
Minimup gap: 1.305167707990062 GHz
At s= 0.42
Minimup gap computed with 1th eigenvalue
Minimup gap: 1.305164121724836 GHz
At s= 0.419
simulation took 3.5269 sec
96
11
Minimup gap computed with 8th eigenvalue
Minimup gap: 2.5068420669084546 GHz
At s= 0.5
Minimup gap computed with 8th eigenvalue
Minimup gap: 2.3166242987105115 GHz
At s= 0.47
Minimup gap computed with 8th eigenvalue
Minimup gap: 2.316246086103259 GHz
At s= 0.468
simulation took 19.9641 sec
97
8
Minimup gap computed with 5th eigenvalue
Minimup gap: 2.9800786953816 GHz
At s= 0.5
Minimup gap computed with 5th eigenvalue
Minimup gap: 2.8214313544155765 GHz
At s= 0.47
Minimup gap computed with 5th eigenvalue
Minimup gap: 2.817578916235714 GHz
At s= 0.465
simulation took 0.3132 sec
98
12
Minimup gap computed with 4th eigenvalue
Minimup gap: 2.0189566913141697 GHz
At s= 0.4
Minimup gap computed with 4th eigenvalue
Minimup gap: 1.950308106680776 GHz
At s= 0.42
Minimup gap computed with 4th eigenvalue
Minimup gap: 1.950308106680776 GHz
At s= 0.42
simulation took 146.1171 sec
99
11
Minimup gap computed with 1th eigenvalue
Minimup gap: 1.5304568966850134 GHz
At s= 0.4
Minimup gap computed with 1th eigenvalue
Minimup gap: 1.492536685086435 GHz
At s= 0.41
Minimup gap computed with 1th eigenvalue
Minimup gap: 1.490385575524968 GHz
At s= 0.413
simulation took 19.9321 sec
