0
5
Minimup gap computed with 1th eigenvalue
Minimup gap: 2.0198979712010754 GHz
At s= 0.4
Minimup gap computed with 1th eigenvalue
Minimup gap: 1.9725053067400058 GHz
At s= 0.38
Minimup gap computed with 1th eigenvalue
Minimup gap: 1.9724345574787083 GHz
At s= 0.381
simulation took 0.1252 sec
1
5
Minimup gap computed with 1th eigenvalue
Minimup gap: 2.5035137950451656 GHz
At s= 0.4
Minimup gap computed with 1th eigenvalue
Minimup gap: 2.3593182383864395 GHz
At s= 0.36
Minimup gap computed with 1th eigenvalue
Minimup gap: 2.3593096372044755 GHz
At s= 0.361
simulation took 0.0821 sec
2
5
Minimup gap computed with 3th eigenvalue
Minimup gap: 3.4944666935050197 GHz
At s= 0.4
Minimup gap computed with 3th eigenvalue
Minimup gap: 3.347276151276235 GHz
At s= 0.45
Minimup gap computed with 3th eigenvalue
Minimup gap: 3.3467689890712577 GHz
At s= 0.447
simulation took 0.0646 sec
3
5
Minimup gap computed with 4th eigenvalue
Minimup gap: 3.494946324993812 GHz
At s= 0.5
Minimup gap computed with 4th eigenvalue
Minimup gap: 3.3871754404308163 GHz
At s= 0.46
Minimup gap computed with 4th eigenvalue
Minimup gap: 3.385903610561247 GHz
At s= 0.463
simulation took 0.0585 sec
4
5
Minimup gap computed with 3th eigenvalue
Minimup gap: 3.164171502480997 GHz
At s= 0.4
Minimup gap computed with 3th eigenvalue
Minimup gap: 2.975670988644808 GHz
At s= 0.44
Minimup gap computed with 3th eigenvalue
Minimup gap: 2.975670988644808 GHz
At s= 0.44
simulation took 0.0586 sec
5
5
Minimup gap computed with 4th eigenvalue
Minimup gap: 3.4944666935050366 GHz
At s= 0.4
Minimup gap computed with 4th eigenvalue
Minimup gap: 3.347276151276212 GHz
At s= 0.45
Minimup gap computed with 4th eigenvalue
Minimup gap: 3.346768989071256 GHz
At s= 0.447
simulation took 0.0574 sec
6
5
Minimup gap computed with 5th eigenvalue
Minimup gap: 3.661998380327038 GHz
At s= 0.5
Minimup gap computed with 5th eigenvalue
Minimup gap: 3.633255338791013 GHz
At s= 0.48
Minimup gap computed with 5th eigenvalue
Minimup gap: 3.633177344391994 GHz
At s= 0.481
simulation took 0.0582 sec
7
5
Minimup gap computed with 3th eigenvalue
Minimup gap: 3.1641715024810253 GHz
At s= 0.4
Minimup gap computed with 3th eigenvalue
Minimup gap: 2.975670988644797 GHz
At s= 0.44
Minimup gap computed with 3th eigenvalue
Minimup gap: 2.975670988644797 GHz
At s= 0.44
simulation took 0.0588 sec
8
5
Minimup gap computed with 1th eigenvalue
Minimup gap: 2.4045082132551343 GHz
At s= 0.4
Minimup gap computed with 1th eigenvalue
Minimup gap: 2.403550011141231 GHz
At s= 0.39
Minimup gap computed with 1th eigenvalue
Minimup gap: 2.401245200748086 GHz
At s= 0.395
simulation took 0.0911 sec
9
5
Minimup gap computed with 1th eigenvalue
Minimup gap: 2.0289137295184325 GHz
At s= 0.4
Minimup gap computed with 1th eigenvalue
Minimup gap: 2.0289137295184325 GHz
At s= 0.4
Minimup gap computed with 1th eigenvalue
Minimup gap: 2.028425132896265 GHz
At s= 0.398
simulation took 0.0581 sec
10
5
Minimup gap computed with 2th eigenvalue
Minimup gap: 3.2300603250650664 GHz
At s= 0.5
Minimup gap computed with 2th eigenvalue
Minimup gap: 2.931693675355893 GHz
At s= 0.45
Minimup gap computed with 2th eigenvalue
Minimup gap: 2.9304329013445756 GHz
At s= 0.447
simulation took 0.0573 sec
11
5
Minimup gap computed with 3th eigenvalue
Minimup gap: 3.4944666935050304 GHz
At s= 0.4
Minimup gap computed with 3th eigenvalue
Minimup gap: 3.3472761512761924 GHz
At s= 0.45
Minimup gap computed with 3th eigenvalue
Minimup gap: 3.346768989071231 GHz
At s= 0.447
simulation took 0.0572 sec
12
5
Minimup gap computed with 2th eigenvalue
Minimup gap: 3.385949898546233 GHz
At s= 0.4
Minimup gap computed with 2th eigenvalue
Minimup gap: 3.3090991361864237 GHz
At s= 0.44
Minimup gap computed with 2th eigenvalue
Minimup gap: 3.308720074617174 GHz
At s= 0.437
simulation took 0.0578 sec
13
5
Minimup gap computed with 1th eigenvalue
Minimup gap: 2.404508213255138 GHz
At s= 0.4
Minimup gap computed with 1th eigenvalue
Minimup gap: 2.403550011141263 GHz
At s= 0.39
Minimup gap computed with 1th eigenvalue
Minimup gap: 2.4012452007481 GHz
At s= 0.395
simulation took 0.0583 sec
14
5
Minimup gap computed with 2th eigenvalue
Minimup gap: 2.8727004430565337 GHz
At s= 0.4
Minimup gap computed with 2th eigenvalue
Minimup gap: 2.860002816638234 GHz
At s= 0.41
Minimup gap computed with 2th eigenvalue
Minimup gap: 2.8594893217088995 GHz
At s= 0.413
simulation took 0.0579 sec
15
5
Minimup gap computed with 2th eigenvalue
Minimup gap: 2.465147455578707 GHz
At s= 0.4
Minimup gap computed with 2th eigenvalue
Minimup gap: 2.465147455578707 GHz
At s= 0.4
Minimup gap computed with 2th eigenvalue
Minimup gap: 2.464638259545895 GHz
At s= 0.398
simulation took 0.0881 sec
16
5
Minimup gap computed with 2th eigenvalue
Minimup gap: 2.457192526077801 GHz
At s= 0.4
Minimup gap computed with 2th eigenvalue
Minimup gap: 2.4415692930245037 GHz
At s= 0.41
Minimup gap computed with 2th eigenvalue
Minimup gap: 2.4411734609528466 GHz
At s= 0.412
simulation took 0.0583 sec
17
5
Minimup gap computed with 2th eigenvalue
Minimup gap: 2.8527054493656223 GHz
At s= 0.4
Minimup gap computed with 2th eigenvalue
Minimup gap: 2.8243523918865083 GHz
At s= 0.42
Minimup gap computed with 2th eigenvalue
Minimup gap: 2.824275796525683 GHz
At s= 0.419
simulation took 0.0578 sec
18
5
Minimup gap computed with 1th eigenvalue
Minimup gap: 1.7377108560802839 GHz
At s= 0.4
Minimup gap computed with 1th eigenvalue
Minimup gap: 1.7377108560802839 GHz
At s= 0.4
Minimup gap computed with 1th eigenvalue
Minimup gap: 1.7339283363952411 GHz
At s= 0.405
simulation took 0.0719 sec
19
5
Minimup gap computed with 1th eigenvalue
Minimup gap: 2.028913729518461 GHz
At s= 0.4
Minimup gap computed with 1th eigenvalue
Minimup gap: 2.028913729518461 GHz
At s= 0.4
Minimup gap computed with 1th eigenvalue
Minimup gap: 2.028425132896251 GHz
At s= 0.398
simulation took 0.0599 sec
20
5
Minimup gap computed with 4th eigenvalue
Minimup gap: 3.4944666935050437 GHz
At s= 0.4
Minimup gap computed with 4th eigenvalue
Minimup gap: 3.347276151276218 GHz
At s= 0.45
Minimup gap computed with 4th eigenvalue
Minimup gap: 3.346768989071255 GHz
At s= 0.447
simulation took 0.0570 sec
21
5
Minimup gap computed with 1th eigenvalue
Minimup gap: 1.885261438484946 GHz
At s= 0.4
Minimup gap computed with 1th eigenvalue
Minimup gap: 1.8667467464659513 GHz
At s= 0.39
Minimup gap computed with 1th eigenvalue
Minimup gap: 1.8665107237214613 GHz
At s= 0.389
simulation took 0.0577 sec
22
5
Minimup gap computed with 1th eigenvalue
Minimup gap: 2.404508213255152 GHz
At s= 0.4
Minimup gap computed with 1th eigenvalue
Minimup gap: 2.403550011141231 GHz
At s= 0.39
Minimup gap computed with 1th eigenvalue
Minimup gap: 2.401245200748111 GHz
At s= 0.395
simulation took 0.0581 sec
23
5
Minimup gap computed with 1th eigenvalue
Minimup gap: 2.336294719965812 GHz
At s= 0.4
Minimup gap computed with 1th eigenvalue
Minimup gap: 2.336294719965812 GHz
At s= 0.4
Minimup gap computed with 1th eigenvalue
Minimup gap: 2.336288985213505 GHz
At s= 0.401
simulation took 0.1310 sec
24
5
Minimup gap computed with 6th eigenvalue
Minimup gap: 3.819780165909993 GHz
At s= 0.5
Minimup gap computed with 6th eigenvalue
Minimup gap: 3.819780165909993 GHz
At s= 0.5
Minimup gap computed with 6th eigenvalue
Minimup gap: 3.818277402417934 GHz
At s= 0.496
simulation took 0.0573 sec
25
5
Minimup gap computed with 2th eigenvalue
Minimup gap: 3.385949898546224 GHz
At s= 0.4
Minimup gap computed with 2th eigenvalue
Minimup gap: 3.3090991361863935 GHz
At s= 0.44
Minimup gap computed with 2th eigenvalue
Minimup gap: 3.308720074617119 GHz
At s= 0.437
simulation took 0.0577 sec
26
5
Minimup gap computed with 2th eigenvalue
Minimup gap: 2.852705449365626 GHz
At s= 0.4
Minimup gap computed with 2th eigenvalue
Minimup gap: 2.8243523918865208 GHz
At s= 0.42
Minimup gap computed with 2th eigenvalue
Minimup gap: 2.824275796525656 GHz
At s= 0.419
simulation took 0.0574 sec
27
5
Minimup gap computed with 1th eigenvalue
Minimup gap: 2.019897971201029 GHz
At s= 0.4
Minimup gap computed with 1th eigenvalue
Minimup gap: 1.9725053067399756 GHz
At s= 0.38
Minimup gap computed with 1th eigenvalue
Minimup gap: 1.9724345574786888 GHz
At s= 0.381
simulation took 0.0576 sec
28
5
Minimup gap computed with 2th eigenvalue
Minimup gap: 2.457192526077776 GHz
At s= 0.4
Minimup gap computed with 2th eigenvalue
Minimup gap: 2.441569293024436 GHz
At s= 0.41
Minimup gap computed with 2th eigenvalue
Minimup gap: 2.441173460952882 GHz
At s= 0.412
simulation took 0.0586 sec
29
5
Minimup gap computed with 4th eigenvalue
Minimup gap: 3.450099946524002 GHz
At s= 0.5
Minimup gap computed with 4th eigenvalue
Minimup gap: 3.2921983780394513 GHz
At s= 0.45
Minimup gap computed with 4th eigenvalue
Minimup gap: 3.291413455171142 GHz
At s= 0.453
simulation took 0.0579 sec
30
5
Minimup gap computed with 4th eigenvalue
Minimup gap: 3.476552620317044 GHz
At s= 0.5
Minimup gap computed with 4th eigenvalue
Minimup gap: 3.379880422166565 GHz
At s= 0.47
Minimup gap computed with 4th eigenvalue
Minimup gap: 3.3790002031395296 GHz
At s= 0.467
simulation took 0.0580 sec
31
5
Minimup gap computed with 3th eigenvalue
Minimup gap: 3.164171502481004 GHz
At s= 0.4
Minimup gap computed with 3th eigenvalue
Minimup gap: 2.9756709886448007 GHz
At s= 0.44
Minimup gap computed with 3th eigenvalue
Minimup gap: 2.9756709886448007 GHz
At s= 0.44
simulation took 0.0802 sec
32
5
Minimup gap computed with 1th eigenvalue
Minimup gap: 2.3362947199658333 GHz
At s= 0.4
Minimup gap computed with 1th eigenvalue
Minimup gap: 2.3362947199658333 GHz
At s= 0.4
Minimup gap computed with 1th eigenvalue
Minimup gap: 2.336288985213514 GHz
At s= 0.401
simulation took 0.0579 sec
33
5
Minimup gap computed with 4th eigenvalue
Minimup gap: 3.4944666935050233 GHz
At s= 0.4
Minimup gap computed with 4th eigenvalue
Minimup gap: 3.347276151276229 GHz
At s= 0.45
Minimup gap computed with 4th eigenvalue
Minimup gap: 3.3467689890712524 GHz
At s= 0.447
simulation took 0.0565 sec
34
5
Minimup gap computed with 2th eigenvalue
Minimup gap: 2.852705449365626 GHz
At s= 0.4
Minimup gap computed with 2th eigenvalue
Minimup gap: 2.824352391886535 GHz
At s= 0.42
Minimup gap computed with 2th eigenvalue
Minimup gap: 2.8242757965256793 GHz
At s= 0.419
simulation took 0.0573 sec
35
5
Minimup gap computed with 2th eigenvalue
Minimup gap: 3.494466693505025 GHz
At s= 0.4
Minimup gap computed with 2th eigenvalue
Minimup gap: 3.3472761512762386 GHz
At s= 0.45
Minimup gap computed with 2th eigenvalue
Minimup gap: 3.3467689890712533 GHz
At s= 0.447
simulation took 0.0563 sec
36
5
Minimup gap computed with 3th eigenvalue
Minimup gap: 3.4944666935050215 GHz
At s= 0.4
Minimup gap computed with 3th eigenvalue
Minimup gap: 3.34727615127621 GHz
At s= 0.45
Minimup gap computed with 3th eigenvalue
Minimup gap: 3.346768989071256 GHz
At s= 0.447
simulation took 0.0577 sec
37
5
Minimup gap computed with 3th eigenvalue
Minimup gap: 3.494466693505025 GHz
At s= 0.4
Minimup gap computed with 3th eigenvalue
Minimup gap: 3.347276151276221 GHz
At s= 0.45
Minimup gap computed with 3th eigenvalue
Minimup gap: 3.3467689890712684 GHz
At s= 0.447
simulation took 0.0573 sec
38
5
Minimup gap computed with 4th eigenvalue
Minimup gap: 3.49494632499378 GHz
At s= 0.5
Minimup gap computed with 4th eigenvalue
Minimup gap: 3.3871754404308554 GHz
At s= 0.46
Minimup gap computed with 4th eigenvalue
Minimup gap: 3.385903610561236 GHz
At s= 0.463
simulation took 0.0797 sec
39
5
Minimup gap computed with 3th eigenvalue
Minimup gap: 3.1641715024810715 GHz
At s= 0.4
Minimup gap computed with 3th eigenvalue
Minimup gap: 2.9756709886448043 GHz
At s= 0.44
Minimup gap computed with 3th eigenvalue
Minimup gap: 2.9756709886448043 GHz
At s= 0.44
simulation took 0.0580 sec
40
5
Minimup gap computed with 4th eigenvalue
Minimup gap: 3.494946324993773 GHz
At s= 0.5
Minimup gap computed with 4th eigenvalue
Minimup gap: 3.387175440430873 GHz
At s= 0.46
Minimup gap computed with 4th eigenvalue
Minimup gap: 3.3859036105611793 GHz
At s= 0.463
simulation took 0.0579 sec
41
5
Minimup gap computed with 2th eigenvalue
Minimup gap: 2.8527054493656046 GHz
At s= 0.4
Minimup gap computed with 2th eigenvalue
Minimup gap: 2.8243523918865243 GHz
At s= 0.42
Minimup gap computed with 2th eigenvalue
Minimup gap: 2.8242757965256686 GHz
At s= 0.419
simulation took 0.0573 sec
42
5
Minimup gap computed with 4th eigenvalue
Minimup gap: 3.4944666935050446 GHz
At s= 0.4
Minimup gap computed with 4th eigenvalue
Minimup gap: 3.3472761512762332 GHz
At s= 0.45
Minimup gap computed with 4th eigenvalue
Minimup gap: 3.346768989071247 GHz
At s= 0.447
simulation took 0.0576 sec
43
5
Minimup gap computed with 3th eigenvalue
Minimup gap: 3.1641715024810004 GHz
At s= 0.4
Minimup gap computed with 3th eigenvalue
Minimup gap: 2.9756709886447936 GHz
At s= 0.44
Minimup gap computed with 3th eigenvalue
Minimup gap: 2.9756709886447936 GHz
At s= 0.44
simulation took 0.0580 sec
44
5
Minimup gap computed with 3th eigenvalue
Minimup gap: 3.1641715024810004 GHz
At s= 0.4
Minimup gap computed with 3th eigenvalue
Minimup gap: 2.975670988644758 GHz
At s= 0.44
Minimup gap computed with 3th eigenvalue
Minimup gap: 2.975670988644758 GHz
At s= 0.44
simulation took 0.0583 sec
45
5
Minimup gap computed with 1th eigenvalue
Minimup gap: 1.737710856080323 GHz
At s= 0.4
Minimup gap computed with 1th eigenvalue
Minimup gap: 1.737710856080323 GHz
At s= 0.4
Minimup gap computed with 1th eigenvalue
Minimup gap: 1.733928336395305 GHz
At s= 0.405
simulation took 0.0585 sec
46
5
Minimup gap computed with 2th eigenvalue
Minimup gap: 2.8727004430565746 GHz
At s= 0.4
Minimup gap computed with 2th eigenvalue
Minimup gap: 2.860002816638202 GHz
At s= 0.41
Minimup gap computed with 2th eigenvalue
Minimup gap: 2.859489321708871 GHz
At s= 0.413
simulation took 0.0794 sec
47
5
Minimup gap computed with 1th eigenvalue
Minimup gap: 1.7377108560802945 GHz
At s= 0.4
Minimup gap computed with 1th eigenvalue
Minimup gap: 1.7377108560802945 GHz
At s= 0.4
Minimup gap computed with 1th eigenvalue
Minimup gap: 1.7339283363952909 GHz
At s= 0.405
simulation took 0.0581 sec
48
5
Minimup gap computed with 1th eigenvalue
Minimup gap: 1.8852614384849797 GHz
At s= 0.4
Minimup gap computed with 1th eigenvalue
Minimup gap: 1.8667467464659424 GHz
At s= 0.39
Minimup gap computed with 1th eigenvalue
Minimup gap: 1.8665107237214613 GHz
At s= 0.389
simulation took 0.0576 sec
49
5
Minimup gap computed with 4th eigenvalue
Minimup gap: 3.4765526203170687 GHz
At s= 0.5
Minimup gap computed with 4th eigenvalue
Minimup gap: 3.379880422166579 GHz
At s= 0.47
Minimup gap computed with 4th eigenvalue
Minimup gap: 3.3790002031394906 GHz
At s= 0.467
simulation took 0.0578 sec
50
5
Minimup gap computed with 3th eigenvalue
Minimup gap: 3.2757599964793656 GHz
At s= 0.5
Minimup gap computed with 3th eigenvalue
Minimup gap: 3.03009038251108 GHz
At s= 0.45
Minimup gap computed with 3th eigenvalue
Minimup gap: 3.03009038251108 GHz
At s= 0.45
simulation took 0.0589 sec
51
5
Minimup gap computed with 2th eigenvalue
Minimup gap: 3.230060325065091 GHz
At s= 0.5
Minimup gap computed with 2th eigenvalue
Minimup gap: 2.9316936753559 GHz
At s= 0.45
Minimup gap computed with 2th eigenvalue
Minimup gap: 2.9304329013446235 GHz
At s= 0.447
simulation took 0.0572 sec
52
5
Minimup gap computed with 1th eigenvalue
Minimup gap: 2.019897971201038 GHz
At s= 0.4
Minimup gap computed with 1th eigenvalue
Minimup gap: 1.972505306740013 GHz
At s= 0.38
Minimup gap computed with 1th eigenvalue
Minimup gap: 1.9724345574786923 GHz
At s= 0.381
simulation took 0.0575 sec
53
5
Minimup gap computed with 1th eigenvalue
Minimup gap: 2.4651474555786983 GHz
At s= 0.4
Minimup gap computed with 1th eigenvalue
Minimup gap: 2.4651474555786983 GHz
At s= 0.4
Minimup gap computed with 1th eigenvalue
Minimup gap: 2.464638259545895 GHz
At s= 0.398
simulation took 0.0791 sec
54
5
Minimup gap computed with 5th eigenvalue
Minimup gap: 3.661998380327054 GHz
At s= 0.5
Minimup gap computed with 5th eigenvalue
Minimup gap: 3.633255338791013 GHz
At s= 0.48
Minimup gap computed with 5th eigenvalue
Minimup gap: 3.6331773443919886 GHz
At s= 0.481
simulation took 0.0576 sec
55
5
Minimup gap computed with 1th eigenvalue
Minimup gap: 1.885261438484953 GHz
At s= 0.4
Minimup gap computed with 1th eigenvalue
Minimup gap: 1.8667467464659708 GHz
At s= 0.39
Minimup gap computed with 1th eigenvalue
Minimup gap: 1.8665107237214684 GHz
At s= 0.389
simulation took 0.0577 sec
56
5
Minimup gap computed with 1th eigenvalue
Minimup gap: 2.336294719965787 GHz
At s= 0.4
Minimup gap computed with 1th eigenvalue
Minimup gap: 2.336294719965787 GHz
At s= 0.4
Minimup gap computed with 1th eigenvalue
Minimup gap: 2.336288985213484 GHz
At s= 0.401
simulation took 0.0575 sec
57
5
Minimup gap computed with 2th eigenvalue
Minimup gap: 2.8527054493656276 GHz
At s= 0.4
Minimup gap computed with 2th eigenvalue
Minimup gap: 2.8243523918865208 GHz
At s= 0.42
Minimup gap computed with 2th eigenvalue
Minimup gap: 2.824275796525665 GHz
At s= 0.419
simulation took 0.0573 sec
58
5
Minimup gap computed with 1th eigenvalue
Minimup gap: 2.336294719965821 GHz
At s= 0.4
Minimup gap computed with 1th eigenvalue
Minimup gap: 2.336294719965821 GHz
At s= 0.4
Minimup gap computed with 1th eigenvalue
Minimup gap: 2.336288985213468 GHz
At s= 0.401
simulation took 0.0576 sec
59
5
Minimup gap computed with 1th eigenvalue
Minimup gap: 1.8852614384849602 GHz
At s= 0.4
Minimup gap computed with 1th eigenvalue
Minimup gap: 1.8667467464659868 GHz
At s= 0.39
Minimup gap computed with 1th eigenvalue
Minimup gap: 1.8665107237214897 GHz
At s= 0.389
simulation took 0.0577 sec
60
5
Minimup gap computed with 2th eigenvalue
Minimup gap: 2.8527054493656134 GHz
At s= 0.4
Minimup gap computed with 2th eigenvalue
Minimup gap: 2.824352391886519 GHz
At s= 0.42
Minimup gap computed with 2th eigenvalue
Minimup gap: 2.8242757965256597 GHz
At s= 0.419
simulation took 0.0574 sec
61
5
Minimup gap computed with 3th eigenvalue
Minimup gap: 3.1641715024810324 GHz
At s= 0.4
Minimup gap computed with 3th eigenvalue
Minimup gap: 2.9756709886448043 GHz
At s= 0.44
Minimup gap computed with 3th eigenvalue
Minimup gap: 2.9756709886448043 GHz
At s= 0.44
simulation took 0.0802 sec
62
5
Minimup gap computed with 1th eigenvalue
Minimup gap: 2.0289137295184414 GHz
At s= 0.4
Minimup gap computed with 1th eigenvalue
Minimup gap: 2.0289137295184414 GHz
At s= 0.4
Minimup gap computed with 1th eigenvalue
Minimup gap: 2.028425132896256 GHz
At s= 0.398
simulation took 0.0575 sec
63
5
Minimup gap computed with 3th eigenvalue
Minimup gap: 3.0162312665401707 GHz
At s= 0.4
Minimup gap computed with 3th eigenvalue
Minimup gap: 2.9587867019794167 GHz
At s= 0.43
Minimup gap computed with 3th eigenvalue
Minimup gap: 2.9580071948998423 GHz
At s= 0.427
simulation took 0.0577 sec
64
5
Minimup gap computed with 1th eigenvalue
Minimup gap: 1.8852614384849762 GHz
At s= 0.4
Minimup gap computed with 1th eigenvalue
Minimup gap: 1.8667467464660117 GHz
At s= 0.39
Minimup gap computed with 1th eigenvalue
Minimup gap: 1.8665107237214613 GHz
At s= 0.389
simulation took 0.0572 sec
65
5
Minimup gap computed with 1th eigenvalue
Minimup gap: 2.336294719965812 GHz
At s= 0.4
Minimup gap computed with 1th eigenvalue
Minimup gap: 2.336294719965812 GHz
At s= 0.4
Minimup gap computed with 1th eigenvalue
Minimup gap: 2.3362889852134714 GHz
At s= 0.401
simulation took 0.0576 sec
66
5
Minimup gap computed with 4th eigenvalue
Minimup gap: 3.4500999465240163 GHz
At s= 0.5
Minimup gap computed with 4th eigenvalue
Minimup gap: 3.2921983780394655 GHz
At s= 0.45
Minimup gap computed with 4th eigenvalue
Minimup gap: 3.291413455171167 GHz
At s= 0.453
simulation took 0.0577 sec
67
5
Minimup gap computed with 1th eigenvalue
Minimup gap: 2.0198979712010647 GHz
At s= 0.4
Minimup gap computed with 1th eigenvalue
Minimup gap: 1.9725053067399791 GHz
At s= 0.38
Minimup gap computed with 1th eigenvalue
Minimup gap: 1.9724345574786888 GHz
At s= 0.381
simulation took 0.0579 sec
68
5
Minimup gap computed with 2th eigenvalue
Minimup gap: 3.230060325065084 GHz
At s= 0.5
Minimup gap computed with 2th eigenvalue
Minimup gap: 2.9316936753559055 GHz
At s= 0.45
Minimup gap computed with 2th eigenvalue
Minimup gap: 2.9304329013445685 GHz
At s= 0.447
simulation took 0.0572 sec
69
5
Minimup gap computed with 2th eigenvalue
Minimup gap: 2.872700443056548 GHz
At s= 0.4
Minimup gap computed with 2th eigenvalue
Minimup gap: 2.860002816638211 GHz
At s= 0.41
Minimup gap computed with 2th eigenvalue
Minimup gap: 2.8594893217088586 GHz
At s= 0.413
simulation took 0.0796 sec
70
5
Minimup gap computed with 1th eigenvalue
Minimup gap: 2.336294719965805 GHz
At s= 0.4
Minimup gap computed with 1th eigenvalue
Minimup gap: 2.336294719965805 GHz
At s= 0.4
Minimup gap computed with 1th eigenvalue
Minimup gap: 2.3362889852134963 GHz
At s= 0.401
simulation took 0.0576 sec
71
5
Minimup gap computed with 4th eigenvalue
Minimup gap: 3.4765526203170722 GHz
At s= 0.5
Minimup gap computed with 4th eigenvalue
Minimup gap: 3.379880422166572 GHz
At s= 0.47
Minimup gap computed with 4th eigenvalue
Minimup gap: 3.3790002031395403 GHz
At s= 0.467
simulation took 0.0578 sec
72
5
Minimup gap computed with 3th eigenvalue
Minimup gap: 3.4944666935050375 GHz
At s= 0.4
Minimup gap computed with 3th eigenvalue
Minimup gap: 3.3472761512762386 GHz
At s= 0.45
Minimup gap computed with 3th eigenvalue
Minimup gap: 3.346768989071233 GHz
At s= 0.447
simulation took 0.0571 sec
73
5
Minimup gap computed with 4th eigenvalue
Minimup gap: 3.4765526203170616 GHz
At s= 0.5
Minimup gap computed with 4th eigenvalue
Minimup gap: 3.3798804221665364 GHz
At s= 0.47
Minimup gap computed with 4th eigenvalue
Minimup gap: 3.379000203139512 GHz
At s= 0.467
simulation took 0.0581 sec
74
5
Minimup gap computed with 4th eigenvalue
Minimup gap: 3.494946324993794 GHz
At s= 0.5
Minimup gap computed with 4th eigenvalue
Minimup gap: 3.3871754404308376 GHz
At s= 0.46
Minimup gap computed with 4th eigenvalue
Minimup gap: 3.385903610561254 GHz
At s= 0.463
simulation took 0.0582 sec
75
5
Minimup gap computed with 2th eigenvalue
Minimup gap: 2.8727004430565373 GHz
At s= 0.4
Minimup gap computed with 2th eigenvalue
Minimup gap: 2.8600028166382074 GHz
At s= 0.41
Minimup gap computed with 2th eigenvalue
Minimup gap: 2.8594893217088746 GHz
At s= 0.413
simulation took 0.0576 sec
76
5
Minimup gap computed with 2th eigenvalue
Minimup gap: 2.4571925260778045 GHz
At s= 0.4
Minimup gap computed with 2th eigenvalue
Minimup gap: 2.4415692930244752 GHz
At s= 0.41
Minimup gap computed with 2th eigenvalue
Minimup gap: 2.4411734609528395 GHz
At s= 0.412
simulation took 0.0799 sec
77
5
Minimup gap computed with 1th eigenvalue
Minimup gap: 2.0198979712010328 GHz
At s= 0.4
Minimup gap computed with 1th eigenvalue
Minimup gap: 1.972505306740043 GHz
At s= 0.38
Minimup gap computed with 1th eigenvalue
Minimup gap: 1.9724345574787048 GHz
At s= 0.381
simulation took 0.0577 sec
78
5
Minimup gap computed with 1th eigenvalue
Minimup gap: 2.336294719965821 GHz
At s= 0.4
Minimup gap computed with 1th eigenvalue
Minimup gap: 2.336294719965821 GHz
At s= 0.4
Minimup gap computed with 1th eigenvalue
Minimup gap: 2.336288985213468 GHz
At s= 0.401
simulation took 0.0576 sec
79
5
Minimup gap computed with 2th eigenvalue
Minimup gap: 2.4571925260777583 GHz
At s= 0.4
Minimup gap computed with 2th eigenvalue
Minimup gap: 2.441569293024479 GHz
At s= 0.41
Minimup gap computed with 2th eigenvalue
Minimup gap: 2.441173460952811 GHz
At s= 0.412
simulation took 0.0583 sec
80
5
Minimup gap computed with 1th eigenvalue
Minimup gap: 3.342128430243509 GHz
At s= 0.4
Minimup gap computed with 1th eigenvalue
Minimup gap: 3.3011533134174265 GHz
At s= 0.43
Minimup gap computed with 1th eigenvalue
Minimup gap: 3.3003963954664446 GHz
At s= 0.434
simulation took 0.0569 sec
81
5
Minimup gap computed with 1th eigenvalue
Minimup gap: 1.8852614384849389 GHz
At s= 0.4
Minimup gap computed with 1th eigenvalue
Minimup gap: 1.8667467464659797 GHz
At s= 0.39
Minimup gap computed with 1th eigenvalue
Minimup gap: 1.866510723721472 GHz
At s= 0.389
simulation took 0.0577 sec
82
5
Minimup gap computed with 1th eigenvalue
Minimup gap: 1.8852614384849513 GHz
At s= 0.4
Minimup gap computed with 1th eigenvalue
Minimup gap: 1.866746746466017 GHz
At s= 0.39
Minimup gap computed with 1th eigenvalue
Minimup gap: 1.866510723721472 GHz
At s= 0.389
simulation took 0.0575 sec
83
5
Minimup gap computed with 3th eigenvalue
Minimup gap: 3.27575999647933 GHz
At s= 0.5
Minimup gap computed with 3th eigenvalue
Minimup gap: 3.0300903825110623 GHz
At s= 0.45
Minimup gap computed with 3th eigenvalue
Minimup gap: 3.0300903825110623 GHz
At s= 0.45
simulation took 0.0582 sec
84
5
Minimup gap computed with 1th eigenvalue
Minimup gap: 2.019897971201038 GHz
At s= 0.4
Minimup gap computed with 1th eigenvalue
Minimup gap: 1.9725053067400342 GHz
At s= 0.38
Minimup gap computed with 1th eigenvalue
Minimup gap: 1.9724345574786977 GHz
At s= 0.381
simulation took 0.0800 sec
85
5
Minimup gap computed with 2th eigenvalue
Minimup gap: 2.8527054493656134 GHz
At s= 0.4
Minimup gap computed with 2th eigenvalue
Minimup gap: 2.824352391886519 GHz
At s= 0.42
Minimup gap computed with 2th eigenvalue
Minimup gap: 2.8242757965256597 GHz
At s= 0.419
simulation took 0.0573 sec
86
5
Minimup gap computed with 1th eigenvalue
Minimup gap: 1.885261438484937 GHz
At s= 0.4
Minimup gap computed with 1th eigenvalue
Minimup gap: 1.8667467464659229 GHz
At s= 0.39
Minimup gap computed with 1th eigenvalue
Minimup gap: 1.866510723721479 GHz
At s= 0.389
simulation took 0.0576 sec
87
5
Minimup gap computed with 4th eigenvalue
Minimup gap: 3.4949463249938013 GHz
At s= 0.5
Minimup gap computed with 4th eigenvalue
Minimup gap: 3.3871754404308625 GHz
At s= 0.46
Minimup gap computed with 4th eigenvalue
Minimup gap: 3.385903610561183 GHz
At s= 0.463
simulation took 0.0580 sec
88
5
Minimup gap computed with 3th eigenvalue
Minimup gap: 3.4944666935050233 GHz
At s= 0.4
Minimup gap computed with 3th eigenvalue
Minimup gap: 3.3472761512762226 GHz
At s= 0.45
Minimup gap computed with 3th eigenvalue
Minimup gap: 3.346768989071247 GHz
At s= 0.447
simulation took 0.0575 sec
89
5
Minimup gap computed with 1th eigenvalue
Minimup gap: 2.3362947199658155 GHz
At s= 0.4
Minimup gap computed with 1th eigenvalue
Minimup gap: 2.3362947199658155 GHz
At s= 0.4
Minimup gap computed with 1th eigenvalue
Minimup gap: 2.3362889852134643 GHz
At s= 0.401
simulation took 0.0577 sec
90
5
Minimup gap computed with 5th eigenvalue
Minimup gap: 3.66199838032707 GHz
At s= 0.5
Minimup gap computed with 5th eigenvalue
Minimup gap: 3.6332553387909936 GHz
At s= 0.48
Minimup gap computed with 5th eigenvalue
Minimup gap: 3.633177344392001 GHz
At s= 0.481
simulation took 0.0578 sec
91
5
Minimup gap computed with 1th eigenvalue
Minimup gap: 2.019897971201045 GHz
At s= 0.4
Minimup gap computed with 1th eigenvalue
Minimup gap: 1.9725053067400182 GHz
At s= 0.38
Minimup gap computed with 1th eigenvalue
Minimup gap: 1.9724345574786941 GHz
At s= 0.381
simulation took 0.0578 sec
92
5
Minimup gap computed with 4th eigenvalue
Minimup gap: 3.494466693505041 GHz
At s= 0.4
Minimup gap computed with 4th eigenvalue
Minimup gap: 3.347276151276229 GHz
At s= 0.45
Minimup gap computed with 4th eigenvalue
Minimup gap: 3.3467689890712506 GHz
At s= 0.447
simulation took 0.0793 sec
93
5
Minimup gap computed with 2th eigenvalue
Minimup gap: 2.4571925260778116 GHz
At s= 0.4
Minimup gap computed with 2th eigenvalue
Minimup gap: 2.4415692930244433 GHz
At s= 0.41
Minimup gap computed with 2th eigenvalue
Minimup gap: 2.441173460952868 GHz
At s= 0.412
simulation took 0.0581 sec
94
5
Minimup gap computed with 4th eigenvalue
Minimup gap: 3.4949463249937907 GHz
At s= 0.5
Minimup gap computed with 4th eigenvalue
Minimup gap: 3.387175440430841 GHz
At s= 0.46
Minimup gap computed with 4th eigenvalue
Minimup gap: 3.385903610561254 GHz
At s= 0.463
simulation took 0.0577 sec
95
5
Minimup gap computed with 1th eigenvalue
Minimup gap: 2.0289137295184485 GHz
At s= 0.4
Minimup gap computed with 1th eigenvalue
Minimup gap: 2.0289137295184485 GHz
At s= 0.4
Minimup gap computed with 1th eigenvalue
Minimup gap: 2.0284251328962934 GHz
At s= 0.398
simulation took 0.0572 sec
96
5
Minimup gap computed with 4th eigenvalue
Minimup gap: 3.4949463249938226 GHz
At s= 0.5
Minimup gap computed with 4th eigenvalue
Minimup gap: 3.3871754404308483 GHz
At s= 0.46
Minimup gap computed with 4th eigenvalue
Minimup gap: 3.3859036105612113 GHz
At s= 0.463
simulation took 0.0578 sec
97
5
Minimup gap computed with 3th eigenvalue
Minimup gap: 3.4944666935050144 GHz
At s= 0.4
Minimup gap computed with 3th eigenvalue
Minimup gap: 3.347276151276221 GHz
At s= 0.45
Minimup gap computed with 3th eigenvalue
Minimup gap: 3.3467689890712524 GHz
At s= 0.447
simulation took 0.0575 sec
98
5
Minimup gap computed with 3th eigenvalue
Minimup gap: 3.275759996479355 GHz
At s= 0.5
Minimup gap computed with 3th eigenvalue
Minimup gap: 3.0300903825110588 GHz
At s= 0.45
Minimup gap computed with 3th eigenvalue
Minimup gap: 3.0300903825110588 GHz
At s= 0.45
simulation took 0.0582 sec
99
5
Minimup gap computed with 1th eigenvalue
Minimup gap: 2.4045082132551485 GHz
At s= 0.4
Minimup gap computed with 1th eigenvalue
Minimup gap: 2.4035500111412276 GHz
At s= 0.39
Minimup gap computed with 1th eigenvalue
Minimup gap: 2.4012452007480825 GHz
At s= 0.395
simulation took 0.0579 sec
