0
5
Minimup gap computed with 3th eigenvalue
Minimup gap: 3.1641715024810573 GHz
At s= 0.4
Minimup gap computed with 3th eigenvalue
Minimup gap: 2.975670988644808 GHz
At s= 0.44
Minimup gap computed with 3th eigenvalue
Minimup gap: 2.975670988644808 GHz
At s= 0.44
simulation took 0.1305 sec
1
5
Minimup gap computed with 1th eigenvalue
Minimup gap: 3.1605953424577073 GHz
At s= 0.4
Minimup gap computed with 1th eigenvalue
Minimup gap: 3.1165487724677305 GHz
At s= 0.37
Minimup gap computed with 1th eigenvalue
Minimup gap: 3.116396879068578 GHz
At s= 0.369
simulation took 0.0839 sec
2
5
Minimup gap computed with 1th eigenvalue
Minimup gap: 3.1605953424576754 GHz
At s= 0.4
Minimup gap computed with 1th eigenvalue
Minimup gap: 3.1165487724676666 GHz
At s= 0.37
Minimup gap computed with 1th eigenvalue
Minimup gap: 3.1163968790685637 GHz
At s= 0.369
simulation took 0.0660 sec
3
5
Minimup gap computed with 1th eigenvalue
Minimup gap: 1.7377108560802732 GHz
At s= 0.4
Minimup gap computed with 1th eigenvalue
Minimup gap: 1.7377108560802732 GHz
At s= 0.4
Minimup gap computed with 1th eigenvalue
Minimup gap: 1.733928336395337 GHz
At s= 0.405
simulation took 0.0603 sec
4
5
Minimup gap computed with 3th eigenvalue
Minimup gap: 3.164171502480997 GHz
At s= 0.4
Minimup gap computed with 3th eigenvalue
Minimup gap: 2.975670988644808 GHz
At s= 0.44
Minimup gap computed with 3th eigenvalue
Minimup gap: 2.975670988644808 GHz
At s= 0.44
simulation took 0.0598 sec
5
5
Minimup gap computed with 4th eigenvalue
Minimup gap: 3.4765526203170616 GHz
At s= 0.5
Minimup gap computed with 4th eigenvalue
Minimup gap: 3.3798804221665506 GHz
At s= 0.47
Minimup gap computed with 4th eigenvalue
Minimup gap: 3.3790002031395048 GHz
At s= 0.467
simulation took 0.0598 sec
6
5
Minimup gap computed with 4th eigenvalue
Minimup gap: 3.476552620317051 GHz
At s= 0.5
Minimup gap computed with 4th eigenvalue
Minimup gap: 3.3798804221665186 GHz
At s= 0.47
Minimup gap computed with 4th eigenvalue
Minimup gap: 3.379000203139487 GHz
At s= 0.467
simulation took 0.0599 sec
7
5
Minimup gap computed with 5th eigenvalue
Minimup gap: 4.604209981720302 GHz
At s= 0.6
Minimup gap computed with 5th eigenvalue
Minimup gap: 4.352614690750222 GHz
At s= 0.55
Minimup gap computed with 5th eigenvalue
Minimup gap: 4.351499274085647 GHz
At s= 0.547
simulation took 0.0603 sec
8
5
Minimup gap computed with 2th eigenvalue
Minimup gap: 2.614690158722812 GHz
At s= 0.4
Minimup gap computed with 2th eigenvalue
Minimup gap: 2.444286789027206 GHz
At s= 0.43
Minimup gap computed with 2th eigenvalue
Minimup gap: 2.4432376383332794 GHz
At s= 0.433
simulation took 0.0914 sec
9
5
Minimup gap computed with 2th eigenvalue
Minimup gap: 2.457192526077737 GHz
At s= 0.4
Minimup gap computed with 2th eigenvalue
Minimup gap: 2.441569293024468 GHz
At s= 0.41
Minimup gap computed with 2th eigenvalue
Minimup gap: 2.4411734609528537 GHz
At s= 0.412
simulation took 0.0601 sec
10
5
Minimup gap computed with 2th eigenvalue
Minimup gap: 2.4571925260777725 GHz
At s= 0.4
Minimup gap computed with 2th eigenvalue
Minimup gap: 2.4415692930244504 GHz
At s= 0.41
Minimup gap computed with 2th eigenvalue
Minimup gap: 2.441173460952868 GHz
At s= 0.412
simulation took 0.0594 sec
11
5
Minimup gap computed with 2th eigenvalue
Minimup gap: 2.457192526077776 GHz
At s= 0.4
Minimup gap computed with 2th eigenvalue
Minimup gap: 2.441569293024436 GHz
At s= 0.41
Minimup gap computed with 2th eigenvalue
Minimup gap: 2.441173460952882 GHz
At s= 0.412
simulation took 0.0598 sec
12
5
Minimup gap computed with 1th eigenvalue
Minimup gap: 1.7377108560802732 GHz
At s= 0.4
Minimup gap computed with 1th eigenvalue
Minimup gap: 1.7377108560802732 GHz
At s= 0.4
Minimup gap computed with 1th eigenvalue
Minimup gap: 1.733928336395337 GHz
At s= 0.405
simulation took 0.0603 sec
13
5
Minimup gap computed with 1th eigenvalue
Minimup gap: 1.7377108560802377 GHz
At s= 0.4
Minimup gap computed with 1th eigenvalue
Minimup gap: 1.7377108560802377 GHz
At s= 0.4
Minimup gap computed with 1th eigenvalue
Minimup gap: 1.733928336395298 GHz
At s= 0.405
simulation took 0.0600 sec
14
5
Minimup gap computed with 1th eigenvalue
Minimup gap: 1.7377108560802377 GHz
At s= 0.4
Minimup gap computed with 1th eigenvalue
Minimup gap: 1.7377108560802377 GHz
At s= 0.4
Minimup gap computed with 1th eigenvalue
Minimup gap: 1.733928336395298 GHz
At s= 0.405
simulation took 0.0641 sec
15
5
Minimup gap computed with 1th eigenvalue
Minimup gap: 2.3362947199657693 GHz
At s= 0.4
Minimup gap computed with 1th eigenvalue
Minimup gap: 2.3362947199657693 GHz
At s= 0.4
Minimup gap computed with 1th eigenvalue
Minimup gap: 2.3362889852135034 GHz
At s= 0.401
simulation took 0.0933 sec
16
5
Minimup gap computed with 5th eigenvalue
Minimup gap: 4.604209981720302 GHz
At s= 0.6
Minimup gap computed with 5th eigenvalue
Minimup gap: 4.352614690750222 GHz
At s= 0.55
Minimup gap computed with 5th eigenvalue
Minimup gap: 4.351499274085647 GHz
At s= 0.547
simulation took 0.0597 sec
17
5
Minimup gap computed with 3th eigenvalue
Minimup gap: 3.1641715024810573 GHz
At s= 0.4
Minimup gap computed with 3th eigenvalue
Minimup gap: 2.9756709886448043 GHz
At s= 0.44
Minimup gap computed with 3th eigenvalue
Minimup gap: 2.9756709886448043 GHz
At s= 0.44
simulation took 0.0733 sec
18
5
Minimup gap computed with 5th eigenvalue
Minimup gap: 4.604209981720302 GHz
At s= 0.6
Minimup gap computed with 5th eigenvalue
Minimup gap: 4.352614690750222 GHz
At s= 0.55
Minimup gap computed with 5th eigenvalue
Minimup gap: 4.351499274085647 GHz
At s= 0.547
simulation took 0.0619 sec
19
5
Minimup gap computed with 2th eigenvalue
Minimup gap: 2.6146901587228726 GHz
At s= 0.4
Minimup gap computed with 2th eigenvalue
Minimup gap: 2.444286789027231 GHz
At s= 0.43
Minimup gap computed with 2th eigenvalue
Minimup gap: 2.443237638333354 GHz
At s= 0.433
simulation took 0.0600 sec
20
5
Minimup gap computed with 1th eigenvalue
Minimup gap: 2.0198979712010328 GHz
At s= 0.4
Minimup gap computed with 1th eigenvalue
Minimup gap: 1.9725053067399898 GHz
At s= 0.38
Minimup gap computed with 1th eigenvalue
Minimup gap: 1.97243455747868 GHz
At s= 0.381
simulation took 0.0591 sec
21
5
Minimup gap computed with 2th eigenvalue
Minimup gap: 2.457192526077783 GHz
At s= 0.4
Minimup gap computed with 2th eigenvalue
Minimup gap: 2.4415692930245463 GHz
At s= 0.41
Minimup gap computed with 2th eigenvalue
Minimup gap: 2.4411734609528857 GHz
At s= 0.412
simulation took 0.0600 sec
22
5
Minimup gap computed with 3th eigenvalue
Minimup gap: 3.164171502481029 GHz
At s= 0.4
Minimup gap computed with 3th eigenvalue
Minimup gap: 2.9756709886448043 GHz
At s= 0.44
Minimup gap computed with 3th eigenvalue
Minimup gap: 2.9756709886448043 GHz
At s= 0.44
simulation took 0.0603 sec
23
5
Minimup gap computed with 3th eigenvalue
Minimup gap: 3.0162312665401316 GHz
At s= 0.4
Minimup gap computed with 3th eigenvalue
Minimup gap: 2.9587867019794203 GHz
At s= 0.43
Minimup gap computed with 3th eigenvalue
Minimup gap: 2.9580071948997855 GHz
At s= 0.427
simulation took 0.1318 sec
24
5
Minimup gap computed with 3th eigenvalue
Minimup gap: 3.164171502481036 GHz
At s= 0.4
Minimup gap computed with 3th eigenvalue
Minimup gap: 2.9756709886448043 GHz
At s= 0.44
Minimup gap computed with 3th eigenvalue
Minimup gap: 2.9756709886448043 GHz
At s= 0.44
simulation took 0.0599 sec
25
5
Minimup gap computed with 1th eigenvalue
Minimup gap: 2.4045082132551236 GHz
At s= 0.4
Minimup gap computed with 1th eigenvalue
Minimup gap: 2.4035500111412595 GHz
At s= 0.39
Minimup gap computed with 1th eigenvalue
Minimup gap: 2.4012452007481215 GHz
At s= 0.395
simulation took 0.0592 sec
26
5
Minimup gap computed with 2th eigenvalue
Minimup gap: 2.457192526077783 GHz
At s= 0.4
Minimup gap computed with 2th eigenvalue
Minimup gap: 2.4415692930245463 GHz
At s= 0.41
Minimup gap computed with 2th eigenvalue
Minimup gap: 2.4411734609528857 GHz
At s= 0.412
simulation took 0.0595 sec
27
5
Minimup gap computed with 3th eigenvalue
Minimup gap: 3.2757599964793656 GHz
At s= 0.5
Minimup gap computed with 3th eigenvalue
Minimup gap: 3.03009038251108 GHz
At s= 0.45
Minimup gap computed with 3th eigenvalue
Minimup gap: 3.03009038251108 GHz
At s= 0.45
simulation took 0.0592 sec
28
5
Minimup gap computed with 1th eigenvalue
Minimup gap: 1.737710856080323 GHz
At s= 0.4
Minimup gap computed with 1th eigenvalue
Minimup gap: 1.737710856080323 GHz
At s= 0.4
Minimup gap computed with 1th eigenvalue
Minimup gap: 1.733928336395305 GHz
At s= 0.405
simulation took 0.0599 sec
29
5
Minimup gap computed with 2th eigenvalue
Minimup gap: 2.4571925260777796 GHz
At s= 0.4
Minimup gap computed with 2th eigenvalue
Minimup gap: 2.4415692930245 GHz
At s= 0.41
Minimup gap computed with 2th eigenvalue
Minimup gap: 2.441173460952861 GHz
At s= 0.412
simulation took 0.0640 sec
30
5
Minimup gap computed with 1th eigenvalue
Minimup gap: 1.7377108560802803 GHz
At s= 0.4
Minimup gap computed with 1th eigenvalue
Minimup gap: 1.7377108560802803 GHz
At s= 0.4
Minimup gap computed with 1th eigenvalue
Minimup gap: 1.7339283363953122 GHz
At s= 0.405
simulation took 0.0600 sec
31
5
Minimup gap computed with 1th eigenvalue
Minimup gap: 1.7377108560802732 GHz
At s= 0.4
Minimup gap computed with 1th eigenvalue
Minimup gap: 1.7377108560802732 GHz
At s= 0.4
Minimup gap computed with 1th eigenvalue
Minimup gap: 1.733928336395337 GHz
At s= 0.405
simulation took 0.0832 sec
32
5
Minimup gap computed with 2th eigenvalue
Minimup gap: 2.4571925260777903 GHz
At s= 0.4
Minimup gap computed with 2th eigenvalue
Minimup gap: 2.441569293024468 GHz
At s= 0.41
Minimup gap computed with 2th eigenvalue
Minimup gap: 2.441173460952836 GHz
At s= 0.412
simulation took 0.0596 sec
33
5
Minimup gap computed with 3th eigenvalue
Minimup gap: 3.1641715024810146 GHz
At s= 0.4
Minimup gap computed with 3th eigenvalue
Minimup gap: 2.9756709886447865 GHz
At s= 0.44
Minimup gap computed with 3th eigenvalue
Minimup gap: 2.9756709886447865 GHz
At s= 0.44
simulation took 0.0594 sec
34
5
Minimup gap computed with 4th eigenvalue
Minimup gap: 3.476552620317065 GHz
At s= 0.5
Minimup gap computed with 4th eigenvalue
Minimup gap: 3.3798804221665435 GHz
At s= 0.47
Minimup gap computed with 4th eigenvalue
Minimup gap: 3.3790002031395368 GHz
At s= 0.467
simulation took 0.0594 sec
35
5
Minimup gap computed with 1th eigenvalue
Minimup gap: 2.019897971201038 GHz
At s= 0.4
Minimup gap computed with 1th eigenvalue
Minimup gap: 1.9725053067400093 GHz
At s= 0.38
Minimup gap computed with 1th eigenvalue
Minimup gap: 1.9724345574786533 GHz
At s= 0.381
simulation took 0.0593 sec
36
5
Minimup gap computed with 5th eigenvalue
Minimup gap: 3.6619983803270575 GHz
At s= 0.5
Minimup gap computed with 5th eigenvalue
Minimup gap: 3.633255338791006 GHz
At s= 0.48
Minimup gap computed with 5th eigenvalue
Minimup gap: 3.633177344391985 GHz
At s= 0.481
simulation took 0.0592 sec
37
5
Minimup gap computed with 2th eigenvalue
Minimup gap: 2.6146901587228406 GHz
At s= 0.4
Minimup gap computed with 2th eigenvalue
Minimup gap: 2.444286789027288 GHz
At s= 0.43
Minimup gap computed with 2th eigenvalue
Minimup gap: 2.443237638333258 GHz
At s= 0.433
simulation took 0.0598 sec
38
5
Minimup gap computed with 5th eigenvalue
Minimup gap: 4.604209981720302 GHz
At s= 0.6
Minimup gap computed with 5th eigenvalue
Minimup gap: 4.352614690750222 GHz
At s= 0.55
Minimup gap computed with 5th eigenvalue
Minimup gap: 4.351499274085647 GHz
At s= 0.547
simulation took 0.0808 sec
39
5
Minimup gap computed with 1th eigenvalue
Minimup gap: 1.737710856080323 GHz
At s= 0.4
Minimup gap computed with 1th eigenvalue
Minimup gap: 1.737710856080323 GHz
At s= 0.4
Minimup gap computed with 1th eigenvalue
Minimup gap: 1.733928336395305 GHz
At s= 0.405
simulation took 0.0596 sec
40
5
Minimup gap computed with 3th eigenvalue
Minimup gap: 3.01623126654016 GHz
At s= 0.4
Minimup gap computed with 3th eigenvalue
Minimup gap: 2.958786701979406 GHz
At s= 0.43
Minimup gap computed with 3th eigenvalue
Minimup gap: 2.9580071948998103 GHz
At s= 0.427
simulation took 0.0594 sec
41
5
Minimup gap computed with 1th eigenvalue
Minimup gap: 1.7377108560802377 GHz
At s= 0.4
Minimup gap computed with 1th eigenvalue
Minimup gap: 1.7377108560802377 GHz
At s= 0.4
Minimup gap computed with 1th eigenvalue
Minimup gap: 1.733928336395298 GHz
At s= 0.405
simulation took 0.0597 sec
42
5
Minimup gap computed with 1th eigenvalue
Minimup gap: 1.7377108560802412 GHz
At s= 0.4
Minimup gap computed with 1th eigenvalue
Minimup gap: 1.7377108560802412 GHz
At s= 0.4
Minimup gap computed with 1th eigenvalue
Minimup gap: 1.7339283363953228 GHz
At s= 0.405
simulation took 0.0603 sec
43
5
Minimup gap computed with 1th eigenvalue
Minimup gap: 1.737710856080298 GHz
At s= 0.4
Minimup gap computed with 1th eigenvalue
Minimup gap: 1.737710856080298 GHz
At s= 0.4
Minimup gap computed with 1th eigenvalue
Minimup gap: 1.7339283363953122 GHz
At s= 0.405
simulation took 0.0595 sec
44
5
Minimup gap computed with 1th eigenvalue
Minimup gap: 1.7377108560802306 GHz
At s= 0.4
Minimup gap computed with 1th eigenvalue
Minimup gap: 1.7377108560802306 GHz
At s= 0.4
Minimup gap computed with 1th eigenvalue
Minimup gap: 1.7339283363953086 GHz
At s= 0.405
simulation took 0.0601 sec
45
5
Minimup gap computed with 5th eigenvalue
Minimup gap: 4.604209981720302 GHz
At s= 0.6
Minimup gap computed with 5th eigenvalue
Minimup gap: 4.352614690750222 GHz
At s= 0.55
Minimup gap computed with 5th eigenvalue
Minimup gap: 4.351499274085647 GHz
At s= 0.547
simulation took 0.0643 sec
46
5
Minimup gap computed with 3th eigenvalue
Minimup gap: 3.2757599964793727 GHz
At s= 0.5
Minimup gap computed with 3th eigenvalue
Minimup gap: 3.0300903825110517 GHz
At s= 0.45
Minimup gap computed with 3th eigenvalue
Minimup gap: 3.0300903825110517 GHz
At s= 0.45
simulation took 0.0838 sec
47
5
Minimup gap computed with 5th eigenvalue
Minimup gap: 4.604209981720302 GHz
At s= 0.6
Minimup gap computed with 5th eigenvalue
Minimup gap: 4.352614690750222 GHz
At s= 0.55
Minimup gap computed with 5th eigenvalue
Minimup gap: 4.351499274085647 GHz
At s= 0.547
simulation took 0.0602 sec
48
5
Minimup gap computed with 1th eigenvalue
Minimup gap: 2.404508213255152 GHz
At s= 0.4
Minimup gap computed with 1th eigenvalue
Minimup gap: 2.4035500111412524 GHz
At s= 0.39
Minimup gap computed with 1th eigenvalue
Minimup gap: 2.401245200748118 GHz
At s= 0.395
simulation took 0.0605 sec
49
5
Minimup gap computed with 1th eigenvalue
Minimup gap: 1.7377108560802377 GHz
At s= 0.4
Minimup gap computed with 1th eigenvalue
Minimup gap: 1.7377108560802377 GHz
At s= 0.4
Minimup gap computed with 1th eigenvalue
Minimup gap: 1.733928336395298 GHz
At s= 0.405
simulation took 0.0595 sec
50
5
Minimup gap computed with 1th eigenvalue
Minimup gap: 1.737710856080298 GHz
At s= 0.4
Minimup gap computed with 1th eigenvalue
Minimup gap: 1.737710856080298 GHz
At s= 0.4
Minimup gap computed with 1th eigenvalue
Minimup gap: 1.7339283363953122 GHz
At s= 0.405
simulation took 0.0600 sec
51
5
Minimup gap computed with 3th eigenvalue
Minimup gap: 3.01623126654016 GHz
At s= 0.4
Minimup gap computed with 3th eigenvalue
Minimup gap: 2.9587867019794167 GHz
At s= 0.43
Minimup gap computed with 3th eigenvalue
Minimup gap: 2.9580071948998032 GHz
At s= 0.427
simulation took 0.0595 sec
52
5
Minimup gap computed with 1th eigenvalue
Minimup gap: 2.4045082132551556 GHz
At s= 0.4
Minimup gap computed with 1th eigenvalue
Minimup gap: 2.4035500111412667 GHz
At s= 0.39
Minimup gap computed with 1th eigenvalue
Minimup gap: 2.4012452007481215 GHz
At s= 0.395
simulation took 0.0593 sec
53
5
Minimup gap computed with 3th eigenvalue
Minimup gap: 3.01623126654016 GHz
At s= 0.4
Minimup gap computed with 3th eigenvalue
Minimup gap: 2.958786701979406 GHz
At s= 0.43
Minimup gap computed with 3th eigenvalue
Minimup gap: 2.9580071948998103 GHz
At s= 0.427
simulation took 0.0801 sec
54
5
Minimup gap computed with 3th eigenvalue
Minimup gap: 3.2757599964793833 GHz
At s= 0.5
Minimup gap computed with 3th eigenvalue
Minimup gap: 3.0300903825110375 GHz
At s= 0.45
Minimup gap computed with 3th eigenvalue
Minimup gap: 3.0300903825110375 GHz
At s= 0.45
simulation took 0.0596 sec
55
5
Minimup gap computed with 3th eigenvalue
Minimup gap: 3.275759996479376 GHz
At s= 0.5
Minimup gap computed with 3th eigenvalue
Minimup gap: 3.0300903825110694 GHz
At s= 0.45
Minimup gap computed with 3th eigenvalue
Minimup gap: 3.0300903825110694 GHz
At s= 0.45
simulation took 0.0597 sec
56
5
Minimup gap computed with 3th eigenvalue
Minimup gap: 3.016231266540096 GHz
At s= 0.4
Minimup gap computed with 3th eigenvalue
Minimup gap: 2.958786701979438 GHz
At s= 0.43
Minimup gap computed with 3th eigenvalue
Minimup gap: 2.958007194899807 GHz
At s= 0.427
simulation took 0.0593 sec
57
5
Minimup gap computed with 1th eigenvalue
Minimup gap: 3.1605953424577287 GHz
At s= 0.4
Minimup gap computed with 1th eigenvalue
Minimup gap: 3.1165487724676844 GHz
At s= 0.37
Minimup gap computed with 1th eigenvalue
Minimup gap: 3.1163968790685317 GHz
At s= 0.369
simulation took 0.0592 sec
58
5
Minimup gap computed with 3th eigenvalue
Minimup gap: 3.016231266540128 GHz
At s= 0.4
Minimup gap computed with 3th eigenvalue
Minimup gap: 2.958786701979413 GHz
At s= 0.43
Minimup gap computed with 3th eigenvalue
Minimup gap: 2.9580071948998032 GHz
At s= 0.427
simulation took 0.0592 sec
59
5
Minimup gap computed with 4th eigenvalue
Minimup gap: 3.494946324993787 GHz
At s= 0.5
Minimup gap computed with 4th eigenvalue
Minimup gap: 3.3871754404308163 GHz
At s= 0.46
Minimup gap computed with 4th eigenvalue
Minimup gap: 3.3859036105612113 GHz
At s= 0.463
simulation took 0.0594 sec
60
5
Minimup gap computed with 4th eigenvalue
Minimup gap: 3.49494632499378 GHz
At s= 0.5
Minimup gap computed with 4th eigenvalue
Minimup gap: 3.3871754404308696 GHz
At s= 0.46
Minimup gap computed with 4th eigenvalue
Minimup gap: 3.3859036105612397 GHz
At s= 0.463
simulation took 0.0594 sec
61
5
Minimup gap computed with 1th eigenvalue
Minimup gap: 1.7377108560802306 GHz
At s= 0.4
Minimup gap computed with 1th eigenvalue
Minimup gap: 1.7377108560802306 GHz
At s= 0.4
Minimup gap computed with 1th eigenvalue
Minimup gap: 1.7339283363953086 GHz
At s= 0.405
simulation took 0.0873 sec
62
5
Minimup gap computed with 1th eigenvalue
Minimup gap: 2.404508213255127 GHz
At s= 0.4
Minimup gap computed with 1th eigenvalue
Minimup gap: 2.4035500111412453 GHz
At s= 0.39
Minimup gap computed with 1th eigenvalue
Minimup gap: 2.4012452007481393 GHz
At s= 0.395
simulation took 0.0591 sec
63
5
Minimup gap computed with 1th eigenvalue
Minimup gap: 1.7377108560802306 GHz
At s= 0.4
Minimup gap computed with 1th eigenvalue
Minimup gap: 1.7377108560802306 GHz
At s= 0.4
Minimup gap computed with 1th eigenvalue
Minimup gap: 1.7339283363953086 GHz
At s= 0.405
simulation took 0.0597 sec
64
5
Minimup gap computed with 4th eigenvalue
Minimup gap: 3.476552620317058 GHz
At s= 0.5
Minimup gap computed with 4th eigenvalue
Minimup gap: 3.379880422166547 GHz
At s= 0.47
Minimup gap computed with 4th eigenvalue
Minimup gap: 3.3790002031395012 GHz
At s= 0.467
simulation took 0.0595 sec
65
5
Minimup gap computed with 2th eigenvalue
Minimup gap: 2.614690158722812 GHz
At s= 0.4
Minimup gap computed with 2th eigenvalue
Minimup gap: 2.44428678902727 GHz
At s= 0.43
Minimup gap computed with 2th eigenvalue
Minimup gap: 2.4432376383332937 GHz
At s= 0.433
simulation took 0.1518 sec
66
5
Minimup gap computed with 2th eigenvalue
Minimup gap: 2.6146901587227944 GHz
At s= 0.4
Minimup gap computed with 2th eigenvalue
Minimup gap: 2.444286789027334 GHz
At s= 0.43
Minimup gap computed with 2th eigenvalue
Minimup gap: 2.4432376383332652 GHz
At s= 0.433
simulation took 0.0596 sec
67
5
Minimup gap computed with 1th eigenvalue
Minimup gap: 2.4045082132551236 GHz
At s= 0.4
Minimup gap computed with 1th eigenvalue
Minimup gap: 2.4035500111412595 GHz
At s= 0.39
Minimup gap computed with 1th eigenvalue
Minimup gap: 2.4012452007481215 GHz
At s= 0.395
simulation took 0.0592 sec
68
5
Minimup gap computed with 1th eigenvalue
Minimup gap: 3.160595342457725 GHz
At s= 0.4
Minimup gap computed with 1th eigenvalue
Minimup gap: 3.1165487724676986 GHz
At s= 0.37
Minimup gap computed with 1th eigenvalue
Minimup gap: 3.116396879068599 GHz
At s= 0.369
simulation took 0.0592 sec
69
5
Minimup gap computed with 1th eigenvalue
Minimup gap: 2.404508213255191 GHz
At s= 0.4
Minimup gap computed with 1th eigenvalue
Minimup gap: 2.403550011141256 GHz
At s= 0.39
Minimup gap computed with 1th eigenvalue
Minimup gap: 2.401245200748093 GHz
At s= 0.395
simulation took 0.0820 sec
70
5
Minimup gap computed with 2th eigenvalue
Minimup gap: 2.457192526077776 GHz
At s= 0.4
Minimup gap computed with 2th eigenvalue
Minimup gap: 2.4415692930244646 GHz
At s= 0.41
Minimup gap computed with 2th eigenvalue
Minimup gap: 2.441173460952811 GHz
At s= 0.412
simulation took 0.0602 sec
71
5
Minimup gap computed with 3th eigenvalue
Minimup gap: 3.2757599964793727 GHz
At s= 0.5
Minimup gap computed with 3th eigenvalue
Minimup gap: 3.0300903825110623 GHz
At s= 0.45
Minimup gap computed with 3th eigenvalue
Minimup gap: 3.0300903825110623 GHz
At s= 0.45
simulation took 0.0593 sec
72
5
Minimup gap computed with 2th eigenvalue
Minimup gap: 2.457192526077776 GHz
At s= 0.4
Minimup gap computed with 2th eigenvalue
Minimup gap: 2.441569293024436 GHz
At s= 0.41
Minimup gap computed with 2th eigenvalue
Minimup gap: 2.441173460952882 GHz
At s= 0.412
simulation took 0.0600 sec
73
5
Minimup gap computed with 5th eigenvalue
Minimup gap: 4.604209981720302 GHz
At s= 0.6
Minimup gap computed with 5th eigenvalue
Minimup gap: 4.352614690750222 GHz
At s= 0.55
Minimup gap computed with 5th eigenvalue
Minimup gap: 4.351499274085647 GHz
At s= 0.547
simulation took 0.0602 sec
74
5
Minimup gap computed with 3th eigenvalue
Minimup gap: 3.016231266540146 GHz
At s= 0.4
Minimup gap computed with 3th eigenvalue
Minimup gap: 2.958786701979399 GHz
At s= 0.43
Minimup gap computed with 3th eigenvalue
Minimup gap: 2.958007194899867 GHz
At s= 0.427
simulation took 0.0593 sec
75
5
Minimup gap computed with 2th eigenvalue
Minimup gap: 2.4571925260777903 GHz
At s= 0.4
Minimup gap computed with 2th eigenvalue
Minimup gap: 2.441569293024468 GHz
At s= 0.41
Minimup gap computed with 2th eigenvalue
Minimup gap: 2.441173460952836 GHz
At s= 0.412
simulation took 0.0641 sec
76
5
Minimup gap computed with 2th eigenvalue
Minimup gap: 2.4571925260778045 GHz
At s= 0.4
Minimup gap computed with 2th eigenvalue
Minimup gap: 2.4415692930244752 GHz
At s= 0.41
Minimup gap computed with 2th eigenvalue
Minimup gap: 2.4411734609528395 GHz
At s= 0.412
simulation took 0.0831 sec
77
5
Minimup gap computed with 2th eigenvalue
Minimup gap: 2.4571925260777405 GHz
At s= 0.4
Minimup gap computed with 2th eigenvalue
Minimup gap: 2.441569293024486 GHz
At s= 0.41
Minimup gap computed with 2th eigenvalue
Minimup gap: 2.441173460952818 GHz
At s= 0.412
simulation took 0.0598 sec
78
5
Minimup gap computed with 3th eigenvalue
Minimup gap: 3.1641715024810217 GHz
At s= 0.4
Minimup gap computed with 3th eigenvalue
Minimup gap: 2.975670988644783 GHz
At s= 0.44
Minimup gap computed with 3th eigenvalue
Minimup gap: 2.975670988644783 GHz
At s= 0.44
simulation took 0.0594 sec
79
5
Minimup gap computed with 1th eigenvalue
Minimup gap: 1.7377108560802803 GHz
At s= 0.4
Minimup gap computed with 1th eigenvalue
Minimup gap: 1.7377108560802803 GHz
At s= 0.4
Minimup gap computed with 1th eigenvalue
Minimup gap: 1.7339283363953122 GHz
At s= 0.405
simulation took 0.0596 sec
80
5
Minimup gap computed with 3th eigenvalue
Minimup gap: 3.016231266540128 GHz
At s= 0.4
Minimup gap computed with 3th eigenvalue
Minimup gap: 2.958786701979413 GHz
At s= 0.43
Minimup gap computed with 3th eigenvalue
Minimup gap: 2.9580071948998032 GHz
At s= 0.427
simulation took 0.0593 sec
81
5
Minimup gap computed with 3th eigenvalue
Minimup gap: 3.1641715024810537 GHz
At s= 0.4
Minimup gap computed with 3th eigenvalue
Minimup gap: 2.975670988644776 GHz
At s= 0.44
Minimup gap computed with 3th eigenvalue
Minimup gap: 2.975670988644776 GHz
At s= 0.44
simulation took 0.0595 sec
82
5
Minimup gap computed with 4th eigenvalue
Minimup gap: 3.4765526203170687 GHz
At s= 0.5
Minimup gap computed with 4th eigenvalue
Minimup gap: 3.3798804221665506 GHz
At s= 0.47
Minimup gap computed with 4th eigenvalue
Minimup gap: 3.379000203139512 GHz
At s= 0.467
simulation took 0.0592 sec
83
5
Minimup gap computed with 2th eigenvalue
Minimup gap: 2.457192526077776 GHz
At s= 0.4
Minimup gap computed with 2th eigenvalue
Minimup gap: 2.441569293024507 GHz
At s= 0.41
Minimup gap computed with 2th eigenvalue
Minimup gap: 2.4411734609528395 GHz
At s= 0.412
simulation took 0.0599 sec
84
5
Minimup gap computed with 2th eigenvalue
Minimup gap: 2.4571925260778045 GHz
At s= 0.4
Minimup gap computed with 2th eigenvalue
Minimup gap: 2.441569293024493 GHz
At s= 0.41
Minimup gap computed with 2th eigenvalue
Minimup gap: 2.4411734609528715 GHz
At s= 0.412
simulation took 0.0813 sec
85
5
Minimup gap computed with 3th eigenvalue
Minimup gap: 3.2757599964793442 GHz
At s= 0.5
Minimup gap computed with 3th eigenvalue
Minimup gap: 3.0300903825110623 GHz
At s= 0.45
Minimup gap computed with 3th eigenvalue
Minimup gap: 3.0300903825110623 GHz
At s= 0.45
simulation took 0.0595 sec
86
5
Minimup gap computed with 4th eigenvalue
Minimup gap: 3.476552620317058 GHz
At s= 0.5
Minimup gap computed with 4th eigenvalue
Minimup gap: 3.3798804221665932 GHz
At s= 0.47
Minimup gap computed with 4th eigenvalue
Minimup gap: 3.379000203139519 GHz
At s= 0.467
simulation took 0.0594 sec
87
5
Minimup gap computed with 1th eigenvalue
Minimup gap: 1.7377108560802306 GHz
At s= 0.4
Minimup gap computed with 1th eigenvalue
Minimup gap: 1.7377108560802306 GHz
At s= 0.4
Minimup gap computed with 1th eigenvalue
Minimup gap: 1.7339283363953086 GHz
At s= 0.405
simulation took 0.0596 sec
88
5
Minimup gap computed with 3th eigenvalue
Minimup gap: 3.1641715024810892 GHz
At s= 0.4
Minimup gap computed with 3th eigenvalue
Minimup gap: 2.975670988644765 GHz
At s= 0.44
Minimup gap computed with 3th eigenvalue
Minimup gap: 2.975670988644765 GHz
At s= 0.44
simulation took 0.0597 sec
89
5
Minimup gap computed with 3th eigenvalue
Minimup gap: 3.1641715024810253 GHz
At s= 0.4
Minimup gap computed with 3th eigenvalue
Minimup gap: 2.975670988644797 GHz
At s= 0.44
Minimup gap computed with 3th eigenvalue
Minimup gap: 2.975670988644797 GHz
At s= 0.44
simulation took 0.0595 sec
90
5
Minimup gap computed with 2th eigenvalue
Minimup gap: 2.457192526077744 GHz
At s= 0.4
Minimup gap computed with 2th eigenvalue
Minimup gap: 2.4415692930245037 GHz
At s= 0.41
Minimup gap computed with 2th eigenvalue
Minimup gap: 2.441173460952882 GHz
At s= 0.412
simulation took 0.0596 sec
91
5
Minimup gap computed with 3th eigenvalue
Minimup gap: 3.164171502480997 GHz
At s= 0.4
Minimup gap computed with 3th eigenvalue
Minimup gap: 2.975670988644758 GHz
At s= 0.44
Minimup gap computed with 3th eigenvalue
Minimup gap: 2.975670988644758 GHz
At s= 0.44
simulation took 0.0640 sec
92
5
Minimup gap computed with 1th eigenvalue
Minimup gap: 3.1605953424577002 GHz
At s= 0.4
Minimup gap computed with 1th eigenvalue
Minimup gap: 3.116548772467741 GHz
At s= 0.37
Minimup gap computed with 1th eigenvalue
Minimup gap: 3.1163968790685637 GHz
At s= 0.369
simulation took 0.0830 sec
93
5
Minimup gap computed with 1th eigenvalue
Minimup gap: 1.7377108560802625 GHz
At s= 0.4
Minimup gap computed with 1th eigenvalue
Minimup gap: 1.7377108560802625 GHz
At s= 0.4
Minimup gap computed with 1th eigenvalue
Minimup gap: 1.7339283363953193 GHz
At s= 0.405
simulation took 0.0594 sec
94
5
Minimup gap computed with 3th eigenvalue
Minimup gap: 3.016231266540178 GHz
At s= 0.4
Minimup gap computed with 3th eigenvalue
Minimup gap: 2.9587867019794096 GHz
At s= 0.43
Minimup gap computed with 3th eigenvalue
Minimup gap: 2.95800719489986 GHz
At s= 0.427
simulation took 0.0590 sec
95
5
Minimup gap computed with 3th eigenvalue
Minimup gap: 3.16417150248105 GHz
At s= 0.4
Minimup gap computed with 3th eigenvalue
Minimup gap: 2.9756709886447723 GHz
At s= 0.44
Minimup gap computed with 3th eigenvalue
Minimup gap: 2.9756709886447723 GHz
At s= 0.44
simulation took 0.0595 sec
96
5
Minimup gap computed with 3th eigenvalue
Minimup gap: 3.1641715024810004 GHz
At s= 0.4
Minimup gap computed with 3th eigenvalue
Minimup gap: 2.9756709886447936 GHz
At s= 0.44
Minimup gap computed with 3th eigenvalue
Minimup gap: 2.9756709886447936 GHz
At s= 0.44
simulation took 0.0596 sec
97
5
Minimup gap computed with 1th eigenvalue
Minimup gap: 2.3362947199658013 GHz
At s= 0.4
Minimup gap computed with 1th eigenvalue
Minimup gap: 2.3362947199658013 GHz
At s= 0.4
Minimup gap computed with 1th eigenvalue
Minimup gap: 2.3362889852134803 GHz
At s= 0.401
simulation took 0.0590 sec
98
5
Minimup gap computed with 1th eigenvalue
Minimup gap: 1.7377108560802839 GHz
At s= 0.4
Minimup gap computed with 1th eigenvalue
Minimup gap: 1.7377108560802839 GHz
At s= 0.4
Minimup gap computed with 1th eigenvalue
Minimup gap: 1.7339283363952411 GHz
At s= 0.405
simulation took 0.0598 sec
99
5
Minimup gap computed with 2th eigenvalue
Minimup gap: 2.614690158722862 GHz
At s= 0.4
Minimup gap computed with 2th eigenvalue
Minimup gap: 2.4442867890272737 GHz
At s= 0.43
Minimup gap computed with 2th eigenvalue
Minimup gap: 2.4432376383332652 GHz
At s= 0.433
simulation took 0.0600 sec
