0
12
Minimup gap computed with 3th eigenvalue
Minimup gap: 2.1108310465274727 GHz
At s= 0.4
Minimup gap computed with 3th eigenvalue
Minimup gap: 1.99676170634757 GHz
At s= 0.37
Minimup gap computed with 3th eigenvalue
Minimup gap: 1.9927062379035085 GHz
At s= 0.374
simulation took 147.0301 sec
1
12
Minimup gap computed with 1th eigenvalue
Minimup gap: 2.1538086569521155 GHz
At s= 0.4
Minimup gap computed with 1th eigenvalue
Minimup gap: 2.0214191989176697 GHz
At s= 0.37
Minimup gap computed with 1th eigenvalue
Minimup gap: 2.019120997552953 GHz
At s= 0.366
simulation took 145.9643 sec
2
12
Minimup gap computed with 1th eigenvalue
Minimup gap: 2.1538086569527195 GHz
At s= 0.4
Minimup gap computed with 1th eigenvalue
Minimup gap: 2.021419198917229 GHz
At s= 0.37
Minimup gap computed with 1th eigenvalue
Minimup gap: 2.0191209975534434 GHz
At s= 0.366
simulation took 147.6650 sec
3
14
Minimup gap computed with 1th eigenvalue
Minimup gap: 1.9683667953508106 GHz
At s= 0.4
Minimup gap computed with 1th eigenvalue
Minimup gap: 1.1273267658807384 GHz
At s= 0.35
Minimup gap computed with 1th eigenvalue
Minimup gap: 1.1273267658807384 GHz
At s= 0.35
simulation took 1909.8132 sec
4
12
Minimup gap computed with 3th eigenvalue
Minimup gap: 2.1108310465278564 GHz
At s= 0.4
Minimup gap computed with 3th eigenvalue
Minimup gap: 1.9967617063473746 GHz
At s= 0.37
Minimup gap computed with 3th eigenvalue
Minimup gap: 1.9927062379026275 GHz
At s= 0.374
simulation took 139.2251 sec
5
11
Minimup gap computed with 4th eigenvalue
Minimup gap: 2.1716721624456845 GHz
At s= 0.4
Minimup gap computed with 4th eigenvalue
Minimup gap: 2.1516237438023857 GHz
At s= 0.39
Minimup gap computed with 4th eigenvalue
Minimup gap: 2.1516237438023857 GHz
At s= 0.39
simulation took 19.8458 sec
6
11
Minimup gap computed with 4th eigenvalue
Minimup gap: 2.1716721624459225 GHz
At s= 0.4
Minimup gap computed with 4th eigenvalue
Minimup gap: 2.1516237438026984 GHz
At s= 0.39
Minimup gap computed with 4th eigenvalue
Minimup gap: 2.1516237438026984 GHz
At s= 0.39
simulation took 19.8614 sec
7
15
Minimup gap computed with 5th eigenvalue
Minimup gap: 2.1684558765280855 GHz
At s= 0.4
Minimup gap computed with 5th eigenvalue
Minimup gap: 2.0636187283620515 GHz
At s= 0.38
Minimup gap computed with 5th eigenvalue
Minimup gap: 2.062619770768947 GHz
At s= 0.378
simulation took 10883.0674 sec
8
13
Minimup gap computed with 2th eigenvalue
Minimup gap: 1.9014553483476249 GHz
At s= 0.4
Minimup gap computed with 2th eigenvalue
Minimup gap: 1.4700967435568444 GHz
At s= 0.36
Minimup gap computed with 2th eigenvalue
Minimup gap: 1.4578994786800763 GHz
At s= 0.365
simulation took 409.9788 sec
9
13
Minimup gap computed with 2th eigenvalue
Minimup gap: 2.017699103879231 GHz
At s= 0.4
Minimup gap computed with 2th eigenvalue
Minimup gap: 1.6772317983813565 GHz
At s= 0.36
Minimup gap computed with 2th eigenvalue
Minimup gap: 1.6772317983813565 GHz
At s= 0.36
simulation took 416.1876 sec
10
13
Minimup gap computed with 2th eigenvalue
Minimup gap: 2.0176991038796572 GHz
At s= 0.4
Minimup gap computed with 2th eigenvalue
Minimup gap: 1.6772317983820386 GHz
At s= 0.36
Minimup gap computed with 2th eigenvalue
Minimup gap: 1.6772317983820386 GHz
At s= 0.36
simulation took 416.3879 sec
11
13
Minimup gap computed with 2th eigenvalue
Minimup gap: 2.0176991038798917 GHz
At s= 0.4
Minimup gap computed with 2th eigenvalue
Minimup gap: 1.6772317983822518 GHz
At s= 0.36
Minimup gap computed with 2th eigenvalue
Minimup gap: 1.6772317983822518 GHz
At s= 0.36
simulation took 420.1792 sec
12
14
Minimup gap computed with 1th eigenvalue
Minimup gap: 1.9683667953508106 GHz
At s= 0.4
Minimup gap computed with 1th eigenvalue
Minimup gap: 1.1273267658807384 GHz
At s= 0.35
Minimup gap computed with 1th eigenvalue
Minimup gap: 1.1273267658807384 GHz
At s= 0.35
simulation took 1894.5947 sec
13
14
Minimup gap computed with 1th eigenvalue
Minimup gap: 1.9683667953515425 GHz
At s= 0.4
Minimup gap computed with 1th eigenvalue
Minimup gap: 1.1273267658798432 GHz
At s= 0.35
Minimup gap computed with 1th eigenvalue
Minimup gap: 1.1273267658798432 GHz
At s= 0.35
simulation took 1863.5372 sec
14
14
Minimup gap computed with 1th eigenvalue
Minimup gap: 1.9683667953515425 GHz
At s= 0.4
Minimup gap computed with 1th eigenvalue
Minimup gap: 1.1273267658798432 GHz
At s= 0.35
Minimup gap computed with 1th eigenvalue
Minimup gap: 1.1273267658798432 GHz
At s= 0.35
simulation took 1865.0494 sec
15
10
Minimup gap computed with 1th eigenvalue
Minimup gap: 1.7311911640628033 GHz
At s= 0.4
Minimup gap computed with 1th eigenvalue
Minimup gap: 1.5441953194919655 GHz
At s= 0.37
Minimup gap computed with 1th eigenvalue
Minimup gap: 1.541017100288066 GHz
At s= 0.373
simulation took 3.5447 sec
16
15
Minimup gap computed with 5th eigenvalue
Minimup gap: 2.1684558765280855 GHz
At s= 0.4
Minimup gap computed with 5th eigenvalue
Minimup gap: 2.0636187283620515 GHz
At s= 0.38
Minimup gap computed with 5th eigenvalue
Minimup gap: 2.062619770768947 GHz
At s= 0.378
simulation took 10655.7347 sec
17
12
Minimup gap computed with 3th eigenvalue
Minimup gap: 2.1108310465286237 GHz
At s= 0.4
Minimup gap computed with 3th eigenvalue
Minimup gap: 1.996761706346799 GHz
At s= 0.37
Minimup gap computed with 3th eigenvalue
Minimup gap: 1.9927062379029152 GHz
At s= 0.374
simulation took 141.4381 sec
18
15
Minimup gap computed with 5th eigenvalue
Minimup gap: 2.1684558765280855 GHz
At s= 0.4
Minimup gap computed with 5th eigenvalue
Minimup gap: 2.0636187283620515 GHz
At s= 0.38
Minimup gap computed with 5th eigenvalue
Minimup gap: 2.062619770768947 GHz
At s= 0.378
simulation took 10693.1153 sec
19
13
Minimup gap computed with 2th eigenvalue
Minimup gap: 1.9014553483477528 GHz
At s= 0.4
Minimup gap computed with 2th eigenvalue
Minimup gap: 1.4700967435563044 GHz
At s= 0.36
Minimup gap computed with 2th eigenvalue
Minimup gap: 1.4578994786807513 GHz
At s= 0.365
simulation took 413.5272 sec
20
10
Minimup gap computed with 1th eigenvalue
Minimup gap: 1.664021479986097 GHz
At s= 0.4
Minimup gap computed with 1th eigenvalue
Minimup gap: 1.3906138272398856 GHz
At s= 0.37
Minimup gap computed with 1th eigenvalue
Minimup gap: 1.3906138272398856 GHz
At s= 0.37
simulation took 3.3872 sec
21
13
Minimup gap computed with 2th eigenvalue
Minimup gap: 2.017699103878968 GHz
At s= 0.4
Minimup gap computed with 2th eigenvalue
Minimup gap: 1.6772317983816407 GHz
At s= 0.36
Minimup gap computed with 2th eigenvalue
Minimup gap: 1.6772317983816407 GHz
At s= 0.36
simulation took 422.8198 sec
22
12
Minimup gap computed with 3th eigenvalue
Minimup gap: 2.1108310465272844 GHz
At s= 0.4
Minimup gap computed with 3th eigenvalue
Minimup gap: 1.9967617063474457 GHz
At s= 0.37
Minimup gap computed with 3th eigenvalue
Minimup gap: 1.9927062379033949 GHz
At s= 0.374
simulation took 145.2241 sec
23
12
Minimup gap computed with 3th eigenvalue
Minimup gap: 2.0666602886450285 GHz
At s= 0.4
Minimup gap computed with 3th eigenvalue
Minimup gap: 2.0123560421610946 GHz
At s= 0.38
Minimup gap computed with 3th eigenvalue
Minimup gap: 2.0116633674994304 GHz
At s= 0.382
simulation took 144.9260 sec
24
12
Minimup gap computed with 3th eigenvalue
Minimup gap: 2.1108310465274442 GHz
At s= 0.4
Minimup gap computed with 3th eigenvalue
Minimup gap: 1.9967617063484333 GHz
At s= 0.37
Minimup gap computed with 3th eigenvalue
Minimup gap: 1.9927062379039917 GHz
At s= 0.374
simulation took 145.9969 sec
25
11
Minimup gap computed with 1th eigenvalue
Minimup gap: 1.9011093263233683 GHz
At s= 0.4
Minimup gap computed with 1th eigenvalue
Minimup gap: 1.584952005374948 GHz
At s= 0.36
Minimup gap computed with 1th eigenvalue
Minimup gap: 1.5818426110283816 GHz
At s= 0.363
simulation took 19.7587 sec
26
13
Minimup gap computed with 2th eigenvalue
Minimup gap: 2.017699103878968 GHz
At s= 0.4
Minimup gap computed with 2th eigenvalue
Minimup gap: 1.6772317983816407 GHz
At s= 0.36
Minimup gap computed with 2th eigenvalue
Minimup gap: 1.6772317983816407 GHz
At s= 0.36
simulation took 417.0463 sec
27
12
Minimup gap computed with 3th eigenvalue
Minimup gap: 1.954470380130715 GHz
At s= 0.4
Minimup gap computed with 3th eigenvalue
Minimup gap: 1.8314343107791657 GHz
At s= 0.38
Minimup gap computed with 3th eigenvalue
Minimup gap: 1.8314343107791657 GHz
At s= 0.38
simulation took 141.1176 sec
28
14
Minimup gap computed with 1th eigenvalue
Minimup gap: 1.9683667953520043 GHz
At s= 0.4
Minimup gap computed with 1th eigenvalue
Minimup gap: 1.127326765881719 GHz
At s= 0.35
Minimup gap computed with 1th eigenvalue
Minimup gap: 1.127326765881719 GHz
At s= 0.35
simulation took 1896.3710 sec
29
13
Minimup gap computed with 2th eigenvalue
Minimup gap: 2.0176991038806094 GHz
At s= 0.4
Minimup gap computed with 2th eigenvalue
Minimup gap: 1.677231798380376 GHz
At s= 0.36
Minimup gap computed with 2th eigenvalue
Minimup gap: 1.677231798380376 GHz
At s= 0.36
simulation took 415.6399 sec
30
14
Minimup gap computed with 1th eigenvalue
Minimup gap: 1.9683667953531767 GHz
At s= 0.4
Minimup gap computed with 1th eigenvalue
Minimup gap: 1.127326765881513 GHz
At s= 0.35
Minimup gap computed with 1th eigenvalue
Minimup gap: 1.127326765881513 GHz
At s= 0.35
simulation took 1907.1686 sec
31
14
Minimup gap computed with 1th eigenvalue
Minimup gap: 1.9683667953508106 GHz
At s= 0.4
Minimup gap computed with 1th eigenvalue
Minimup gap: 1.1273267658807384 GHz
At s= 0.35
Minimup gap computed with 1th eigenvalue
Minimup gap: 1.1273267658807384 GHz
At s= 0.35
simulation took 1888.9470 sec
32
13
Minimup gap computed with 2th eigenvalue
Minimup gap: 2.01769910387916 GHz
At s= 0.4
Minimup gap computed with 2th eigenvalue
Minimup gap: 1.6772317983812215 GHz
At s= 0.36
Minimup gap computed with 2th eigenvalue
Minimup gap: 1.6772317983812215 GHz
At s= 0.36
simulation took 419.5463 sec
33
12
Minimup gap computed with 3th eigenvalue
Minimup gap: 2.110831046527583 GHz
At s= 0.4
Minimup gap computed with 3th eigenvalue
Minimup gap: 1.9967617063462448 GHz
At s= 0.37
Minimup gap computed with 3th eigenvalue
Minimup gap: 1.9927062379037856 GHz
At s= 0.374
simulation took 147.5126 sec
34
11
Minimup gap computed with 4th eigenvalue
Minimup gap: 2.1716721624454713 GHz
At s= 0.4
Minimup gap computed with 4th eigenvalue
Minimup gap: 2.151623743802329 GHz
At s= 0.39
Minimup gap computed with 4th eigenvalue
Minimup gap: 2.151623743802329 GHz
At s= 0.39
simulation took 19.4444 sec
35
10
Minimup gap computed with 1th eigenvalue
Minimup gap: 1.6640214799860296 GHz
At s= 0.4
Minimup gap computed with 1th eigenvalue
Minimup gap: 1.3906138272395978 GHz
At s= 0.37
Minimup gap computed with 1th eigenvalue
Minimup gap: 1.3906138272395978 GHz
At s= 0.37
simulation took 3.4197 sec
36
10
Minimup gap computed with 5th eigenvalue
Minimup gap: 2.3154123080048805 GHz
At s= 0.4
Minimup gap computed with 5th eigenvalue
Minimup gap: 2.3154123080048805 GHz
At s= 0.4
Minimup gap computed with 5th eigenvalue
Minimup gap: 2.3154123080048805 GHz
At s= 0.4
simulation took 3.3940 sec
37
13
Minimup gap computed with 2th eigenvalue
Minimup gap: 1.9014553483466798 GHz
At s= 0.4
Minimup gap computed with 2th eigenvalue
Minimup gap: 1.4700967435551533 GHz
At s= 0.36
Minimup gap computed with 2th eigenvalue
Minimup gap: 1.457899478680197 GHz
At s= 0.365
simulation took 415.5307 sec
38
15
Minimup gap computed with 5th eigenvalue
Minimup gap: 2.1684558765280855 GHz
At s= 0.4
Minimup gap computed with 5th eigenvalue
Minimup gap: 2.0636187283620515 GHz
At s= 0.38
Minimup gap computed with 5th eigenvalue
Minimup gap: 2.062619770768947 GHz
At s= 0.378
simulation took 11010.8858 sec
39
14
Minimup gap computed with 1th eigenvalue
Minimup gap: 1.9683667953520043 GHz
At s= 0.4
Minimup gap computed with 1th eigenvalue
Minimup gap: 1.127326765881719 GHz
At s= 0.35
Minimup gap computed with 1th eigenvalue
Minimup gap: 1.127326765881719 GHz
At s= 0.35
simulation took 1896.6892 sec
40
12
Minimup gap computed with 3th eigenvalue
Minimup gap: 2.066660288645295 GHz
At s= 0.4
Minimup gap computed with 3th eigenvalue
Minimup gap: 2.0123560421608317 GHz
At s= 0.38
Minimup gap computed with 3th eigenvalue
Minimup gap: 2.0116633675001836 GHz
At s= 0.382
simulation took 140.0453 sec
41
14
Minimup gap computed with 1th eigenvalue
Minimup gap: 1.9683667953515425 GHz
At s= 0.4
Minimup gap computed with 1th eigenvalue
Minimup gap: 1.1273267658798432 GHz
At s= 0.35
Minimup gap computed with 1th eigenvalue
Minimup gap: 1.1273267658798432 GHz
At s= 0.35
simulation took 1861.1150 sec
42
14
Minimup gap computed with 1th eigenvalue
Minimup gap: 1.9683667953530346 GHz
At s= 0.4
Minimup gap computed with 1th eigenvalue
Minimup gap: 1.1273267658812998 GHz
At s= 0.35
Minimup gap computed with 1th eigenvalue
Minimup gap: 1.1273267658812998 GHz
At s= 0.35
simulation took 1862.9526 sec
43
14
Minimup gap computed with 1th eigenvalue
Minimup gap: 1.968366795351976 GHz
At s= 0.4
Minimup gap computed with 1th eigenvalue
Minimup gap: 1.1273267658819819 GHz
At s= 0.35
Minimup gap computed with 1th eigenvalue
Minimup gap: 1.1273267658819819 GHz
At s= 0.35
simulation took 1873.0252 sec
44
14
Minimup gap computed with 1th eigenvalue
Minimup gap: 1.9683667953528001 GHz
At s= 0.4
Minimup gap computed with 1th eigenvalue
Minimup gap: 1.1273267658816266 GHz
At s= 0.35
Minimup gap computed with 1th eigenvalue
Minimup gap: 1.1273267658816266 GHz
At s= 0.35
simulation took 1873.4337 sec
45
15
Minimup gap computed with 5th eigenvalue
Minimup gap: 2.1684558765280855 GHz
At s= 0.4
Minimup gap computed with 5th eigenvalue
Minimup gap: 2.0636187283620515 GHz
At s= 0.38
Minimup gap computed with 5th eigenvalue
Minimup gap: 2.062619770768947 GHz
At s= 0.378
simulation took 10632.9808 sec
46
12
Minimup gap computed with 3th eigenvalue
Minimup gap: 1.9544703801324275 GHz
At s= 0.4
Minimup gap computed with 3th eigenvalue
Minimup gap: 1.8314343107796276 GHz
At s= 0.38
Minimup gap computed with 3th eigenvalue
Minimup gap: 1.8314343107796276 GHz
At s= 0.38
simulation took 139.2640 sec
47
15
Minimup gap computed with 5th eigenvalue
Minimup gap: 2.1684558765280855 GHz
At s= 0.4
Minimup gap computed with 5th eigenvalue
Minimup gap: 2.0636187283620515 GHz
At s= 0.38
Minimup gap computed with 5th eigenvalue
Minimup gap: 2.062619770768947 GHz
At s= 0.378
simulation took 10595.6313 sec
48
11
Minimup gap computed with 1th eigenvalue
Minimup gap: 1.901109326322942 GHz
At s= 0.4
Minimup gap computed with 1th eigenvalue
Minimup gap: 1.5849520053749835 GHz
At s= 0.36
Minimup gap computed with 1th eigenvalue
Minimup gap: 1.5818426110285948 GHz
At s= 0.363
simulation took 19.2771 sec
49
14
Minimup gap computed with 1th eigenvalue
Minimup gap: 1.9683667953515425 GHz
At s= 0.4
Minimup gap computed with 1th eigenvalue
Minimup gap: 1.1273267658798432 GHz
At s= 0.35
Minimup gap computed with 1th eigenvalue
Minimup gap: 1.1273267658798432 GHz
At s= 0.35
simulation took 1886.4194 sec
50
14
Minimup gap computed with 1th eigenvalue
Minimup gap: 1.968366795351976 GHz
At s= 0.4
Minimup gap computed with 1th eigenvalue
Minimup gap: 1.1273267658819819 GHz
At s= 0.35
Minimup gap computed with 1th eigenvalue
Minimup gap: 1.1273267658819819 GHz
At s= 0.35
simulation took 1908.4741 sec
51
12
Minimup gap computed with 3th eigenvalue
Minimup gap: 2.066660288644627 GHz
At s= 0.4
Minimup gap computed with 3th eigenvalue
Minimup gap: 2.012356042160974 GHz
At s= 0.38
Minimup gap computed with 3th eigenvalue
Minimup gap: 2.0116633674999065 GHz
At s= 0.382
simulation took 149.6112 sec
52
11
Minimup gap computed with 1th eigenvalue
Minimup gap: 1.9011093263232013 GHz
At s= 0.4
Minimup gap computed with 1th eigenvalue
Minimup gap: 1.5849520053755803 GHz
At s= 0.36
Minimup gap computed with 1th eigenvalue
Minimup gap: 1.5818426110289607 GHz
At s= 0.363
simulation took 19.8725 sec
53
12
Minimup gap computed with 3th eigenvalue
Minimup gap: 2.066660288645295 GHz
At s= 0.4
Minimup gap computed with 3th eigenvalue
Minimup gap: 2.0123560421608317 GHz
At s= 0.38
Minimup gap computed with 3th eigenvalue
Minimup gap: 2.0116633675001836 GHz
At s= 0.382
simulation took 148.3326 sec
54
12
Minimup gap computed with 3th eigenvalue
Minimup gap: 1.9544703801316388 GHz
At s= 0.4
Minimup gap computed with 3th eigenvalue
Minimup gap: 1.83143431077999 GHz
At s= 0.38
Minimup gap computed with 3th eigenvalue
Minimup gap: 1.83143431077999 GHz
At s= 0.38
simulation took 152.4033 sec
55
12
Minimup gap computed with 3th eigenvalue
Minimup gap: 1.9544703801311556 GHz
At s= 0.4
Minimup gap computed with 3th eigenvalue
Minimup gap: 1.8314343107792546 GHz
At s= 0.38
Minimup gap computed with 3th eigenvalue
Minimup gap: 1.8314343107792546 GHz
At s= 0.38
simulation took 152.1941 sec
56
12
Minimup gap computed with 3th eigenvalue
Minimup gap: 2.0666602886448686 GHz
At s= 0.4
Minimup gap computed with 3th eigenvalue
Minimup gap: 2.0123560421608353 GHz
At s= 0.38
Minimup gap computed with 3th eigenvalue
Minimup gap: 2.0116633675005495 GHz
At s= 0.382
simulation took 150.6927 sec
57
12
Minimup gap computed with 1th eigenvalue
Minimup gap: 2.1538086569521795 GHz
At s= 0.4
Minimup gap computed with 1th eigenvalue
Minimup gap: 2.0214191989169876 GHz
At s= 0.37
Minimup gap computed with 1th eigenvalue
Minimup gap: 2.019120997553255 GHz
At s= 0.366
simulation took 151.7963 sec
58
12
Minimup gap computed with 3th eigenvalue
Minimup gap: 2.0666602886452026 GHz
At s= 0.4
Minimup gap computed with 3th eigenvalue
Minimup gap: 2.012356042161546 GHz
At s= 0.38
Minimup gap computed with 3th eigenvalue
Minimup gap: 2.01166336750115 GHz
At s= 0.382
simulation took 150.3495 sec
59
11
Minimup gap computed with 4th eigenvalue
Minimup gap: 2.2050232275265174 GHz
At s= 0.4
Minimup gap computed with 4th eigenvalue
Minimup gap: 2.194125003322906 GHz
At s= 0.39
Minimup gap computed with 4th eigenvalue
Minimup gap: 2.193504784196037 GHz
At s= 0.392
simulation took 19.0599 sec
60
11
Minimup gap computed with 4th eigenvalue
Minimup gap: 2.2050232275267483 GHz
At s= 0.4
Minimup gap computed with 4th eigenvalue
Minimup gap: 2.194125003322462 GHz
At s= 0.39
Minimup gap computed with 4th eigenvalue
Minimup gap: 2.1935047841964774 GHz
At s= 0.392
simulation took 19.0776 sec
61
14
Minimup gap computed with 1th eigenvalue
Minimup gap: 1.9683667953528001 GHz
At s= 0.4
Minimup gap computed with 1th eigenvalue
Minimup gap: 1.1273267658816266 GHz
At s= 0.35
Minimup gap computed with 1th eigenvalue
Minimup gap: 1.1273267658816266 GHz
At s= 0.35
simulation took 1894.9078 sec
62
11
Minimup gap computed with 1th eigenvalue
Minimup gap: 1.9011093263237662 GHz
At s= 0.4
Minimup gap computed with 1th eigenvalue
Minimup gap: 1.5849520053755732 GHz
At s= 0.36
Minimup gap computed with 1th eigenvalue
Minimup gap: 1.5818426110287263 GHz
At s= 0.363
simulation took 18.8150 sec
63
14
Minimup gap computed with 1th eigenvalue
Minimup gap: 1.9683667953528001 GHz
At s= 0.4
Minimup gap computed with 1th eigenvalue
Minimup gap: 1.1273267658816266 GHz
At s= 0.35
Minimup gap computed with 1th eigenvalue
Minimup gap: 1.1273267658816266 GHz
At s= 0.35
simulation took 1893.3474 sec
64
11
Minimup gap computed with 4th eigenvalue
Minimup gap: 2.1716721624458835 GHz
At s= 0.4
Minimup gap computed with 4th eigenvalue
Minimup gap: 2.1516237438027055 GHz
At s= 0.39
Minimup gap computed with 4th eigenvalue
Minimup gap: 2.1516237438027055 GHz
At s= 0.39
simulation took 19.5275 sec
65
13
Minimup gap computed with 2th eigenvalue
Minimup gap: 1.901455348347568 GHz
At s= 0.4
Minimup gap computed with 2th eigenvalue
Minimup gap: 1.4700967435563541 GHz
At s= 0.36
Minimup gap computed with 2th eigenvalue
Minimup gap: 1.4578994786804458 GHz
At s= 0.365
simulation took 405.5078 sec
66
13
Minimup gap computed with 2th eigenvalue
Minimup gap: 1.9014553483472412 GHz
At s= 0.4
Minimup gap computed with 2th eigenvalue
Minimup gap: 1.4700967435573133 GHz
At s= 0.36
Minimup gap computed with 2th eigenvalue
Minimup gap: 1.4578994786802895 GHz
At s= 0.365
simulation took 405.8193 sec
67
11
Minimup gap computed with 1th eigenvalue
Minimup gap: 1.9011093263233683 GHz
At s= 0.4
Minimup gap computed with 1th eigenvalue
Minimup gap: 1.584952005374948 GHz
At s= 0.36
Minimup gap computed with 1th eigenvalue
Minimup gap: 1.5818426110283816 GHz
At s= 0.363
simulation took 19.3383 sec
68
12
Minimup gap computed with 1th eigenvalue
Minimup gap: 2.1538086569527124 GHz
At s= 0.4
Minimup gap computed with 1th eigenvalue
Minimup gap: 2.0214191989183092 GHz
At s= 0.37
Minimup gap computed with 1th eigenvalue
Minimup gap: 2.0191209975529176 GHz
At s= 0.366
simulation took 142.0888 sec
69
11
Minimup gap computed with 1th eigenvalue
Minimup gap: 1.9011093263231444 GHz
At s= 0.4
Minimup gap computed with 1th eigenvalue
Minimup gap: 1.5849520053750155 GHz
At s= 0.36
Minimup gap computed with 1th eigenvalue
Minimup gap: 1.5818426110290744 GHz
At s= 0.363
simulation took 19.3036 sec
70
13
Minimup gap computed with 2th eigenvalue
Minimup gap: 2.0176991038801333 GHz
At s= 0.4
Minimup gap computed with 2th eigenvalue
Minimup gap: 1.6772317983818041 GHz
At s= 0.36
Minimup gap computed with 2th eigenvalue
Minimup gap: 1.6772317983818041 GHz
At s= 0.36
simulation took 410.3902 sec
71
12
Minimup gap computed with 3th eigenvalue
Minimup gap: 1.9544703801319763 GHz
At s= 0.4
Minimup gap computed with 3th eigenvalue
Minimup gap: 1.8314343107797733 GHz
At s= 0.38
Minimup gap computed with 3th eigenvalue
Minimup gap: 1.8314343107797733 GHz
At s= 0.38
simulation took 140.3769 sec
72
13
Minimup gap computed with 2th eigenvalue
Minimup gap: 2.0176991038798917 GHz
At s= 0.4
Minimup gap computed with 2th eigenvalue
Minimup gap: 1.6772317983822518 GHz
At s= 0.36
Minimup gap computed with 2th eigenvalue
Minimup gap: 1.6772317983822518 GHz
At s= 0.36
simulation took 407.9952 sec
73
15
Minimup gap computed with 5th eigenvalue
Minimup gap: 2.1684558765280855 GHz
At s= 0.4
Minimup gap computed with 5th eigenvalue
Minimup gap: 2.0636187283620515 GHz
At s= 0.38
Minimup gap computed with 5th eigenvalue
Minimup gap: 2.062619770768947 GHz
At s= 0.378
simulation took 10629.5875 sec
74
12
Minimup gap computed with 3th eigenvalue
Minimup gap: 2.066660288645501 GHz
At s= 0.4
Minimup gap computed with 3th eigenvalue
Minimup gap: 2.0123560421612083 GHz
At s= 0.38
Minimup gap computed with 3th eigenvalue
Minimup gap: 2.011663367500386 GHz
At s= 0.382
simulation took 137.4976 sec
75
13
Minimup gap computed with 2th eigenvalue
Minimup gap: 2.01769910387916 GHz
At s= 0.4
Minimup gap computed with 2th eigenvalue
Minimup gap: 1.6772317983812215 GHz
At s= 0.36
Minimup gap computed with 2th eigenvalue
Minimup gap: 1.6772317983812215 GHz
At s= 0.36
simulation took 416.2012 sec
76
13
Minimup gap computed with 2th eigenvalue
Minimup gap: 2.0176991038798278 GHz
At s= 0.4
Minimup gap computed with 2th eigenvalue
Minimup gap: 1.6772317983823655 GHz
At s= 0.36
Minimup gap computed with 2th eigenvalue
Minimup gap: 1.6772317983823655 GHz
At s= 0.36
simulation took 407.7234 sec
77
13
Minimup gap computed with 2th eigenvalue
Minimup gap: 2.0176991038796857 GHz
At s= 0.4
Minimup gap computed with 2th eigenvalue
Minimup gap: 1.6772317983811647 GHz
At s= 0.36
Minimup gap computed with 2th eigenvalue
Minimup gap: 1.6772317983811647 GHz
At s= 0.36
simulation took 407.3223 sec
78
12
Minimup gap computed with 3th eigenvalue
Minimup gap: 2.110831046527945 GHz
At s= 0.4
Minimup gap computed with 3th eigenvalue
Minimup gap: 1.996761706347467 GHz
At s= 0.37
Minimup gap computed with 3th eigenvalue
Minimup gap: 1.9927062379035583 GHz
At s= 0.374
simulation took 141.4173 sec
79
14
Minimup gap computed with 1th eigenvalue
Minimup gap: 1.9683667953531767 GHz
At s= 0.4
Minimup gap computed with 1th eigenvalue
Minimup gap: 1.127326765881513 GHz
At s= 0.35
Minimup gap computed with 1th eigenvalue
Minimup gap: 1.127326765881513 GHz
At s= 0.35
simulation took 1870.8087 sec
80
12
Minimup gap computed with 3th eigenvalue
Minimup gap: 2.0666602886452026 GHz
At s= 0.4
Minimup gap computed with 3th eigenvalue
Minimup gap: 2.012356042161546 GHz
At s= 0.38
Minimup gap computed with 3th eigenvalue
Minimup gap: 2.01166336750115 GHz
At s= 0.382
simulation took 138.8452 sec
81
12
Minimup gap computed with 3th eigenvalue
Minimup gap: 2.1108310465278173 GHz
At s= 0.4
Minimup gap computed with 3th eigenvalue
Minimup gap: 1.9967617063468346 GHz
At s= 0.37
Minimup gap computed with 3th eigenvalue
Minimup gap: 1.9927062379036187 GHz
At s= 0.374
simulation took 138.7033 sec
82
11
Minimup gap computed with 4th eigenvalue
Minimup gap: 2.1716721624454323 GHz
At s= 0.4
Minimup gap computed with 4th eigenvalue
Minimup gap: 2.151623743802375 GHz
At s= 0.39
Minimup gap computed with 4th eigenvalue
Minimup gap: 2.151623743802375 GHz
At s= 0.39
simulation took 19.0419 sec
83
13
Minimup gap computed with 2th eigenvalue
Minimup gap: 2.017699103880588 GHz
At s= 0.4
Minimup gap computed with 2th eigenvalue
Minimup gap: 1.6772317983809373 GHz
At s= 0.36
Minimup gap computed with 2th eigenvalue
Minimup gap: 1.6772317983809373 GHz
At s= 0.36
simulation took 411.2531 sec
84
13
Minimup gap computed with 2th eigenvalue
Minimup gap: 2.017699103880183 GHz
At s= 0.4
Minimup gap computed with 2th eigenvalue
Minimup gap: 1.6772317983809657 GHz
At s= 0.36
Minimup gap computed with 2th eigenvalue
Minimup gap: 1.6772317983809657 GHz
At s= 0.36
simulation took 416.9848 sec
85
12
Minimup gap computed with 3th eigenvalue
Minimup gap: 1.9544703801320082 GHz
At s= 0.4
Minimup gap computed with 3th eigenvalue
Minimup gap: 1.8314343107794855 GHz
At s= 0.38
Minimup gap computed with 3th eigenvalue
Minimup gap: 1.8314343107794855 GHz
At s= 0.38
simulation took 154.5503 sec
86
11
Minimup gap computed with 4th eigenvalue
Minimup gap: 2.171672162446008 GHz
At s= 0.4
Minimup gap computed with 4th eigenvalue
Minimup gap: 2.151623743802311 GHz
At s= 0.39
Minimup gap computed with 4th eigenvalue
Minimup gap: 2.151623743802311 GHz
At s= 0.39
simulation took 19.6351 sec
87
14
Minimup gap computed with 1th eigenvalue
Minimup gap: 1.9683667953528001 GHz
At s= 0.4
Minimup gap computed with 1th eigenvalue
Minimup gap: 1.1273267658816266 GHz
At s= 0.35
Minimup gap computed with 1th eigenvalue
Minimup gap: 1.1273267658816266 GHz
At s= 0.35
simulation took 1894.9280 sec
88
12
Minimup gap computed with 3th eigenvalue
Minimup gap: 2.1108310465275224 GHz
At s= 0.4
Minimup gap computed with 3th eigenvalue
Minimup gap: 1.9967617063474634 GHz
At s= 0.37
Minimup gap computed with 3th eigenvalue
Minimup gap: 1.9927062379038283 GHz
At s= 0.374
simulation took 153.9566 sec
89
12
Minimup gap computed with 3th eigenvalue
Minimup gap: 2.110831046528407 GHz
At s= 0.4
Minimup gap computed with 3th eigenvalue
Minimup gap: 1.9967617063471188 GHz
At s= 0.37
Minimup gap computed with 3th eigenvalue
Minimup gap: 1.9927062379039313 GHz
At s= 0.374
simulation took 153.6955 sec
90
13
Minimup gap computed with 2th eigenvalue
Minimup gap: 2.017699103879238 GHz
At s= 0.4
Minimup gap computed with 2th eigenvalue
Minimup gap: 1.6772317983815128 GHz
At s= 0.36
Minimup gap computed with 2th eigenvalue
Minimup gap: 1.6772317983815128 GHz
At s= 0.36
simulation took 419.1885 sec
91
12
Minimup gap computed with 3th eigenvalue
Minimup gap: 2.110831046527103 GHz
At s= 0.4
Minimup gap computed with 3th eigenvalue
Minimup gap: 1.9967617063471756 GHz
At s= 0.37
Minimup gap computed with 3th eigenvalue
Minimup gap: 1.9927062379038816 GHz
At s= 0.374
simulation took 151.2706 sec
92
12
Minimup gap computed with 1th eigenvalue
Minimup gap: 2.153808656953217 GHz
At s= 0.4
Minimup gap computed with 1th eigenvalue
Minimup gap: 2.021419198917741 GHz
At s= 0.37
Minimup gap computed with 1th eigenvalue
Minimup gap: 2.0191209975532693 GHz
At s= 0.366
simulation took 150.6575 sec
93
14
Minimup gap computed with 1th eigenvalue
Minimup gap: 1.9683667953521393 GHz
At s= 0.4
Minimup gap computed with 1th eigenvalue
Minimup gap: 1.1273267658811221 GHz
At s= 0.35
Minimup gap computed with 1th eigenvalue
Minimup gap: 1.1273267658811221 GHz
At s= 0.35
simulation took 1893.6827 sec
94
12
Minimup gap computed with 3th eigenvalue
Minimup gap: 2.0666602886454335 GHz
At s= 0.4
Minimup gap computed with 3th eigenvalue
Minimup gap: 2.0123560421614677 GHz
At s= 0.38
Minimup gap computed with 3th eigenvalue
Minimup gap: 2.0116633675006597 GHz
At s= 0.382
simulation took 149.5612 sec
95
12
Minimup gap computed with 3th eigenvalue
Minimup gap: 2.11083104652802 GHz
At s= 0.4
Minimup gap computed with 3th eigenvalue
Minimup gap: 1.9967617063473568 GHz
At s= 0.37
Minimup gap computed with 3th eigenvalue
Minimup gap: 1.9927062379036862 GHz
At s= 0.374
simulation took 151.6102 sec
96
12
Minimup gap computed with 3th eigenvalue
Minimup gap: 2.1108310465275757 GHz
At s= 0.4
Minimup gap computed with 3th eigenvalue
Minimup gap: 1.9967617063472751 GHz
At s= 0.37
Minimup gap computed with 3th eigenvalue
Minimup gap: 1.9927062379031675 GHz
At s= 0.374
simulation took 150.1230 sec
97
10
Minimup gap computed with 1th eigenvalue
Minimup gap: 1.7311911640632403 GHz
At s= 0.4
Minimup gap computed with 1th eigenvalue
Minimup gap: 1.5441953194916813 GHz
At s= 0.37
Minimup gap computed with 1th eigenvalue
Minimup gap: 1.5410171002879736 GHz
At s= 0.373
simulation took 3.3943 sec
98
14
Minimup gap computed with 1th eigenvalue
Minimup gap: 1.9683667953532051 GHz
At s= 0.4
Minimup gap computed with 1th eigenvalue
Minimup gap: 1.127326765882998 GHz
At s= 0.35
Minimup gap computed with 1th eigenvalue
Minimup gap: 1.127326765882998 GHz
At s= 0.35
simulation took 1895.3902 sec
99
13
Minimup gap computed with 2th eigenvalue
Minimup gap: 1.9014553483473193 GHz
At s= 0.4
Minimup gap computed with 2th eigenvalue
Minimup gap: 1.4700967435559988 GHz
At s= 0.36
Minimup gap computed with 2th eigenvalue
Minimup gap: 1.4578994786798347 GHz
At s= 0.365
simulation took 409.2482 sec
