0
12
Minimup gap computed with 5th eigenvalue
Minimup gap: 2.1470759943373743 GHz
At s= 0.4
Minimup gap computed with 5th eigenvalue
Minimup gap: 1.9255022383725695 GHz
At s= 0.42
Minimup gap computed with 5th eigenvalue
Minimup gap: 1.9218100596658445 GHz
At s= 0.423
simulation took 137.8451 sec
1
12
Minimup gap computed with 1th eigenvalue
Minimup gap: 2.071926114746006 GHz
At s= 0.4
Minimup gap computed with 1th eigenvalue
Minimup gap: 2.0611183828520083 GHz
At s= 0.39
Minimup gap computed with 1th eigenvalue
Minimup gap: 2.060894902645213 GHz
At s= 0.391
simulation took 137.5626 sec
2
12
Minimup gap computed with 1th eigenvalue
Minimup gap: 2.0719261147465033 GHz
At s= 0.4
Minimup gap computed with 1th eigenvalue
Minimup gap: 2.0611183828520083 GHz
At s= 0.39
Minimup gap computed with 1th eigenvalue
Minimup gap: 2.060894902644879 GHz
At s= 0.391
simulation took 149.0073 sec
3
14
Minimup gap computed with 1th eigenvalue
Minimup gap: 1.0847770249796511 GHz
At s= 0.4
Minimup gap computed with 1th eigenvalue
Minimup gap: 1.0847770249796511 GHz
At s= 0.4
Minimup gap computed with 1th eigenvalue
Minimup gap: 1.0754247937601988 GHz
At s= 0.405
simulation took 1904.7443 sec
4
12
Minimup gap computed with 5th eigenvalue
Minimup gap: 2.1470759943375555 GHz
At s= 0.4
Minimup gap computed with 5th eigenvalue
Minimup gap: 1.9255022383720544 GHz
At s= 0.42
Minimup gap computed with 5th eigenvalue
Minimup gap: 1.9218100596657557 GHz
At s= 0.423
simulation took 148.0533 sec
5
11
Minimup gap computed with 7th eigenvalue
Minimup gap: 2.838833864027002 GHz
At s= 0.5
Minimup gap computed with 7th eigenvalue
Minimup gap: 2.4948250671944905 GHz
At s= 0.45
Minimup gap computed with 7th eigenvalue
Minimup gap: 2.4948250671944905 GHz
At s= 0.45
simulation took 19.4513 sec
6
11
Minimup gap computed with 7th eigenvalue
Minimup gap: 2.8388338640269595 GHz
At s= 0.5
Minimup gap computed with 7th eigenvalue
Minimup gap: 2.4948250671942738 GHz
At s= 0.45
Minimup gap computed with 7th eigenvalue
Minimup gap: 2.4948250671942738 GHz
At s= 0.45
simulation took 19.4756 sec
7
15
Minimup gap computed with 15th eigenvalue
Minimup gap: 2.715885134759656 GHz
At s= 0.5
Minimup gap computed with 15th eigenvalue
Minimup gap: 2.4544367556519546 GHz
At s= 0.47
Minimup gap computed with 15th eigenvalue
Minimup gap: 2.4533461527703757 GHz
At s= 0.468
simulation took 10923.2458 sec
8
13
Minimup gap computed with 2th eigenvalue
Minimup gap: 1.5338061441967348 GHz
At s= 0.4
Minimup gap computed with 2th eigenvalue
Minimup gap: 1.4348461679036681 GHz
At s= 0.42
Minimup gap computed with 2th eigenvalue
Minimup gap: 1.4344782995040788 GHz
At s= 0.419
simulation took 410.8836 sec
9
13
Minimup gap computed with 3th eigenvalue
Minimup gap: 1.881075332797323 GHz
At s= 0.4
Minimup gap computed with 3th eigenvalue
Minimup gap: 1.6638925693136528 GHz
At s= 0.42
Minimup gap computed with 3th eigenvalue
Minimup gap: 1.6631384356660348 GHz
At s= 0.419
simulation took 415.4732 sec
10
13
Minimup gap computed with 3th eigenvalue
Minimup gap: 1.8810753327978276 GHz
At s= 0.4
Minimup gap computed with 3th eigenvalue
Minimup gap: 1.663892569314438 GHz
At s= 0.42
Minimup gap computed with 3th eigenvalue
Minimup gap: 1.663138435665946 GHz
At s= 0.419
simulation took 418.8761 sec
11
13
Minimup gap computed with 3th eigenvalue
Minimup gap: 1.8810753327976428 GHz
At s= 0.4
Minimup gap computed with 3th eigenvalue
Minimup gap: 1.6638925693142603 GHz
At s= 0.42
Minimup gap computed with 3th eigenvalue
Minimup gap: 1.6631384356663759 GHz
At s= 0.419
simulation took 417.9672 sec
12
14
Minimup gap computed with 1th eigenvalue
Minimup gap: 1.0847770249796511 GHz
At s= 0.4
Minimup gap computed with 1th eigenvalue
Minimup gap: 1.0847770249796511 GHz
At s= 0.4
Minimup gap computed with 1th eigenvalue
Minimup gap: 1.0754247937601988 GHz
At s= 0.405
simulation took 1889.3873 sec
13
14
Minimup gap computed with 1th eigenvalue
Minimup gap: 1.0847770249791573 GHz
At s= 0.4
Minimup gap computed with 1th eigenvalue
Minimup gap: 1.0847770249791573 GHz
At s= 0.4
Minimup gap computed with 1th eigenvalue
Minimup gap: 1.0754247937586818 GHz
At s= 0.405
simulation took 1894.7512 sec
14
14
Minimup gap computed with 1th eigenvalue
Minimup gap: 1.0847770249791573 GHz
At s= 0.4
Minimup gap computed with 1th eigenvalue
Minimup gap: 1.0847770249791573 GHz
At s= 0.4
Minimup gap computed with 1th eigenvalue
Minimup gap: 1.0754247937586818 GHz
At s= 0.405
simulation took 1870.3744 sec
15
10
Minimup gap computed with 1th eigenvalue
Minimup gap: 1.5786062020596994 GHz
At s= 0.4
Minimup gap computed with 1th eigenvalue
Minimup gap: 1.4231064171065029 GHz
At s= 0.43
Minimup gap computed with 1th eigenvalue
Minimup gap: 1.4216872968694112 GHz
At s= 0.427
simulation took 3.5884 sec
16
15
Minimup gap computed with 15th eigenvalue
Minimup gap: 2.715885134759656 GHz
At s= 0.5
Minimup gap computed with 15th eigenvalue
Minimup gap: 2.4544367556519546 GHz
At s= 0.47
Minimup gap computed with 15th eigenvalue
Minimup gap: 2.4533461527703757 GHz
At s= 0.468
simulation took 10576.5479 sec
17
12
Minimup gap computed with 5th eigenvalue
Minimup gap: 2.147075994336923 GHz
At s= 0.4
Minimup gap computed with 5th eigenvalue
Minimup gap: 1.925502238372676 GHz
At s= 0.42
Minimup gap computed with 5th eigenvalue
Minimup gap: 1.921810059665983 GHz
At s= 0.423
simulation took 144.5561 sec
18
15
Minimup gap computed with 15th eigenvalue
Minimup gap: 2.715885134759656 GHz
At s= 0.5
Minimup gap computed with 15th eigenvalue
Minimup gap: 2.4544367556519546 GHz
At s= 0.47
Minimup gap computed with 15th eigenvalue
Minimup gap: 2.4533461527703757 GHz
At s= 0.468
simulation took 10590.0991 sec
19
13
Minimup gap computed with 2th eigenvalue
Minimup gap: 1.5338061441958253 GHz
At s= 0.4
Minimup gap computed with 2th eigenvalue
Minimup gap: 1.4348461679038884 GHz
At s= 0.42
Minimup gap computed with 2th eigenvalue
Minimup gap: 1.4344782995036525 GHz
At s= 0.419
simulation took 394.0704 sec
20
10
Minimup gap computed with 1th eigenvalue
Minimup gap: 1.4331415879641796 GHz
At s= 0.4
Minimup gap computed with 1th eigenvalue
Minimup gap: 1.3788736255742933 GHz
At s= 0.42
Minimup gap computed with 1th eigenvalue
Minimup gap: 1.3736954745804013 GHz
At s= 0.415
simulation took 3.3816 sec
21
13
Minimup gap computed with 3th eigenvalue
Minimup gap: 1.88107533279668 GHz
At s= 0.4
Minimup gap computed with 3th eigenvalue
Minimup gap: 1.6638925693136812 GHz
At s= 0.42
Minimup gap computed with 3th eigenvalue
Minimup gap: 1.6631384356657861 GHz
At s= 0.419
simulation took 411.1260 sec
22
12
Minimup gap computed with 5th eigenvalue
Minimup gap: 2.147075994337495 GHz
At s= 0.4
Minimup gap computed with 5th eigenvalue
Minimup gap: 1.9255022383720224 GHz
At s= 0.42
Minimup gap computed with 5th eigenvalue
Minimup gap: 1.9218100596661998 GHz
At s= 0.423
simulation took 144.7443 sec
23
12
Minimup gap computed with 6th eigenvalue
Minimup gap: 2.585439011635323 GHz
At s= 0.4
Minimup gap computed with 6th eigenvalue
Minimup gap: 1.9567992188855108 GHz
At s= 0.42
Minimup gap computed with 6th eigenvalue
Minimup gap: 1.9525125183352898 GHz
At s= 0.422
simulation took 144.3371 sec
24
12
Minimup gap computed with 5th eigenvalue
Minimup gap: 2.1470759943371753 GHz
At s= 0.4
Minimup gap computed with 5th eigenvalue
Minimup gap: 1.9255022383721787 GHz
At s= 0.42
Minimup gap computed with 5th eigenvalue
Minimup gap: 1.92181005966588 GHz
At s= 0.423
simulation took 145.6018 sec
25
11
Minimup gap computed with 1th eigenvalue
Minimup gap: 1.530456896685191 GHz
At s= 0.4
Minimup gap computed with 1th eigenvalue
Minimup gap: 1.4925366850866517 GHz
At s= 0.41
Minimup gap computed with 1th eigenvalue
Minimup gap: 1.4903855755253197 GHz
At s= 0.413
simulation took 20.0515 sec
26
13
Minimup gap computed with 3th eigenvalue
Minimup gap: 1.88107533279668 GHz
At s= 0.4
Minimup gap computed with 3th eigenvalue
Minimup gap: 1.6638925693136812 GHz
At s= 0.42
Minimup gap computed with 3th eigenvalue
Minimup gap: 1.6631384356657861 GHz
At s= 0.419
simulation took 415.3620 sec
27
12
Minimup gap computed with 4th eigenvalue
Minimup gap: 2.018956691314056 GHz
At s= 0.4
Minimup gap computed with 4th eigenvalue
Minimup gap: 1.9503081066808186 GHz
At s= 0.42
Minimup gap computed with 4th eigenvalue
Minimup gap: 1.9503081066808186 GHz
At s= 0.42
simulation took 147.5956 sec
28
14
Minimup gap computed with 1th eigenvalue
Minimup gap: 1.0847770249795836 GHz
At s= 0.4
Minimup gap computed with 1th eigenvalue
Minimup gap: 1.0847770249795836 GHz
At s= 0.4
Minimup gap computed with 1th eigenvalue
Minimup gap: 1.0754247937599395 GHz
At s= 0.405
simulation took 1879.0181 sec
29
13
Minimup gap computed with 3th eigenvalue
Minimup gap: 1.8810753327977174 GHz
At s= 0.4
Minimup gap computed with 3th eigenvalue
Minimup gap: 1.663892569313976 GHz
At s= 0.42
Minimup gap computed with 3th eigenvalue
Minimup gap: 1.6631384356659176 GHz
At s= 0.419
simulation took 407.4832 sec
30
14
Minimup gap computed with 1th eigenvalue
Minimup gap: 1.0847770249795516 GHz
At s= 0.4
Minimup gap computed with 1th eigenvalue
Minimup gap: 1.0847770249795516 GHz
At s= 0.4
Minimup gap computed with 1th eigenvalue
Minimup gap: 1.0754247937594812 GHz
At s= 0.405
simulation took 1895.8899 sec
31
14
Minimup gap computed with 1th eigenvalue
Minimup gap: 1.0847770249796511 GHz
At s= 0.4
Minimup gap computed with 1th eigenvalue
Minimup gap: 1.0847770249796511 GHz
At s= 0.4
Minimup gap computed with 1th eigenvalue
Minimup gap: 1.0754247937601988 GHz
At s= 0.405
simulation took 1906.4819 sec
32
13
Minimup gap computed with 3th eigenvalue
Minimup gap: 1.8810753327976535 GHz
At s= 0.4
Minimup gap computed with 3th eigenvalue
Minimup gap: 1.6638925693143989 GHz
At s= 0.42
Minimup gap computed with 3th eigenvalue
Minimup gap: 1.6631384356665926 GHz
At s= 0.419
simulation took 414.8976 sec
33
12
Minimup gap computed with 5th eigenvalue
Minimup gap: 2.1470759943371576 GHz
At s= 0.4
Minimup gap computed with 5th eigenvalue
Minimup gap: 1.9255022383720792 GHz
At s= 0.42
Minimup gap computed with 5th eigenvalue
Minimup gap: 1.92181005966642 GHz
At s= 0.423
simulation took 147.9909 sec
34
11
Minimup gap computed with 7th eigenvalue
Minimup gap: 2.8388338640267854 GHz
At s= 0.5
Minimup gap computed with 7th eigenvalue
Minimup gap: 2.4948250671942276 GHz
At s= 0.45
Minimup gap computed with 7th eigenvalue
Minimup gap: 2.4948250671942276 GHz
At s= 0.45
simulation took 19.6469 sec
35
10
Minimup gap computed with 1th eigenvalue
Minimup gap: 1.4331415879640232 GHz
At s= 0.4
Minimup gap computed with 1th eigenvalue
Minimup gap: 1.3788736255742862 GHz
At s= 0.42
Minimup gap computed with 1th eigenvalue
Minimup gap: 1.3736954745804617 GHz
At s= 0.415
simulation took 3.5575 sec
36
10
Minimup gap computed with 12th eigenvalue
Minimup gap: 3.1859454469554134 GHz
At s= 0.5
Minimup gap computed with 12th eigenvalue
Minimup gap: 3.0105641425970777 GHz
At s= 0.47
Minimup gap computed with 12th eigenvalue
Minimup gap: 3.010209424092537 GHz
At s= 0.469
simulation took 3.4892 sec
37
13
Minimup gap computed with 2th eigenvalue
Minimup gap: 1.5338061441961912 GHz
At s= 0.4
Minimup gap computed with 2th eigenvalue
Minimup gap: 1.4348461679042686 GHz
At s= 0.42
Minimup gap computed with 2th eigenvalue
Minimup gap: 1.4344782995040575 GHz
At s= 0.419
simulation took 417.4787 sec
38
15
Minimup gap computed with 15th eigenvalue
Minimup gap: 2.715885134759656 GHz
At s= 0.5
Minimup gap computed with 15th eigenvalue
Minimup gap: 2.4544367556519546 GHz
At s= 0.47
Minimup gap computed with 15th eigenvalue
Minimup gap: 2.4533461527703757 GHz
At s= 0.468
simulation took 10795.0845 sec
39
14
Minimup gap computed with 1th eigenvalue
Minimup gap: 1.0847770249795836 GHz
At s= 0.4
Minimup gap computed with 1th eigenvalue
Minimup gap: 1.0847770249795836 GHz
At s= 0.4
Minimup gap computed with 1th eigenvalue
Minimup gap: 1.0754247937599395 GHz
At s= 0.405
simulation took 1886.7023 sec
40
12
Minimup gap computed with 6th eigenvalue
Minimup gap: 2.5854390116355646 GHz
At s= 0.4
Minimup gap computed with 6th eigenvalue
Minimup gap: 1.9567992188856635 GHz
At s= 0.42
Minimup gap computed with 6th eigenvalue
Minimup gap: 1.952512518335304 GHz
At s= 0.422
simulation took 149.0132 sec
41
14
Minimup gap computed with 1th eigenvalue
Minimup gap: 1.0847770249791573 GHz
At s= 0.4
Minimup gap computed with 1th eigenvalue
Minimup gap: 1.0847770249791573 GHz
At s= 0.4
Minimup gap computed with 1th eigenvalue
Minimup gap: 1.0754247937586818 GHz
At s= 0.405
simulation took 1891.9322 sec
42
14
Minimup gap computed with 1th eigenvalue
Minimup gap: 1.0847770249800384 GHz
At s= 0.4
Minimup gap computed with 1th eigenvalue
Minimup gap: 1.0847770249800384 GHz
At s= 0.4
Minimup gap computed with 1th eigenvalue
Minimup gap: 1.075424793759165 GHz
At s= 0.405
simulation took 1892.5354 sec
43
14
Minimup gap computed with 1th eigenvalue
Minimup gap: 1.0847770249799211 GHz
At s= 0.4
Minimup gap computed with 1th eigenvalue
Minimup gap: 1.0847770249799211 GHz
At s= 0.4
Minimup gap computed with 1th eigenvalue
Minimup gap: 1.075424793759428 GHz
At s= 0.405
simulation took 1867.2686 sec
44
14
Minimup gap computed with 1th eigenvalue
Minimup gap: 1.0847770249793527 GHz
At s= 0.4
Minimup gap computed with 1th eigenvalue
Minimup gap: 1.0847770249793527 GHz
At s= 0.4
Minimup gap computed with 1th eigenvalue
Minimup gap: 1.0754247937593853 GHz
At s= 0.405
simulation took 1869.4404 sec
45
15
Minimup gap computed with 15th eigenvalue
Minimup gap: 2.715885134759656 GHz
At s= 0.5
Minimup gap computed with 15th eigenvalue
Minimup gap: 2.4544367556519546 GHz
At s= 0.47
Minimup gap computed with 15th eigenvalue
Minimup gap: 2.4533461527703757 GHz
At s= 0.468
simulation took 10636.5760 sec
46
12
Minimup gap computed with 4th eigenvalue
Minimup gap: 2.018956691314308 GHz
At s= 0.4
Minimup gap computed with 4th eigenvalue
Minimup gap: 1.9503081066807617 GHz
At s= 0.42
Minimup gap computed with 4th eigenvalue
Minimup gap: 1.9503081066807617 GHz
At s= 0.42
simulation took 140.1242 sec
47
15
Minimup gap computed with 15th eigenvalue
Minimup gap: 2.715885134759656 GHz
At s= 0.5
Minimup gap computed with 15th eigenvalue
Minimup gap: 2.4544367556519546 GHz
At s= 0.47
Minimup gap computed with 15th eigenvalue
Minimup gap: 2.4533461527703757 GHz
At s= 0.468
simulation took 10621.7489 sec
48
11
Minimup gap computed with 1th eigenvalue
Minimup gap: 1.530456896685429 GHz
At s= 0.4
Minimup gap computed with 1th eigenvalue
Minimup gap: 1.4925366850864066 GHz
At s= 0.41
Minimup gap computed with 1th eigenvalue
Minimup gap: 1.4903855755248898 GHz
At s= 0.413
simulation took 19.8438 sec
49
14
Minimup gap computed with 1th eigenvalue
Minimup gap: 1.0847770249791573 GHz
At s= 0.4
Minimup gap computed with 1th eigenvalue
Minimup gap: 1.0847770249791573 GHz
At s= 0.4
Minimup gap computed with 1th eigenvalue
Minimup gap: 1.0754247937586818 GHz
At s= 0.405
simulation took 1923.8954 sec
50
14
Minimup gap computed with 1th eigenvalue
Minimup gap: 1.0847770249799211 GHz
At s= 0.4
Minimup gap computed with 1th eigenvalue
Minimup gap: 1.0847770249799211 GHz
At s= 0.4
Minimup gap computed with 1th eigenvalue
Minimup gap: 1.075424793759428 GHz
At s= 0.405
simulation took 1889.2160 sec
51
12
Minimup gap computed with 6th eigenvalue
Minimup gap: 2.5854390116350636 GHz
At s= 0.4
Minimup gap computed with 6th eigenvalue
Minimup gap: 1.9567992188854042 GHz
At s= 0.42
Minimup gap computed with 6th eigenvalue
Minimup gap: 1.9525125183352365 GHz
At s= 0.422
simulation took 152.0690 sec
52
11
Minimup gap computed with 1th eigenvalue
Minimup gap: 1.5304568966853296 GHz
At s= 0.4
Minimup gap computed with 1th eigenvalue
Minimup gap: 1.4925366850868471 GHz
At s= 0.41
Minimup gap computed with 1th eigenvalue
Minimup gap: 1.4903855755249467 GHz
At s= 0.413
simulation took 19.2283 sec
53
12
Minimup gap computed with 6th eigenvalue
Minimup gap: 2.5854390116355646 GHz
At s= 0.4
Minimup gap computed with 6th eigenvalue
Minimup gap: 1.9567992188856635 GHz
At s= 0.42
Minimup gap computed with 6th eigenvalue
Minimup gap: 1.952512518335304 GHz
At s= 0.422
simulation took 149.7187 sec
54
12
Minimup gap computed with 4th eigenvalue
Minimup gap: 2.01895669131401 GHz
At s= 0.4
Minimup gap computed with 4th eigenvalue
Minimup gap: 1.9503081066808114 GHz
At s= 0.42
Minimup gap computed with 4th eigenvalue
Minimup gap: 1.9503081066808114 GHz
At s= 0.42
simulation took 150.2046 sec
55
12
Minimup gap computed with 4th eigenvalue
Minimup gap: 2.018956691314248 GHz
At s= 0.4
Minimup gap computed with 4th eigenvalue
Minimup gap: 1.9503081066805699 GHz
At s= 0.42
Minimup gap computed with 4th eigenvalue
Minimup gap: 1.9503081066805699 GHz
At s= 0.42
simulation took 149.9875 sec
56
12
Minimup gap computed with 6th eigenvalue
Minimup gap: 2.585439011635369 GHz
At s= 0.4
Minimup gap computed with 6th eigenvalue
Minimup gap: 1.956799218885891 GHz
At s= 0.42
Minimup gap computed with 6th eigenvalue
Minimup gap: 1.9525125183351584 GHz
At s= 0.422
simulation took 151.8113 sec
57
12
Minimup gap computed with 1th eigenvalue
Minimup gap: 2.0719261147464216 GHz
At s= 0.4
Minimup gap computed with 1th eigenvalue
Minimup gap: 2.0611183828514257 GHz
At s= 0.39
Minimup gap computed with 1th eigenvalue
Minimup gap: 2.0608949026446837 GHz
At s= 0.391
simulation took 148.1380 sec
58
12
Minimup gap computed with 6th eigenvalue
Minimup gap: 2.585439011635451 GHz
At s= 0.4
Minimup gap computed with 6th eigenvalue
Minimup gap: 1.956799218885184 GHz
At s= 0.42
Minimup gap computed with 6th eigenvalue
Minimup gap: 1.9525125183350056 GHz
At s= 0.422
simulation took 148.5880 sec
59
11
Minimup gap computed with 8th eigenvalue
Minimup gap: 2.5068420669085754 GHz
At s= 0.5
Minimup gap computed with 8th eigenvalue
Minimup gap: 2.316624298710874 GHz
At s= 0.47
Minimup gap computed with 8th eigenvalue
Minimup gap: 2.3162460861031846 GHz
At s= 0.468
simulation took 19.1528 sec
60
11
Minimup gap computed with 8th eigenvalue
Minimup gap: 2.5068420669088596 GHz
At s= 0.5
Minimup gap computed with 8th eigenvalue
Minimup gap: 2.316624298710302 GHz
At s= 0.47
Minimup gap computed with 8th eigenvalue
Minimup gap: 2.316246086103394 GHz
At s= 0.468
simulation took 19.5942 sec
61
14
Minimup gap computed with 1th eigenvalue
Minimup gap: 1.0847770249793527 GHz
At s= 0.4
Minimup gap computed with 1th eigenvalue
Minimup gap: 1.0847770249793527 GHz
At s= 0.4
Minimup gap computed with 1th eigenvalue
Minimup gap: 1.0754247937593853 GHz
At s= 0.405
simulation took 1907.2071 sec
62
11
Minimup gap computed with 1th eigenvalue
Minimup gap: 1.5304568966854184 GHz
At s= 0.4
Minimup gap computed with 1th eigenvalue
Minimup gap: 1.4925366850864101 GHz
At s= 0.41
Minimup gap computed with 1th eigenvalue
Minimup gap: 1.4903855755245452 GHz
At s= 0.413
simulation took 19.7931 sec
63
14
Minimup gap computed with 1th eigenvalue
Minimup gap: 1.0847770249793527 GHz
At s= 0.4
Minimup gap computed with 1th eigenvalue
Minimup gap: 1.0847770249793527 GHz
At s= 0.4
Minimup gap computed with 1th eigenvalue
Minimup gap: 1.0754247937593853 GHz
At s= 0.405
simulation took 1898.0798 sec
64
11
Minimup gap computed with 7th eigenvalue
Minimup gap: 2.838833864027116 GHz
At s= 0.5
Minimup gap computed with 7th eigenvalue
Minimup gap: 2.494825067194327 GHz
At s= 0.45
Minimup gap computed with 7th eigenvalue
Minimup gap: 2.494825067194327 GHz
At s= 0.45
simulation took 19.5120 sec
65
13
Minimup gap computed with 2th eigenvalue
Minimup gap: 1.533806144196923 GHz
At s= 0.4
Minimup gap computed with 2th eigenvalue
Minimup gap: 1.4348461679045137 GHz
At s= 0.42
Minimup gap computed with 2th eigenvalue
Minimup gap: 1.4344782995039793 GHz
At s= 0.419
simulation took 414.5006 sec
66
13
Minimup gap computed with 2th eigenvalue
Minimup gap: 1.5338061441964896 GHz
At s= 0.4
Minimup gap computed with 2th eigenvalue
Minimup gap: 1.4348461679038813 GHz
At s= 0.42
Minimup gap computed with 2th eigenvalue
Minimup gap: 1.4344782995040894 GHz
At s= 0.419
simulation took 415.6001 sec
67
11
Minimup gap computed with 1th eigenvalue
Minimup gap: 1.530456896685191 GHz
At s= 0.4
Minimup gap computed with 1th eigenvalue
Minimup gap: 1.4925366850866517 GHz
At s= 0.41
Minimup gap computed with 1th eigenvalue
Minimup gap: 1.4903855755253197 GHz
At s= 0.413
simulation took 19.9196 sec
68
12
Minimup gap computed with 1th eigenvalue
Minimup gap: 2.0719261147461125 GHz
At s= 0.4
Minimup gap computed with 1th eigenvalue
Minimup gap: 2.0611183828518307 GHz
At s= 0.39
Minimup gap computed with 1th eigenvalue
Minimup gap: 2.0608949026446197 GHz
At s= 0.391
simulation took 141.9699 sec
69
11
Minimup gap computed with 1th eigenvalue
Minimup gap: 1.5304568966850596 GHz
At s= 0.4
Minimup gap computed with 1th eigenvalue
Minimup gap: 1.4925366850864954 GHz
At s= 0.41
Minimup gap computed with 1th eigenvalue
Minimup gap: 1.4903855755253979 GHz
At s= 0.413
simulation took 20.0284 sec
70
13
Minimup gap computed with 3th eigenvalue
Minimup gap: 1.8810753327971028 GHz
At s= 0.4
Minimup gap computed with 3th eigenvalue
Minimup gap: 1.6638925693143598 GHz
At s= 0.42
Minimup gap computed with 3th eigenvalue
Minimup gap: 1.6631384356658785 GHz
At s= 0.419
simulation took 415.6222 sec
71
12
Minimup gap computed with 4th eigenvalue
Minimup gap: 2.0189566913142762 GHz
At s= 0.4
Minimup gap computed with 4th eigenvalue
Minimup gap: 1.9503081066803993 GHz
At s= 0.42
Minimup gap computed with 4th eigenvalue
Minimup gap: 1.9503081066803993 GHz
At s= 0.42
simulation took 144.2969 sec
72
13
Minimup gap computed with 3th eigenvalue
Minimup gap: 1.8810753327976428 GHz
At s= 0.4
Minimup gap computed with 3th eigenvalue
Minimup gap: 1.6638925693142603 GHz
At s= 0.42
Minimup gap computed with 3th eigenvalue
Minimup gap: 1.6631384356663759 GHz
At s= 0.419
simulation took 414.7470 sec
73
15
Minimup gap computed with 15th eigenvalue
Minimup gap: 2.715885134759656 GHz
At s= 0.5
Minimup gap computed with 15th eigenvalue
Minimup gap: 2.4544367556519546 GHz
At s= 0.47
Minimup gap computed with 15th eigenvalue
Minimup gap: 2.4533461527703757 GHz
At s= 0.468
simulation took 10926.5635 sec
74
12
Minimup gap computed with 6th eigenvalue
Minimup gap: 2.5854390116355432 GHz
At s= 0.4
Minimup gap computed with 6th eigenvalue
Minimup gap: 1.9567992188857417 GHz
At s= 0.42
Minimup gap computed with 6th eigenvalue
Minimup gap: 1.9525125183351548 GHz
At s= 0.422
simulation took 146.5975 sec
75
13
Minimup gap computed with 3th eigenvalue
Minimup gap: 1.8810753327976535 GHz
At s= 0.4
Minimup gap computed with 3th eigenvalue
Minimup gap: 1.6638925693143989 GHz
At s= 0.42
Minimup gap computed with 3th eigenvalue
Minimup gap: 1.6631384356665926 GHz
At s= 0.419
simulation took 421.4872 sec
76
13
Minimup gap computed with 3th eigenvalue
Minimup gap: 1.8810753327975505 GHz
At s= 0.4
Minimup gap computed with 3th eigenvalue
Minimup gap: 1.6638925693150384 GHz
At s= 0.42
Minimup gap computed with 3th eigenvalue
Minimup gap: 1.6631384356662693 GHz
At s= 0.419
simulation took 421.5470 sec
77
13
Minimup gap computed with 3th eigenvalue
Minimup gap: 1.8810753327976037 GHz
At s= 0.4
Minimup gap computed with 3th eigenvalue
Minimup gap: 1.663892569314207 GHz
At s= 0.42
Minimup gap computed with 3th eigenvalue
Minimup gap: 1.6631384356659176 GHz
At s= 0.419
simulation took 413.8350 sec
78
12
Minimup gap computed with 5th eigenvalue
Minimup gap: 2.1470759943373032 GHz
At s= 0.4
Minimup gap computed with 5th eigenvalue
Minimup gap: 1.9255022383726903 GHz
At s= 0.42
Minimup gap computed with 5th eigenvalue
Minimup gap: 1.9218100596661891 GHz
At s= 0.423
simulation took 148.9116 sec
79
14
Minimup gap computed with 1th eigenvalue
Minimup gap: 1.0847770249795516 GHz
At s= 0.4
Minimup gap computed with 1th eigenvalue
Minimup gap: 1.0847770249795516 GHz
At s= 0.4
Minimup gap computed with 1th eigenvalue
Minimup gap: 1.0754247937594812 GHz
At s= 0.405
simulation took 1906.3796 sec
80
12
Minimup gap computed with 6th eigenvalue
Minimup gap: 2.585439011635451 GHz
At s= 0.4
Minimup gap computed with 6th eigenvalue
Minimup gap: 1.956799218885184 GHz
At s= 0.42
Minimup gap computed with 6th eigenvalue
Minimup gap: 1.9525125183350056 GHz
At s= 0.422
simulation took 140.1099 sec
81
12
Minimup gap computed with 5th eigenvalue
Minimup gap: 2.1470759943373174 GHz
At s= 0.4
Minimup gap computed with 5th eigenvalue
Minimup gap: 1.9255022383721503 GHz
At s= 0.42
Minimup gap computed with 5th eigenvalue
Minimup gap: 1.9218100596662566 GHz
At s= 0.423
simulation took 142.8022 sec
82
11
Minimup gap computed with 7th eigenvalue
Minimup gap: 2.8388338640268316 GHz
At s= 0.5
Minimup gap computed with 7th eigenvalue
Minimup gap: 2.4948250671943804 GHz
At s= 0.45
Minimup gap computed with 7th eigenvalue
Minimup gap: 2.4948250671943804 GHz
At s= 0.45
simulation took 19.5607 sec
83
13
Minimup gap computed with 3th eigenvalue
Minimup gap: 1.8810753327975256 GHz
At s= 0.4
Minimup gap computed with 3th eigenvalue
Minimup gap: 1.6638925693141005 GHz
At s= 0.42
Minimup gap computed with 3th eigenvalue
Minimup gap: 1.6631384356655872 GHz
At s= 0.419
simulation took 419.3170 sec
84
13
Minimup gap computed with 3th eigenvalue
Minimup gap: 1.8810753327973728 GHz
At s= 0.4
Minimup gap computed with 3th eigenvalue
Minimup gap: 1.66389256931447 GHz
At s= 0.42
Minimup gap computed with 3th eigenvalue
Minimup gap: 1.66313843566547 GHz
At s= 0.419
simulation took 409.6778 sec
85
12
Minimup gap computed with 4th eigenvalue
Minimup gap: 2.0189566913142585 GHz
At s= 0.4
Minimup gap computed with 4th eigenvalue
Minimup gap: 1.950308106680648 GHz
At s= 0.42
Minimup gap computed with 4th eigenvalue
Minimup gap: 1.950308106680648 GHz
At s= 0.42
simulation took 146.2367 sec
86
11
Minimup gap computed with 7th eigenvalue
Minimup gap: 2.838833864027169 GHz
At s= 0.5
Minimup gap computed with 7th eigenvalue
Minimup gap: 2.4948250671942134 GHz
At s= 0.45
Minimup gap computed with 7th eigenvalue
Minimup gap: 2.4948250671942134 GHz
At s= 0.45
simulation took 19.7667 sec
87
14
Minimup gap computed with 1th eigenvalue
Minimup gap: 1.0847770249793527 GHz
At s= 0.4
Minimup gap computed with 1th eigenvalue
Minimup gap: 1.0847770249793527 GHz
At s= 0.4
Minimup gap computed with 1th eigenvalue
Minimup gap: 1.0754247937593853 GHz
At s= 0.405
simulation took 1873.1725 sec
88
12
Minimup gap computed with 5th eigenvalue
Minimup gap: 2.1470759943373814 GHz
At s= 0.4
Minimup gap computed with 5th eigenvalue
Minimup gap: 1.9255022383725233 GHz
At s= 0.42
Minimup gap computed with 5th eigenvalue
Minimup gap: 1.921810059666491 GHz
At s= 0.423
simulation took 139.1084 sec
89
12
Minimup gap computed with 5th eigenvalue
Minimup gap: 2.1470759943373032 GHz
At s= 0.4
Minimup gap computed with 5th eigenvalue
Minimup gap: 1.9255022383722746 GHz
At s= 0.42
Minimup gap computed with 5th eigenvalue
Minimup gap: 1.9218100596661571 GHz
At s= 0.423
simulation took 139.8665 sec
90
13
Minimup gap computed with 3th eigenvalue
Minimup gap: 1.8810753327975753 GHz
At s= 0.4
Minimup gap computed with 3th eigenvalue
Minimup gap: 1.6638925693142852 GHz
At s= 0.42
Minimup gap computed with 3th eigenvalue
Minimup gap: 1.6631384356660313 GHz
At s= 0.419
simulation took 406.6536 sec
91
12
Minimup gap computed with 5th eigenvalue
Minimup gap: 2.1470759943372784 GHz
At s= 0.4
Minimup gap computed with 5th eigenvalue
Minimup gap: 1.925502238372104 GHz
At s= 0.42
Minimup gap computed with 5th eigenvalue
Minimup gap: 1.921810059666047 GHz
At s= 0.423
simulation took 144.1174 sec
92
12
Minimup gap computed with 1th eigenvalue
Minimup gap: 2.071926114746123 GHz
At s= 0.4
Minimup gap computed with 1th eigenvalue
Minimup gap: 2.0611183828518804 GHz
At s= 0.39
Minimup gap computed with 1th eigenvalue
Minimup gap: 2.06089490264473 GHz
At s= 0.391
simulation took 142.2314 sec
93
14
Minimup gap computed with 1th eigenvalue
Minimup gap: 1.0847770249790543 GHz
At s= 0.4
Minimup gap computed with 1th eigenvalue
Minimup gap: 1.0847770249790543 GHz
At s= 0.4
Minimup gap computed with 1th eigenvalue
Minimup gap: 1.0754247937590868 GHz
At s= 0.405
simulation took 1889.6658 sec
94
12
Minimup gap computed with 6th eigenvalue
Minimup gap: 2.5854390116353905 GHz
At s= 0.4
Minimup gap computed with 6th eigenvalue
Minimup gap: 1.956799218885621 GHz
At s= 0.42
Minimup gap computed with 6th eigenvalue
Minimup gap: 1.9525125183356202 GHz
At s= 0.422
simulation took 144.0089 sec
95
12
Minimup gap computed with 5th eigenvalue
Minimup gap: 2.1470759943371363 GHz
At s= 0.4
Minimup gap computed with 5th eigenvalue
Minimup gap: 1.9255022383727187 GHz
At s= 0.42
Minimup gap computed with 5th eigenvalue
Minimup gap: 1.9218100596661039 GHz
At s= 0.423
simulation took 139.8739 sec
96
12
Minimup gap computed with 5th eigenvalue
Minimup gap: 2.1470759943372784 GHz
At s= 0.4
Minimup gap computed with 5th eigenvalue
Minimup gap: 1.925502238372733 GHz
At s= 0.42
Minimup gap computed with 5th eigenvalue
Minimup gap: 1.9218100596664094 GHz
At s= 0.423
simulation took 141.9077 sec
97
10
Minimup gap computed with 1th eigenvalue
Minimup gap: 1.5786062020599374 GHz
At s= 0.4
Minimup gap computed with 1th eigenvalue
Minimup gap: 1.42310641710651 GHz
At s= 0.43
Minimup gap computed with 1th eigenvalue
Minimup gap: 1.4216872968692549 GHz
At s= 0.427
simulation took 3.5135 sec
98
14
Minimup gap computed with 1th eigenvalue
Minimup gap: 1.084777024979303 GHz
At s= 0.4
Minimup gap computed with 1th eigenvalue
Minimup gap: 1.084777024979303 GHz
At s= 0.4
Minimup gap computed with 1th eigenvalue
Minimup gap: 1.075424793759364 GHz
At s= 0.405
simulation took 1876.8958 sec
99
13
Minimup gap computed with 2th eigenvalue
Minimup gap: 1.5338061441963333 GHz
At s= 0.4
Minimup gap computed with 2th eigenvalue
Minimup gap: 1.4348461679047482 GHz
At s= 0.42
Minimup gap computed with 2th eigenvalue
Minimup gap: 1.434478299504299 GHz
At s= 0.419
simulation took 394.7268 sec
