0
10
Minimup gap computed with 1th eigenvalue
Minimup gap: 1.299774696179199 GHz
At s= 0.3
Minimup gap computed with 1th eigenvalue
Minimup gap: 1.016285978300516 GHz
At s= 0.26
Minimup gap computed with 1th eigenvalue
Minimup gap: 1.0154061430693986 GHz
At s= 0.262
simulation took 3.6234 sec
1
11
Minimup gap computed with 1th eigenvalue
Minimup gap: 1.422040760908871 GHz
At s= 0.3
Minimup gap computed with 1th eigenvalue
Minimup gap: 1.3282044408942113 GHz
At s= 0.27
Minimup gap computed with 1th eigenvalue
Minimup gap: 1.328200413192647 GHz
At s= 0.271
simulation took 18.7568 sec
2
8
Minimup gap computed with 3th eigenvalue
Minimup gap: 1.9510132849514932 GHz
At s= 0.3
Minimup gap computed with 3th eigenvalue
Minimup gap: 1.8469508827622079 GHz
At s= 0.33
Minimup gap computed with 3th eigenvalue
Minimup gap: 1.8460408019195071 GHz
At s= 0.327
simulation took 0.3174 sec
3
11
Minimup gap computed with 4th eigenvalue
Minimup gap: 1.4419572775657343 GHz
At s= 0.3
Minimup gap computed with 4th eigenvalue
Minimup gap: 1.399818171970722 GHz
At s= 0.28
Minimup gap computed with 4th eigenvalue
Minimup gap: 1.3983328810740545 GHz
At s= 0.283
simulation took 18.8293 sec
4
12
Minimup gap computed with 3th eigenvalue
Minimup gap: 1.4286758317173849 GHz
At s= 0.3
Minimup gap computed with 3th eigenvalue
Minimup gap: 1.3571778583935412 GHz
At s= 0.28
Minimup gap computed with 3th eigenvalue
Minimup gap: 1.3542704422076923 GHz
At s= 0.276
simulation took 148.2872 sec
5
7
Minimup gap computed with 4th eigenvalue
Minimup gap: 2.3966232732774273 GHz
At s= 0.4
Minimup gap computed with 4th eigenvalue
Minimup gap: 2.2382132736045293 GHz
At s= 0.35
Minimup gap computed with 4th eigenvalue
Minimup gap: 2.237547059186525 GHz
At s= 0.353
simulation took 0.1205 sec
6
10
Minimup gap computed with 5th eigenvalue
Minimup gap: 1.5181774223009938 GHz
At s= 0.3
Minimup gap computed with 5th eigenvalue
Minimup gap: 1.5174684561150826 GHz
At s= 0.29
Minimup gap computed with 5th eigenvalue
Minimup gap: 1.5136970609247982 GHz
At s= 0.295
simulation took 3.3971 sec
7
12
Minimup gap computed with 3th eigenvalue
Minimup gap: 1.428675831718067 GHz
At s= 0.3
Minimup gap computed with 3th eigenvalue
Minimup gap: 1.3571778583940954 GHz
At s= 0.28
Minimup gap computed with 3th eigenvalue
Minimup gap: 1.354270442208005 GHz
At s= 0.276
simulation took 147.8960 sec
8
11
Minimup gap computed with 1th eigenvalue
Minimup gap: 1.3951386440742226 GHz
At s= 0.3
Minimup gap computed with 1th eigenvalue
Minimup gap: 1.2318433678282474 GHz
At s= 0.26
Minimup gap computed with 1th eigenvalue
Minimup gap: 1.2306596485294818 GHz
At s= 0.262
simulation took 19.4622 sec
9
10
Minimup gap computed with 1th eigenvalue
Minimup gap: 1.3787776009273784 GHz
At s= 0.3
Minimup gap computed with 1th eigenvalue
Minimup gap: 1.1601148078911194 GHz
At s= 0.26
Minimup gap computed with 1th eigenvalue
Minimup gap: 1.1597030943953541 GHz
At s= 0.259
simulation took 3.3935 sec
10
9
Minimup gap computed with 2th eigenvalue
Minimup gap: 1.315061257432916 GHz
At s= 0.3
Minimup gap computed with 2th eigenvalue
Minimup gap: 1.2049248155379146 GHz
At s= 0.28
Minimup gap computed with 2th eigenvalue
Minimup gap: 1.2033486015182433 GHz
At s= 0.278
simulation took 0.8336 sec
11
8
Minimup gap computed with 3th eigenvalue
Minimup gap: 1.6020454149430847 GHz
At s= 0.3
Minimup gap computed with 3th eigenvalue
Minimup gap: 1.6020454149430847 GHz
At s= 0.3
Minimup gap computed with 3th eigenvalue
Minimup gap: 1.5993787058477196 GHz
At s= 0.304
simulation took 0.2859 sec
12
10
Minimup gap computed with 2th eigenvalue
Minimup gap: 1.5138416476027459 GHz
At s= 0.3
Minimup gap computed with 2th eigenvalue
Minimup gap: 1.5081496465866593 GHz
At s= 0.29
Minimup gap computed with 2th eigenvalue
Minimup gap: 1.5066864046782484 GHz
At s= 0.293
simulation took 3.2865 sec
13
11
Minimup gap computed with 1th eigenvalue
Minimup gap: 1.3951386440734126 GHz
At s= 0.3
Minimup gap computed with 1th eigenvalue
Minimup gap: 1.2318433678278211 GHz
At s= 0.26
Minimup gap computed with 1th eigenvalue
Minimup gap: 1.2306596485293824 GHz
At s= 0.262
simulation took 18.9809 sec
14
9
Minimup gap computed with 2th eigenvalue
Minimup gap: 1.8076214841569538 GHz
At s= 0.3
Minimup gap computed with 2th eigenvalue
Minimup gap: 1.7673294020973458 GHz
At s= 0.32
Minimup gap computed with 2th eigenvalue
Minimup gap: 1.7667496059098085 GHz
At s= 0.318
simulation took 0.8345 sec
15
8
Minimup gap computed with 2th eigenvalue
Minimup gap: 1.6720113278981614 GHz
At s= 0.3
Minimup gap computed with 2th eigenvalue
Minimup gap: 1.6412687840238007 GHz
At s= 0.31
Minimup gap computed with 2th eigenvalue
Minimup gap: 1.6388039053218009 GHz
At s= 0.314
simulation took 0.3431 sec
16
13
Minimup gap computed with 2th eigenvalue
Minimup gap: 1.3937100565538003 GHz
At s= 0.3
Minimup gap computed with 2th eigenvalue
Minimup gap: 1.1795493943140656 GHz
At s= 0.26
Minimup gap computed with 2th eigenvalue
Minimup gap: 1.1765312050598595 GHz
At s= 0.256
simulation took 428.9395 sec
17
9
Minimup gap computed with 2th eigenvalue
Minimup gap: 1.4917366397507692 GHz
At s= 0.3
Minimup gap computed with 2th eigenvalue
Minimup gap: 1.478567229802934 GHz
At s= 0.29
Minimup gap computed with 2th eigenvalue
Minimup gap: 1.478567229802934 GHz
At s= 0.29
simulation took 0.8114 sec
18
14
Minimup gap computed with 1th eigenvalue
Minimup gap: 1.388194291923412 GHz
At s= 0.3
Minimup gap computed with 2th eigenvalue
Minimup gap: 1.1108086083552848 GHz
At s= 0.25
Minimup gap computed with 2th eigenvalue
Minimup gap: 1.1095663838788994 GHz
At s= 0.248
simulation took 1856.6651 sec
19
10
Minimup gap computed with 1th eigenvalue
Minimup gap: 1.3787776009276627 GHz
At s= 0.3
Minimup gap computed with 1th eigenvalue
Minimup gap: 1.1601148078909915 GHz
At s= 0.26
Minimup gap computed with 1th eigenvalue
Minimup gap: 1.1597030943960789 GHz
At s= 0.259
simulation took 3.2974 sec
20
7
Minimup gap computed with 4th eigenvalue
Minimup gap: 2.3966232732775055 GHz
At s= 0.4
Minimup gap computed with 4th eigenvalue
Minimup gap: 2.238213273604501 GHz
At s= 0.35
Minimup gap computed with 4th eigenvalue
Minimup gap: 2.2375470591864044 GHz
At s= 0.353
simulation took 0.1316 sec
21
9
Minimup gap computed with 1th eigenvalue
Minimup gap: 1.1350142363650377 GHz
At s= 0.3
Minimup gap computed with 2th eigenvalue
Minimup gap: 1.5715746757250812 GHz
At s= 0.3
Minimup gap computed with 2th eigenvalue
Minimup gap: 1.5706904171781133 GHz
At s= 0.297
simulation took 0.8476 sec
22
11
Minimup gap computed with 1th eigenvalue
Minimup gap: 1.3951386440739384 GHz
At s= 0.3
Minimup gap computed with 1th eigenvalue
Minimup gap: 1.2318433678290148 GHz
At s= 0.26
Minimup gap computed with 1th eigenvalue
Minimup gap: 1.230659648528416 GHz
At s= 0.262
simulation took 19.0640 sec
23
10
Minimup gap computed with 1th eigenvalue
Minimup gap: 1.3833638035059295 GHz
At s= 0.3
Minimup gap computed with 1th eigenvalue
Minimup gap: 1.249053767177898 GHz
At s= 0.27
Minimup gap computed with 1th eigenvalue
Minimup gap: 1.2485724299415324 GHz
At s= 0.268
simulation took 3.3160 sec
24
9
Minimup gap computed with 6th eigenvalue
Minimup gap: 1.6964048788371642 GHz
At s= 0.3
Minimup gap computed with 6th eigenvalue
Minimup gap: 1.6046403345995373 GHz
At s= 0.31
Minimup gap computed with 6th eigenvalue
Minimup gap: 1.5993787058478972 GHz
At s= 0.304
simulation took 0.8484 sec
25
10
Minimup gap computed with 2th eigenvalue
Minimup gap: 1.513841647601808 GHz
At s= 0.3
Minimup gap computed with 2th eigenvalue
Minimup gap: 1.508149646585494 GHz
At s= 0.29
Minimup gap computed with 2th eigenvalue
Minimup gap: 1.5066864046767279 GHz
At s= 0.293
simulation took 3.2659 sec
26
9
Minimup gap computed with 2th eigenvalue
Minimup gap: 1.4917366397508829 GHz
At s= 0.3
Minimup gap computed with 2th eigenvalue
Minimup gap: 1.478567229803204 GHz
At s= 0.29
Minimup gap computed with 2th eigenvalue
Minimup gap: 1.478567229803204 GHz
At s= 0.29
simulation took 0.8719 sec
27
10
Minimup gap computed with 1th eigenvalue
Minimup gap: 1.2997746961800658 GHz
At s= 0.3
Minimup gap computed with 1th eigenvalue
Minimup gap: 1.0162859782999192 GHz
At s= 0.26
Minimup gap computed with 1th eigenvalue
Minimup gap: 1.015406143068077 GHz
At s= 0.262
simulation took 3.4149 sec
28
13
Minimup gap computed with 2th eigenvalue
Minimup gap: 1.3937100565503897 GHz
At s= 0.3
Minimup gap computed with 2th eigenvalue
Minimup gap: 1.1795493943137103 GHz
At s= 0.26
Minimup gap computed with 2th eigenvalue
Minimup gap: 1.1765312050602716 GHz
At s= 0.256
simulation took 408.5320 sec
29
11
Minimup gap computed with 4th eigenvalue
Minimup gap: 1.5121284585065382 GHz
At s= 0.3
Minimup gap computed with 4th eigenvalue
Minimup gap: 1.504738717657844 GHz
At s= 0.29
Minimup gap computed with 4th eigenvalue
Minimup gap: 1.50387660179112 GHz
At s= 0.292
simulation took 19.3872 sec
30
11
Minimup gap computed with 4th eigenvalue
Minimup gap: 1.4257067254885527 GHz
At s= 0.3
Minimup gap computed with 4th eigenvalue
Minimup gap: 1.3632504211937828 GHz
At s= 0.28
Minimup gap computed with 4th eigenvalue
Minimup gap: 1.363216860439934 GHz
At s= 0.279
simulation took 19.3689 sec
31
12
Minimup gap computed with 3th eigenvalue
Minimup gap: 1.4286758317186639 GHz
At s= 0.3
Minimup gap computed with 3th eigenvalue
Minimup gap: 1.35717785839104 GHz
At s= 0.28
Minimup gap computed with 3th eigenvalue
Minimup gap: 1.3542704422080476 GHz
At s= 0.276
simulation took 144.1795 sec
32
10
Minimup gap computed with 1th eigenvalue
Minimup gap: 1.3833638035061 GHz
At s= 0.3
Minimup gap computed with 1th eigenvalue
Minimup gap: 1.249053767178168 GHz
At s= 0.27
Minimup gap computed with 1th eigenvalue
Minimup gap: 1.248572429941703 GHz
At s= 0.268
simulation took 3.4102 sec
33
7
Minimup gap computed with 4th eigenvalue
Minimup gap: 2.3966232732776263 GHz
At s= 0.4
Minimup gap computed with 4th eigenvalue
Minimup gap: 2.238213273604593 GHz
At s= 0.35
Minimup gap computed with 4th eigenvalue
Minimup gap: 2.237547059186518 GHz
At s= 0.353
simulation took 0.1330 sec
34
9
Minimup gap computed with 2th eigenvalue
Minimup gap: 1.491736639751025 GHz
At s= 0.3
Minimup gap computed with 2th eigenvalue
Minimup gap: 1.4785672298028558 GHz
At s= 0.29
Minimup gap computed with 2th eigenvalue
Minimup gap: 1.4785672298028558 GHz
At s= 0.29
simulation took 0.8637 sec
35
6
Minimup gap computed with 2th eigenvalue
Minimup gap: 2.396623273277502 GHz
At s= 0.4
Minimup gap computed with 2th eigenvalue
Minimup gap: 2.238213273604618 GHz
At s= 0.35
Minimup gap computed with 2th eigenvalue
Minimup gap: 2.237547059186582 GHz
At s= 0.353
simulation took 0.0807 sec
36
8
Minimup gap computed with 3th eigenvalue
Minimup gap: 1.9510132849518342 GHz
At s= 0.3
Minimup gap computed with 3th eigenvalue
Minimup gap: 1.8469508827623713 GHz
At s= 0.33
Minimup gap computed with 3th eigenvalue
Minimup gap: 1.8460408019189174 GHz
At s= 0.327
simulation took 0.3003 sec
37
8
Minimup gap computed with 3th eigenvalue
Minimup gap: 1.9510132849518627 GHz
At s= 0.3
Minimup gap computed with 3th eigenvalue
Minimup gap: 1.8469508827626058 GHz
At s= 0.33
Minimup gap computed with 3th eigenvalue
Minimup gap: 1.846040801919031 GHz
At s= 0.327
simulation took 0.3021 sec
38
11
Minimup gap computed with 4th eigenvalue
Minimup gap: 1.441957277567198 GHz
At s= 0.3
Minimup gap computed with 4th eigenvalue
Minimup gap: 1.3998181719724414 GHz
At s= 0.28
Minimup gap computed with 4th eigenvalue
Minimup gap: 1.398332881073955 GHz
At s= 0.283
simulation took 19.3791 sec
39
12
Minimup gap computed with 3th eigenvalue
Minimup gap: 1.4286758317168164 GHz
At s= 0.3
Minimup gap computed with 3th eigenvalue
Minimup gap: 1.357177858391637 GHz
At s= 0.28
Minimup gap computed with 3th eigenvalue
Minimup gap: 1.3542704422077492 GHz
At s= 0.276
simulation took 143.1195 sec
40
11
Minimup gap computed with 4th eigenvalue
Minimup gap: 1.4419572775658338 GHz
At s= 0.3
Minimup gap computed with 4th eigenvalue
Minimup gap: 1.3998181719716882 GHz
At s= 0.28
Minimup gap computed with 4th eigenvalue
Minimup gap: 1.3983328810741824 GHz
At s= 0.283
simulation took 19.2309 sec
41
9
Minimup gap computed with 2th eigenvalue
Minimup gap: 1.4917366397508403 GHz
At s= 0.3
Minimup gap computed with 2th eigenvalue
Minimup gap: 1.478567229803616 GHz
At s= 0.29
Minimup gap computed with 2th eigenvalue
Minimup gap: 1.478567229803616 GHz
At s= 0.29
simulation took 0.8508 sec
42
11
Minimup gap computed with 4th eigenvalue
Minimup gap: 1.4079633048789333 GHz
At s= 0.3
Minimup gap computed with 4th eigenvalue
Minimup gap: 1.3098543004227423 GHz
At s= 0.27
Minimup gap computed with 4th eigenvalue
Minimup gap: 1.306656251600117 GHz
At s= 0.274
simulation took 19.1274 sec
43
12
Minimup gap computed with 3th eigenvalue
Minimup gap: 1.4286758317167738 GHz
At s= 0.3
Minimup gap computed with 3th eigenvalue
Minimup gap: 1.3571778583951755 GHz
At s= 0.28
Minimup gap computed with 3th eigenvalue
Minimup gap: 1.3542704422077776 GHz
At s= 0.276
simulation took 143.4971 sec
44
12
Minimup gap computed with 3th eigenvalue
Minimup gap: 1.4286758317172001 GHz
At s= 0.3
Minimup gap computed with 3th eigenvalue
Minimup gap: 1.3571778583944791 GHz
At s= 0.28
Minimup gap computed with 3th eigenvalue
Minimup gap: 1.3542704422069392 GHz
At s= 0.276
simulation took 144.6769 sec
45
14
Minimup gap computed with 1th eigenvalue
Minimup gap: 1.3881942919273342 GHz
At s= 0.3
Minimup gap computed with 2th eigenvalue
Minimup gap: 1.1108086083578286 GHz
At s= 0.25
Minimup gap computed with 2th eigenvalue
Minimup gap: 1.109566383875304 GHz
At s= 0.248
simulation took 1868.4426 sec
46
9
Minimup gap computed with 2th eigenvalue
Minimup gap: 1.8076214841570746 GHz
At s= 0.3
Minimup gap computed with 2th eigenvalue
Minimup gap: 1.7673294020973032 GHz
At s= 0.32
Minimup gap computed with 2th eigenvalue
Minimup gap: 1.766749605908899 GHz
At s= 0.318
simulation took 0.8697 sec
47
14
Minimup gap computed with 1th eigenvalue
Minimup gap: 1.3881942919290395 GHz
At s= 0.3
Minimup gap computed with 2th eigenvalue
Minimup gap: 1.1108086083537643 GHz
At s= 0.25
Minimup gap computed with 2th eigenvalue
Minimup gap: 1.1095663838760572 GHz
At s= 0.248
simulation took 1880.4424 sec
48
9
Minimup gap computed with 1th eigenvalue
Minimup gap: 1.135014236364725 GHz
At s= 0.3
Minimup gap computed with 2th eigenvalue
Minimup gap: 1.5715746757251594 GHz
At s= 0.3
Minimup gap computed with 2th eigenvalue
Minimup gap: 1.570690417177964 GHz
At s= 0.297
simulation took 0.8438 sec
49
11
Minimup gap computed with 4th eigenvalue
Minimup gap: 1.4257067254868616 GHz
At s= 0.3
Minimup gap computed with 4th eigenvalue
Minimup gap: 1.363250421192916 GHz
At s= 0.28
Minimup gap computed with 4th eigenvalue
Minimup gap: 1.3632168604390529 GHz
At s= 0.279
simulation took 18.7214 sec
50
12
Minimup gap computed with 3th eigenvalue
Minimup gap: 1.3698530700051919 GHz
At s= 0.3
Minimup gap computed with 3th eigenvalue
Minimup gap: 1.1005691572258627 GHz
At s= 0.26
Minimup gap computed with 3th eigenvalue
Minimup gap: 1.098274040061085 GHz
At s= 0.257
simulation took 143.8276 sec
51
9
Minimup gap computed with 2th eigenvalue
Minimup gap: 1.3150612574326601 GHz
At s= 0.3
Minimup gap computed with 2th eigenvalue
Minimup gap: 1.2049248155374812 GHz
At s= 0.28
Minimup gap computed with 2th eigenvalue
Minimup gap: 1.203348601518499 GHz
At s= 0.278
simulation took 0.8154 sec
52
10
Minimup gap computed with 1th eigenvalue
Minimup gap: 1.2997746961801653 GHz
At s= 0.3
Minimup gap computed with 1th eigenvalue
Minimup gap: 1.0162859783009566 GHz
At s= 0.26
Minimup gap computed with 1th eigenvalue
Minimup gap: 1.0154061430686028 GHz
At s= 0.262
simulation took 3.3428 sec
53
7
Minimup gap computed with 1th eigenvalue
Minimup gap: 1.6720113278980975 GHz
At s= 0.3
Minimup gap computed with 1th eigenvalue
Minimup gap: 1.6412687840242555 GHz
At s= 0.31
Minimup gap computed with 1th eigenvalue
Minimup gap: 1.6388039053221206 GHz
At s= 0.314
simulation took 0.1771 sec
54
10
Minimup gap computed with 5th eigenvalue
Minimup gap: 1.5181774223009512 GHz
At s= 0.3
Minimup gap computed with 5th eigenvalue
Minimup gap: 1.51746845611531 GHz
At s= 0.29
Minimup gap computed with 5th eigenvalue
Minimup gap: 1.5136970609251108 GHz
At s= 0.295
simulation took 3.3799 sec
55
9
Minimup gap computed with 1th eigenvalue
Minimup gap: 1.135014236365052 GHz
At s= 0.3
Minimup gap computed with 2th eigenvalue
Minimup gap: 1.571574675725138 GHz
At s= 0.3
Minimup gap computed with 2th eigenvalue
Minimup gap: 1.5706904171781275 GHz
At s= 0.297
simulation took 0.8569 sec
56
10
Minimup gap computed with 1th eigenvalue
Minimup gap: 1.3833638035054179 GHz
At s= 0.3
Minimup gap computed with 1th eigenvalue
Minimup gap: 1.2490537671781112 GHz
At s= 0.27
Minimup gap computed with 1th eigenvalue
Minimup gap: 1.2485724299421577 GHz
At s= 0.268
simulation took 3.3391 sec
57
9
Minimup gap computed with 2th eigenvalue
Minimup gap: 1.4917366397510392 GHz
At s= 0.3
Minimup gap computed with 2th eigenvalue
Minimup gap: 1.478567229802671 GHz
At s= 0.29
Minimup gap computed with 2th eigenvalue
Minimup gap: 1.478567229802671 GHz
At s= 0.29
simulation took 0.8543 sec
58
10
Minimup gap computed with 1th eigenvalue
Minimup gap: 1.38336380350556 GHz
At s= 0.3
Minimup gap computed with 1th eigenvalue
Minimup gap: 1.2490537671774007 GHz
At s= 0.27
Minimup gap computed with 1th eigenvalue
Minimup gap: 1.2485724299413903 GHz
At s= 0.268
simulation took 3.3145 sec
59
9
Minimup gap computed with 1th eigenvalue
Minimup gap: 1.1350142363650804 GHz
At s= 0.3
Minimup gap computed with 2th eigenvalue
Minimup gap: 1.571574675725266 GHz
At s= 0.3
Minimup gap computed with 2th eigenvalue
Minimup gap: 1.570690417178426 GHz
At s= 0.297
simulation took 0.8566 sec
60
9
Minimup gap computed with 2th eigenvalue
Minimup gap: 1.4917366397507408 GHz
At s= 0.3
Minimup gap computed with 2th eigenvalue
Minimup gap: 1.4785672298026427 GHz
At s= 0.29
Minimup gap computed with 2th eigenvalue
Minimup gap: 1.4785672298026427 GHz
At s= 0.29
simulation took 0.8511 sec
61
12
Minimup gap computed with 3th eigenvalue
Minimup gap: 1.428675831717257 GHz
At s= 0.3
Minimup gap computed with 3th eigenvalue
Minimup gap: 1.3571778583921628 GHz
At s= 0.28
Minimup gap computed with 3th eigenvalue
Minimup gap: 1.354270442208204 GHz
At s= 0.276
simulation took 145.8245 sec
62
10
Minimup gap computed with 1th eigenvalue
Minimup gap: 1.3787776009274069 GHz
At s= 0.3
Minimup gap computed with 1th eigenvalue
Minimup gap: 1.1601148078907926 GHz
At s= 0.26
Minimup gap computed with 1th eigenvalue
Minimup gap: 1.159703094396889 GHz
At s= 0.259
simulation took 3.3610 sec
63
12
Minimup gap computed with 3th eigenvalue
Minimup gap: 1.4003856420097094 GHz
At s= 0.3
Minimup gap computed with 3th eigenvalue
Minimup gap: 1.2606421362199427 GHz
At s= 0.27
Minimup gap computed with 3th eigenvalue
Minimup gap: 1.2593877101517563 GHz
At s= 0.267
simulation took 146.4293 sec
64
9
Minimup gap computed with 1th eigenvalue
Minimup gap: 1.1350142363655493 GHz
At s= 0.3
Minimup gap computed with 2th eigenvalue
Minimup gap: 1.5715746757256284 GHz
At s= 0.3
Minimup gap computed with 2th eigenvalue
Minimup gap: 1.570690417178227 GHz
At s= 0.297
simulation took 0.8179 sec
65
10
Minimup gap computed with 1th eigenvalue
Minimup gap: 1.3833638035047784 GHz
At s= 0.3
Minimup gap computed with 1th eigenvalue
Minimup gap: 1.2490537671779833 GHz
At s= 0.27
Minimup gap computed with 1th eigenvalue
Minimup gap: 1.2485724299418735 GHz
At s= 0.268
simulation took 3.3264 sec
66
11
Minimup gap computed with 4th eigenvalue
Minimup gap: 1.5121284585044066 GHz
At s= 0.3
Minimup gap computed with 4th eigenvalue
Minimup gap: 1.5047387176561529 GHz
At s= 0.29
Minimup gap computed with 4th eigenvalue
Minimup gap: 1.50387660179085 GHz
At s= 0.292
simulation took 18.6686 sec
67
10
Minimup gap computed with 1th eigenvalue
Minimup gap: 1.299774696180151 GHz
At s= 0.3
Minimup gap computed with 1th eigenvalue
Minimup gap: 1.0162859782993081 GHz
At s= 0.26
Minimup gap computed with 1th eigenvalue
Minimup gap: 1.015406143068489 GHz
At s= 0.262
simulation took 3.3842 sec
68
9
Minimup gap computed with 2th eigenvalue
Minimup gap: 1.3150612574326601 GHz
At s= 0.3
Minimup gap computed with 2th eigenvalue
Minimup gap: 1.2049248155379928 GHz
At s= 0.28
Minimup gap computed with 2th eigenvalue
Minimup gap: 1.2033486015179164 GHz
At s= 0.278
simulation took 0.8399 sec
69
9
Minimup gap computed with 2th eigenvalue
Minimup gap: 1.807621484157167 GHz
At s= 0.3
Minimup gap computed with 2th eigenvalue
Minimup gap: 1.7673294020975305 GHz
At s= 0.32
Minimup gap computed with 2th eigenvalue
Minimup gap: 1.7667496059097516 GHz
At s= 0.318
simulation took 0.8820 sec
70
10
Minimup gap computed with 1th eigenvalue
Minimup gap: 1.38336380350583 GHz
At s= 0.3
Minimup gap computed with 1th eigenvalue
Minimup gap: 1.2490537671779265 GHz
At s= 0.27
Minimup gap computed with 1th eigenvalue
Minimup gap: 1.2485724299419019 GHz
At s= 0.268
simulation took 3.3194 sec
71
11
Minimup gap computed with 4th eigenvalue
Minimup gap: 1.4257067254866485 GHz
At s= 0.3
Minimup gap computed with 4th eigenvalue
Minimup gap: 1.3632504211916512 GHz
At s= 0.28
Minimup gap computed with 4th eigenvalue
Minimup gap: 1.363216860440275 GHz
At s= 0.279
simulation took 18.6704 sec
72
8
Minimup gap computed with 3th eigenvalue
Minimup gap: 1.9510132849520616 GHz
At s= 0.3
Minimup gap computed with 3th eigenvalue
Minimup gap: 1.8469508827624352 GHz
At s= 0.33
Minimup gap computed with 3th eigenvalue
Minimup gap: 1.8460408019190737 GHz
At s= 0.327
simulation took 0.3033 sec
73
11
Minimup gap computed with 4th eigenvalue
Minimup gap: 1.425706725486819 GHz
At s= 0.3
Minimup gap computed with 4th eigenvalue
Minimup gap: 1.3632504211930154 GHz
At s= 0.28
Minimup gap computed with 4th eigenvalue
Minimup gap: 1.3632168604381008 GHz
At s= 0.279
simulation took 18.7044 sec
74
11
Minimup gap computed with 4th eigenvalue
Minimup gap: 1.4419572775662743 GHz
At s= 0.3
Minimup gap computed with 4th eigenvalue
Minimup gap: 1.3998181719726972 GHz
At s= 0.28
Minimup gap computed with 4th eigenvalue
Minimup gap: 1.3983328810741398 GHz
At s= 0.283
simulation took 18.5674 sec
75
9
Minimup gap computed with 2th eigenvalue
Minimup gap: 1.807621484157643 GHz
At s= 0.3
Minimup gap computed with 2th eigenvalue
Minimup gap: 1.7673294020972747 GHz
At s= 0.32
Minimup gap computed with 2th eigenvalue
Minimup gap: 1.7667496059100216 GHz
At s= 0.318
simulation took 0.8366 sec
76
13
Minimup gap computed with 2th eigenvalue
Minimup gap: 1.3937100565560172 GHz
At s= 0.3
Minimup gap computed with 2th eigenvalue
Minimup gap: 1.1795493943185704 GHz
At s= 0.26
Minimup gap computed with 2th eigenvalue
Minimup gap: 1.1765312050601011 GHz
At s= 0.256
simulation took 409.1338 sec
77
10
Minimup gap computed with 1th eigenvalue
Minimup gap: 1.2997746961808048 GHz
At s= 0.3
Minimup gap computed with 1th eigenvalue
Minimup gap: 1.016285978300445 GHz
At s= 0.26
Minimup gap computed with 1th eigenvalue
Minimup gap: 1.015406143068958 GHz
At s= 0.262
simulation took 3.4507 sec
78
10
Minimup gap computed with 1th eigenvalue
Minimup gap: 1.38336380350556 GHz
At s= 0.3
Minimup gap computed with 1th eigenvalue
Minimup gap: 1.2490537671774007 GHz
At s= 0.27
Minimup gap computed with 1th eigenvalue
Minimup gap: 1.2485724299413903 GHz
At s= 0.268
simulation took 3.3830 sec
79
13
Minimup gap computed with 2th eigenvalue
Minimup gap: 1.3937100565530187 GHz
At s= 0.3
Minimup gap computed with 2th eigenvalue
Minimup gap: 1.1795493943158846 GHz
At s= 0.26
Minimup gap computed with 2th eigenvalue
Minimup gap: 1.1765312050591206 GHz
At s= 0.256
simulation took 411.1471 sec
80
8
Minimup gap computed with 1th eigenvalue
Minimup gap: 1.8340826433379505 GHz
At s= 0.3
Minimup gap computed with 1th eigenvalue
Minimup gap: 1.7833326180188962 GHz
At s= 0.32
Minimup gap computed with 1th eigenvalue
Minimup gap: 1.7833326180188962 GHz
At s= 0.32
simulation took 0.2796 sec
81
9
Minimup gap computed with 1th eigenvalue
Minimup gap: 1.1350142363653788 GHz
At s= 0.3
Minimup gap computed with 2th eigenvalue
Minimup gap: 1.5715746757253157 GHz
At s= 0.3
Minimup gap computed with 2th eigenvalue
Minimup gap: 1.5706904171784188 GHz
At s= 0.297
simulation took 0.8438 sec
82
9
Minimup gap computed with 1th eigenvalue
Minimup gap: 1.1350142363646398 GHz
At s= 0.3
Minimup gap computed with 2th eigenvalue
Minimup gap: 1.5715746757252305 GHz
At s= 0.3
Minimup gap computed with 2th eigenvalue
Minimup gap: 1.570690417178156 GHz
At s= 0.297
simulation took 0.8469 sec
83
12
Minimup gap computed with 3th eigenvalue
Minimup gap: 1.369853070006073 GHz
At s= 0.3
Minimup gap computed with 3th eigenvalue
Minimup gap: 1.1005691572307796 GHz
At s= 0.26
Minimup gap computed with 3th eigenvalue
Minimup gap: 1.0982740400632878 GHz
At s= 0.257
simulation took 143.9035 sec
84
10
Minimup gap computed with 1th eigenvalue
Minimup gap: 1.2997746961807337 GHz
At s= 0.3
Minimup gap computed with 1th eigenvalue
Minimup gap: 1.0162859783005729 GHz
At s= 0.26
Minimup gap computed with 1th eigenvalue
Minimup gap: 1.0154061430676222 GHz
At s= 0.262
simulation took 3.4311 sec
85
9
Minimup gap computed with 2th eigenvalue
Minimup gap: 1.4917366397507408 GHz
At s= 0.3
Minimup gap computed with 2th eigenvalue
Minimup gap: 1.4785672298026427 GHz
At s= 0.29
Minimup gap computed with 2th eigenvalue
Minimup gap: 1.4785672298026427 GHz
At s= 0.29
simulation took 0.8676 sec
86
9
Minimup gap computed with 1th eigenvalue
Minimup gap: 1.1350142363649383 GHz
At s= 0.3
Minimup gap computed with 2th eigenvalue
Minimup gap: 1.5715746757249889 GHz
At s= 0.3
Minimup gap computed with 2th eigenvalue
Minimup gap: 1.5706904171785752 GHz
At s= 0.297
simulation took 0.8373 sec
87
11
Minimup gap computed with 4th eigenvalue
Minimup gap: 1.4419572775652227 GHz
At s= 0.3
Minimup gap computed with 4th eigenvalue
Minimup gap: 1.3998181719725125 GHz
At s= 0.28
Minimup gap computed with 4th eigenvalue
Minimup gap: 1.398332881074552 GHz
At s= 0.283
simulation took 18.8618 sec
88
8
Minimup gap computed with 3th eigenvalue
Minimup gap: 1.9510132849516424 GHz
At s= 0.3
Minimup gap computed with 3th eigenvalue
Minimup gap: 1.8469508827626413 GHz
At s= 0.33
Minimup gap computed with 3th eigenvalue
Minimup gap: 1.846040801919024 GHz
At s= 0.327
simulation took 0.3017 sec
89
10
Minimup gap computed with 1th eigenvalue
Minimup gap: 1.3833638035058442 GHz
At s= 0.3
Minimup gap computed with 1th eigenvalue
Minimup gap: 1.249053767177628 GHz
At s= 0.27
Minimup gap computed with 1th eigenvalue
Minimup gap: 1.2485724299418024 GHz
At s= 0.268
simulation took 3.5062 sec
90
10
Minimup gap computed with 5th eigenvalue
Minimup gap: 1.518177422301477 GHz
At s= 0.3
Minimup gap computed with 5th eigenvalue
Minimup gap: 1.517468456114642 GHz
At s= 0.29
Minimup gap computed with 5th eigenvalue
Minimup gap: 1.513697060924585 GHz
At s= 0.295
simulation took 3.5681 sec
91
10
Minimup gap computed with 1th eigenvalue
Minimup gap: 1.2997746961809895 GHz
At s= 0.3
Minimup gap computed with 1th eigenvalue
Minimup gap: 1.0162859783000329 GHz
At s= 0.26
Minimup gap computed with 1th eigenvalue
Minimup gap: 1.0154061430684607 GHz
At s= 0.262
simulation took 3.4204 sec
92
7
Minimup gap computed with 4th eigenvalue
Minimup gap: 2.396623273277619 GHz
At s= 0.4
Minimup gap computed with 4th eigenvalue
Minimup gap: 2.23821327360465 GHz
At s= 0.35
Minimup gap computed with 4th eigenvalue
Minimup gap: 2.237547059186454 GHz
At s= 0.353
simulation took 0.1771 sec
93
13
Minimup gap computed with 2th eigenvalue
Minimup gap: 1.3937100565563867 GHz
At s= 0.3
Minimup gap computed with 2th eigenvalue
Minimup gap: 1.1795493943141508 GHz
At s= 0.26
Minimup gap computed with 2th eigenvalue
Minimup gap: 1.1765312050605985 GHz
At s= 0.256
simulation took 412.1446 sec
94
11
Minimup gap computed with 4th eigenvalue
Minimup gap: 1.4419572775664733 GHz
At s= 0.3
Minimup gap computed with 4th eigenvalue
Minimup gap: 1.3998181719711056 GHz
At s= 0.28
Minimup gap computed with 4th eigenvalue
Minimup gap: 1.3983328810735287 GHz
At s= 0.283
simulation took 19.5908 sec
95
10
Minimup gap computed with 1th eigenvalue
Minimup gap: 1.378777600928231 GHz
At s= 0.3
Minimup gap computed with 1th eigenvalue
Minimup gap: 1.1601148078912473 GHz
At s= 0.26
Minimup gap computed with 1th eigenvalue
Minimup gap: 1.15970309439534 GHz
At s= 0.259
simulation took 3.5281 sec
96
11
Minimup gap computed with 4th eigenvalue
Minimup gap: 1.4419572775668428 GHz
At s= 0.3
Minimup gap computed with 4th eigenvalue
Minimup gap: 1.3998181719713472 GHz
At s= 0.28
Minimup gap computed with 4th eigenvalue
Minimup gap: 1.3983328810734719 GHz
At s= 0.283
simulation took 19.4804 sec
97
8
Minimup gap computed with 3th eigenvalue
Minimup gap: 1.9510132849518342 GHz
At s= 0.3
Minimup gap computed with 3th eigenvalue
Minimup gap: 1.8469508827621084 GHz
At s= 0.33
Minimup gap computed with 3th eigenvalue
Minimup gap: 1.8460408019192158 GHz
At s= 0.327
simulation took 0.3119 sec
98
12
Minimup gap computed with 3th eigenvalue
Minimup gap: 1.3698530700046518 GHz
At s= 0.3
Minimup gap computed with 3th eigenvalue
Minimup gap: 1.1005691572288754 GHz
At s= 0.26
Minimup gap computed with 3th eigenvalue
Minimup gap: 1.0982740400618525 GHz
At s= 0.257
simulation took 144.6474 sec
99
11
Minimup gap computed with 1th eigenvalue
Minimup gap: 1.3951386440731994 GHz
At s= 0.3
Minimup gap computed with 1th eigenvalue
Minimup gap: 1.2318433678291 GHz
At s= 0.26
Minimup gap computed with 1th eigenvalue
Minimup gap: 1.230659648530306 GHz
At s= 0.262
simulation took 19.3950 sec
