0
5
Minimup gap computed with 5th eigenvalue
Minimup gap: 2.900362233941632 GHz
At s= 0.5
Minimup gap computed with 5th eigenvalue
Minimup gap: 2.89491116997698 GHz
At s= 0.49
Minimup gap computed with 5th eigenvalue
Minimup gap: 2.8905695100104563 GHz
At s= 0.494
simulation took 0.1266 sec
1
5
Minimup gap computed with 1th eigenvalue
Minimup gap: 2.370129442226803 GHz
At s= 0.4
Minimup gap computed with 1th eigenvalue
Minimup gap: 2.354353840550564 GHz
At s= 0.41
Minimup gap computed with 1th eigenvalue
Minimup gap: 2.3542341685664248 GHz
At s= 0.409
simulation took 0.0802 sec
2
5
Minimup gap computed with 1th eigenvalue
Minimup gap: 2.3701294422268075 GHz
At s= 0.4
Minimup gap computed with 1th eigenvalue
Minimup gap: 2.3543538405505693 GHz
At s= 0.41
Minimup gap computed with 1th eigenvalue
Minimup gap: 2.354234168566413 GHz
At s= 0.409
simulation took 0.0585 sec
3
5
Minimup gap computed with 1th eigenvalue
Minimup gap: 1.6869117018267827 GHz
At s= 0.5
Minimup gap computed with 1th eigenvalue
Minimup gap: 1.3778209797152865 GHz
At s= 0.46
Minimup gap computed with 1th eigenvalue
Minimup gap: 1.3772542458069577 GHz
At s= 0.462
simulation took 0.0590 sec
4
5
Minimup gap computed with 5th eigenvalue
Minimup gap: 2.9003622339416326 GHz
At s= 0.5
Minimup gap computed with 5th eigenvalue
Minimup gap: 2.8949111699769885 GHz
At s= 0.49
Minimup gap computed with 5th eigenvalue
Minimup gap: 2.890569510010472 GHz
At s= 0.494
simulation took 0.0588 sec
5
5
Minimup gap computed with 7th eigenvalue
Minimup gap: 3.19880307894915 GHz
At s= 0.5
Minimup gap computed with 7th eigenvalue
Minimup gap: 3.19880307894915 GHz
At s= 0.5
Minimup gap computed with 7th eigenvalue
Minimup gap: 3.19880307894915 GHz
At s= 0.5
simulation took 0.0586 sec
6
5
Minimup gap computed with 7th eigenvalue
Minimup gap: 3.198803078949151 GHz
At s= 0.5
Minimup gap computed with 7th eigenvalue
Minimup gap: 3.198803078949151 GHz
At s= 0.5
Minimup gap computed with 7th eigenvalue
Minimup gap: 3.198803078949151 GHz
At s= 0.5
simulation took 0.0586 sec
7
5
Minimup gap computed with 15th eigenvalue
Minimup gap: 5.2200103261098745 GHz
At s= 0.6
Minimup gap computed with 15th eigenvalue
Minimup gap: 5.207925287094415 GHz
At s= 0.59
Minimup gap computed with 15th eigenvalue
Minimup gap: 5.20730198782989 GHz
At s= 0.588
simulation took 0.0636 sec
8
5
Minimup gap computed with 2th eigenvalue
Minimup gap: 2.0074547891023773 GHz
At s= 0.5
Minimup gap computed with 2th eigenvalue
Minimup gap: 1.935022916855078 GHz
At s= 0.48
Minimup gap computed with 2th eigenvalue
Minimup gap: 1.9348299328707927 GHz
At s= 0.479
simulation took 0.0918 sec
9
5
Minimup gap computed with 3th eigenvalue
Minimup gap: 2.516293459065093 GHz
At s= 0.5
Minimup gap computed with 3th eigenvalue
Minimup gap: 2.4594097510469664 GHz
At s= 0.49
Minimup gap computed with 3th eigenvalue
Minimup gap: 2.45264246062779 GHz
At s= 0.485
simulation took 0.0588 sec
10
5
Minimup gap computed with 3th eigenvalue
Minimup gap: 2.516293459065113 GHz
At s= 0.5
Minimup gap computed with 3th eigenvalue
Minimup gap: 2.459409751046959 GHz
At s= 0.49
Minimup gap computed with 3th eigenvalue
Minimup gap: 2.4526424606278048 GHz
At s= 0.485
simulation took 0.0589 sec
11
5
Minimup gap computed with 3th eigenvalue
Minimup gap: 2.5162934590651127 GHz
At s= 0.5
Minimup gap computed with 3th eigenvalue
Minimup gap: 2.4594097510469606 GHz
At s= 0.49
Minimup gap computed with 3th eigenvalue
Minimup gap: 2.4526424606277946 GHz
At s= 0.485
simulation took 0.0588 sec
12
5
Minimup gap computed with 1th eigenvalue
Minimup gap: 1.6869117018267827 GHz
At s= 0.5
Minimup gap computed with 1th eigenvalue
Minimup gap: 1.3778209797152865 GHz
At s= 0.46
Minimup gap computed with 1th eigenvalue
Minimup gap: 1.3772542458069577 GHz
At s= 0.462
simulation took 0.0585 sec
13
5
Minimup gap computed with 1th eigenvalue
Minimup gap: 1.6869117018267739 GHz
At s= 0.5
Minimup gap computed with 1th eigenvalue
Minimup gap: 1.3778209797152874 GHz
At s= 0.46
Minimup gap computed with 1th eigenvalue
Minimup gap: 1.377254245806954 GHz
At s= 0.462
simulation took 0.0590 sec
14
5
Minimup gap computed with 1th eigenvalue
Minimup gap: 1.6869117018267739 GHz
At s= 0.5
Minimup gap computed with 1th eigenvalue
Minimup gap: 1.3778209797152874 GHz
At s= 0.46
Minimup gap computed with 1th eigenvalue
Minimup gap: 1.377254245806954 GHz
At s= 0.462
simulation took 0.0587 sec
15
5
Minimup gap computed with 1th eigenvalue
Minimup gap: 2.1985585185876992 GHz
At s= 0.5
Minimup gap computed with 1th eigenvalue
Minimup gap: 1.9131120629931209 GHz
At s= 0.46
Minimup gap computed with 1th eigenvalue
Minimup gap: 1.9100564211308066 GHz
At s= 0.455
simulation took 0.0881 sec
16
5
Minimup gap computed with 15th eigenvalue
Minimup gap: 5.2200103261098745 GHz
At s= 0.6
Minimup gap computed with 15th eigenvalue
Minimup gap: 5.207925287094415 GHz
At s= 0.59
Minimup gap computed with 15th eigenvalue
Minimup gap: 5.20730198782989 GHz
At s= 0.588
simulation took 0.0589 sec
17
5
Minimup gap computed with 5th eigenvalue
Minimup gap: 2.9003622339416335 GHz
At s= 0.5
Minimup gap computed with 5th eigenvalue
Minimup gap: 2.8949111699769885 GHz
At s= 0.49
Minimup gap computed with 5th eigenvalue
Minimup gap: 2.8905695100104722 GHz
At s= 0.494
simulation took 0.0586 sec
18
5
Minimup gap computed with 15th eigenvalue
Minimup gap: 5.2200103261098745 GHz
At s= 0.6
Minimup gap computed with 15th eigenvalue
Minimup gap: 5.207925287094415 GHz
At s= 0.59
Minimup gap computed with 15th eigenvalue
Minimup gap: 5.20730198782989 GHz
At s= 0.588
simulation took 0.0722 sec
19
5
Minimup gap computed with 2th eigenvalue
Minimup gap: 2.0074547891023675 GHz
At s= 0.5
Minimup gap computed with 2th eigenvalue
Minimup gap: 1.9350229168550768 GHz
At s= 0.48
Minimup gap computed with 2th eigenvalue
Minimup gap: 1.9348299328707914 GHz
At s= 0.479
simulation took 0.0609 sec
20
5
Minimup gap computed with 1th eigenvalue
Minimup gap: 1.7923096018037619 GHz
At s= 0.4
Minimup gap computed with 1th eigenvalue
Minimup gap: 1.471665882173813 GHz
At s= 0.44
Minimup gap computed with 1th eigenvalue
Minimup gap: 1.4700729462638442 GHz
At s= 0.443
simulation took 0.0583 sec
21
5
Minimup gap computed with 3th eigenvalue
Minimup gap: 2.516293459065104 GHz
At s= 0.5
Minimup gap computed with 3th eigenvalue
Minimup gap: 2.459409751046959 GHz
At s= 0.49
Minimup gap computed with 3th eigenvalue
Minimup gap: 2.4526424606277875 GHz
At s= 0.485
simulation took 0.0594 sec
22
5
Minimup gap computed with 5th eigenvalue
Minimup gap: 2.9003622339416273 GHz
At s= 0.5
Minimup gap computed with 5th eigenvalue
Minimup gap: 2.894911169976988 GHz
At s= 0.49
Minimup gap computed with 5th eigenvalue
Minimup gap: 2.8905695100104665 GHz
At s= 0.494
simulation took 0.0588 sec
23
5
Minimup gap computed with 6th eigenvalue
Minimup gap: 2.9899478874190697 GHz
At s= 0.5
Minimup gap computed with 6th eigenvalue
Minimup gap: 2.9461613590300666 GHz
At s= 0.48
Minimup gap computed with 6th eigenvalue
Minimup gap: 2.9413932009181165 GHz
At s= 0.485
simulation took 0.1334 sec
24
5
Minimup gap computed with 5th eigenvalue
Minimup gap: 2.900362233941633 GHz
At s= 0.5
Minimup gap computed with 5th eigenvalue
Minimup gap: 2.894911169976981 GHz
At s= 0.49
Minimup gap computed with 5th eigenvalue
Minimup gap: 2.890569510010473 GHz
At s= 0.494
simulation took 0.0585 sec
25
5
Minimup gap computed with 1th eigenvalue
Minimup gap: 2.1855551505051203 GHz
At s= 0.4
Minimup gap computed with 1th eigenvalue
Minimup gap: 1.8597528213418304 GHz
At s= 0.45
Minimup gap computed with 1th eigenvalue
Minimup gap: 1.8594444718450527 GHz
At s= 0.448
simulation took 0.0579 sec
26
5
Minimup gap computed with 3th eigenvalue
Minimup gap: 2.516293459065104 GHz
At s= 0.5
Minimup gap computed with 3th eigenvalue
Minimup gap: 2.459409751046959 GHz
At s= 0.49
Minimup gap computed with 3th eigenvalue
Minimup gap: 2.4526424606277875 GHz
At s= 0.485
simulation took 0.0586 sec
27
5
Minimup gap computed with 4th eigenvalue
Minimup gap: 2.8018530867945994 GHz
At s= 0.5
Minimup gap computed with 4th eigenvalue
Minimup gap: 2.7510302205371855 GHz
At s= 0.46
Minimup gap computed with 4th eigenvalue
Minimup gap: 2.750597456656371 GHz
At s= 0.458
simulation took 0.0584 sec
28
5
Minimup gap computed with 1th eigenvalue
Minimup gap: 1.6869117018267827 GHz
At s= 0.5
Minimup gap computed with 1th eigenvalue
Minimup gap: 1.377820979715298 GHz
At s= 0.46
Minimup gap computed with 1th eigenvalue
Minimup gap: 1.3772542458069452 GHz
At s= 0.462
simulation took 0.0590 sec
29
5
Minimup gap computed with 3th eigenvalue
Minimup gap: 2.516293459065114 GHz
At s= 0.5
Minimup gap computed with 3th eigenvalue
Minimup gap: 2.459409751046961 GHz
At s= 0.49
Minimup gap computed with 3th eigenvalue
Minimup gap: 2.4526424606278 GHz
At s= 0.485
simulation took 0.0587 sec
30
5
Minimup gap computed with 1th eigenvalue
Minimup gap: 1.6869117018267747 GHz
At s= 0.5
Minimup gap computed with 1th eigenvalue
Minimup gap: 1.377820979715291 GHz
At s= 0.46
Minimup gap computed with 1th eigenvalue
Minimup gap: 1.3772542458069559 GHz
At s= 0.462
simulation took 0.0587 sec
31
5
Minimup gap computed with 1th eigenvalue
Minimup gap: 1.6869117018267827 GHz
At s= 0.5
Minimup gap computed with 1th eigenvalue
Minimup gap: 1.3778209797152865 GHz
At s= 0.46
Minimup gap computed with 1th eigenvalue
Minimup gap: 1.3772542458069577 GHz
At s= 0.462
simulation took 0.0802 sec
32
5
Minimup gap computed with 3th eigenvalue
Minimup gap: 2.516293459065116 GHz
At s= 0.5
Minimup gap computed with 3th eigenvalue
Minimup gap: 2.459409751046955 GHz
At s= 0.49
Minimup gap computed with 3th eigenvalue
Minimup gap: 2.4526424606277804 GHz
At s= 0.485
simulation took 0.0587 sec
33
5
Minimup gap computed with 5th eigenvalue
Minimup gap: 2.900362233941615 GHz
At s= 0.5
Minimup gap computed with 5th eigenvalue
Minimup gap: 2.894911169976996 GHz
At s= 0.49
Minimup gap computed with 5th eigenvalue
Minimup gap: 2.890569510010474 GHz
At s= 0.494
simulation took 0.0599 sec
34
5
Minimup gap computed with 7th eigenvalue
Minimup gap: 3.198803078949159 GHz
At s= 0.5
Minimup gap computed with 7th eigenvalue
Minimup gap: 3.198803078949159 GHz
At s= 0.5
Minimup gap computed with 7th eigenvalue
Minimup gap: 3.198803078949159 GHz
At s= 0.5
simulation took 0.0586 sec
35
5
Minimup gap computed with 1th eigenvalue
Minimup gap: 1.792309601803753 GHz
At s= 0.4
Minimup gap computed with 1th eigenvalue
Minimup gap: 1.471665882173828 GHz
At s= 0.44
Minimup gap computed with 1th eigenvalue
Minimup gap: 1.4700729462638513 GHz
At s= 0.443
simulation took 0.0582 sec
36
5
Minimup gap computed with 12th eigenvalue
Minimup gap: 3.7908365990413353 GHz
At s= 0.5
Minimup gap computed with 12th eigenvalue
Minimup gap: 3.7721349264985564 GHz
At s= 0.51
Minimup gap computed with 12th eigenvalue
Minimup gap: 3.7721349264985564 GHz
At s= 0.51
simulation took 0.0582 sec
37
5
Minimup gap computed with 2th eigenvalue
Minimup gap: 2.0074547891023644 GHz
At s= 0.5
Minimup gap computed with 2th eigenvalue
Minimup gap: 1.9350229168550679 GHz
At s= 0.48
Minimup gap computed with 2th eigenvalue
Minimup gap: 1.9348299328707843 GHz
At s= 0.479
simulation took 0.0585 sec
38
5
Minimup gap computed with 15th eigenvalue
Minimup gap: 5.2200103261098745 GHz
At s= 0.6
Minimup gap computed with 15th eigenvalue
Minimup gap: 5.207925287094415 GHz
At s= 0.59
Minimup gap computed with 15th eigenvalue
Minimup gap: 5.20730198782989 GHz
At s= 0.588
simulation took 0.0862 sec
39
5
Minimup gap computed with 1th eigenvalue
Minimup gap: 1.6869117018267827 GHz
At s= 0.5
Minimup gap computed with 1th eigenvalue
Minimup gap: 1.377820979715298 GHz
At s= 0.46
Minimup gap computed with 1th eigenvalue
Minimup gap: 1.3772542458069452 GHz
At s= 0.462
simulation took 0.0586 sec
40
5
Minimup gap computed with 6th eigenvalue
Minimup gap: 2.9899478874190875 GHz
At s= 0.5
Minimup gap computed with 6th eigenvalue
Minimup gap: 2.946161359030072 GHz
At s= 0.48
Minimup gap computed with 6th eigenvalue
Minimup gap: 2.941393200918125 GHz
At s= 0.485
simulation took 0.0583 sec
41
5
Minimup gap computed with 1th eigenvalue
Minimup gap: 1.6869117018267739 GHz
At s= 0.5
Minimup gap computed with 1th eigenvalue
Minimup gap: 1.3778209797152874 GHz
At s= 0.46
Minimup gap computed with 1th eigenvalue
Minimup gap: 1.377254245806954 GHz
At s= 0.462
simulation took 0.0589 sec
42
5
Minimup gap computed with 1th eigenvalue
Minimup gap: 1.6869117018267774 GHz
At s= 0.5
Minimup gap computed with 1th eigenvalue
Minimup gap: 1.3778209797152794 GHz
At s= 0.46
Minimup gap computed with 1th eigenvalue
Minimup gap: 1.3772542458069568 GHz
At s= 0.462
simulation took 0.0585 sec
43
5
Minimup gap computed with 1th eigenvalue
Minimup gap: 1.686911701826789 GHz
At s= 0.5
Minimup gap computed with 1th eigenvalue
Minimup gap: 1.3778209797153016 GHz
At s= 0.46
Minimup gap computed with 1th eigenvalue
Minimup gap: 1.377254245806954 GHz
At s= 0.462
simulation took 0.0585 sec
44
5
Minimup gap computed with 1th eigenvalue
Minimup gap: 1.6869117018267916 GHz
At s= 0.5
Minimup gap computed with 1th eigenvalue
Minimup gap: 1.3778209797152998 GHz
At s= 0.46
Minimup gap computed with 1th eigenvalue
Minimup gap: 1.3772542458069568 GHz
At s= 0.462
simulation took 0.0587 sec
45
5
Minimup gap computed with 15th eigenvalue
Minimup gap: 5.2200103261098745 GHz
At s= 0.6
Minimup gap computed with 15th eigenvalue
Minimup gap: 5.207925287094415 GHz
At s= 0.59
Minimup gap computed with 15th eigenvalue
Minimup gap: 5.20730198782989 GHz
At s= 0.588
simulation took 0.0588 sec
46
5
Minimup gap computed with 4th eigenvalue
Minimup gap: 2.8018530867946096 GHz
At s= 0.5
Minimup gap computed with 4th eigenvalue
Minimup gap: 2.751030220537177 GHz
At s= 0.46
Minimup gap computed with 4th eigenvalue
Minimup gap: 2.750597456656358 GHz
At s= 0.458
simulation took 0.0798 sec
47
5
Minimup gap computed with 15th eigenvalue
Minimup gap: 5.2200103261098745 GHz
At s= 0.6
Minimup gap computed with 15th eigenvalue
Minimup gap: 5.207925287094415 GHz
At s= 0.59
Minimup gap computed with 15th eigenvalue
Minimup gap: 5.20730198782989 GHz
At s= 0.588
simulation took 0.0587 sec
48
5
Minimup gap computed with 1th eigenvalue
Minimup gap: 2.185555150505131 GHz
At s= 0.4
Minimup gap computed with 1th eigenvalue
Minimup gap: 1.8597528213418268 GHz
At s= 0.45
Minimup gap computed with 1th eigenvalue
Minimup gap: 1.8594444718450438 GHz
At s= 0.448
simulation took 0.0583 sec
49
5
Minimup gap computed with 1th eigenvalue
Minimup gap: 1.6869117018267739 GHz
At s= 0.5
Minimup gap computed with 1th eigenvalue
Minimup gap: 1.3778209797152874 GHz
At s= 0.46
Minimup gap computed with 1th eigenvalue
Minimup gap: 1.377254245806954 GHz
At s= 0.462
simulation took 0.0597 sec
50
5
Minimup gap computed with 1th eigenvalue
Minimup gap: 1.686911701826789 GHz
At s= 0.5
Minimup gap computed with 1th eigenvalue
Minimup gap: 1.3778209797153016 GHz
At s= 0.46
Minimup gap computed with 1th eigenvalue
Minimup gap: 1.377254245806954 GHz
At s= 0.462
simulation took 0.0588 sec
51
5
Minimup gap computed with 6th eigenvalue
Minimup gap: 2.989947887419081 GHz
At s= 0.5
Minimup gap computed with 6th eigenvalue
Minimup gap: 2.946161359030067 GHz
At s= 0.48
Minimup gap computed with 6th eigenvalue
Minimup gap: 2.9413932009181214 GHz
At s= 0.485
simulation took 0.0583 sec
52
5
Minimup gap computed with 1th eigenvalue
Minimup gap: 2.185555150505129 GHz
At s= 0.4
Minimup gap computed with 1th eigenvalue
Minimup gap: 1.8597528213418162 GHz
At s= 0.45
Minimup gap computed with 1th eigenvalue
Minimup gap: 1.8594444718450536 GHz
At s= 0.448
simulation took 0.0582 sec
53
5
Minimup gap computed with 6th eigenvalue
Minimup gap: 2.9899478874190875 GHz
At s= 0.5
Minimup gap computed with 6th eigenvalue
Minimup gap: 2.946161359030072 GHz
At s= 0.48
Minimup gap computed with 6th eigenvalue
Minimup gap: 2.941393200918125 GHz
At s= 0.485
simulation took 0.0792 sec
54
5
Minimup gap computed with 4th eigenvalue
Minimup gap: 2.8018530867946136 GHz
At s= 0.5
Minimup gap computed with 4th eigenvalue
Minimup gap: 2.751030220537189 GHz
At s= 0.46
Minimup gap computed with 4th eigenvalue
Minimup gap: 2.750597456656355 GHz
At s= 0.458
simulation took 0.0626 sec
55
5
Minimup gap computed with 4th eigenvalue
Minimup gap: 2.8018530867945906 GHz
At s= 0.5
Minimup gap computed with 4th eigenvalue
Minimup gap: 2.7510302205371695 GHz
At s= 0.46
Minimup gap computed with 4th eigenvalue
Minimup gap: 2.7505974566563665 GHz
At s= 0.458
simulation took 0.0588 sec
56
5
Minimup gap computed with 6th eigenvalue
Minimup gap: 2.9899478874190826 GHz
At s= 0.5
Minimup gap computed with 6th eigenvalue
Minimup gap: 2.946161359030062 GHz
At s= 0.48
Minimup gap computed with 6th eigenvalue
Minimup gap: 2.9413932009181267 GHz
At s= 0.485
simulation took 0.0581 sec
57
5
Minimup gap computed with 1th eigenvalue
Minimup gap: 2.3701294422268226 GHz
At s= 0.4
Minimup gap computed with 1th eigenvalue
Minimup gap: 2.3543538405505604 GHz
At s= 0.41
Minimup gap computed with 1th eigenvalue
Minimup gap: 2.354234168566414 GHz
At s= 0.409
simulation took 0.0579 sec
58
5
Minimup gap computed with 6th eigenvalue
Minimup gap: 2.9899478874190746 GHz
At s= 0.5
Minimup gap computed with 6th eigenvalue
Minimup gap: 2.946161359030075 GHz
At s= 0.48
Minimup gap computed with 6th eigenvalue
Minimup gap: 2.941393200918123 GHz
At s= 0.485
simulation took 0.0584 sec
59
5
Minimup gap computed with 8th eigenvalue
Minimup gap: 3.3629842387039597 GHz
At s= 0.5
Minimup gap computed with 8th eigenvalue
Minimup gap: 3.3629842387039597 GHz
At s= 0.5
Minimup gap computed with 8th eigenvalue
Minimup gap: 3.3626445591955463 GHz
At s= 0.498
simulation took 0.0590 sec
60
5
Minimup gap computed with 8th eigenvalue
Minimup gap: 3.3629842387039517 GHz
At s= 0.5
Minimup gap computed with 8th eigenvalue
Minimup gap: 3.3629842387039517 GHz
At s= 0.5
Minimup gap computed with 8th eigenvalue
Minimup gap: 3.362644559195548 GHz
At s= 0.498
simulation took 0.0586 sec
61
5
Minimup gap computed with 1th eigenvalue
Minimup gap: 1.6869117018267916 GHz
At s= 0.5
Minimup gap computed with 1th eigenvalue
Minimup gap: 1.3778209797152998 GHz
At s= 0.46
Minimup gap computed with 1th eigenvalue
Minimup gap: 1.3772542458069568 GHz
At s= 0.462
simulation took 0.0826 sec
62
5
Minimup gap computed with 1th eigenvalue
Minimup gap: 2.185555150505116 GHz
At s= 0.4
Minimup gap computed with 1th eigenvalue
Minimup gap: 1.8597528213418304 GHz
At s= 0.45
Minimup gap computed with 1th eigenvalue
Minimup gap: 1.8594444718450616 GHz
At s= 0.448
simulation took 0.0580 sec
63
5
Minimup gap computed with 1th eigenvalue
Minimup gap: 1.6869117018267916 GHz
At s= 0.5
Minimup gap computed with 1th eigenvalue
Minimup gap: 1.3778209797152998 GHz
At s= 0.46
Minimup gap computed with 1th eigenvalue
Minimup gap: 1.3772542458069568 GHz
At s= 0.462
simulation took 0.0591 sec
64
5
Minimup gap computed with 7th eigenvalue
Minimup gap: 3.19880307894915 GHz
At s= 0.5
Minimup gap computed with 7th eigenvalue
Minimup gap: 3.19880307894915 GHz
At s= 0.5
Minimup gap computed with 7th eigenvalue
Minimup gap: 3.19880307894915 GHz
At s= 0.5
simulation took 0.0583 sec
65
5
Minimup gap computed with 2th eigenvalue
Minimup gap: 2.0074547891023746 GHz
At s= 0.5
Minimup gap computed with 2th eigenvalue
Minimup gap: 1.935022916855082 GHz
At s= 0.48
Minimup gap computed with 2th eigenvalue
Minimup gap: 1.9348299328707999 GHz
At s= 0.479
simulation took 0.0586 sec
66
5
Minimup gap computed with 2th eigenvalue
Minimup gap: 2.0074547891023697 GHz
At s= 0.5
Minimup gap computed with 2th eigenvalue
Minimup gap: 1.9350229168550626 GHz
At s= 0.48
Minimup gap computed with 2th eigenvalue
Minimup gap: 1.9348299328707985 GHz
At s= 0.479
simulation took 0.0584 sec
67
5
Minimup gap computed with 1th eigenvalue
Minimup gap: 2.1855551505051203 GHz
At s= 0.4
Minimup gap computed with 1th eigenvalue
Minimup gap: 1.8597528213418304 GHz
At s= 0.45
Minimup gap computed with 1th eigenvalue
Minimup gap: 1.8594444718450527 GHz
At s= 0.448
simulation took 0.0584 sec
68
5
Minimup gap computed with 1th eigenvalue
Minimup gap: 2.370129442226818 GHz
At s= 0.4
Minimup gap computed with 1th eigenvalue
Minimup gap: 2.354353840550573 GHz
At s= 0.41
Minimup gap computed with 1th eigenvalue
Minimup gap: 2.3542341685664105 GHz
At s= 0.409
simulation took 0.0580 sec
69
5
Minimup gap computed with 1th eigenvalue
Minimup gap: 2.185555150505129 GHz
At s= 0.4
Minimup gap computed with 1th eigenvalue
Minimup gap: 1.8597528213418135 GHz
At s= 0.45
Minimup gap computed with 1th eigenvalue
Minimup gap: 1.8594444718450465 GHz
At s= 0.448
simulation took 0.0795 sec
70
5
Minimup gap computed with 3th eigenvalue
Minimup gap: 2.5162934590651167 GHz
At s= 0.5
Minimup gap computed with 3th eigenvalue
Minimup gap: 2.4594097510469686 GHz
At s= 0.49
Minimup gap computed with 3th eigenvalue
Minimup gap: 2.452642460627795 GHz
At s= 0.485
simulation took 0.0630 sec
71
5
Minimup gap computed with 4th eigenvalue
Minimup gap: 2.8018530867946057 GHz
At s= 0.5
Minimup gap computed with 4th eigenvalue
Minimup gap: 2.751030220537185 GHz
At s= 0.46
Minimup gap computed with 4th eigenvalue
Minimup gap: 2.750597456656361 GHz
At s= 0.458
simulation took 0.0585 sec
72
5
Minimup gap computed with 3th eigenvalue
Minimup gap: 2.5162934590651127 GHz
At s= 0.5
Minimup gap computed with 3th eigenvalue
Minimup gap: 2.4594097510469606 GHz
At s= 0.49
Minimup gap computed with 3th eigenvalue
Minimup gap: 2.4526424606277946 GHz
At s= 0.485
simulation took 0.0588 sec
73
5
Minimup gap computed with 15th eigenvalue
Minimup gap: 5.2200103261098745 GHz
At s= 0.6
Minimup gap computed with 15th eigenvalue
Minimup gap: 5.207925287094415 GHz
At s= 0.59
Minimup gap computed with 15th eigenvalue
Minimup gap: 5.20730198782989 GHz
At s= 0.588
simulation took 0.0590 sec
74
5
Minimup gap computed with 6th eigenvalue
Minimup gap: 2.9899478874190795 GHz
At s= 0.5
Minimup gap computed with 6th eigenvalue
Minimup gap: 2.9461613590300764 GHz
At s= 0.48
Minimup gap computed with 6th eigenvalue
Minimup gap: 2.941393200918107 GHz
At s= 0.485
simulation took 0.0583 sec
75
5
Minimup gap computed with 3th eigenvalue
Minimup gap: 2.516293459065116 GHz
At s= 0.5
Minimup gap computed with 3th eigenvalue
Minimup gap: 2.459409751046955 GHz
At s= 0.49
Minimup gap computed with 3th eigenvalue
Minimup gap: 2.4526424606277804 GHz
At s= 0.485
simulation took 0.0589 sec
76
5
Minimup gap computed with 3th eigenvalue
Minimup gap: 2.5162934590650963 GHz
At s= 0.5
Minimup gap computed with 3th eigenvalue
Minimup gap: 2.4594097510469624 GHz
At s= 0.49
Minimup gap computed with 3th eigenvalue
Minimup gap: 2.452642460627769 GHz
At s= 0.485
simulation took 0.0823 sec
77
5
Minimup gap computed with 3th eigenvalue
Minimup gap: 2.5162934590651136 GHz
At s= 0.5
Minimup gap computed with 3th eigenvalue
Minimup gap: 2.459409751046971 GHz
At s= 0.49
Minimup gap computed with 3th eigenvalue
Minimup gap: 2.4526424606277972 GHz
At s= 0.485
simulation took 0.0588 sec
78
5
Minimup gap computed with 5th eigenvalue
Minimup gap: 2.900362233941625 GHz
At s= 0.5
Minimup gap computed with 5th eigenvalue
Minimup gap: 2.89491116997699 GHz
At s= 0.49
Minimup gap computed with 5th eigenvalue
Minimup gap: 2.89056951001047 GHz
At s= 0.494
simulation took 0.0584 sec
79
5
Minimup gap computed with 1th eigenvalue
Minimup gap: 1.6869117018267747 GHz
At s= 0.5
Minimup gap computed with 1th eigenvalue
Minimup gap: 1.377820979715291 GHz
At s= 0.46
Minimup gap computed with 1th eigenvalue
Minimup gap: 1.3772542458069559 GHz
At s= 0.462
simulation took 0.0583 sec
80
5
Minimup gap computed with 6th eigenvalue
Minimup gap: 2.9899478874190746 GHz
At s= 0.5
Minimup gap computed with 6th eigenvalue
Minimup gap: 2.946161359030075 GHz
At s= 0.48
Minimup gap computed with 6th eigenvalue
Minimup gap: 2.941393200918123 GHz
At s= 0.485
simulation took 0.0581 sec
81
5
Minimup gap computed with 5th eigenvalue
Minimup gap: 2.9003622339416304 GHz
At s= 0.5
Minimup gap computed with 5th eigenvalue
Minimup gap: 2.8949111699769867 GHz
At s= 0.49
Minimup gap computed with 5th eigenvalue
Minimup gap: 2.8905695100104754 GHz
At s= 0.494
simulation took 0.0583 sec
82
5
Minimup gap computed with 7th eigenvalue
Minimup gap: 3.198803078949148 GHz
At s= 0.5
Minimup gap computed with 7th eigenvalue
Minimup gap: 3.198803078949148 GHz
At s= 0.5
Minimup gap computed with 7th eigenvalue
Minimup gap: 3.198803078949148 GHz
At s= 0.5
simulation took 0.0583 sec
83
5
Minimup gap computed with 3th eigenvalue
Minimup gap: 2.51629345906511 GHz
At s= 0.5
Minimup gap computed with 3th eigenvalue
Minimup gap: 2.4594097510469592 GHz
At s= 0.49
Minimup gap computed with 3th eigenvalue
Minimup gap: 2.45264246062778 GHz
At s= 0.485
simulation took 0.0587 sec
84
5
Minimup gap computed with 3th eigenvalue
Minimup gap: 2.5162934590651154 GHz
At s= 0.5
Minimup gap computed with 3th eigenvalue
Minimup gap: 2.4594097510469597 GHz
At s= 0.49
Minimup gap computed with 3th eigenvalue
Minimup gap: 2.4526424606277875 GHz
At s= 0.485
simulation took 0.0800 sec
85
5
Minimup gap computed with 4th eigenvalue
Minimup gap: 2.801853086794603 GHz
At s= 0.5
Minimup gap computed with 4th eigenvalue
Minimup gap: 2.751030220537182 GHz
At s= 0.46
Minimup gap computed with 4th eigenvalue
Minimup gap: 2.7505974566563673 GHz
At s= 0.458
simulation took 0.0588 sec
86
5
Minimup gap computed with 7th eigenvalue
Minimup gap: 3.1988030789491573 GHz
At s= 0.5
Minimup gap computed with 7th eigenvalue
Minimup gap: 3.1988030789491573 GHz
At s= 0.5
Minimup gap computed with 7th eigenvalue
Minimup gap: 3.1988030789491573 GHz
At s= 0.5
simulation took 0.0624 sec
87
5
Minimup gap computed with 1th eigenvalue
Minimup gap: 1.6869117018267916 GHz
At s= 0.5
Minimup gap computed with 1th eigenvalue
Minimup gap: 1.3778209797152998 GHz
At s= 0.46
Minimup gap computed with 1th eigenvalue
Minimup gap: 1.3772542458069568 GHz
At s= 0.462
simulation took 0.0591 sec
88
5
Minimup gap computed with 5th eigenvalue
Minimup gap: 2.900362233941637 GHz
At s= 0.5
Minimup gap computed with 5th eigenvalue
Minimup gap: 2.89491116997699 GHz
At s= 0.49
Minimup gap computed with 5th eigenvalue
Minimup gap: 2.8905695100104607 GHz
At s= 0.494
simulation took 0.0586 sec
89
5
Minimup gap computed with 5th eigenvalue
Minimup gap: 2.900362233941635 GHz
At s= 0.5
Minimup gap computed with 5th eigenvalue
Minimup gap: 2.8949111699769734 GHz
At s= 0.49
Minimup gap computed with 5th eigenvalue
Minimup gap: 2.8905695100104634 GHz
At s= 0.494
simulation took 0.0585 sec
90
5
Minimup gap computed with 3th eigenvalue
Minimup gap: 2.5162934590651074 GHz
At s= 0.5
Minimup gap computed with 3th eigenvalue
Minimup gap: 2.459409751046968 GHz
At s= 0.49
Minimup gap computed with 3th eigenvalue
Minimup gap: 2.452642460627789 GHz
At s= 0.485
simulation took 0.0587 sec
91
5
Minimup gap computed with 5th eigenvalue
Minimup gap: 2.9003622339416473 GHz
At s= 0.5
Minimup gap computed with 5th eigenvalue
Minimup gap: 2.894911169976985 GHz
At s= 0.49
Minimup gap computed with 5th eigenvalue
Minimup gap: 2.8905695100104665 GHz
At s= 0.494
simulation took 0.0585 sec
92
5
Minimup gap computed with 1th eigenvalue
Minimup gap: 2.3701294422267978 GHz
At s= 0.4
Minimup gap computed with 1th eigenvalue
Minimup gap: 2.354353840550573 GHz
At s= 0.41
Minimup gap computed with 1th eigenvalue
Minimup gap: 2.354234168566406 GHz
At s= 0.409
simulation took 0.0821 sec
93
5
Minimup gap computed with 1th eigenvalue
Minimup gap: 1.6869117018267792 GHz
At s= 0.5
Minimup gap computed with 1th eigenvalue
Minimup gap: 1.3778209797153034 GHz
At s= 0.46
Minimup gap computed with 1th eigenvalue
Minimup gap: 1.3772542458069479 GHz
At s= 0.462
simulation took 0.0586 sec
94
5
Minimup gap computed with 6th eigenvalue
Minimup gap: 2.9899478874190715 GHz
At s= 0.5
Minimup gap computed with 6th eigenvalue
Minimup gap: 2.946161359030072 GHz
At s= 0.48
Minimup gap computed with 6th eigenvalue
Minimup gap: 2.9413932009181183 GHz
At s= 0.485
simulation took 0.0582 sec
95
5
Minimup gap computed with 5th eigenvalue
Minimup gap: 2.9003622339416326 GHz
At s= 0.5
Minimup gap computed with 5th eigenvalue
Minimup gap: 2.8949111699769827 GHz
At s= 0.49
Minimup gap computed with 5th eigenvalue
Minimup gap: 2.890569510010486 GHz
At s= 0.494
simulation took 0.0591 sec
96
5
Minimup gap computed with 5th eigenvalue
Minimup gap: 2.9003622339416415 GHz
At s= 0.5
Minimup gap computed with 5th eigenvalue
Minimup gap: 2.894911169976967 GHz
At s= 0.49
Minimup gap computed with 5th eigenvalue
Minimup gap: 2.890569510010474 GHz
At s= 0.494
simulation took 0.0584 sec
97
5
Minimup gap computed with 1th eigenvalue
Minimup gap: 2.1985585185876833 GHz
At s= 0.5
Minimup gap computed with 1th eigenvalue
Minimup gap: 1.9131120629931262 GHz
At s= 0.46
Minimup gap computed with 1th eigenvalue
Minimup gap: 1.9100564211308058 GHz
At s= 0.455
simulation took 0.0583 sec
98
5
Minimup gap computed with 1th eigenvalue
Minimup gap: 1.6869117018267836 GHz
At s= 0.5
Minimup gap computed with 1th eigenvalue
Minimup gap: 1.3778209797153123 GHz
At s= 0.46
Minimup gap computed with 1th eigenvalue
Minimup gap: 1.377254245806954 GHz
At s= 0.462
simulation took 0.0592 sec
99
5
Minimup gap computed with 2th eigenvalue
Minimup gap: 2.0074547891023764 GHz
At s= 0.5
Minimup gap computed with 2th eigenvalue
Minimup gap: 1.9350229168550537 GHz
At s= 0.48
Minimup gap computed with 2th eigenvalue
Minimup gap: 1.9348299328707923 GHz
At s= 0.479
simulation took 0.0586 sec
