0
5
Minimup gap computed with 3th eigenvalue
Minimup gap: 3.1329379652491562 GHz
At s= 0.4
Minimup gap computed with 3th eigenvalue
Minimup gap: 2.845238163112578 GHz
At s= 0.45
Minimup gap computed with 3th eigenvalue
Minimup gap: 2.843876022602638 GHz
At s= 0.447
simulation took 0.1281 sec
1
5
Minimup gap computed with 1th eigenvalue
Minimup gap: 2.764973982103479 GHz
At s= 0.4
Minimup gap computed with 1th eigenvalue
Minimup gap: 2.710500267361544 GHz
At s= 0.38
Minimup gap computed with 1th eigenvalue
Minimup gap: 2.7104902663781587 GHz
At s= 0.381
simulation took 0.0833 sec
2
5
Minimup gap computed with 1th eigenvalue
Minimup gap: 2.764973982103502 GHz
At s= 0.4
Minimup gap computed with 1th eigenvalue
Minimup gap: 2.7105002673615743 GHz
At s= 0.38
Minimup gap computed with 1th eigenvalue
Minimup gap: 2.7104902663781214 GHz
At s= 0.381
simulation took 0.0648 sec
3
5
Minimup gap computed with 1th eigenvalue
Minimup gap: 1.7400327192240397 GHz
At s= 0.4
Minimup gap computed with 1th eigenvalue
Minimup gap: 1.5498922991043518 GHz
At s= 0.43
Minimup gap computed with 1th eigenvalue
Minimup gap: 1.549564441014935 GHz
At s= 0.429
simulation took 0.0593 sec
4
5
Minimup gap computed with 3th eigenvalue
Minimup gap: 3.132937965249136 GHz
At s= 0.4
Minimup gap computed with 3th eigenvalue
Minimup gap: 2.8452381631125627 GHz
At s= 0.45
Minimup gap computed with 3th eigenvalue
Minimup gap: 2.8438760226026725 GHz
At s= 0.447
simulation took 0.0594 sec
5
5
Minimup gap computed with 4th eigenvalue
Minimup gap: 3.4161046912074626 GHz
At s= 0.5
Minimup gap computed with 4th eigenvalue
Minimup gap: 3.330315118756168 GHz
At s= 0.47
Minimup gap computed with 4th eigenvalue
Minimup gap: 3.330203765513456 GHz
At s= 0.471
simulation took 0.0589 sec
6
5
Minimup gap computed with 4th eigenvalue
Minimup gap: 3.4161046912074884 GHz
At s= 0.5
Minimup gap computed with 4th eigenvalue
Minimup gap: 3.330315118756169 GHz
At s= 0.47
Minimup gap computed with 4th eigenvalue
Minimup gap: 3.3302037655134376 GHz
At s= 0.471
simulation took 0.0634 sec
7
5
Minimup gap computed with 5th eigenvalue
Minimup gap: 4.400854167666678 GHz
At s= 0.5
Minimup gap computed with 5th eigenvalue
Minimup gap: 4.294874433141693 GHz
At s= 0.54
Minimup gap computed with 5th eigenvalue
Minimup gap: 4.293627142448235 GHz
At s= 0.536
simulation took 0.0597 sec
8
5
Minimup gap computed with 2th eigenvalue
Minimup gap: 2.659778009281803 GHz
At s= 0.4
Minimup gap computed with 2th eigenvalue
Minimup gap: 2.2490286005490727 GHz
At s= 0.45
Minimup gap computed with 2th eigenvalue
Minimup gap: 2.248889331578958 GHz
At s= 0.449
simulation took 0.0922 sec
9
5
Minimup gap computed with 2th eigenvalue
Minimup gap: 2.3089098632812277 GHz
At s= 0.4
Minimup gap computed with 2th eigenvalue
Minimup gap: 2.2363680389666243 GHz
At s= 0.42
Minimup gap computed with 2th eigenvalue
Minimup gap: 2.2345904586145497 GHz
At s= 0.424
simulation took 0.0591 sec
10
5
Minimup gap computed with 2th eigenvalue
Minimup gap: 2.3089098632812455 GHz
At s= 0.4
Minimup gap computed with 2th eigenvalue
Minimup gap: 2.236368038966635 GHz
At s= 0.42
Minimup gap computed with 2th eigenvalue
Minimup gap: 2.234590458614564 GHz
At s= 0.424
simulation took 0.0591 sec
11
5
Minimup gap computed with 2th eigenvalue
Minimup gap: 2.3089098632812455 GHz
At s= 0.4
Minimup gap computed with 2th eigenvalue
Minimup gap: 2.236368038966619 GHz
At s= 0.42
Minimup gap computed with 2th eigenvalue
Minimup gap: 2.2345904586145497 GHz
At s= 0.424
simulation took 0.0592 sec
12
5
Minimup gap computed with 1th eigenvalue
Minimup gap: 1.7400327192240397 GHz
At s= 0.4
Minimup gap computed with 1th eigenvalue
Minimup gap: 1.5498922991043518 GHz
At s= 0.43
Minimup gap computed with 1th eigenvalue
Minimup gap: 1.549564441014935 GHz
At s= 0.429
simulation took 0.0591 sec
13
5
Minimup gap computed with 1th eigenvalue
Minimup gap: 1.740032719224061 GHz
At s= 0.4
Minimup gap computed with 1th eigenvalue
Minimup gap: 1.54989229910435 GHz
At s= 0.43
Minimup gap computed with 1th eigenvalue
Minimup gap: 1.5495644410149136 GHz
At s= 0.429
simulation took 0.0591 sec
14
5
Minimup gap computed with 1th eigenvalue
Minimup gap: 1.740032719224061 GHz
At s= 0.4
Minimup gap computed with 1th eigenvalue
Minimup gap: 1.54989229910435 GHz
At s= 0.43
Minimup gap computed with 1th eigenvalue
Minimup gap: 1.5495644410149136 GHz
At s= 0.429
simulation took 0.0590 sec
15
5
Minimup gap computed with 1th eigenvalue
Minimup gap: 2.2147429906138427 GHz
At s= 0.4
Minimup gap computed with 1th eigenvalue
Minimup gap: 2.146897852492571 GHz
At s= 0.42
Minimup gap computed with 1th eigenvalue
Minimup gap: 2.146897852492571 GHz
At s= 0.42
simulation took 0.0877 sec
16
5
Minimup gap computed with 5th eigenvalue
Minimup gap: 4.400854167666678 GHz
At s= 0.5
Minimup gap computed with 5th eigenvalue
Minimup gap: 4.294874433141693 GHz
At s= 0.54
Minimup gap computed with 5th eigenvalue
Minimup gap: 4.293627142448235 GHz
At s= 0.536
simulation took 0.0594 sec
17
5
Minimup gap computed with 3th eigenvalue
Minimup gap: 3.1329379652491376 GHz
At s= 0.4
Minimup gap computed with 3th eigenvalue
Minimup gap: 2.845238163112562 GHz
At s= 0.45
Minimup gap computed with 3th eigenvalue
Minimup gap: 2.84387602260267 GHz
At s= 0.447
simulation took 0.0585 sec
18
5
Minimup gap computed with 5th eigenvalue
Minimup gap: 4.400854167666678 GHz
At s= 0.5
Minimup gap computed with 5th eigenvalue
Minimup gap: 4.294874433141693 GHz
At s= 0.54
Minimup gap computed with 5th eigenvalue
Minimup gap: 4.293627142448235 GHz
At s= 0.536
simulation took 0.0726 sec
19
5
Minimup gap computed with 2th eigenvalue
Minimup gap: 2.6597780092817818 GHz
At s= 0.4
Minimup gap computed with 2th eigenvalue
Minimup gap: 2.2490286005490923 GHz
At s= 0.45
Minimup gap computed with 2th eigenvalue
Minimup gap: 2.2488893315789564 GHz
At s= 0.449
simulation took 0.0609 sec
20
5
Minimup gap computed with 1th eigenvalue
Minimup gap: 1.7276065130044378 GHz
At s= 0.4
Minimup gap computed with 1th eigenvalue
Minimup gap: 1.724717688093592 GHz
At s= 0.41
Minimup gap computed with 1th eigenvalue
Minimup gap: 1.7213503180231875 GHz
At s= 0.406
simulation took 0.0584 sec
21
5
Minimup gap computed with 2th eigenvalue
Minimup gap: 2.30890986328124 GHz
At s= 0.4
Minimup gap computed with 2th eigenvalue
Minimup gap: 2.2363680389666207 GHz
At s= 0.42
Minimup gap computed with 2th eigenvalue
Minimup gap: 2.234590458614562 GHz
At s= 0.424
simulation took 0.0632 sec
22
5
Minimup gap computed with 3th eigenvalue
Minimup gap: 3.1329379652491562 GHz
At s= 0.4
Minimup gap computed with 3th eigenvalue
Minimup gap: 2.8452381631125894 GHz
At s= 0.45
Minimup gap computed with 3th eigenvalue
Minimup gap: 2.843876022602637 GHz
At s= 0.447
simulation took 0.0590 sec
23
5
Minimup gap computed with 3th eigenvalue
Minimup gap: 2.8957980248367248 GHz
At s= 0.4
Minimup gap computed with 3th eigenvalue
Minimup gap: 2.825084891707643 GHz
At s= 0.43
Minimup gap computed with 3th eigenvalue
Minimup gap: 2.824865952510671 GHz
At s= 0.428
simulation took 0.1317 sec
24
5
Minimup gap computed with 3th eigenvalue
Minimup gap: 3.1329379652491554 GHz
At s= 0.4
Minimup gap computed with 3th eigenvalue
Minimup gap: 2.8452381631125503 GHz
At s= 0.45
Minimup gap computed with 3th eigenvalue
Minimup gap: 2.8438760226026503 GHz
At s= 0.447
simulation took 0.0589 sec
25
5
Minimup gap computed with 1th eigenvalue
Minimup gap: 2.1790201436812957 GHz
At s= 0.4
Minimup gap computed with 1th eigenvalue
Minimup gap: 2.156336175359261 GHz
At s= 0.41
Minimup gap computed with 1th eigenvalue
Minimup gap: 2.1555526450986466 GHz
At s= 0.412
simulation took 0.0585 sec
26
5
Minimup gap computed with 2th eigenvalue
Minimup gap: 2.30890986328124 GHz
At s= 0.4
Minimup gap computed with 2th eigenvalue
Minimup gap: 2.2363680389666207 GHz
At s= 0.42
Minimup gap computed with 2th eigenvalue
Minimup gap: 2.234590458614562 GHz
At s= 0.424
simulation took 0.0591 sec
27
5
Minimup gap computed with 3th eigenvalue
Minimup gap: 3.128402423940864 GHz
At s= 0.5
Minimup gap computed with 3th eigenvalue
Minimup gap: 2.9295299978032228 GHz
At s= 0.46
Minimup gap computed with 3th eigenvalue
Minimup gap: 2.929390525188392 GHz
At s= 0.461
simulation took 0.0587 sec
28
5
Minimup gap computed with 1th eigenvalue
Minimup gap: 1.7400327192240308 GHz
At s= 0.4
Minimup gap computed with 1th eigenvalue
Minimup gap: 1.549892299104366 GHz
At s= 0.43
Minimup gap computed with 1th eigenvalue
Minimup gap: 1.5495644410149474 GHz
At s= 0.429
simulation took 0.0592 sec
29
5
Minimup gap computed with 2th eigenvalue
Minimup gap: 2.3089098632812526 GHz
At s= 0.4
Minimup gap computed with 2th eigenvalue
Minimup gap: 2.2363680389666207 GHz
At s= 0.42
Minimup gap computed with 2th eigenvalue
Minimup gap: 2.234590458614546 GHz
At s= 0.424
simulation took 0.0587 sec
30
5
Minimup gap computed with 1th eigenvalue
Minimup gap: 1.7400327192240521 GHz
At s= 0.4
Minimup gap computed with 1th eigenvalue
Minimup gap: 1.5498922991043607 GHz
At s= 0.43
Minimup gap computed with 1th eigenvalue
Minimup gap: 1.5495644410149225 GHz
At s= 0.429
simulation took 0.0589 sec
31
5
Minimup gap computed with 1th eigenvalue
Minimup gap: 1.7400327192240397 GHz
At s= 0.4
Minimup gap computed with 1th eigenvalue
Minimup gap: 1.5498922991043518 GHz
At s= 0.43
Minimup gap computed with 1th eigenvalue
Minimup gap: 1.549564441014935 GHz
At s= 0.429
simulation took 0.0802 sec
32
5
Minimup gap computed with 2th eigenvalue
Minimup gap: 2.308909863281235 GHz
At s= 0.4
Minimup gap computed with 2th eigenvalue
Minimup gap: 2.236368038966612 GHz
At s= 0.42
Minimup gap computed with 2th eigenvalue
Minimup gap: 2.234590458614539 GHz
At s= 0.424
simulation took 0.0585 sec
33
5
Minimup gap computed with 3th eigenvalue
Minimup gap: 3.132937965249143 GHz
At s= 0.4
Minimup gap computed with 3th eigenvalue
Minimup gap: 2.8452381631125663 GHz
At s= 0.45
Minimup gap computed with 3th eigenvalue
Minimup gap: 2.8438760226026423 GHz
At s= 0.447
simulation took 0.0587 sec
34
5
Minimup gap computed with 4th eigenvalue
Minimup gap: 3.4161046912074973 GHz
At s= 0.5
Minimup gap computed with 4th eigenvalue
Minimup gap: 3.3303151187561744 GHz
At s= 0.47
Minimup gap computed with 4th eigenvalue
Minimup gap: 3.3302037655134606 GHz
At s= 0.471
simulation took 0.0586 sec
35
5
Minimup gap computed with 1th eigenvalue
Minimup gap: 1.7276065130044387 GHz
At s= 0.4
Minimup gap computed with 1th eigenvalue
Minimup gap: 1.724717688093591 GHz
At s= 0.41
Minimup gap computed with 1th eigenvalue
Minimup gap: 1.7213503180231653 GHz
At s= 0.406
simulation took 0.0581 sec
36
5
Minimup gap computed with 5th eigenvalue
Minimup gap: 3.653118244573389 GHz
At s= 0.5
Minimup gap computed with 5th eigenvalue
Minimup gap: 3.6140472810114215 GHz
At s= 0.48
Minimup gap computed with 5th eigenvalue
Minimup gap: 3.6126615382460976 GHz
At s= 0.476
simulation took 0.0608 sec
37
5
Minimup gap computed with 2th eigenvalue
Minimup gap: 2.659778009281796 GHz
At s= 0.4
Minimup gap computed with 2th eigenvalue
Minimup gap: 2.2490286005490603 GHz
At s= 0.45
Minimup gap computed with 2th eigenvalue
Minimup gap: 2.248889331578928 GHz
At s= 0.449
simulation took 0.0596 sec
38
5
Minimup gap computed with 5th eigenvalue
Minimup gap: 4.400854167666678 GHz
At s= 0.5
Minimup gap computed with 5th eigenvalue
Minimup gap: 4.294874433141693 GHz
At s= 0.54
Minimup gap computed with 5th eigenvalue
Minimup gap: 4.293627142448235 GHz
At s= 0.536
simulation took 0.0825 sec
39
5
Minimup gap computed with 1th eigenvalue
Minimup gap: 1.7400327192240308 GHz
At s= 0.4
Minimup gap computed with 1th eigenvalue
Minimup gap: 1.549892299104366 GHz
At s= 0.43
Minimup gap computed with 1th eigenvalue
Minimup gap: 1.5495644410149474 GHz
At s= 0.429
simulation took 0.0589 sec
40
5
Minimup gap computed with 3th eigenvalue
Minimup gap: 2.8957980248367132 GHz
At s= 0.4
Minimup gap computed with 3th eigenvalue
Minimup gap: 2.8250848917076192 GHz
At s= 0.43
Minimup gap computed with 3th eigenvalue
Minimup gap: 2.8248659525106703 GHz
At s= 0.428
simulation took 0.1502 sec
41
5
Minimup gap computed with 1th eigenvalue
Minimup gap: 1.740032719224061 GHz
At s= 0.4
Minimup gap computed with 1th eigenvalue
Minimup gap: 1.54989229910435 GHz
At s= 0.43
Minimup gap computed with 1th eigenvalue
Minimup gap: 1.5495644410149136 GHz
At s= 0.429
simulation took 0.0587 sec
42
5
Minimup gap computed with 1th eigenvalue
Minimup gap: 1.7400327192240574 GHz
At s= 0.4
Minimup gap computed with 1th eigenvalue
Minimup gap: 1.5498922991043305 GHz
At s= 0.43
Minimup gap computed with 1th eigenvalue
Minimup gap: 1.5495644410149207 GHz
At s= 0.429
simulation took 0.0588 sec
43
5
Minimup gap computed with 1th eigenvalue
Minimup gap: 1.740032719224045 GHz
At s= 0.4
Minimup gap computed with 1th eigenvalue
Minimup gap: 1.5498922991043784 GHz
At s= 0.43
Minimup gap computed with 1th eigenvalue
Minimup gap: 1.549564441014942 GHz
At s= 0.429
simulation took 0.0590 sec
44
5
Minimup gap computed with 1th eigenvalue
Minimup gap: 1.7400327192240823 GHz
At s= 0.4
Minimup gap computed with 1th eigenvalue
Minimup gap: 1.5498922991043695 GHz
At s= 0.43
Minimup gap computed with 1th eigenvalue
Minimup gap: 1.5495644410149403 GHz
At s= 0.429
simulation took 0.0592 sec
45
5
Minimup gap computed with 5th eigenvalue
Minimup gap: 4.400854167666678 GHz
At s= 0.5
Minimup gap computed with 5th eigenvalue
Minimup gap: 4.294874433141693 GHz
At s= 0.54
Minimup gap computed with 5th eigenvalue
Minimup gap: 4.293627142448235 GHz
At s= 0.536
simulation took 0.0588 sec
46
5
Minimup gap computed with 3th eigenvalue
Minimup gap: 3.1284024239408756 GHz
At s= 0.5
Minimup gap computed with 3th eigenvalue
Minimup gap: 2.92952999780323 GHz
At s= 0.46
Minimup gap computed with 3th eigenvalue
Minimup gap: 2.9293905251883805 GHz
At s= 0.461
simulation took 0.0815 sec
47
5
Minimup gap computed with 5th eigenvalue
Minimup gap: 4.400854167666678 GHz
At s= 0.5
Minimup gap computed with 5th eigenvalue
Minimup gap: 4.294874433141693 GHz
At s= 0.54
Minimup gap computed with 5th eigenvalue
Minimup gap: 4.293627142448235 GHz
At s= 0.536
simulation took 0.0601 sec
48
5
Minimup gap computed with 1th eigenvalue
Minimup gap: 2.179020143681285 GHz
At s= 0.4
Minimup gap computed with 1th eigenvalue
Minimup gap: 2.1563361753592645 GHz
At s= 0.41
Minimup gap computed with 1th eigenvalue
Minimup gap: 2.1555526450986573 GHz
At s= 0.412
simulation took 0.0587 sec
49
5
Minimup gap computed with 1th eigenvalue
Minimup gap: 1.740032719224061 GHz
At s= 0.4
Minimup gap computed with 1th eigenvalue
Minimup gap: 1.54989229910435 GHz
At s= 0.43
Minimup gap computed with 1th eigenvalue
Minimup gap: 1.5495644410149136 GHz
At s= 0.429
simulation took 0.0587 sec
50
5
Minimup gap computed with 1th eigenvalue
Minimup gap: 1.740032719224045 GHz
At s= 0.4
Minimup gap computed with 1th eigenvalue
Minimup gap: 1.5498922991043784 GHz
At s= 0.43
Minimup gap computed with 1th eigenvalue
Minimup gap: 1.549564441014942 GHz
At s= 0.429
simulation took 0.0588 sec
51
5
Minimup gap computed with 3th eigenvalue
Minimup gap: 2.895798024836708 GHz
At s= 0.4
Minimup gap computed with 3th eigenvalue
Minimup gap: 2.825084891707621 GHz
At s= 0.43
Minimup gap computed with 3th eigenvalue
Minimup gap: 2.8248659525106747 GHz
At s= 0.428
simulation took 0.0627 sec
52
5
Minimup gap computed with 1th eigenvalue
Minimup gap: 2.179020143681294 GHz
At s= 0.4
Minimup gap computed with 1th eigenvalue
Minimup gap: 2.1563361753592627 GHz
At s= 0.41
Minimup gap computed with 1th eigenvalue
Minimup gap: 2.155552645098659 GHz
At s= 0.412
simulation took 0.0586 sec
53
5
Minimup gap computed with 3th eigenvalue
Minimup gap: 2.8957980248367132 GHz
At s= 0.4
Minimup gap computed with 3th eigenvalue
Minimup gap: 2.8250848917076192 GHz
At s= 0.43
Minimup gap computed with 3th eigenvalue
Minimup gap: 2.8248659525106703 GHz
At s= 0.428
simulation took 0.0815 sec
54
5
Minimup gap computed with 3th eigenvalue
Minimup gap: 3.1284024239408703 GHz
At s= 0.5
Minimup gap computed with 3th eigenvalue
Minimup gap: 2.9295299978032494 GHz
At s= 0.46
Minimup gap computed with 3th eigenvalue
Minimup gap: 2.929390525188378 GHz
At s= 0.461
simulation took 0.0585 sec
55
5
Minimup gap computed with 3th eigenvalue
Minimup gap: 3.1284024239408534 GHz
At s= 0.5
Minimup gap computed with 3th eigenvalue
Minimup gap: 2.9295299978032574 GHz
At s= 0.46
Minimup gap computed with 3th eigenvalue
Minimup gap: 2.929390525188416 GHz
At s= 0.461
simulation took 0.0585 sec
56
5
Minimup gap computed with 3th eigenvalue
Minimup gap: 2.8957980248367168 GHz
At s= 0.4
Minimup gap computed with 3th eigenvalue
Minimup gap: 2.8250848917076263 GHz
At s= 0.43
Minimup gap computed with 3th eigenvalue
Minimup gap: 2.8248659525106605 GHz
At s= 0.428
simulation took 0.0583 sec
57
5
Minimup gap computed with 1th eigenvalue
Minimup gap: 2.764973982103493 GHz
At s= 0.4
Minimup gap computed with 1th eigenvalue
Minimup gap: 2.7105002673615477 GHz
At s= 0.38
Minimup gap computed with 1th eigenvalue
Minimup gap: 2.7104902663781054 GHz
At s= 0.381
simulation took 0.0584 sec
58
5
Minimup gap computed with 3th eigenvalue
Minimup gap: 2.8957980248366955 GHz
At s= 0.4
Minimup gap computed with 3th eigenvalue
Minimup gap: 2.8250848917076192 GHz
At s= 0.43
Minimup gap computed with 3th eigenvalue
Minimup gap: 2.82486595251068 GHz
At s= 0.428
simulation took 0.0584 sec
59
5
Minimup gap computed with 4th eigenvalue
Minimup gap: 3.4683555082503457 GHz
At s= 0.5
Minimup gap computed with 4th eigenvalue
Minimup gap: 3.379592836253643 GHz
At s= 0.47
Minimup gap computed with 4th eigenvalue
Minimup gap: 3.379583022296127 GHz
At s= 0.469
simulation took 0.0590 sec
60
5
Minimup gap computed with 4th eigenvalue
Minimup gap: 3.468355508250351 GHz
At s= 0.5
Minimup gap computed with 4th eigenvalue
Minimup gap: 3.3795928362536554 GHz
At s= 0.47
Minimup gap computed with 4th eigenvalue
Minimup gap: 3.3795830222961314 GHz
At s= 0.469
simulation took 0.0584 sec
61
5
Minimup gap computed with 1th eigenvalue
Minimup gap: 1.7400327192240823 GHz
At s= 0.4
Minimup gap computed with 1th eigenvalue
Minimup gap: 1.5498922991043695 GHz
At s= 0.43
Minimup gap computed with 1th eigenvalue
Minimup gap: 1.5495644410149403 GHz
At s= 0.429
simulation took 0.0804 sec
62
5
Minimup gap computed with 1th eigenvalue
Minimup gap: 2.17902014368131 GHz
At s= 0.4
Minimup gap computed with 1th eigenvalue
Minimup gap: 2.1563361753592716 GHz
At s= 0.41
Minimup gap computed with 1th eigenvalue
Minimup gap: 2.155552645098645 GHz
At s= 0.412
simulation took 0.0581 sec
63
5
Minimup gap computed with 1th eigenvalue
Minimup gap: 1.7400327192240823 GHz
At s= 0.4
Minimup gap computed with 1th eigenvalue
Minimup gap: 1.5498922991043695 GHz
At s= 0.43
Minimup gap computed with 1th eigenvalue
Minimup gap: 1.5495644410149403 GHz
At s= 0.429
simulation took 0.0587 sec
64
5
Minimup gap computed with 4th eigenvalue
Minimup gap: 3.4161046912074884 GHz
At s= 0.5
Minimup gap computed with 4th eigenvalue
Minimup gap: 3.3303151187561744 GHz
At s= 0.47
Minimup gap computed with 4th eigenvalue
Minimup gap: 3.3302037655134455 GHz
At s= 0.471
simulation took 0.0584 sec
65
5
Minimup gap computed with 2th eigenvalue
Minimup gap: 2.659778009281789 GHz
At s= 0.4
Minimup gap computed with 2th eigenvalue
Minimup gap: 2.249028600549064 GHz
At s= 0.45
Minimup gap computed with 2th eigenvalue
Minimup gap: 2.2488893315789458 GHz
At s= 0.449
simulation took 0.0587 sec
66
5
Minimup gap computed with 2th eigenvalue
Minimup gap: 2.6597780092817906 GHz
At s= 0.4
Minimup gap computed with 2th eigenvalue
Minimup gap: 2.2490286005490887 GHz
At s= 0.45
Minimup gap computed with 2th eigenvalue
Minimup gap: 2.248889331578928 GHz
At s= 0.449
simulation took 0.0585 sec
67
5
Minimup gap computed with 1th eigenvalue
Minimup gap: 2.1790201436812957 GHz
At s= 0.4
Minimup gap computed with 1th eigenvalue
Minimup gap: 2.156336175359261 GHz
At s= 0.41
Minimup gap computed with 1th eigenvalue
Minimup gap: 2.1555526450986466 GHz
At s= 0.412
simulation took 0.0627 sec
68
5
Minimup gap computed with 1th eigenvalue
Minimup gap: 2.764973982103493 GHz
At s= 0.4
Minimup gap computed with 1th eigenvalue
Minimup gap: 2.710500267361555 GHz
At s= 0.38
Minimup gap computed with 1th eigenvalue
Minimup gap: 2.710490266378116 GHz
At s= 0.381
simulation took 0.0584 sec
69
5
Minimup gap computed with 1th eigenvalue
Minimup gap: 2.179020143681317 GHz
At s= 0.4
Minimup gap computed with 1th eigenvalue
Minimup gap: 2.1563361753592716 GHz
At s= 0.41
Minimup gap computed with 1th eigenvalue
Minimup gap: 2.1555526450986733 GHz
At s= 0.412
simulation took 0.0822 sec
70
5
Minimup gap computed with 2th eigenvalue
Minimup gap: 2.308909863281258 GHz
At s= 0.4
Minimup gap computed with 2th eigenvalue
Minimup gap: 2.236368038966628 GHz
At s= 0.42
Minimup gap computed with 2th eigenvalue
Minimup gap: 2.2345904586145426 GHz
At s= 0.424
simulation took 0.0588 sec
71
5
Minimup gap computed with 3th eigenvalue
Minimup gap: 3.1284024239408668 GHz
At s= 0.5
Minimup gap computed with 3th eigenvalue
Minimup gap: 2.929529997803246 GHz
At s= 0.46
Minimup gap computed with 3th eigenvalue
Minimup gap: 2.9293905251883903 GHz
At s= 0.461
simulation took 0.0591 sec
72
5
Minimup gap computed with 2th eigenvalue
Minimup gap: 2.3089098632812455 GHz
At s= 0.4
Minimup gap computed with 2th eigenvalue
Minimup gap: 2.236368038966619 GHz
At s= 0.42
Minimup gap computed with 2th eigenvalue
Minimup gap: 2.2345904586145497 GHz
At s= 0.424
simulation took 0.0588 sec
73
5
Minimup gap computed with 5th eigenvalue
Minimup gap: 4.400854167666678 GHz
At s= 0.5
Minimup gap computed with 5th eigenvalue
Minimup gap: 4.294874433141693 GHz
At s= 0.54
Minimup gap computed with 5th eigenvalue
Minimup gap: 4.293627142448235 GHz
At s= 0.536
simulation took 0.0589 sec
74
5
Minimup gap computed with 3th eigenvalue
Minimup gap: 2.895798024836692 GHz
At s= 0.4
Minimup gap computed with 3th eigenvalue
Minimup gap: 2.8250848917076334 GHz
At s= 0.43
Minimup gap computed with 3th eigenvalue
Minimup gap: 2.824865952510666 GHz
At s= 0.428
simulation took 0.0582 sec
75
5
Minimup gap computed with 2th eigenvalue
Minimup gap: 2.308909863281235 GHz
At s= 0.4
Minimup gap computed with 2th eigenvalue
Minimup gap: 2.236368038966612 GHz
At s= 0.42
Minimup gap computed with 2th eigenvalue
Minimup gap: 2.234590458614539 GHz
At s= 0.424
simulation took 0.0589 sec
76
5
Minimup gap computed with 2th eigenvalue
Minimup gap: 2.3089098632812206 GHz
At s= 0.4
Minimup gap computed with 2th eigenvalue
Minimup gap: 2.2363680389666154 GHz
At s= 0.42
Minimup gap computed with 2th eigenvalue
Minimup gap: 2.234590458614548 GHz
At s= 0.424
simulation took 0.0797 sec
77
5
Minimup gap computed with 2th eigenvalue
Minimup gap: 2.3089098632812295 GHz
At s= 0.4
Minimup gap computed with 2th eigenvalue
Minimup gap: 2.236368038966635 GHz
At s= 0.42
Minimup gap computed with 2th eigenvalue
Minimup gap: 2.234590458614548 GHz
At s= 0.424
simulation took 0.0587 sec
78
5
Minimup gap computed with 3th eigenvalue
Minimup gap: 3.1329379652491465 GHz
At s= 0.4
Minimup gap computed with 3th eigenvalue
Minimup gap: 2.8452381631125796 GHz
At s= 0.45
Minimup gap computed with 3th eigenvalue
Minimup gap: 2.8438760226026476 GHz
At s= 0.447
simulation took 0.0591 sec
79
5
Minimup gap computed with 1th eigenvalue
Minimup gap: 1.7400327192240521 GHz
At s= 0.4
Minimup gap computed with 1th eigenvalue
Minimup gap: 1.5498922991043607 GHz
At s= 0.43
Minimup gap computed with 1th eigenvalue
Minimup gap: 1.5495644410149225 GHz
At s= 0.429
simulation took 0.0588 sec
80
5
Minimup gap computed with 3th eigenvalue
Minimup gap: 2.8957980248366955 GHz
At s= 0.4
Minimup gap computed with 3th eigenvalue
Minimup gap: 2.8250848917076192 GHz
At s= 0.43
Minimup gap computed with 3th eigenvalue
Minimup gap: 2.82486595251068 GHz
At s= 0.428
simulation took 0.0585 sec
81
5
Minimup gap computed with 3th eigenvalue
Minimup gap: 3.1329379652491394 GHz
At s= 0.4
Minimup gap computed with 3th eigenvalue
Minimup gap: 2.8452381631125663 GHz
At s= 0.45
Minimup gap computed with 3th eigenvalue
Minimup gap: 2.8438760226026387 GHz
At s= 0.447
simulation took 0.0587 sec
82
5
Minimup gap computed with 4th eigenvalue
Minimup gap: 3.416104691207476 GHz
At s= 0.5
Minimup gap computed with 4th eigenvalue
Minimup gap: 3.3303151187561744 GHz
At s= 0.47
Minimup gap computed with 4th eigenvalue
Minimup gap: 3.3302037655134447 GHz
At s= 0.471
simulation took 0.0585 sec
83
5
Minimup gap computed with 2th eigenvalue
Minimup gap: 2.3089098632812686 GHz
At s= 0.4
Minimup gap computed with 2th eigenvalue
Minimup gap: 2.2363680389666225 GHz
At s= 0.42
Minimup gap computed with 2th eigenvalue
Minimup gap: 2.2345904586145355 GHz
At s= 0.424
simulation took 0.0632 sec
84
5
Minimup gap computed with 2th eigenvalue
Minimup gap: 2.308909863281224 GHz
At s= 0.4
Minimup gap computed with 2th eigenvalue
Minimup gap: 2.2363680389666367 GHz
At s= 0.42
Minimup gap computed with 2th eigenvalue
Minimup gap: 2.234590458614532 GHz
At s= 0.424
simulation took 0.0834 sec
85
5
Minimup gap computed with 3th eigenvalue
Minimup gap: 3.128402423940873 GHz
At s= 0.5
Minimup gap computed with 3th eigenvalue
Minimup gap: 2.929529997803252 GHz
At s= 0.46
Minimup gap computed with 3th eigenvalue
Minimup gap: 2.9293905251883876 GHz
At s= 0.461
simulation took 0.0586 sec
86
5
Minimup gap computed with 4th eigenvalue
Minimup gap: 3.4161046912074857 GHz
At s= 0.5
Minimup gap computed with 4th eigenvalue
Minimup gap: 3.3303151187561735 GHz
At s= 0.47
Minimup gap computed with 4th eigenvalue
Minimup gap: 3.330203765513457 GHz
At s= 0.471
simulation took 0.0585 sec
87
5
Minimup gap computed with 1th eigenvalue
Minimup gap: 1.7400327192240823 GHz
At s= 0.4
Minimup gap computed with 1th eigenvalue
Minimup gap: 1.5498922991043695 GHz
At s= 0.43
Minimup gap computed with 1th eigenvalue
Minimup gap: 1.5495644410149403 GHz
At s= 0.429
simulation took 0.0590 sec
88
5
Minimup gap computed with 3th eigenvalue
Minimup gap: 3.13293796524912 GHz
At s= 0.4
Minimup gap computed with 3th eigenvalue
Minimup gap: 2.845238163112569 GHz
At s= 0.45
Minimup gap computed with 3th eigenvalue
Minimup gap: 2.843876022602643 GHz
At s= 0.447
simulation took 0.0588 sec
89
5
Minimup gap computed with 3th eigenvalue
Minimup gap: 3.132937965249135 GHz
At s= 0.4
Minimup gap computed with 3th eigenvalue
Minimup gap: 2.84523816311257 GHz
At s= 0.45
Minimup gap computed with 3th eigenvalue
Minimup gap: 2.843876022602621 GHz
At s= 0.447
simulation took 0.0585 sec
90
5
Minimup gap computed with 2th eigenvalue
Minimup gap: 2.308909863281249 GHz
At s= 0.4
Minimup gap computed with 2th eigenvalue
Minimup gap: 2.2363680389666243 GHz
At s= 0.42
Minimup gap computed with 2th eigenvalue
Minimup gap: 2.234590458614555 GHz
At s= 0.424
simulation took 0.0588 sec
91
5
Minimup gap computed with 3th eigenvalue
Minimup gap: 3.1329379652491625 GHz
At s= 0.4
Minimup gap computed with 3th eigenvalue
Minimup gap: 2.8452381631125547 GHz
At s= 0.45
Minimup gap computed with 3th eigenvalue
Minimup gap: 2.843876022602662 GHz
At s= 0.447
simulation took 0.0589 sec
92
5
Minimup gap computed with 1th eigenvalue
Minimup gap: 2.7649739821034913 GHz
At s= 0.4
Minimup gap computed with 1th eigenvalue
Minimup gap: 2.7105002673615584 GHz
At s= 0.38
Minimup gap computed with 1th eigenvalue
Minimup gap: 2.710490266378134 GHz
At s= 0.381
simulation took 0.0796 sec
93
5
Minimup gap computed with 1th eigenvalue
Minimup gap: 1.7400327192240486 GHz
At s= 0.4
Minimup gap computed with 1th eigenvalue
Minimup gap: 1.5498922991043713 GHz
At s= 0.43
Minimup gap computed with 1th eigenvalue
Minimup gap: 1.5495644410149065 GHz
At s= 0.429
simulation took 0.0587 sec
94
5
Minimup gap computed with 3th eigenvalue
Minimup gap: 2.8957980248367186 GHz
At s= 0.4
Minimup gap computed with 3th eigenvalue
Minimup gap: 2.825084891707622 GHz
At s= 0.43
Minimup gap computed with 3th eigenvalue
Minimup gap: 2.824865952510663 GHz
At s= 0.428
simulation took 0.0582 sec
95
5
Minimup gap computed with 3th eigenvalue
Minimup gap: 3.132937965249168 GHz
At s= 0.4
Minimup gap computed with 3th eigenvalue
Minimup gap: 2.8452381631125716 GHz
At s= 0.45
Minimup gap computed with 3th eigenvalue
Minimup gap: 2.8438760226026396 GHz
At s= 0.447
simulation took 0.0587 sec
96
5
Minimup gap computed with 3th eigenvalue
Minimup gap: 3.1329379652491385 GHz
At s= 0.4
Minimup gap computed with 3th eigenvalue
Minimup gap: 2.845238163112554 GHz
At s= 0.45
Minimup gap computed with 3th eigenvalue
Minimup gap: 2.8438760226026556 GHz
At s= 0.447
simulation took 0.0587 sec
97
5
Minimup gap computed with 1th eigenvalue
Minimup gap: 2.214742990613826 GHz
At s= 0.4
Minimup gap computed with 1th eigenvalue
Minimup gap: 2.1468978524925832 GHz
At s= 0.42
Minimup gap computed with 1th eigenvalue
Minimup gap: 2.1468978524925832 GHz
At s= 0.42
simulation took 0.0581 sec
98
5
Minimup gap computed with 1th eigenvalue
Minimup gap: 1.7400327192240503 GHz
At s= 0.4
Minimup gap computed with 1th eigenvalue
Minimup gap: 1.5498922991043678 GHz
At s= 0.43
Minimup gap computed with 1th eigenvalue
Minimup gap: 1.5495644410149456 GHz
At s= 0.429
simulation took 0.0591 sec
99
5
Minimup gap computed with 2th eigenvalue
Minimup gap: 2.65977800928178 GHz
At s= 0.4
Minimup gap computed with 2th eigenvalue
Minimup gap: 2.249028600549048 GHz
At s= 0.45
Minimup gap computed with 2th eigenvalue
Minimup gap: 2.2488893315789635 GHz
At s= 0.449
simulation took 0.0618 sec
