0
5
Minimup gap computed with 1th eigenvalue
Minimup gap: 3.4944666935050304 GHz
At s= 0.4
Minimup gap computed with 1th eigenvalue
Minimup gap: 3.347276151276229 GHz
At s= 0.45
Minimup gap computed with 1th eigenvalue
Minimup gap: 3.346768989071247 GHz
At s= 0.447
simulation took 0.1226 sec
1
5
Minimup gap computed with 3th eigenvalue
Minimup gap: 2.244668161966345 GHz
At s= 0.5
Minimup gap computed with 3th eigenvalue
Minimup gap: 2.128469133982077 GHz
At s= 0.49
Minimup gap computed with 3th eigenvalue
Minimup gap: 2.0765549182281897 GHz
At s= 0.484
simulation took 0.0826 sec
2
5
Minimup gap computed with 1th eigenvalue
Minimup gap: 2.233832121974909 GHz
At s= 0.4
Minimup gap computed with 1th eigenvalue
Minimup gap: 1.9022453272703395 GHz
At s= 0.45
Minimup gap computed with 1th eigenvalue
Minimup gap: 1.9022453272703395 GHz
At s= 0.45
simulation took 0.0642 sec
3
5
Minimup gap computed with 3th eigenvalue
Minimup gap: 2.773370722735544 GHz
At s= 0.5
Minimup gap computed with 3th eigenvalue
Minimup gap: 2.6603515234488415 GHz
At s= 0.48
Minimup gap computed with 3th eigenvalue
Minimup gap: 2.6562649677243058 GHz
At s= 0.476
simulation took 0.0589 sec
4
5
Minimup gap computed with 12th eigenvalue
Minimup gap: 3.7908365990413397 GHz
At s= 0.5
Minimup gap computed with 12th eigenvalue
Minimup gap: 3.7721349264985613 GHz
At s= 0.51
Minimup gap computed with 12th eigenvalue
Minimup gap: 3.7721349264985613 GHz
At s= 0.51
simulation took 0.0591 sec
5
5
Minimup gap computed with 3th eigenvalue
Minimup gap: 3.494466693505032 GHz
At s= 0.4
Minimup gap computed with 3th eigenvalue
Minimup gap: 3.3472761512762235 GHz
At s= 0.45
Minimup gap computed with 3th eigenvalue
Minimup gap: 3.346768989071241 GHz
At s= 0.447
simulation took 0.0575 sec
6
5
Minimup gap computed with 3th eigenvalue
Minimup gap: 3.494466693505026 GHz
At s= 0.4
Minimup gap computed with 3th eigenvalue
Minimup gap: 3.347276151276215 GHz
At s= 0.45
Minimup gap computed with 3th eigenvalue
Minimup gap: 3.346768989071255 GHz
At s= 0.447
simulation took 0.0575 sec
7
5
Minimup gap computed with 3th eigenvalue
Minimup gap: 2.7733707227355446 GHz
At s= 0.5
Minimup gap computed with 3th eigenvalue
Minimup gap: 2.6603515234488624 GHz
At s= 0.48
Minimup gap computed with 3th eigenvalue
Minimup gap: 2.6562649677242822 GHz
At s= 0.476
simulation took 0.0591 sec
8
5
Minimup gap computed with 1th eigenvalue
Minimup gap: 1.9423664843927764 GHz
At s= 0.5
Minimup gap computed with 1th eigenvalue
Minimup gap: 1.6042139102188386 GHz
At s= 0.46
Minimup gap computed with 1th eigenvalue
Minimup gap: 1.6004101720324284 GHz
At s= 0.455
simulation took 0.0908 sec
9
5
Minimup gap computed with 5th eigenvalue
Minimup gap: 3.2809679256054474 GHz
At s= 0.5
Minimup gap computed with 5th eigenvalue
Minimup gap: 3.2730955476416144 GHz
At s= 0.49
Minimup gap computed with 5th eigenvalue
Minimup gap: 3.272691338572032 GHz
At s= 0.492
simulation took 0.0581 sec
10
5
Minimup gap computed with 9th eigenvalue
Minimup gap: 3.6967901902838562 GHz
At s= 0.5
Minimup gap computed with 9th eigenvalue
Minimup gap: 3.5781392418946236 GHz
At s= 0.51
Minimup gap computed with 9th eigenvalue
Minimup gap: 3.5513919685638626 GHz
At s= 0.506
simulation took 0.0577 sec
11
5
Minimup gap computed with 3th eigenvalue
Minimup gap: 3.494466693505032 GHz
At s= 0.4
Minimup gap computed with 3th eigenvalue
Minimup gap: 3.3472761512762235 GHz
At s= 0.45
Minimup gap computed with 3th eigenvalue
Minimup gap: 3.346768989071241 GHz
At s= 0.447
simulation took 0.0572 sec
12
5
Minimup gap computed with 9th eigenvalue
Minimup gap: 3.696790190283863 GHz
At s= 0.5
Minimup gap computed with 9th eigenvalue
Minimup gap: 3.578139241894628 GHz
At s= 0.51
Minimup gap computed with 9th eigenvalue
Minimup gap: 3.5513919685638595 GHz
At s= 0.506
simulation took 0.0582 sec
13
5
Minimup gap computed with 1th eigenvalue
Minimup gap: 1.9423664843927888 GHz
At s= 0.5
Minimup gap computed with 1th eigenvalue
Minimup gap: 1.6042139102188457 GHz
At s= 0.46
Minimup gap computed with 1th eigenvalue
Minimup gap: 1.6004101720324293 GHz
At s= 0.455
simulation took 0.0590 sec
14
5
Minimup gap computed with 3th eigenvalue
Minimup gap: 3.4944666935050277 GHz
At s= 0.4
Minimup gap computed with 3th eigenvalue
Minimup gap: 3.347276151276209 GHz
At s= 0.45
Minimup gap computed with 3th eigenvalue
Minimup gap: 3.346768989071238 GHz
At s= 0.447
simulation took 0.0572 sec
15
5
Minimup gap computed with 3th eigenvalue
Minimup gap: 2.244668161966354 GHz
At s= 0.5
Minimup gap computed with 3th eigenvalue
Minimup gap: 2.128469133982067 GHz
At s= 0.49
Minimup gap computed with 3th eigenvalue
Minimup gap: 2.0765549182281964 GHz
At s= 0.484
simulation took 0.0886 sec
16
5
Minimup gap computed with 3th eigenvalue
Minimup gap: 3.494466693505043 GHz
At s= 0.4
Minimup gap computed with 3th eigenvalue
Minimup gap: 3.34727615127622 GHz
At s= 0.45
Minimup gap computed with 3th eigenvalue
Minimup gap: 3.3467689890712524 GHz
At s= 0.447
simulation took 0.0572 sec
17
5
Minimup gap computed with 1th eigenvalue
Minimup gap: 2.2338321219749098 GHz
At s= 0.4
Minimup gap computed with 1th eigenvalue
Minimup gap: 1.902245327270319 GHz
At s= 0.45
Minimup gap computed with 1th eigenvalue
Minimup gap: 1.902245327270319 GHz
At s= 0.45
simulation took 0.0576 sec
18
5
Minimup gap computed with 1th eigenvalue
Minimup gap: 2.233832121974893 GHz
At s= 0.4
Minimup gap computed with 1th eigenvalue
Minimup gap: 1.9022453272703155 GHz
At s= 0.45
Minimup gap computed with 1th eigenvalue
Minimup gap: 1.9022453272703155 GHz
At s= 0.45
simulation took 0.0718 sec
19
5
Minimup gap computed with 3th eigenvalue
Minimup gap: 3.4944666935050464 GHz
At s= 0.4
Minimup gap computed with 3th eigenvalue
Minimup gap: 3.3472761512762172 GHz
At s= 0.45
Minimup gap computed with 3th eigenvalue
Minimup gap: 3.3467689890712453 GHz
At s= 0.447
simulation took 0.0598 sec
20
5
Minimup gap computed with 3th eigenvalue
Minimup gap: 3.494466693505032 GHz
At s= 0.4
Minimup gap computed with 3th eigenvalue
Minimup gap: 3.3472761512762093 GHz
At s= 0.45
Minimup gap computed with 3th eigenvalue
Minimup gap: 3.3467689890712453 GHz
At s= 0.447
simulation took 0.0583 sec
21
5
Minimup gap computed with 3th eigenvalue
Minimup gap: 2.2446681619663504 GHz
At s= 0.5
Minimup gap computed with 3th eigenvalue
Minimup gap: 2.128469133982071 GHz
At s= 0.49
Minimup gap computed with 3th eigenvalue
Minimup gap: 2.076554918228192 GHz
At s= 0.484
simulation took 0.0588 sec
22
5
Minimup gap computed with 1th eigenvalue
Minimup gap: 1.7923096018037663 GHz
At s= 0.4
Minimup gap computed with 1th eigenvalue
Minimup gap: 1.4716658821738289 GHz
At s= 0.44
Minimup gap computed with 1th eigenvalue
Minimup gap: 1.4700729462638549 GHz
At s= 0.443
simulation took 0.0591 sec
23
5
Minimup gap computed with 5th eigenvalue
Minimup gap: 3.280967925605447 GHz
At s= 0.5
Minimup gap computed with 5th eigenvalue
Minimup gap: 3.273095547641628 GHz
At s= 0.49
Minimup gap computed with 5th eigenvalue
Minimup gap: 3.2726913385720366 GHz
At s= 0.492
simulation took 0.1318 sec
24
5
Minimup gap computed with 18th eigenvalue
Minimup gap: 4.585876367174342 GHz
At s= 0.5
Minimup gap computed with 18th eigenvalue
Minimup gap: 4.530722253916912 GHz
At s= 0.53
Minimup gap computed with 18th eigenvalue
Minimup gap: 4.530243628123358 GHz
At s= 0.526
simulation took 0.0587 sec
25
5
Minimup gap computed with 1th eigenvalue
Minimup gap: 2.2338321219749098 GHz
At s= 0.4
Minimup gap computed with 1th eigenvalue
Minimup gap: 1.9022453272703297 GHz
At s= 0.45
Minimup gap computed with 1th eigenvalue
Minimup gap: 1.9022453272703297 GHz
At s= 0.45
simulation took 0.0579 sec
26
5
Minimup gap computed with 3th eigenvalue
Minimup gap: 2.773370722735543 GHz
At s= 0.5
Minimup gap computed with 3th eigenvalue
Minimup gap: 2.660351523448859 GHz
At s= 0.48
Minimup gap computed with 3th eigenvalue
Minimup gap: 2.6562649677242938 GHz
At s= 0.476
simulation took 0.0590 sec
27
5
Minimup gap computed with 3th eigenvalue
Minimup gap: 2.2446681619663473 GHz
At s= 0.5
Minimup gap computed with 3th eigenvalue
Minimup gap: 2.1284691339820756 GHz
At s= 0.49
Minimup gap computed with 3th eigenvalue
Minimup gap: 2.0765549182281826 GHz
At s= 0.484
simulation took 0.0586 sec
28
5
Minimup gap computed with 1th eigenvalue
Minimup gap: 2.198558518587702 GHz
At s= 0.5
Minimup gap computed with 1th eigenvalue
Minimup gap: 1.9131120629931253 GHz
At s= 0.46
Minimup gap computed with 1th eigenvalue
Minimup gap: 1.9100564211308182 GHz
At s= 0.455
simulation took 0.0589 sec
29
5
Minimup gap computed with 3th eigenvalue
Minimup gap: 3.494466693505043 GHz
At s= 0.4
Minimup gap computed with 3th eigenvalue
Minimup gap: 3.34727615127622 GHz
At s= 0.45
Minimup gap computed with 3th eigenvalue
Minimup gap: 3.3467689890712524 GHz
At s= 0.447
simulation took 0.0575 sec
30
5
Minimup gap computed with 9th eigenvalue
Minimup gap: 3.6967901902838642 GHz
At s= 0.5
Minimup gap computed with 9th eigenvalue
Minimup gap: 3.578139241894616 GHz
At s= 0.51
Minimup gap computed with 9th eigenvalue
Minimup gap: 3.55139196856386 GHz
At s= 0.506
simulation took 0.0583 sec
31
5
Minimup gap computed with 1th eigenvalue
Minimup gap: 2.185555150505132 GHz
At s= 0.4
Minimup gap computed with 1th eigenvalue
Minimup gap: 1.8597528213418215 GHz
At s= 0.45
Minimup gap computed with 1th eigenvalue
Minimup gap: 1.85944447184505 GHz
At s= 0.448
simulation took 0.0807 sec
32
5
Minimup gap computed with 5th eigenvalue
Minimup gap: 3.2809679256054465 GHz
At s= 0.5
Minimup gap computed with 5th eigenvalue
Minimup gap: 3.27309554764163 GHz
At s= 0.49
Minimup gap computed with 5th eigenvalue
Minimup gap: 3.2726913385720278 GHz
At s= 0.492
simulation took 0.0585 sec
33
5
Minimup gap computed with 3th eigenvalue
Minimup gap: 3.4944666935050464 GHz
At s= 0.4
Minimup gap computed with 3th eigenvalue
Minimup gap: 3.3472761512762172 GHz
At s= 0.45
Minimup gap computed with 3th eigenvalue
Minimup gap: 3.3467689890712453 GHz
At s= 0.447
simulation took 0.0576 sec
34
5
Minimup gap computed with 3th eigenvalue
Minimup gap: 3.494466693505032 GHz
At s= 0.4
Minimup gap computed with 3th eigenvalue
Minimup gap: 3.3472761512762093 GHz
At s= 0.45
Minimup gap computed with 3th eigenvalue
Minimup gap: 3.3467689890712453 GHz
At s= 0.447
simulation took 0.0574 sec
35
5
Minimup gap computed with 1th eigenvalue
Minimup gap: 3.4944666935050304 GHz
At s= 0.4
Minimup gap computed with 1th eigenvalue
Minimup gap: 3.347276151276229 GHz
At s= 0.45
Minimup gap computed with 1th eigenvalue
Minimup gap: 3.346768989071247 GHz
At s= 0.447
simulation took 0.0568 sec
36
5
Minimup gap computed with 1th eigenvalue
Minimup gap: 2.2338321219749107 GHz
At s= 0.4
Minimup gap computed with 1th eigenvalue
Minimup gap: 1.9022453272703306 GHz
At s= 0.45
Minimup gap computed with 1th eigenvalue
Minimup gap: 1.9022453272703306 GHz
At s= 0.45
simulation took 0.0579 sec
37
5
Minimup gap computed with 9th eigenvalue
Minimup gap: 3.696790190283867 GHz
At s= 0.5
Minimup gap computed with 9th eigenvalue
Minimup gap: 3.578139241894614 GHz
At s= 0.51
Minimup gap computed with 9th eigenvalue
Minimup gap: 3.5513919685638484 GHz
At s= 0.506
simulation took 0.0585 sec
38
5
Minimup gap computed with 9th eigenvalue
Minimup gap: 3.6967901902838562 GHz
At s= 0.5
Minimup gap computed with 9th eigenvalue
Minimup gap: 3.5781392418946236 GHz
At s= 0.51
Minimup gap computed with 9th eigenvalue
Minimup gap: 3.5513919685638626 GHz
At s= 0.506
simulation took 0.0791 sec
39
5
Minimup gap computed with 3th eigenvalue
Minimup gap: 2.2446681619663518 GHz
At s= 0.5
Minimup gap computed with 3th eigenvalue
Minimup gap: 2.128469133982067 GHz
At s= 0.49
Minimup gap computed with 3th eigenvalue
Minimup gap: 2.0765549182281924 GHz
At s= 0.484
simulation took 0.0585 sec
40
5
Minimup gap computed with 9th eigenvalue
Minimup gap: 3.696790190283865 GHz
At s= 0.5
Minimup gap computed with 9th eigenvalue
Minimup gap: 3.578139241894621 GHz
At s= 0.51
Minimup gap computed with 9th eigenvalue
Minimup gap: 3.5513919685638653 GHz
At s= 0.506
simulation took 0.0579 sec
41
5
Minimup gap computed with 1th eigenvalue
Minimup gap: 2.2338321219749098 GHz
At s= 0.4
Minimup gap computed with 1th eigenvalue
Minimup gap: 1.9022453272703315 GHz
At s= 0.45
Minimup gap computed with 1th eigenvalue
Minimup gap: 1.9022453272703315 GHz
At s= 0.45
simulation took 0.0579 sec
42
5
Minimup gap computed with 2th eigenvalue
Minimup gap: 2.3290660259591176 GHz
At s= 0.5
Minimup gap computed with 2th eigenvalue
Minimup gap: 2.3256123203632137 GHz
At s= 0.49
Minimup gap computed with 2th eigenvalue
Minimup gap: 2.3216581287561247 GHz
At s= 0.494
simulation took 0.0583 sec
43
5
Minimup gap computed with 3th eigenvalue
Minimup gap: 2.2446681619663518 GHz
At s= 0.5
Minimup gap computed with 3th eigenvalue
Minimup gap: 2.128469133982067 GHz
At s= 0.49
Minimup gap computed with 3th eigenvalue
Minimup gap: 2.0765549182281924 GHz
At s= 0.484
simulation took 0.0584 sec
44
5
Minimup gap computed with 8th eigenvalue
Minimup gap: 3.362984238703961 GHz
At s= 0.5
Minimup gap computed with 8th eigenvalue
Minimup gap: 3.362984238703961 GHz
At s= 0.5
Minimup gap computed with 8th eigenvalue
Minimup gap: 3.3626445591955503 GHz
At s= 0.498
simulation took 0.0597 sec
45
5
Minimup gap computed with 3th eigenvalue
Minimup gap: 2.773370722735532 GHz
At s= 0.5
Minimup gap computed with 3th eigenvalue
Minimup gap: 2.660351523448847 GHz
At s= 0.48
Minimup gap computed with 3th eigenvalue
Minimup gap: 2.656264967724289 GHz
At s= 0.476
simulation took 0.0590 sec
46
5
Minimup gap computed with 5th eigenvalue
Minimup gap: 3.280967925605445 GHz
At s= 0.5
Minimup gap computed with 5th eigenvalue
Minimup gap: 3.2730955476416135 GHz
At s= 0.49
Minimup gap computed with 5th eigenvalue
Minimup gap: 3.2726913385720207 GHz
At s= 0.492
simulation took 0.0804 sec
47
5
Minimup gap computed with 1th eigenvalue
Minimup gap: 2.7031007559355738 GHz
At s= 0.4
Minimup gap computed with 1th eigenvalue
Minimup gap: 2.7020677986251673 GHz
At s= 0.41
Minimup gap computed with 1th eigenvalue
Minimup gap: 2.6990663989726844 GHz
At s= 0.405
simulation took 0.0583 sec
48
5
Minimup gap computed with 5th eigenvalue
Minimup gap: 3.280967925605448 GHz
At s= 0.5
Minimup gap computed with 5th eigenvalue
Minimup gap: 3.273095547641631 GHz
At s= 0.49
Minimup gap computed with 5th eigenvalue
Minimup gap: 3.2726913385720358 GHz
At s= 0.492
simulation took 0.0584 sec
49
5
Minimup gap computed with 12th eigenvalue
Minimup gap: 3.7908365990413397 GHz
At s= 0.5
Minimup gap computed with 12th eigenvalue
Minimup gap: 3.772134926498567 GHz
At s= 0.51
Minimup gap computed with 12th eigenvalue
Minimup gap: 3.772134926498567 GHz
At s= 0.51
simulation took 0.0600 sec
50
5
Minimup gap computed with 1th eigenvalue
Minimup gap: 2.7031007559355613 GHz
At s= 0.4
Minimup gap computed with 1th eigenvalue
Minimup gap: 2.7020677986251656 GHz
At s= 0.41
Minimup gap computed with 1th eigenvalue
Minimup gap: 2.6990663989726915 GHz
At s= 0.405
simulation took 0.0583 sec
51
5
Minimup gap computed with 5th eigenvalue
Minimup gap: 3.280967925605461 GHz
At s= 0.5
Minimup gap computed with 5th eigenvalue
Minimup gap: 3.273095547641617 GHz
At s= 0.49
Minimup gap computed with 5th eigenvalue
Minimup gap: 3.2726913385720287 GHz
At s= 0.492
simulation took 0.0585 sec
52
5
Minimup gap computed with 1th eigenvalue
Minimup gap: 2.233832121974922 GHz
At s= 0.4
Minimup gap computed with 1th eigenvalue
Minimup gap: 1.9022453272703261 GHz
At s= 0.45
Minimup gap computed with 1th eigenvalue
Minimup gap: 1.9022453272703261 GHz
At s= 0.45
simulation took 0.0579 sec
53
5
Minimup gap computed with 3th eigenvalue
Minimup gap: 3.494466693505032 GHz
At s= 0.4
Minimup gap computed with 3th eigenvalue
Minimup gap: 3.3472761512762093 GHz
At s= 0.45
Minimup gap computed with 3th eigenvalue
Minimup gap: 3.3467689890712453 GHz
At s= 0.447
simulation took 0.0786 sec
54
5
Minimup gap computed with 3th eigenvalue
Minimup gap: 3.494466693505035 GHz
At s= 0.4
Minimup gap computed with 3th eigenvalue
Minimup gap: 3.347276151276211 GHz
At s= 0.45
Minimup gap computed with 3th eigenvalue
Minimup gap: 3.3467689890712577 GHz
At s= 0.447
simulation took 0.0576 sec
55
5
Minimup gap computed with 1th eigenvalue
Minimup gap: 2.2338321219748964 GHz
At s= 0.4
Minimup gap computed with 1th eigenvalue
Minimup gap: 1.9022453272703368 GHz
At s= 0.45
Minimup gap computed with 1th eigenvalue
Minimup gap: 1.9022453272703368 GHz
At s= 0.45
simulation took 0.0580 sec
56
5
Minimup gap computed with 1th eigenvalue
Minimup gap: 2.233832121974906 GHz
At s= 0.4
Minimup gap computed with 1th eigenvalue
Minimup gap: 1.90224532727032 GHz
At s= 0.45
Minimup gap computed with 1th eigenvalue
Minimup gap: 1.90224532727032 GHz
At s= 0.45
simulation took 0.0577 sec
57
5
Minimup gap computed with 5th eigenvalue
Minimup gap: 3.2809679256054447 GHz
At s= 0.5
Minimup gap computed with 5th eigenvalue
Minimup gap: 3.2730955476416272 GHz
At s= 0.49
Minimup gap computed with 5th eigenvalue
Minimup gap: 3.272691338572029 GHz
At s= 0.492
simulation took 0.0585 sec
58
5
Minimup gap computed with 1th eigenvalue
Minimup gap: 2.2338321219749133 GHz
At s= 0.4
Minimup gap computed with 1th eigenvalue
Minimup gap: 1.9022453272703244 GHz
At s= 0.45
Minimup gap computed with 1th eigenvalue
Minimup gap: 1.9022453272703244 GHz
At s= 0.45
simulation took 0.0578 sec
59
5
Minimup gap computed with 3th eigenvalue
Minimup gap: 2.244668161966357 GHz
At s= 0.5
Minimup gap computed with 3th eigenvalue
Minimup gap: 2.128469133982074 GHz
At s= 0.49
Minimup gap computed with 3th eigenvalue
Minimup gap: 2.076554918228192 GHz
At s= 0.484
simulation took 0.0588 sec
60
5
Minimup gap computed with 1th eigenvalue
Minimup gap: 3.4944666935050304 GHz
At s= 0.4
Minimup gap computed with 1th eigenvalue
Minimup gap: 3.347276151276229 GHz
At s= 0.45
Minimup gap computed with 1th eigenvalue
Minimup gap: 3.346768989071247 GHz
At s= 0.447
simulation took 0.0573 sec
61
5
Minimup gap computed with 1th eigenvalue
Minimup gap: 3.4944666935050304 GHz
At s= 0.4
Minimup gap computed with 1th eigenvalue
Minimup gap: 3.347276151276229 GHz
At s= 0.45
Minimup gap computed with 1th eigenvalue
Minimup gap: 3.346768989071247 GHz
At s= 0.447
simulation took 0.0781 sec
62
5
Minimup gap computed with 6th eigenvalue
Minimup gap: 3.513573506823609 GHz
At s= 0.5
Minimup gap computed with 6th eigenvalue
Minimup gap: 3.3569967191668653 GHz
At s= 0.46
Minimup gap computed with 6th eigenvalue
Minimup gap: 3.3519133068347093 GHz
At s= 0.456
simulation took 0.0578 sec
63
5
Minimup gap computed with 3th eigenvalue
Minimup gap: 2.7733707227355398 GHz
At s= 0.5
Minimup gap computed with 3th eigenvalue
Minimup gap: 2.6603515234488597 GHz
At s= 0.48
Minimup gap computed with 3th eigenvalue
Minimup gap: 2.656264967724289 GHz
At s= 0.476
simulation took 0.0582 sec
64
5
Minimup gap computed with 9th eigenvalue
Minimup gap: 3.696790190283862 GHz
At s= 0.5
Minimup gap computed with 9th eigenvalue
Minimup gap: 3.578139241894621 GHz
At s= 0.51
Minimup gap computed with 9th eigenvalue
Minimup gap: 3.5513919685638458 GHz
At s= 0.506
simulation took 0.0578 sec
65
5
Minimup gap computed with 3th eigenvalue
Minimup gap: 3.494466693505032 GHz
At s= 0.4
Minimup gap computed with 3th eigenvalue
Minimup gap: 3.3472761512762093 GHz
At s= 0.45
Minimup gap computed with 3th eigenvalue
Minimup gap: 3.3467689890712453 GHz
At s= 0.447
simulation took 0.0575 sec
66
5
Minimup gap computed with 1th eigenvalue
Minimup gap: 2.2338321219748964 GHz
At s= 0.4
Minimup gap computed with 1th eigenvalue
Minimup gap: 1.9022453272703368 GHz
At s= 0.45
Minimup gap computed with 1th eigenvalue
Minimup gap: 1.9022453272703368 GHz
At s= 0.45
simulation took 0.0578 sec
67
5
Minimup gap computed with 3th eigenvalue
Minimup gap: 2.244668161966345 GHz
At s= 0.5
Minimup gap computed with 3th eigenvalue
Minimup gap: 2.128469133982077 GHz
At s= 0.49
Minimup gap computed with 3th eigenvalue
Minimup gap: 2.0765549182281897 GHz
At s= 0.484
simulation took 0.0585 sec
68
5
Minimup gap computed with 3th eigenvalue
Minimup gap: 3.494466693505026 GHz
At s= 0.4
Minimup gap computed with 3th eigenvalue
Minimup gap: 3.347276151276215 GHz
At s= 0.45
Minimup gap computed with 3th eigenvalue
Minimup gap: 3.346768989071255 GHz
At s= 0.447
simulation took 0.0577 sec
69
5
Minimup gap computed with 1th eigenvalue
Minimup gap: 2.2338321219749098 GHz
At s= 0.4
Minimup gap computed with 1th eigenvalue
Minimup gap: 1.9022453272703315 GHz
At s= 0.45
Minimup gap computed with 1th eigenvalue
Minimup gap: 1.9022453272703315 GHz
At s= 0.45
simulation took 0.0789 sec
70
5
Minimup gap computed with 9th eigenvalue
Minimup gap: 3.6967901902838625 GHz
At s= 0.5
Minimup gap computed with 9th eigenvalue
Minimup gap: 3.5781392418946334 GHz
At s= 0.51
Minimup gap computed with 9th eigenvalue
Minimup gap: 3.551391968563846 GHz
At s= 0.506
simulation took 0.0577 sec
71
5
Minimup gap computed with 3th eigenvalue
Minimup gap: 2.773370722735546 GHz
At s= 0.5
Minimup gap computed with 3th eigenvalue
Minimup gap: 2.6603515234488575 GHz
At s= 0.48
Minimup gap computed with 3th eigenvalue
Minimup gap: 2.656264967724278 GHz
At s= 0.476
simulation took 0.0584 sec
72
5
Minimup gap computed with 3th eigenvalue
Minimup gap: 3.4944666935050277 GHz
At s= 0.4
Minimup gap computed with 3th eigenvalue
Minimup gap: 3.347276151276209 GHz
At s= 0.45
Minimup gap computed with 3th eigenvalue
Minimup gap: 3.346768989071238 GHz
At s= 0.447
simulation took 0.0573 sec
73
5
Minimup gap computed with 1th eigenvalue
Minimup gap: 2.2338321219749098 GHz
At s= 0.4
Minimup gap computed with 1th eigenvalue
Minimup gap: 1.902245327270319 GHz
At s= 0.45
Minimup gap computed with 1th eigenvalue
Minimup gap: 1.902245327270319 GHz
At s= 0.45
simulation took 0.0578 sec
74
5
Minimup gap computed with 1th eigenvalue
Minimup gap: 2.233832121974909 GHz
At s= 0.4
Minimup gap computed with 1th eigenvalue
Minimup gap: 1.9022453272703395 GHz
At s= 0.45
Minimup gap computed with 1th eigenvalue
Minimup gap: 1.9022453272703395 GHz
At s= 0.45
simulation took 0.0577 sec
75
5
Minimup gap computed with 3th eigenvalue
Minimup gap: 3.494466693505033 GHz
At s= 0.4
Minimup gap computed with 3th eigenvalue
Minimup gap: 3.347276151276223 GHz
At s= 0.45
Minimup gap computed with 3th eigenvalue
Minimup gap: 3.3467689890712533 GHz
At s= 0.447
simulation took 0.0577 sec
76
5
Minimup gap computed with 1th eigenvalue
Minimup gap: 2.7031007559355764 GHz
At s= 0.4
Minimup gap computed with 1th eigenvalue
Minimup gap: 2.7020677986251673 GHz
At s= 0.41
Minimup gap computed with 1th eigenvalue
Minimup gap: 2.6990663989726835 GHz
At s= 0.405
simulation took 0.0789 sec
77
5
Minimup gap computed with 3th eigenvalue
Minimup gap: 2.244668161966351 GHz
At s= 0.5
Minimup gap computed with 3th eigenvalue
Minimup gap: 2.1284691339820765 GHz
At s= 0.49
Minimup gap computed with 3th eigenvalue
Minimup gap: 2.0765549182281924 GHz
At s= 0.484
simulation took 0.0583 sec
78
5
Minimup gap computed with 3th eigenvalue
Minimup gap: 2.244668161966345 GHz
At s= 0.5
Minimup gap computed with 3th eigenvalue
Minimup gap: 2.1284691339820765 GHz
At s= 0.49
Minimup gap computed with 3th eigenvalue
Minimup gap: 2.0765549182281955 GHz
At s= 0.484
simulation took 0.0588 sec
79
5
Minimup gap computed with 1th eigenvalue
Minimup gap: 2.198558518587693 GHz
At s= 0.5
Minimup gap computed with 1th eigenvalue
Minimup gap: 1.9131120629931386 GHz
At s= 0.46
Minimup gap computed with 1th eigenvalue
Minimup gap: 1.9100564211308146 GHz
At s= 0.455
simulation took 0.0587 sec
80
5
Minimup gap computed with 1th eigenvalue
Minimup gap: 3.4944666935050304 GHz
At s= 0.4
Minimup gap computed with 1th eigenvalue
Minimup gap: 3.347276151276229 GHz
At s= 0.45
Minimup gap computed with 1th eigenvalue
Minimup gap: 3.346768989071247 GHz
At s= 0.447
simulation took 0.0568 sec
81
5
Minimup gap computed with 3th eigenvalue
Minimup gap: 3.494466693505027 GHz
At s= 0.4
Minimup gap computed with 3th eigenvalue
Minimup gap: 3.3472761512762155 GHz
At s= 0.45
Minimup gap computed with 3th eigenvalue
Minimup gap: 3.346768989071248 GHz
At s= 0.447
simulation took 0.0577 sec
82
5
Minimup gap computed with 9th eigenvalue
Minimup gap: 3.6967901902838656 GHz
At s= 0.5
Minimup gap computed with 9th eigenvalue
Minimup gap: 3.5781392418946236 GHz
At s= 0.51
Minimup gap computed with 9th eigenvalue
Minimup gap: 3.551391968563857 GHz
At s= 0.506
simulation took 0.0579 sec
83
5
Minimup gap computed with 1th eigenvalue
Minimup gap: 1.6793690874883693 GHz
At s= 0.5
Minimup gap computed with 1th eigenvalue
Minimup gap: 1.3074607899382 GHz
At s= 0.46
Minimup gap computed with 1th eigenvalue
Minimup gap: 1.3061131052131962 GHz
At s= 0.457
simulation took 0.0587 sec
84
5
Minimup gap computed with 5th eigenvalue
Minimup gap: 3.280967925605448 GHz
At s= 0.5
Minimup gap computed with 5th eigenvalue
Minimup gap: 3.273095547641628 GHz
At s= 0.49
Minimup gap computed with 5th eigenvalue
Minimup gap: 3.272691338572031 GHz
At s= 0.492
simulation took 0.0798 sec
85
5
Minimup gap computed with 5th eigenvalue
Minimup gap: 3.280967925605461 GHz
At s= 0.5
Minimup gap computed with 5th eigenvalue
Minimup gap: 3.273095547641617 GHz
At s= 0.49
Minimup gap computed with 5th eigenvalue
Minimup gap: 3.2726913385720287 GHz
At s= 0.492
simulation took 0.0587 sec
86
5
Minimup gap computed with 5th eigenvalue
Minimup gap: 3.2809679256054474 GHz
At s= 0.5
Minimup gap computed with 5th eigenvalue
Minimup gap: 3.2730955476416246 GHz
At s= 0.49
Minimup gap computed with 5th eigenvalue
Minimup gap: 3.2726913385720304 GHz
At s= 0.492
simulation took 0.0584 sec
87
5
Minimup gap computed with 3th eigenvalue
Minimup gap: 2.244668161966341 GHz
At s= 0.5
Minimup gap computed with 3th eigenvalue
Minimup gap: 2.128469133982068 GHz
At s= 0.49
Minimup gap computed with 3th eigenvalue
Minimup gap: 2.0765549182281924 GHz
At s= 0.484
simulation took 0.0586 sec
88
5
Minimup gap computed with 1th eigenvalue
Minimup gap: 2.2338321219749293 GHz
At s= 0.4
Minimup gap computed with 1th eigenvalue
Minimup gap: 1.9022453272703368 GHz
At s= 0.45
Minimup gap computed with 1th eigenvalue
Minimup gap: 1.9022453272703368 GHz
At s= 0.45
simulation took 0.0578 sec
89
5
Minimup gap computed with 5th eigenvalue
Minimup gap: 3.2809679256054594 GHz
At s= 0.5
Minimup gap computed with 5th eigenvalue
Minimup gap: 3.2730955476416286 GHz
At s= 0.49
Minimup gap computed with 5th eigenvalue
Minimup gap: 3.2726913385720375 GHz
At s= 0.492
simulation took 0.0585 sec
90
5
Minimup gap computed with 1th eigenvalue
Minimup gap: 2.233832121974901 GHz
At s= 0.4
Minimup gap computed with 1th eigenvalue
Minimup gap: 1.9022453272703332 GHz
At s= 0.45
Minimup gap computed with 1th eigenvalue
Minimup gap: 1.9022453272703332 GHz
At s= 0.45
simulation took 0.0577 sec
91
5
Minimup gap computed with 3th eigenvalue
Minimup gap: 2.9034217370396647 GHz
At s= 0.5
Minimup gap computed with 3th eigenvalue
Minimup gap: 2.6551685559659464 GHz
At s= 0.46
Minimup gap computed with 3th eigenvalue
Minimup gap: 2.6544374289390804 GHz
At s= 0.462
simulation took 0.0585 sec
92
5
Minimup gap computed with 1th eigenvalue
Minimup gap: 3.4944666935050304 GHz
At s= 0.4
Minimup gap computed with 1th eigenvalue
Minimup gap: 3.347276151276229 GHz
At s= 0.45
Minimup gap computed with 1th eigenvalue
Minimup gap: 3.346768989071247 GHz
At s= 0.447
simulation took 0.0780 sec
93
5
Minimup gap computed with 1th eigenvalue
Minimup gap: 1.9423664843927995 GHz
At s= 0.5
Minimup gap computed with 1th eigenvalue
Minimup gap: 1.6042139102188342 GHz
At s= 0.46
Minimup gap computed with 1th eigenvalue
Minimup gap: 1.6004101720324266 GHz
At s= 0.455
simulation took 0.0586 sec
94
5
Minimup gap computed with 1th eigenvalue
Minimup gap: 2.2338321219749133 GHz
At s= 0.4
Minimup gap computed with 1th eigenvalue
Minimup gap: 1.9022453272703244 GHz
At s= 0.45
Minimup gap computed with 1th eigenvalue
Minimup gap: 1.9022453272703244 GHz
At s= 0.45
simulation took 0.0576 sec
95
5
Minimup gap computed with 3th eigenvalue
Minimup gap: 2.773370722735545 GHz
At s= 0.5
Minimup gap computed with 3th eigenvalue
Minimup gap: 2.6603515234488553 GHz
At s= 0.48
Minimup gap computed with 3th eigenvalue
Minimup gap: 2.6562649677242844 GHz
At s= 0.476
simulation took 0.0586 sec
96
5
Minimup gap computed with 9th eigenvalue
Minimup gap: 3.6967901902838562 GHz
At s= 0.5
Minimup gap computed with 9th eigenvalue
Minimup gap: 3.5781392418946236 GHz
At s= 0.51
Minimup gap computed with 9th eigenvalue
Minimup gap: 3.5513919685638626 GHz
At s= 0.506
simulation took 0.0579 sec
97
5
Minimup gap computed with 9th eigenvalue
Minimup gap: 3.6967901902838656 GHz
At s= 0.5
Minimup gap computed with 9th eigenvalue
Minimup gap: 3.5781392418946236 GHz
At s= 0.51
Minimup gap computed with 9th eigenvalue
Minimup gap: 3.551391968563857 GHz
At s= 0.506
simulation took 0.0581 sec
98
5
Minimup gap computed with 5th eigenvalue
Minimup gap: 3.2809679256054394 GHz
At s= 0.5
Minimup gap computed with 5th eigenvalue
Minimup gap: 3.2730955476416224 GHz
At s= 0.49
Minimup gap computed with 5th eigenvalue
Minimup gap: 3.2726913385720344 GHz
At s= 0.492
simulation took 0.0584 sec
99
5
Minimup gap computed with 1th eigenvalue
Minimup gap: 2.703100755935557 GHz
At s= 0.4
Minimup gap computed with 1th eigenvalue
Minimup gap: 2.70206779862517 GHz
At s= 0.41
Minimup gap computed with 1th eigenvalue
Minimup gap: 2.699066398972688 GHz
At s= 0.405
simulation took 0.0582 sec
