1.00768400855749
1.8424683339049182
1.4078490868338918
1.5479634263099342
1.009044688223014
2.0278926002386157
1.0039350036573467
1.0090446882219624
1.824005648726768
1.856164460395206
1.0667000184515842
1.0904704434976509
1.0380997060122468
1.8240056487280185
1.1824610587819535
1.6707449507153171
1.0322427790842141
1.0515234193907617
7.663808767654118
1.8561644603942966
2.027892600238758
1.107818883261615
1.8240056487269953
2.1691861637540626
1.0904704434979067
1.0380997060112236
1.0515234193904348
1.0076840085570637
1.0322427790879374
1.0085745259305554
1.004156978976141
1.0090446882229003
2.1691861637550574
2.0278926002389284
1.0515234193903638
2.0278926002389923
1.4078490868341333
1.4078490868340623
1.547963426310531
1.0090446882223603
1.5479634263101616
1.0515234193899943
5.037538833949327
1.0090446882230708
1.0090446882228434
3.235187769086025
1.1824610587827635
8.984857009123886
1.1078188832612597
1.0041569789761127
1.0781650059786614
1.0667000184510016
1.0076840085572627
1.6707449507152887
1.0039350036563661
1.1078188832622828
2.1691861637553416
1.051523419389781
2.16918616375429
1.107818883262638
1.0515234193905059
1.0090446882216497
1.8561644603926624
2.1678679009918653
1.1078188832618707
2.1691861637540057
1.0085745259308396
1.0076840085576748
1.0667000184517121
1.182461058780902
2.1691861637548016
1.004156978976681
1.407849086833636
1.0041569789755727
1.5479634263119806
1.1824610587821383
1.032242779090609
1.0076840085565806
2.16918616375429
1.0322427790843278
1.4660312961752737
1.1078188832625244
1.1078188832623397
1.0781650059794003
1.0076840085546195
1.0515234193905059
1.1078188832615155
1.5479634263131175
1.4078490868342612
2.1691861637530394
1.0039350036579435
1.0076840085565806
2.0278926002389284
1.032242779082594
1.5479634263120374
1.8561644603931597
1.5479634263103605
1.4078490868334512
1.0781650059795709
1.8240056487246648
